13.1009 	EXP 	Created window1 = Window(allowGUI=False, allowStencil=False, autoLog=True, backendConf=UNKNOWN, bitsMode=UNKNOWN, blendMode='avg', bpc=(8, 8, 8), color=array([-0.7, -0.7, -0.7]), colorSpace='rgb', depthBits=8, fullscr=<method-wrapper '__getattribute__' of attributeSetter object at 0x000001913AF4F1D0>, gamma=None, gammaErrorPolicy='raise', lms=UNKNOWN, monitor=<psychopy.monitors.calibTools.Monitor object at 0x000001913AF605F8>, multiSample=False, name='window1', numSamples=2, pos=[0.0, 0.0], screen=0, size=array([1920, 1080]), stencilBits=0, stereo=False, units='height', useFBO=True, useRetina=False, viewOri=0.0, viewPos=None, viewScale=None, waitBlanking=True, winType='pyglet')
13.1013 	EXP 	window1: mouseVisible = True
13.1014 	EXP 	window1: recordFrameIntervals = False
13.2672 	EXP 	window1: recordFrameIntervals = True
13.4507 	EXP 	window1: recordFrameIntervals = False
13.7121 	EXP 	window1: mouseVisible = False
13.7171 	EXP 	UDP Sent: marker_ID=11, marker_value=81, marker_string=video_narrative_sherlock_start, timestamp=1655490324961839872
13.8054 	EXP 	Created sherlock_instructions_text = TextStim(__class__=<class 'psychopy.visual.text.TextStim'>, alignHoriz=method-wrapper(...), alignText='center', alignVert=method-wrapper(...), anchorHoriz='center', anchorVert='center', antialias=True, autoLog=True, bold=False, color=array([1., 1., 1.]), colorSpace='rgb', contrast=1.0, depth=0.0, flipHoriz=False, flipVert=False, font='Open Sans', fontFiles=[], height=0.05, italic=False, languageStyle='LTR', name='sherlock_instructions_text', opacity=1, ori=0.0, pos=array([0., 0.]), rgb=UNKNOWN, text=str(...), units='height', win=Window(...), wrapWidth=1)
14.1288 	EXP 	Created sherlock_clip = MovieStim3(__class__=<class 'psychopy.visual.movie3.MovieStim3'>, autoLog=True, color=UNKNOWN, colorSpace=UNKNOWN, depth=0.0, filename='video_clips/sherlock_clip.mov', flipHoriz=False, flipVert=False, fps=UNKNOWN, interpolate=True, loop=False, name='sherlock_clip', noAudio=False, opacity=1, ori=method-wrapper(...), pos=array([0., 0.]), size=method-wrapper(...), units='pix', vframe_callback=UNKNOWN, volume=UNKNOWN, win=Window(...))
16.5973 	EXP 	Created sherlock_details_text = TextStim(__class__=<class 'psychopy.visual.text.TextStim'>, alignHoriz=method-wrapper(...), alignText='center', alignVert=method-wrapper(...), anchorHoriz='center', anchorVert='center', antialias=True, autoLog=True, bold=False, color=array([1., 1., 1.]), colorSpace='rgb', contrast=1.0, depth=0.0, flipHoriz=False, flipVert=False, font='Open Sans', fontFiles=[], height=0.05, italic=False, languageStyle='LTR', name='sherlock_details_text', opacity=1, ori=0.0, pos=array([0., 0.]), rgb=UNKNOWN, text=str(...), units='height', win=Window(...), wrapWidth=1)
16.6820 	EXP 	sherlock_clip: autoLog = True
16.6820 	EXP 	sherlock_clip: movie = 'video_clips/sherlock_clip.mov'
16.6820 	EXP 	sherlock_clip: size = array([1920., 1080.])
16.6820 	EXP 	sherlock_clip: ori = 0.0
16.6820 	EXP 	sherlock_participant_response: autoLog = True
16.6820 	EXP 	sherlock_instructions_text: autoDraw = True
19.2547 	EXP 	Sound  started
19.2571 	DATA 	Keypress: space
19.2839 	EXP 	sherlock_instructions_text: autoDraw = False
19.2839 	EXP 	sherlock_clip: autoDraw = True
319.6553 	EXP 	Set sherlock_clip finished
319.6720 	EXP 	sherlock_clip: autoDraw = False
319.6720 	EXP 	sherlock_details_text: autoDraw = True
321.5633 	DATA 	Keypress: space
321.5720 	EXP 	sherlock_details_text: autoDraw = False
321.5720 	EXP 	sherlock_participant_response: autoDraw = True
322.9082 	DATA 	Keypress: capslock
323.0747 	DATA 	Keypress: j
323.2084 	DATA 	Keypress: capslock
323.2753 	DATA 	Keypress: o
323.5585 	DATA 	Keypress: h
324.0254 	DATA 	Keypress: backspace
324.2915 	DATA 	Keypress: n
324.7582 	DATA 	Keypress: backspace
325.0086 	DATA 	Keypress: h
325.2250 	DATA 	Keypress: n
325.4086 	DATA 	Keypress: space
325.6418 	DATA 	Keypress: capslock
325.9417 	DATA 	Keypress: w
326.0917 	DATA 	Keypress: capslock
326.3249 	DATA 	Keypress: a
326.5423 	DATA 	Keypress: t
326.7418 	DATA 	Keypress: s
327.2584 	DATA 	Keypress: o
327.5249 	DATA 	Keypress: m
327.7582 	DATA 	Keypress: space
328.1253 	DATA 	Keypress: backspace
328.2589 	DATA 	Keypress: backspace
328.5582 	DATA 	Keypress: n
328.7417 	DATA 	Keypress: space
329.0419 	DATA 	Keypress: w
329.3421 	DATA 	Keypress: l
329.7249 	DATA 	Keypress: backspace
329.8247 	DATA 	Keypress: a
329.9582 	DATA 	Keypress: l
330.1918 	DATA 	Keypress: k
330.8079 	DATA 	Keypress: space
331.0920 	DATA 	Keypress: backspace
331.2414 	DATA 	Keypress: s
331.3583 	DATA 	Keypress: space
331.7581 	DATA 	Keypress: i
331.9755 	DATA 	Keypress: n
332.1252 	DATA 	Keypress: space
332.2090 	DATA 	Keypress: a
332.3755 	DATA 	Keypress: space
332.8421 	DATA 	Keypress: p
333.0088 	DATA 	Keypress: a
333.5258 	DATA 	Keypress: r
333.7088 	DATA 	Keypress: k
333.9920 	DATA 	Keypress: space
334.5088 	DATA 	Keypress: u
334.8917 	DATA 	Keypress: n
335.2418 	DATA 	Keypress: t
335.3416 	DATA 	Keypress: i
335.5251 	DATA 	Keypress: l
335.7583 	DATA 	Keypress: space
336.3419 	DATA 	Keypress: h
336.4593 	DATA 	Keypress: e
336.6590 	DATA 	Keypress: space
336.9084 	DATA 	Keypress: i
337.0751 	DATA 	Keypress: s
337.2087 	DATA 	Keypress: space
337.7081 	DATA 	Keypress: s
337.9416 	DATA 	Keypress: t
338.0923 	DATA 	Keypress: o
338.2250 	DATA 	Keypress: p
338.9749 	DATA 	Keypress: e
339.1585 	DATA 	Keypress: d
339.5424 	DATA 	Keypress: backspace
339.6920 	DATA 	Keypress: backspace
339.9083 	DATA 	Keypress: p
340.0252 	DATA 	Keypress: e
340.1588 	DATA 	Keypress: d
340.3084 	DATA 	Keypress: space
340.8588 	DATA 	Keypress: b
340.9915 	DATA 	Keypress: y
341.1921 	DATA 	Keypress: space
341.2758 	DATA 	Keypress: a
341.3925 	DATA 	Keypress: space
341.6417 	DATA 	Keypress: c
341.9919 	DATA 	Keypress: o
342.3251 	DATA 	Keypress: o
342.6253 	DATA 	Keypress: backspace
342.8088 	DATA 	Keypress: l
342.9256 	DATA 	Keypress: l
343.0584 	DATA 	Keypress: e
343.7425 	DATA 	Keypress: g
343.9420 	DATA 	Keypress: u
344.3420 	DATA 	Keypress: a
344.7089 	DATA 	Keypress: w
345.3423 	DATA 	Keypress: backspace
345.4919 	DATA 	Keypress: w
345.8916 	DATA 	Keypress: backspace
346.0085 	DATA 	Keypress: e
346.7088 	DATA 	Keypress: space
347.2255 	DATA 	Keypress: backspace
347.9085 	DATA 	Keypress: period
348.2259 	DATA 	Keypress: space
348.6925 	DATA 	Keypress: capslock
348.9088 	DATA 	Keypress: t
348.9917 	DATA 	Keypress: capslock
349.1086 	DATA 	Keypress: h
349.2592 	DATA 	Keypress: e
349.6589 	DATA 	Keypress: y
349.9092 	DATA 	Keypress: space
350.5756 	DATA 	Keypress: s
350.8592 	DATA 	Keypress: i
351.0256 	DATA 	Keypress: t
351.3094 	DATA 	Keypress: m
351.6424 	DATA 	Keypress: backspace
351.8919 	DATA 	Keypress: comma
352.1753 	DATA 	Keypress: space
352.6918 	DATA 	Keypress: d
352.8754 	DATA 	Keypress: r
353.0259 	DATA 	Keypress: i
353.2423 	DATA 	Keypress: n
353.3760 	DATA 	Keypress: k
353.5924 	DATA 	Keypress: space
354.1425 	DATA 	Keypress: c
354.3758 	DATA 	Keypress: o
354.6919 	DATA 	Keypress: f
354.8255 	DATA 	Keypress: f
355.1257 	DATA 	Keypress: e
355.2755 	DATA 	Keypress: e
355.9086 	DATA 	Keypress: space
356.0256 	DATA 	Keypress: a
356.1263 	DATA 	Keypress: n
356.2419 	DATA 	Keypress: d
356.3586 	DATA 	Keypress: space
356.9919 	DATA 	Keypress: t
357.2594 	DATA 	Keypress: a
357.3761 	DATA 	Keypress: l
357.5594 	DATA 	Keypress: k
357.9594 	DATA 	Keypress: space
358.0921 	DATA 	Keypress: a
358.1760 	DATA 	Keypress: n
358.2926 	DATA 	Keypress: d
358.4253 	DATA 	Keypress: space
358.8592 	DATA 	Keypress: capslock
359.0256 	DATA 	Keypress: j
359.1424 	DATA 	Keypress: capslock
359.1922 	DATA 	Keypress: o
359.3923 	DATA 	Keypress: h
359.6086 	DATA 	Keypress: n
359.8089 	DATA 	Keypress: space
362.5588 	DATA 	Keypress: s
362.7761 	DATA 	Keypress: a
362.9087 	DATA 	Keypress: y
363.0427 	DATA 	Keypress: s
363.2592 	DATA 	Keypress: space
363.6753 	DATA 	Keypress: s
364.1091 	DATA 	Keypress: backspace
364.4266 	DATA 	Keypress: h
364.5090 	DATA 	Keypress: e
364.7094 	DATA 	Keypress: space
364.8921 	DATA 	Keypress: i
365.0595 	DATA 	Keypress: s
365.1764 	DATA 	Keypress: space
365.7427 	DATA 	Keypress: l
365.9422 	DATA 	Keypress: o
366.0761 	DATA 	Keypress: o
366.2595 	DATA 	Keypress: k
366.4261 	DATA 	Keypress: i
366.6424 	DATA 	Keypress: n
366.8593 	DATA 	Keypress: g
366.9424 	DATA 	Keypress: space
367.1592 	DATA 	Keypress: f
367.2757 	DATA 	Keypress: o
367.4592 	DATA 	Keypress: r
367.9090 	DATA 	Keypress: space
368.0433 	DATA 	Keypress: a
368.1595 	DATA 	Keypress: space
369.0422 	DATA 	Keypress: f
369.0593 	DATA 	Keypress: g
369.1588 	DATA 	Keypress: l
369.5428 	DATA 	Keypress: backspace
369.6921 	DATA 	Keypress: backspace
369.9924 	DATA 	Keypress: l
370.1093 	DATA 	Keypress: a
370.3756 	DATA 	Keypress: t
370.3771 	DATA 	Keypress: r
370.7753 	DATA 	Keypress: backspace
371.0597 	DATA 	Keypress: space
371.5922 	DATA 	Keypress: t
371.7428 	DATA 	Keypress: o
371.9763 	DATA 	Keypress: space
372.1429 	DATA 	Keypress: s
372.3592 	DATA 	Keypress: a
372.4929 	DATA 	Keypress: t
372.6921 	DATA 	Keypress: y
373.1761 	DATA 	Keypress: backspace
373.3264 	DATA 	Keypress: backspace
373.4590 	DATA 	Keypress: backspace
373.9925 	DATA 	Keypress: t
374.0926 	DATA 	Keypress: a
374.2094 	DATA 	Keypress: y
374.7756 	DATA 	Keypress: period
375.0430 	DATA 	Keypress: space
375.3422 	DATA 	Keypress: t
375.8756 	DATA 	Keypress: backspace
376.0593 	DATA 	Keypress: capslock
376.1760 	DATA 	Keypress: t
376.2927 	DATA 	Keypress: capslock
376.4095 	DATA 	Keypress: h
376.5261 	DATA 	Keypress: e
376.6925 	DATA 	Keypress: space
377.1261 	DATA 	Keypress: c
377.2431 	DATA 	Keypress: o
377.4431 	DATA 	Keypress: l
377.5758 	DATA 	Keypress: l
377.6763 	DATA 	Keypress: e
378.3925 	DATA 	Keypress: a
378.5092 	DATA 	Keypress: g
379.0926 	DATA 	Keypress: u
379.2422 	DATA 	Keypress: e
379.4597 	DATA 	Keypress: space
381.2089 	DATA 	Keypress: s
381.3596 	DATA 	Keypress: a
381.4935 	DATA 	Keypress: y
381.6257 	DATA 	Keypress: s
381.8421 	DATA 	Keypress: space
382.6589 	DATA 	Keypress: a
382.8255 	DATA 	Keypress: n
383.0092 	DATA 	Keypress: o
383.1927 	DATA 	Keypress: t
383.2766 	DATA 	Keypress: h
383.4431 	DATA 	Keypress: e
383.6264 	DATA 	Keypress: r
383.7263 	DATA 	Keypress: space
384.2590 	DATA 	Keypress: p
384.3757 	DATA 	Keypress: e
384.6757 	DATA 	Keypress: s
384.9431 	DATA 	Keypress: o
385.2094 	DATA 	Keypress: n
385.3591 	DATA 	Keypress: space
385.5595 	DATA 	Keypress: h
385.6762 	DATA 	Keypress: e
387.1594 	DATA 	Keypress: space
387.3596 	DATA 	Keypress: k
387.5431 	DATA 	Keypress: k
387.9591 	DATA 	Keypress: backspace
388.1765 	DATA 	Keypress: m
388.3600 	DATA 	Keypress: o
388.6590 	DATA 	Keypress: backspace
388.8765 	DATA 	Keypress: backspace
389.0931 	DATA 	Keypress: n
389.2097 	DATA 	Keypress: o
389.3424 	DATA 	Keypress: w
389.8260 	DATA 	Keypress: s
390.0096 	DATA 	Keypress: space
390.1433 	DATA 	Keypress: a
390.4096 	DATA 	Keypress: l
390.5093 	DATA 	Keypress: s
390.6757 	DATA 	Keypress: o
390.8931 	DATA 	Keypress: space
391.6930 	DATA 	Keypress: l
391.8765 	DATA 	Keypress: o
392.0264 	DATA 	Keypress: o
392.1599 	DATA 	Keypress: k
392.2766 	DATA 	Keypress: s
392.4092 	DATA 	Keypress: space
392.6923 	DATA 	Keypress: f
392.7931 	DATA 	Keypress: o
392.9092 	DATA 	Keypress: r
393.0600 	DATA 	Keypress: space
393.1596 	DATA 	Keypress: a
393.2599 	DATA 	Keypress: space
393.5095 	DATA 	Keypress: f
393.6598 	DATA 	Keypress: l
393.8266 	DATA 	Keypress: a
394.2096 	DATA 	Keypress: t
394.6094 	DATA 	Keypress: space
394.9764 	DATA 	Keypress: backspace
395.2927 	DATA 	Keypress: a
395.7097 	DATA 	Keypress: backspace
395.9430 	DATA 	Keypress: m
396.0768 	DATA 	Keypress: a
396.2932 	DATA 	Keypress: t
396.5096 	DATA 	Keypress: e
397.4930 	DATA 	Keypress: space
397.7092 	DATA 	Keypress: a
397.8429 	DATA 	Keypress: n
397.9426 	DATA 	Keypress: d
398.3927 	DATA 	Keypress: space
398.6261 	DATA 	Keypress: t
398.7428 	DATA 	Keypress: h
398.8595 	DATA 	Keypress: e
398.9761 	DATA 	Keypress: y
399.2098 	DATA 	Keypress: space
399.6435 	DATA 	Keypress: g
399.7600 	DATA 	Keypress: o
400.0097 	DATA 	Keypress: t
400.1104 	DATA 	Keypress: space
400.5929 	DATA 	Keypress: backspace
400.7433 	DATA 	Keypress: backspace
400.9926 	DATA 	Keypress: space
401.1095 	DATA 	Keypress: t
401.2601 	DATA 	Keypress: o
401.5094 	DATA 	Keypress: space
401.6758 	DATA 	Keypress: a
401.8593 	DATA 	Keypress: space
402.3094 	DATA 	Keypress: h
402.5098 	DATA 	Keypress: o
402.6931 	DATA 	Keypress: s
403.2599 	DATA 	Keypress: p
403.5262 	DATA 	Keypress: i
403.8093 	DATA 	Keypress: t
404.0269 	DATA 	Keypress: a
404.1435 	DATA 	Keypress: l
405.1927 	DATA 	Keypress: comma
406.0437 	DATA 	Keypress: space
406.8601 	DATA 	Keypress: i
407.0767 	DATA 	Keypress: n
407.2263 	DATA 	Keypress: space
407.3769 	DATA 	Keypress: t
407.4597 	DATA 	Keypress: h
407.5932 	DATA 	Keypress: e
407.6762 	DATA 	Keypress: space
408.0101 	DATA 	Keypress: h
408.2096 	DATA 	Keypress: o
408.4435 	DATA 	Keypress: s
408.8430 	DATA 	Keypress: p
409.1103 	DATA 	Keypress: i
409.3436 	DATA 	Keypress: t
409.5601 	DATA 	Keypress: a
409.6437 	DATA 	Keypress: l
409.8592 	DATA 	Keypress: space
410.0770 	DATA 	Keypress: a
410.2933 	DATA 	Keypress: space
410.4926 	DATA 	Keypress: m
410.6093 	DATA 	Keypress: a
410.7101 	DATA 	Keypress: n
410.8934 	DATA 	Keypress: space
412.0598 	DATA 	Keypress: l
412.2761 	DATA 	Keypress: o
412.4098 	DATA 	Keypress: o
412.5763 	DATA 	Keypress: k
412.8762 	DATA 	Keypress: s
413.0772 	DATA 	Keypress: space
413.1597 	DATA 	Keypress: a
413.5597 	DATA 	Keypress: t
413.7600 	DATA 	Keypress: space
414.2100 	DATA 	Keypress: c
414.3934 	DATA 	Keypress: o
414.6266 	DATA 	Keypress: r
414.7763 	DATA 	Keypress: p
415.0098 	DATA 	Keypress: s
415.2263 	DATA 	Keypress: e
415.3270 	DATA 	Keypress: space
415.4097 	DATA 	Keypress: a
415.5265 	DATA 	Keypress: n
415.6101 	DATA 	Keypress: d
415.6770 	DATA 	Keypress: space
416.4433 	DATA 	Keypress: w
416.5763 	DATA 	Keypress: h
416.6928 	DATA 	Keypress: i
417.1267 	DATA 	Keypress: p
417.2764 	DATA 	Keypress: s
417.4937 	DATA 	Keypress: space
417.9594 	DATA 	Keypress: i
418.1103 	DATA 	Keypress: t
418.2438 	DATA 	Keypress: space
418.4435 	DATA 	Keypress: t
418.5435 	DATA 	Keypress: o
418.7936 	DATA 	Keypress: space
418.9263 	DATA 	Keypress: s
419.2266 	DATA 	Keypress: e
419.3603 	DATA 	Keypress: e
419.4770 	DATA 	Keypress: space
419.6095 	DATA 	Keypress: t
419.6933 	DATA 	Keypress: h
419.8099 	DATA 	Keypress: e
419.9266 	DATA 	Keypress: space
420.4435 	DATA 	Keypress: p
420.6431 	DATA 	Keypress: o
420.8096 	DATA 	Keypress: t
420.9932 	DATA 	Keypress: e
421.1270 	DATA 	Keypress: n
421.4102 	DATA 	Keypress: t
421.6274 	DATA 	Keypress: a
421.7265 	DATA 	Keypress: i
421.9769 	DATA 	Keypress: l
422.2103 	DATA 	Keypress: backspace
422.3768 	DATA 	Keypress: backspace
422.5604 	DATA 	Keypress: i
422.8435 	DATA 	Keypress: backspace
423.2273 	DATA 	Keypress: l
424.0098 	DATA 	Keypress: space
424.7766 	DATA 	Keypress: b
425.0599 	DATA 	Keypress: r
425.2113 	DATA 	Keypress: u
425.4103 	DATA 	Keypress: i
425.5271 	DATA 	Keypress: s
425.6936 	DATA 	Keypress: e
425.8928 	DATA 	Keypress: s
427.1606 	DATA 	Keypress: period
427.4433 	DATA 	Keypress: space
427.6274 	DATA 	Keypress: capslock
427.8771 	DATA 	Keypress: t
427.9598 	DATA 	Keypress: capslock
428.0769 	DATA 	Keypress: h
428.2434 	DATA 	Keypress: e
428.4766 	DATA 	Keypress: space
429.3774 	DATA 	Keypress: t
429.7106 	DATA 	Keypress: w
429.9599 	DATA 	Keypress: o
430.1765 	DATA 	Keypress: space
430.4439 	DATA 	Keypress: g
430.5765 	DATA 	Keypress: u
430.7767 	DATA 	Keypress: y
430.9104 	DATA 	Keypress: s
431.1104 	DATA 	Keypress: space
432.1603 	DATA 	Keypress: m
432.2769 	DATA 	Keypress: e
432.4273 	DATA 	Keypress: e
432.6271 	DATA 	Keypress: t
432.7596 	DATA 	Keypress: space
433.5437 	DATA 	Keypress: e
433.7431 	DATA 	Keypress: a
434.0272 	DATA 	Keypress: c
434.3100 	DATA 	Keypress: h
434.4765 	DATA 	Keypress: space
434.6769 	DATA 	Keypress: o
434.8106 	DATA 	Keypress: t
434.9103 	DATA 	Keypress: h
435.0601 	DATA 	Keypress: e
435.2613 	DATA 	Keypress: r
435.8937 	DATA 	Keypress: comma
436.3767 	DATA 	Keypress: backspace
436.9433 	DATA 	Keypress: comma
437.2606 	DATA 	Keypress: space
437.6932 	DATA 	Keypress: i
437.8598 	DATA 	Keypress: t
438.0114 	DATA 	Keypress: space
438.5604 	DATA 	Keypress: t
438.6441 	DATA 	Keypress: u
438.8272 	DATA 	Keypress: r
438.9931 	DATA 	Keypress: n
439.2934 	DATA 	Keypress: s
439.5268 	DATA 	Keypress: space
439.7940 	DATA 	Keypress: o
440.0112 	DATA 	Keypress: u
440.1942 	DATA 	Keypress: t
440.3438 	DATA 	Keypress: space
440.5103 	DATA 	Keypress: t
440.6100 	DATA 	Keypress: h
440.7934 	DATA 	Keypress: e
440.8942 	DATA 	Keypress: space
441.2434 	DATA 	Keypress: backspace
441.4100 	DATA 	Keypress: backspace
441.4941 	DATA 	Keypress: a
441.6433 	DATA 	Keypress: t
441.7598 	DATA 	Keypress: space
442.1442 	DATA 	Keypress: t
442.2440 	DATA 	Keypress: h
442.4275 	DATA 	Keypress: e
442.5600 	DATA 	Keypress: y
442.8100 	DATA 	Keypress: space
443.0776 	DATA 	Keypress: g
443.2771 	DATA 	Keypress: u
443.6771 	DATA 	Keypress: y
443.9271 	DATA 	Keypress: space
444.4943 	DATA 	Keypress: i
444.6934 	DATA 	Keypress: n
444.8274 	DATA 	Keypress: space
444.9598 	DATA 	Keypress: t
445.1106 	DATA 	Keypress: h
445.2275 	DATA 	Keypress: e
445.3598 	DATA 	Keypress: space
445.7268 	DATA 	Keypress: h
445.9432 	DATA 	Keypress: o
446.0940 	DATA 	Keypress: s
446.3104 	DATA 	Keypress: t
446.7440 	DATA 	Keypress: backspace
446.9933 	DATA 	Keypress: p
447.6108 	DATA 	Keypress: i
447.7435 	DATA 	Keypress: t
447.9598 	DATA 	Keypress: a
448.0777 	DATA 	Keypress: l
448.6769 	DATA 	Keypress: space
449.1767 	DATA 	Keypress: k
449.3772 	DATA 	Keypress: n
449.5268 	DATA 	Keypress: w
449.8268 	DATA 	Keypress: backspace
449.9774 	DATA 	Keypress: e
450.1442 	DATA 	Keypress: w
450.2112 	DATA 	Keypress: space
450.4443 	DATA 	Keypress: t
450.7603 	DATA 	Keypress: backspace
450.9099 	DATA 	Keypress: capslock
451.0776 	DATA 	Keypress: j
451.1943 	DATA 	Keypress: capslock
451.2442 	DATA 	Keypress: o
451.4606 	DATA 	Keypress: h
451.6610 	DATA 	Keypress: n
452.2278 	DATA 	Keypress: apostrophe
452.3602 	DATA 	Keypress: s
452.5607 	DATA 	Keypress: space
453.1441 	DATA 	Keypress: f
453.3276 	DATA 	Keypress: l
453.4772 	DATA 	Keypress: a
453.6775 	DATA 	Keypress: t
453.8271 	DATA 	Keypress: space
454.0113 	DATA 	Keypress: s
454.3609 	DATA 	Keypress: i
454.5442 	DATA 	Keypress: t
454.7106 	DATA 	Keypress: u
454.8442 	DATA 	Keypress: a
455.0610 	DATA 	Keypress: t
455.1775 	DATA 	Keypress: i
455.3101 	DATA 	Keypress: o
455.5435 	DATA 	Keypress: n
458.0776 	DATA 	Keypress: space
458.2772 	DATA 	Keypress: a
458.3940 	DATA 	Keypress: n
458.5274 	DATA 	Keypress: d
461.0777 	DATA 	Keypress: space
462.0272 	DATA 	Keypress: c
462.1937 	DATA 	Keypress: a
462.2945 	DATA 	Keypress: l
462.4441 	DATA 	Keypress: l
462.5607 	DATA 	Keypress: s
463.7774 	DATA 	Keypress: backspace
463.9608 	DATA 	Keypress: backspace
464.1275 	DATA 	Keypress: backspace
464.2942 	DATA 	Keypress: backspace
464.4607 	DATA 	Keypress: backspace
465.0611 	DATA 	Keypress: backspace
465.2114 	DATA 	Keypress: backspace
465.3775 	DATA 	Keypress: backspace
466.0607 	DATA 	Keypress: n
466.4606 	DATA 	Keypress: d
466.5774 	DATA 	Keypress: space
466.8105 	DATA 	Keypress: s
467.1781 	DATA 	Keypress: e
467.3605 	DATA 	Keypress: t
467.4773 	DATA 	Keypress: space
468.0436 	DATA 	Keypress: backspace
468.2440 	DATA 	Keypress: s
468.3777 	DATA 	Keypress: space
468.6269 	DATA 	Keypress: h
468.9610 	DATA 	Keypress: backspace
469.0779 	DATA 	Keypress: t
469.2605 	DATA 	Keypress: h
469.3276 	DATA 	Keypress: e
469.5111 	DATA 	Keypress: space
470.8275 	DATA 	Keypress: w
470.9445 	DATA 	Keypress: h
471.1271 	DATA 	Keypress: o
471.3108 	DATA 	Keypress: l
471.4105 	DATA 	Keypress: e
471.5779 	DATA 	Keypress: space
471.9937 	DATA 	Keypress: t
472.0775 	DATA 	Keypress: h
472.1773 	DATA 	Keypress: i
472.3778 	DATA 	Keypress: n
472.4279 	DATA 	Keypress: g
472.5613 	DATA 	Keypress: space
472.8104 	DATA 	Keypress: u
473.0111 	DATA 	Keypress: p
473.5947 	DATA 	Keypress: period
473.8277 	DATA 	Keypress: space
473.9445 	DATA 	Keypress: capslock
474.0613 	DATA 	Keypress: j
474.1442 	DATA 	Keypress: capslock
474.4781 	DATA 	Keypress: o
474.7772 	DATA 	Keypress: n
474.9277 	DATA 	Keypress: space
475.3946 	DATA 	Keypress: s
475.5612 	DATA 	Keypress: a
475.7276 	DATA 	Keypress: y
475.8614 	DATA 	Keypress: s
475.9770 	DATA 	Keypress: space
476.2105 	DATA 	Keypress: h
476.3112 	DATA 	Keypress: e
476.4947 	DATA 	Keypress: space
477.2777 	DATA 	Keypress: d
477.4940 	DATA 	Keypress: o
477.5949 	DATA 	Keypress: e
477.7771 	DATA 	Keypress: s
477.9277 	DATA 	Keypress: n
478.1613 	DATA 	Keypress: t
478.6607 	DATA 	Keypress: backspace
478.8947 	DATA 	Keypress: apostrophe
478.9943 	DATA 	Keypress: t
479.2946 	DATA 	Keypress: space
479.7104 	DATA 	Keypress: k
479.9437 	DATA 	Keypress: n
480.0776 	DATA 	Keypress: o
480.1773 	DATA 	Keypress: w
480.3450 	DATA 	Keypress: space
480.6939 	DATA 	Keypress: h
480.8276 	DATA 	Keypress: i
481.0611 	DATA 	Keypress: m
481.3114 	DATA 	Keypress: comma
481.4780 	DATA 	Keypress: space
481.6943 	DATA 	Keypress: t
481.7441 	DATA 	Keypress: h
481.9275 	DATA 	Keypress: e
482.2110 	DATA 	Keypress: space
482.3945 	DATA 	Keypress: m
482.4945 	DATA 	Keypress: a
482.5776 	DATA 	Keypress: n
482.7606 	DATA 	Keypress: space
483.9439 	DATA 	Keypress: t
484.1613 	DATA 	Keypress: e
484.3778 	DATA 	Keypress: l
484.5113 	DATA 	Keypress: l
484.8115 	DATA 	Keypress: s
485.0947 	DATA 	Keypress: space
485.2941 	DATA 	Keypress: a
485.7607 	DATA 	Keypress: backspace
485.9113 	DATA 	Keypress: e
486.1110 	DATA 	Keypress: v
486.2945 	DATA 	Keypress: e
486.4616 	DATA 	Keypress: r
486.6609 	DATA 	Keypress: y
486.7951 	DATA 	Keypress: t
486.9113 	DATA 	Keypress: h
487.0282 	DATA 	Keypress: i
487.1948 	DATA 	Keypress: n
487.2775 	DATA 	Keypress: g
487.3784 	DATA 	Keypress: space
487.5609 	DATA 	Keypress: a
487.7610 	DATA 	Keypress: b
487.9774 	DATA 	Keypress: o
488.1781 	DATA 	Keypress: u
488.3107 	DATA 	Keypress: t
488.4442 	DATA 	Keypress: space
488.8441 	DATA 	Keypress: capslock
489.0109 	DATA 	Keypress: j
489.1117 	DATA 	Keypress: capslock
489.2114 	DATA 	Keypress: o
489.4277 	DATA 	Keypress: n
490.1108 	DATA 	Keypress: apostrophe
490.2275 	DATA 	Keypress: s
490.4111 	DATA 	Keypress: space
490.8111 	DATA 	Keypress: p
490.9774 	DATA 	Keypress: a
491.1281 	DATA 	Keypress: s
491.3447 	DATA 	Keypress: t
491.4773 	DATA 	Keypress: space
491.6946 	DATA 	Keypress: comma
491.9280 	DATA 	Keypress: space
492.9941 	DATA 	Keypress: t
493.1947 	DATA 	Keypress: e
493.3945 	DATA 	Keypress: k
493.3999 	DATA 	Keypress: l
493.5608 	DATA 	Keypress: l
493.9107 	DATA 	Keypress: backspace
494.0444 	DATA 	Keypress: backspace
494.2947 	DATA 	Keypress: l
494.4942 	DATA 	Keypress: backspace
494.6447 	DATA 	Keypress: backspace
494.9609 	DATA 	Keypress: l
495.0946 	DATA 	Keypress: l
495.3780 	DATA 	Keypress: s
495.5275 	DATA 	Keypress: space
496.1776 	DATA 	Keypress: h
496.3441 	DATA 	Keypress: i
496.5775 	DATA 	Keypress: s
496.7450 	DATA 	Keypress: space
497.2278 	DATA 	Keypress: a
497.5950 	DATA 	Keypress: backspace
497.8281 	DATA 	Keypress: n
497.9607 	DATA 	Keypress: a
498.0775 	DATA 	Keypress: m
498.2281 	DATA 	Keypress: e
498.3947 	DATA 	Keypress: space
498.6279 	DATA 	Keypress: i
498.7943 	DATA 	Keypress: s
498.8942 	DATA 	Keypress: space
499.0778 	DATA 	Keypress: a
499.3452 	DATA 	Keypress: capslock
500.0115 	DATA 	Keypress: capslock
500.2616 	DATA 	Keypress: backspace
500.5280 	DATA 	Keypress: capslock
500.7282 	DATA 	Keypress: s
500.8952 	DATA 	Keypress: capslock
501.1117 	DATA 	Keypress: h
501.2443 	DATA 	Keypress: e
501.4777 	DATA 	Keypress: r
501.5603 	EXP 	UDP Sent: marker_ID=12, marker_value=82, marker_string=video_narrative_sherlock_end, timestamp=1655490822738529024
501.5748 	EXP 	sherlock_participant_response: autoDraw = False
501.5748 	EXP 	sherlock_participant_response: autoDraw = False
501.9607 	EXP 	window1: mouseVisible = True
