9.0317 	EXP 	Created window1 = Window(allowGUI=False, allowStencil=False, autoLog=True, backendConf=UNKNOWN, bitsMode=UNKNOWN, blendMode='avg', bpc=(8, 8, 8), color=array([-0.7, -0.7, -0.7]), colorSpace='rgb', depthBits=8, fullscr=<method-wrapper '__getattribute__' of attributeSetter object at 0x000001CFED76C1D0>, gamma=None, gammaErrorPolicy='raise', lms=UNKNOWN, monitor=<psychopy.monitors.calibTools.Monitor object at 0x000001CFED7BB5F8>, multiSample=False, name='window1', numSamples=2, pos=[0.0, 0.0], screen=0, size=array([1920, 1080]), stencilBits=0, stereo=False, units='height', useFBO=True, useRetina=False, viewOri=0.0, viewPos=None, viewScale=None, waitBlanking=True, winType='pyglet')
9.0321 	EXP 	window1: mouseVisible = True
9.0321 	EXP 	window1: recordFrameIntervals = False
9.1980 	EXP 	window1: recordFrameIntervals = True
9.3814 	EXP 	window1: recordFrameIntervals = False
9.6498 	EXP 	window1: mouseVisible = False
9.6546 	EXP 	UDP Sent: marker_ID=17, marker_value=71, marker_string=video_narrative_cmiyc_start, timestamp=1655323836059942144
9.7475 	EXP 	Created catchme_instructions_text = TextStim(__class__=<class 'psychopy.visual.text.TextStim'>, alignHoriz=method-wrapper(...), alignText='center', alignVert=method-wrapper(...), anchorHoriz='center', anchorVert='center', antialias=True, autoLog=True, bold=False, color=array([1., 1., 1.]), colorSpace='rgb', contrast=1.0, depth=0.0, flipHoriz=False, flipVert=False, font='Open Sans', fontFiles=[], height=0.05, italic=False, languageStyle='LTR', name='catchme_instructions_text', opacity=1, ori=0.0, pos=array([0., 0.]), rgb=UNKNOWN, text=str(...), units='height', win=Window(...), wrapWidth=1)
9.9256 	EXP 	Created catchme_clip = MovieStim3(__class__=<class 'psychopy.visual.movie3.MovieStim3'>, autoLog=True, color=UNKNOWN, colorSpace=UNKNOWN, depth=0.0, filename='video_clips/CMIYC_clip.mov', flipHoriz=False, flipVert=False, fps=UNKNOWN, interpolate=True, loop=False, name='catchme_clip', noAudio=False, opacity=1, ori=method-wrapper(...), pos=array([0., 0.]), size=method-wrapper(...), units='pix', vframe_callback=UNKNOWN, volume=UNKNOWN, win=Window(...))
12.4714 	EXP 	Created catchme_details_text = TextStim(__class__=<class 'psychopy.visual.text.TextStim'>, alignHoriz=method-wrapper(...), alignText='center', alignVert=method-wrapper(...), anchorHoriz='center', anchorVert='center', antialias=True, autoLog=True, bold=False, color=array([1., 1., 1.]), colorSpace='rgb', contrast=1.0, depth=0.0, flipHoriz=False, flipVert=False, font='Open Sans', fontFiles=[], height=0.05, italic=False, languageStyle='LTR', name='catchme_details_text', opacity=1, ori=0.0, pos=array([0., 0.]), rgb=UNKNOWN, text=str(...), units='height', win=Window(...), wrapWidth=1)
12.5586 	EXP 	catchme_clip: autoLog = True
12.5586 	EXP 	catchme_clip: movie = 'video_clips/CMIYC_clip.mov'
12.5586 	EXP 	catchme_clip: size = array([1920., 1080.])
12.5586 	EXP 	catchme_clip: ori = 0.0
12.5586 	EXP 	catchme_participant_response: autoLog = True
12.5586 	EXP 	catchme_instructions_text: autoDraw = True
20.3348 	EXP 	Sound  started
20.3375 	DATA 	Keypress: space
20.3647 	EXP 	catchme_instructions_text: autoDraw = False
20.3647 	EXP 	catchme_clip: autoDraw = True
320.4020 	EXP 	Set catchme_clip finished
320.4187 	EXP 	catchme_clip: autoDraw = False
320.4187 	EXP 	catchme_details_text: autoDraw = True
325.7399 	DATA 	Keypress: space
325.7687 	EXP 	catchme_details_text: autoDraw = False
325.7687 	EXP 	catchme_participant_response: autoDraw = True
326.5055 	DATA 	Keypress: lshift
326.6220 	DATA 	Keypress: t
326.8385 	DATA 	Keypress: h
326.9224 	DATA 	Keypress: e
327.0549 	DATA 	Keypress: space
327.1388 	DATA 	Keypress: s
327.2714 	DATA 	Keypress: c
327.4050 	DATA 	Keypress: e
327.5218 	DATA 	Keypress: n
327.6383 	DATA 	Keypress: e
327.7216 	DATA 	Keypress: space
327.9550 	DATA 	Keypress: o
328.1055 	DATA 	Keypress: p
328.2219 	DATA 	Keypress: e
328.3553 	DATA 	Keypress: n
328.5219 	DATA 	Keypress: d
328.8389 	DATA 	Keypress: backspace
328.9723 	DATA 	Keypress: s
329.0881 	DATA 	Keypress: space
329.1720 	DATA 	Keypress: w
329.2893 	DATA 	Keypress: i
329.3885 	DATA 	Keypress: t
329.4882 	DATA 	Keypress: h
329.6716 	DATA 	Keypress: space
329.7553 	DATA 	Keypress: a
329.8880 	DATA 	Keypress: space
330.0717 	DATA 	Keypress: g
330.1222 	DATA 	Keypress: a
330.2551 	DATA 	Keypress: m
330.3549 	DATA 	Keypress: e
330.4556 	DATA 	Keypress: space
330.5553 	DATA 	Keypress: s
330.6719 	DATA 	Keypress: h
330.7885 	DATA 	Keypress: o
330.8553 	DATA 	Keypress: w
330.9880 	DATA 	Keypress: space
331.0719 	DATA 	Keypress: w
331.2215 	DATA 	Keypress: h
331.3222 	DATA 	Keypress: e
331.5058 	DATA 	Keypress: r
331.6552 	DATA 	Keypress: e
331.7719 	DATA 	Keypress: space
331.8548 	DATA 	Keypress: c
331.9385 	DATA 	Keypress: o
332.0225 	DATA 	Keypress: n
332.2554 	DATA 	Keypress: t
332.3383 	DATA 	Keypress: e
332.4888 	DATA 	Keypress: s
332.5556 	DATA 	Keypress: t
332.7050 	DATA 	Keypress: e
333.2389 	DATA 	Keypress: backspace
333.4553 	DATA 	Keypress: n
333.6885 	DATA 	Keypress: t
333.7555 	DATA 	Keypress: s
333.8720 	DATA 	Keypress: space
334.0716 	DATA 	Keypress: t
334.1554 	DATA 	Keypress: e
334.3051 	DATA 	Keypress: l
334.4558 	DATA 	Keypress: l
334.6222 	DATA 	Keypress: space
334.7049 	DATA 	Keypress: t
334.8385 	DATA 	Keypress: h
334.9060 	DATA 	Keypress: e
335.0053 	DATA 	Keypress: space
335.2058 	DATA 	Keypress: t
335.3058 	DATA 	Keypress: r
335.3886 	DATA 	Keypress: u
335.5221 	DATA 	Keypress: t
335.6047 	DATA 	Keypress: h
335.8381 	DATA 	Keypress: period
336.0716 	DATA 	Keypress: space
336.1226 	DATA 	Keypress: lshift
336.2722 	DATA 	Keypress: a
336.4218 	DATA 	Keypress: l
336.5554 	DATA 	Keypress: l
336.7218 	DATA 	Keypress: space
336.8555 	DATA 	Keypress: 3
336.9881 	DATA 	Keypress: space
337.7224 	DATA 	Keypress: a
337.9387 	DATA 	Keypress: r
338.0886 	DATA 	Keypress: e
338.1883 	DATA 	Keypress: space
338.6051 	DATA 	Keypress: s
338.8055 	DATA 	Keypress: a
338.8216 	DATA 	Keypress: y
339.0390 	DATA 	Keypress: i
339.1557 	DATA 	Keypress: n
339.2726 	DATA 	Keypress: g
339.3383 	DATA 	Keypress: space
339.4889 	DATA 	Keypress: t
339.5558 	DATA 	Keypress: h
339.6721 	DATA 	Keypress: e
339.7220 	DATA 	Keypress: y
339.8886 	DATA 	Keypress: space
339.9555 	DATA 	Keypress: a
340.1890 	DATA 	Keypress: r
340.4224 	DATA 	Keypress: e
340.5889 	DATA 	Keypress: space
340.7723 	DATA 	Keypress: lshift
340.8221 	DATA 	Keypress: f
340.9547 	DATA 	Keypress: r
341.1225 	DATA 	Keypress: a
341.2397 	DATA 	Keypress: n
341.4056 	DATA 	Keypress: k
341.5894 	DATA 	Keypress: space
341.7217 	DATA 	Keypress: lshift
342.0549 	DATA 	Keypress: e
342.0591 	DATA 	Keypress: w
342.1054 	DATA 	Keypress: i
342.3387 	DATA 	Keypress: l
342.5052 	DATA 	Keypress: l
342.7215 	DATA 	Keypress: backspace
342.8890 	DATA 	Keypress: backspace
343.0388 	DATA 	Keypress: backspace
343.2053 	DATA 	Keypress: backspace
343.3390 	DATA 	Keypress: backspace
343.4058 	DATA 	Keypress: lshift
343.6051 	DATA 	Keypress: w
344.2723 	DATA 	Keypress: i
344.4717 	DATA 	Keypress: l
344.6051 	DATA 	Keypress: l
344.8055 	DATA 	Keypress: i
344.9886 	DATA 	Keypress: m
345.4555 	DATA 	Keypress: backspace
345.6893 	DATA 	Keypress: a
345.8551 	DATA 	Keypress: m
346.0218 	DATA 	Keypress: space
346.1227 	DATA 	Keypress: lshift
346.3390 	DATA 	Keypress: a
346.4559 	DATA 	Keypress: b
346.6052 	DATA 	Keypress: i
346.7887 	DATA 	Keypress: g
346.9552 	DATA 	Keypress: n
347.0890 	DATA 	Keypress: a
347.2386 	DATA 	Keypress: l
347.3892 	DATA 	Keypress: e
347.4721 	DATA 	Keypress: space
347.7053 	DATA 	Keypress: minus
347.9216 	DATA 	Keypress: space
348.0057 	DATA 	Keypress: f
348.1728 	DATA 	Keypress: a
348.1742 	DATA 	Keypress: m
348.1755 	DATA 	Keypress: space
348.3552 	DATA 	Keypress: o
348.4561 	DATA 	Keypress: u
348.5887 	DATA 	Keypress: s
348.6893 	DATA 	Keypress: space
348.8557 	DATA 	Keypress: c
349.0224 	DATA 	Keypress: a
349.3884 	DATA 	Keypress: backspace
349.6386 	DATA 	Keypress: o
349.7884 	DATA 	Keypress: n
349.9719 	DATA 	Keypress: space
350.0389 	DATA 	Keypress: a
350.2393 	DATA 	Keypress: r
350.4059 	DATA 	Keypress: i
350.5226 	DATA 	Keypress: t
351.2217 	DATA 	Keypress: backspace
351.4052 	DATA 	Keypress: backspace
351.6883 	DATA 	Keypress: t
351.8050 	DATA 	Keypress: i
352.0225 	DATA 	Keypress: s
352.2719 	DATA 	Keypress: t
352.6388 	DATA 	Keypress: comma
352.6424 	DATA 	Keypress: period
352.8893 	DATA 	Keypress: space
353.1723 	DATA 	Keypress: backspace
353.3058 	DATA 	Keypress: backspace
353.8392 	DATA 	Keypress: period
354.0558 	DATA 	Keypress: space
355.1889 	DATA 	Keypress: lshift
355.7891 	DATA 	Keypress: lshift
356.2221 	DATA 	Keypress: t
356.4385 	DATA 	Keypress: h
356.5226 	DATA 	Keypress: e
356.6221 	DATA 	Keypress: y
356.8054 	DATA 	Keypress: space
356.9222 	DATA 	Keypress: a
357.1219 	DATA 	Keypress: s
357.2056 	DATA 	Keypress: k
357.3727 	DATA 	Keypress: space
357.5719 	DATA 	Keypress: h
357.7055 	DATA 	Keypress: i
357.9388 	DATA 	Keypress: space
358.2561 	DATA 	Keypress: backspace
358.4734 	DATA 	Keypress: m
358.6891 	DATA 	Keypress: space
359.0053 	DATA 	Keypress: w
359.1221 	DATA 	Keypress: h
359.2727 	DATA 	Keypress: y
359.4553 	DATA 	Keypress: space
359.5889 	DATA 	Keypress: h
359.6893 	DATA 	Keypress: e
359.7728 	DATA 	Keypress: space
359.8883 	DATA 	Keypress: w
359.9722 	DATA 	Keypress: o
360.0561 	DATA 	Keypress: u
360.2895 	DATA 	Keypress: l
360.3892 	DATA 	Keypress: d
360.5059 	DATA 	Keypress: space
360.6384 	DATA 	Keypress: d
360.7551 	DATA 	Keypress: o
360.9057 	DATA 	Keypress: space
360.9561 	DATA 	Keypress: s
361.1058 	DATA 	Keypress: u
361.1727 	DATA 	Keypress: c
361.4560 	DATA 	Keypress: space
361.5556 	DATA 	Keypress: a
361.6394 	DATA 	Keypress: space
361.7719 	DATA 	Keypress: t
361.8217 	DATA 	Keypress: h
361.9056 	DATA 	Keypress: i
362.0224 	DATA 	Keypress: n
362.1062 	DATA 	Keypress: g
362.2727 	DATA 	Keypress: space
362.4394 	DATA 	Keypress: i
362.5392 	DATA 	Keypress: n
362.6556 	DATA 	Keypress: s
362.7892 	DATA 	Keypress: t
362.8892 	DATA 	Keypress: e
363.3057 	DATA 	Keypress: a
363.4723 	DATA 	Keypress: d
363.5559 	DATA 	Keypress: space
363.7055 	DATA 	Keypress: o
363.8222 	DATA 	Keypress: f
363.9388 	DATA 	Keypress: space
364.9391 	DATA 	Keypress: g
365.0562 	DATA 	Keypress: e
365.1389 	DATA 	Keypress: t
365.3055 	DATA 	Keypress: space
365.4062 	DATA 	Keypress: a
365.5059 	DATA 	Keypress: space
365.6892 	DATA 	Keypress: j
365.8557 	DATA 	Keypress: o
366.0394 	DATA 	Keypress: b
366.3056 	DATA 	Keypress: comma
366.6885 	DATA 	Keypress: space
366.8719 	DATA 	Keypress: w
366.9388 	DATA 	Keypress: h
367.0726 	DATA 	Keypress: i
367.1893 	DATA 	Keypress: c
367.2887 	DATA 	Keypress: h
367.4723 	DATA 	Keypress: space
367.7552 	DATA 	Keypress: p
367.8719 	DATA 	Keypress: e
368.0396 	DATA 	Keypress: r
368.2220 	DATA 	Keypress: s
368.2562 	DATA 	Keypress: o
368.3557 	DATA 	Keypress: n
368.5562 	DATA 	Keypress: space
368.7225 	DATA 	Keypress: 1
368.8552 	DATA 	Keypress: space
369.3890 	DATA 	Keypress: s
369.6392 	DATA 	Keypress: a
369.6891 	DATA 	Keypress: y
369.8724 	DATA 	Keypress: d
369.9554 	DATA 	Keypress: space
371.0395 	DATA 	Keypress: h
371.2061 	DATA 	Keypress: e
371.2900 	DATA 	Keypress: space
371.6220 	DATA 	Keypress: backspace
371.7726 	DATA 	Keypress: backspace
371.9560 	DATA 	Keypress: backspace
372.4230 	DATA 	Keypress: i
372.5564 	DATA 	Keypress: t
372.6719 	DATA 	Keypress: space
373.0061 	DATA 	Keypress: w
373.2394 	DATA 	Keypress: a
373.3393 	DATA 	Keypress: s
373.4729 	DATA 	Keypress: space
373.6892 	DATA 	Keypress: l
373.8227 	DATA 	Keypress: u
374.0894 	DATA 	Keypress: c
374.3226 	DATA 	Keypress: r
374.4562 	DATA 	Keypress: a
374.6725 	DATA 	Keypress: t
374.7722 	DATA 	Keypress: i
374.9727 	DATA 	Keypress: v
375.0896 	DATA 	Keypress: e
375.1894 	DATA 	Keypress: space
375.3060 	DATA 	Keypress: a
375.4058 	DATA 	Keypress: n
375.5226 	DATA 	Keypress: d
375.5893 	DATA 	Keypress: space
375.7557 	DATA 	Keypress: b
375.8224 	DATA 	Keypress: e
375.9720 	DATA 	Keypress: t
376.0732 	DATA 	Keypress: t
376.1724 	DATA 	Keypress: e
376.3728 	DATA 	Keypress: r
376.5226 	DATA 	Keypress: space
376.6393 	DATA 	Keypress: t
376.7722 	DATA 	Keypress: h
376.8893 	DATA 	Keypress: a
376.9895 	DATA 	Keypress: n
377.1560 	DATA 	Keypress: space
377.6895 	DATA 	Keypress: g
377.8391 	DATA 	Keypress: e
377.9389 	DATA 	Keypress: t
378.5567 	DATA 	Keypress: t
378.7219 	DATA 	Keypress: i
378.8227 	DATA 	Keypress: n
378.9394 	DATA 	Keypress: g
379.0063 	DATA 	Keypress: space
379.2227 	DATA 	Keypress: p
379.2253 	DATA 	Keypress: o
379.2739 	DATA 	Keypress: e
379.4223 	DATA 	Keypress: n
379.5889 	DATA 	Keypress: n
379.8221 	DATA 	Keypress: backspace
379.9886 	DATA 	Keypress: backspace
380.1564 	DATA 	Keypress: backspace
380.3389 	DATA 	Keypress: backspace
380.4731 	DATA 	Keypress: e
380.6229 	DATA 	Keypress: n
380.7894 	DATA 	Keypress: n
380.8893 	DATA 	Keypress: i
381.0558 	DATA 	Keypress: e
381.3221 	DATA 	Keypress: s
381.4728 	DATA 	Keypress: space
381.6053 	DATA 	Keypress: a
381.6895 	DATA 	Keypress: n
381.7888 	DATA 	Keypress: d
381.9055 	DATA 	Keypress: space
382.0722 	DATA 	Keypress: d
382.1391 	DATA 	Keypress: i
382.2228 	DATA 	Keypress: m
382.3564 	DATA 	Keypress: e
382.3591 	DATA 	Keypress: w
382.8559 	DATA 	Keypress: backspace
383.0396 	DATA 	Keypress: a
383.5393 	DATA 	Keypress: backspace
383.7894 	DATA 	Keypress: s
383.9730 	DATA 	Keypress: period
384.1725 	DATA 	Keypress: space
384.4063 	DATA 	Keypress: lshift
385.1890 	DATA 	Keypress: c
385.2558 	DATA 	Keypress: o
385.4064 	DATA 	Keypress: n
385.6397 	DATA 	Keypress: t
385.7563 	DATA 	Keypress: e
385.9058 	DATA 	Keypress: s
385.9896 	DATA 	Keypress: t
386.6895 	DATA 	Keypress: a
386.8222 	DATA 	Keypress: n
387.0059 	DATA 	Keypress: t
387.1395 	DATA 	Keypress: space
387.3728 	DATA 	Keypress: 2
387.5225 	DATA 	Keypress: space
387.9063 	DATA 	Keypress: n
388.2395 	DATA 	Keypress: backspace
388.3562 	DATA 	Keypress: a
388.4890 	DATA 	Keypress: n
388.5898 	DATA 	Keypress: s
388.7889 	DATA 	Keypress: w
388.9894 	DATA 	Keypress: e
389.1732 	DATA 	Keypress: r
389.2728 	DATA 	Keypress: space
389.3896 	DATA 	Keypress: w
389.4893 	DATA 	Keypress: h
389.6399 	DATA 	Keypress: o
389.8221 	DATA 	Keypress: space
389.9061 	DATA 	Keypress: c
390.1225 	DATA 	Keypress: a
390.3229 	DATA 	Keypress: u
390.4732 	DATA 	Keypress: g
390.5724 	DATA 	Keypress: h
390.6890 	DATA 	Keypress: t
390.7897 	DATA 	Keypress: space
390.9723 	DATA 	Keypress: h
391.1729 	DATA 	Keypress: i
391.3565 	DATA 	Keypress: m
391.5559 	DATA 	Keypress: comma
391.7065 	DATA 	Keypress: space
391.8230 	DATA 	Keypress: w
391.9229 	DATA 	Keypress: h
392.0565 	DATA 	Keypress: i
392.1393 	DATA 	Keypress: c
392.2391 	DATA 	Keypress: h
392.4226 	DATA 	Keypress: space
392.5562 	DATA 	Keypress: h
392.6898 	DATA 	Keypress: e
392.8063 	DATA 	Keypress: space
392.9729 	DATA 	Keypress: a
393.3232 	DATA 	Keypress: s
393.4557 	DATA 	Keypress: n
393.6062 	DATA 	Keypress: w
393.8226 	DATA 	Keypress: e
394.0232 	DATA 	Keypress: r
394.2725 	DATA 	Keypress: s
394.4732 	DATA 	Keypress: space
394.7063 	DATA 	Keypress: lshift
394.9056 	DATA 	Keypress: c
395.0394 	DATA 	Keypress: a
395.3057 	DATA 	Keypress: r
395.4892 	DATA 	Keypress: l
395.7892 	DATA 	Keypress: space
396.5733 	DATA 	Keypress: lshift
397.0230 	DATA 	Keypress: a
397.3731 	DATA 	Keypress: g
397.5396 	DATA 	Keypress: i
397.7561 	DATA 	Keypress: n
398.3724 	DATA 	Keypress: backspace
398.5390 	DATA 	Keypress: backspace
398.7395 	DATA 	Keypress: backspace
398.9228 	DATA 	Keypress: backspace
399.5562 	DATA 	Keypress: lshift
399.6728 	DATA 	Keypress: b
399.8563 	DATA 	Keypress: o
400.0400 	DATA 	Keypress: g
400.1228 	DATA 	Keypress: n
400.3392 	DATA 	Keypress: o
400.4730 	DATA 	Keypress: t
400.5726 	DATA 	Keypress: i
401.0563 	DATA 	Keypress: lshift
401.3724 	DATA 	Keypress: period
401.5230 	DATA 	Keypress: period
401.6395 	DATA 	Keypress: lshift
401.7223 	DATA 	Keypress: slash
401.9228 	DATA 	Keypress: space
403.4728 	DATA 	Keypress: lshift
404.0392 	DATA 	Keypress: h
404.2897 	DATA 	Keypress: backspace
404.4901 	DATA 	Keypress: i
404.7063 	DATA 	Keypress: t
404.9058 	DATA 	Keypress: space
405.1239 	DATA 	Keypress: c
405.2560 	DATA 	Keypress: u
405.9230 	DATA 	Keypress: t
406.0728 	DATA 	Keypress: s
406.1570 	DATA 	Keypress: space
406.3395 	DATA 	Keypress: t
406.3565 	DATA 	Keypress: o
406.5399 	DATA 	Keypress: space
406.7062 	DATA 	Keypress: h
406.8399 	DATA 	Keypress: i
406.9566 	DATA 	Keypress: s
407.0396 	DATA 	Keypress: space
407.1891 	DATA 	Keypress: c
407.3569 	DATA 	Keypress: a
407.3603 	DATA 	Keypress: s
407.4398 	DATA 	Keypress: p
407.6229 	DATA 	Keypress: t
407.6901 	DATA 	Keypress: o
407.8565 	DATA 	Keypress: r
407.9562 	DATA 	Keypress: space
408.1068 	DATA 	Keypress: i
408.1895 	DATA 	Keypress: n
408.3562 	DATA 	Keypress: space
408.4060 	DATA 	Keypress: t
408.5396 	DATA 	Keypress: h
408.5897 	DATA 	Keypress: e
408.7061 	DATA 	Keypress: space
408.8398 	DATA 	Keypress: r
409.0234 	DATA 	Keypress: a
409.0733 	DATA 	Keypress: i
409.1730 	DATA 	Keypress: n
409.3395 	DATA 	Keypress: space
409.5231 	DATA 	Keypress: i
409.6057 	DATA 	Keypress: n
409.7394 	DATA 	Keypress: space
410.0571 	DATA 	Keypress: lshift
410.2063 	DATA 	Keypress: f
410.3728 	DATA 	Keypress: r
410.4570 	DATA 	Keypress: a
410.5892 	DATA 	Keypress: n
410.6899 	DATA 	Keypress: c
410.8734 	DATA 	Keypress: e
410.9232 	DATA 	Keypress: space
411.1896 	DATA 	Keypress: t
411.3732 	DATA 	Keypress: a
411.3768 	DATA 	Keypress: l
411.5070 	DATA 	Keypress: k
411.6731 	DATA 	Keypress: i
411.7230 	DATA 	Keypress: n
411.8232 	DATA 	Keypress: g
411.9225 	DATA 	Keypress: space
412.0394 	DATA 	Keypress: t
412.1062 	DATA 	Keypress: o
412.2567 	DATA 	Keypress: space
416.2396 	DATA 	Keypress: lshift
416.4560 	DATA 	Keypress: f
416.6393 	DATA 	Keypress: r
416.8059 	DATA 	Keypress: e
416.9226 	DATA 	Keypress: n
417.0237 	DATA 	Keypress: c
417.1401 	DATA 	Keypress: h
417.3226 	DATA 	Keypress: m
417.4236 	DATA 	Keypress: e
417.5403 	DATA 	Keypress: n
417.7564 	DATA 	Keypress: period
417.9559 	DATA 	Keypress: space
418.1395 	DATA 	Keypress: lshift
418.4069 	DATA 	Keypress: h
418.6230 	DATA 	Keypress: e
418.7227 	DATA 	Keypress: space
418.9731 	DATA 	Keypress: c
419.1398 	DATA 	Keypress: o
419.2565 	DATA 	Keypress: m
419.4229 	DATA 	Keypress: e
419.6064 	DATA 	Keypress: s
419.6732 	DATA 	Keypress: space
419.8228 	DATA 	Keypress: i
419.8896 	DATA 	Keypress: n
420.1900 	DATA 	Keypress: s
420.4403 	DATA 	Keypress: i
420.5560 	DATA 	Keypress: d
420.7393 	DATA 	Keypress: e
420.8231 	DATA 	Keypress: space
420.9072 	DATA 	Keypress: t
421.0068 	DATA 	Keypress: o
421.2062 	DATA 	Keypress: space
421.2902 	DATA 	Keypress: s
421.5236 	DATA 	Keypress: e
421.6559 	DATA 	Keypress: e
421.7566 	DATA 	Keypress: space
421.9234 	DATA 	Keypress: lshift
422.2236 	DATA 	Keypress: f
422.5229 	DATA 	Keypress: r
422.6901 	DATA 	Keypress: a
422.8397 	DATA 	Keypress: n
423.0570 	DATA 	Keypress: k
423.2572 	DATA 	Keypress: space
423.4900 	DATA 	Keypress: i
423.6396 	DATA 	Keypress: n
423.7901 	DATA 	Keypress: space
424.3070 	DATA 	Keypress: a
424.4067 	DATA 	Keypress: space
424.5902 	DATA 	Keypress: j
424.7068 	DATA 	Keypress: a
424.8067 	DATA 	Keypress: i
424.9731 	DATA 	Keypress: l
425.1567 	DATA 	Keypress: space
425.3232 	DATA 	Keypress: c
425.5230 	DATA 	Keypress: e
425.6066 	DATA 	Keypress: l
425.7402 	DATA 	Keypress: l
425.9226 	DATA 	Keypress: space
426.3397 	DATA 	Keypress: c
426.4394 	DATA 	Keypress: o
426.5406 	DATA 	Keypress: u
426.6728 	DATA 	Keypress: g
426.7726 	DATA 	Keypress: h
426.9062 	DATA 	Keypress: i
427.0062 	DATA 	Keypress: n
427.1398 	DATA 	Keypress: g
427.2237 	DATA 	Keypress: space
427.3732 	DATA 	Keypress: l
427.5228 	DATA 	Keypress: i
427.6732 	DATA 	Keypress: k
427.7729 	DATA 	Keypress: e
427.8569 	DATA 	Keypress: space
428.0238 	DATA 	Keypress: h
428.1063 	DATA 	Keypress: e
428.2229 	DATA 	Keypress: space
428.4234 	DATA 	Keypress: h
428.5062 	DATA 	Keypress: a
428.7064 	DATA 	Keypress: s
428.8063 	DATA 	Keypress: space
428.9229 	DATA 	Keypress: lshift
429.0896 	DATA 	Keypress: t
429.2732 	DATA 	Keypress: b
429.6400 	DATA 	Keypress: period
429.8563 	DATA 	Keypress: space
430.0063 	DATA 	Keypress: lshift
430.4072 	DATA 	Keypress: w
430.5398 	DATA 	Keypress: h
430.7061 	DATA 	Keypress: i
430.8896 	DATA 	Keypress: l
431.2399 	DATA 	Keypress: e
431.3734 	DATA 	Keypress: space
431.5072 	DATA 	Keypress: r
431.6734 	DATA 	Keypress: e
431.9069 	DATA 	Keypress: a
432.0239 	DATA 	Keypress: d
432.1066 	DATA 	Keypress: i
432.2062 	DATA 	Keypress: n
432.3069 	DATA 	Keypress: g
432.3898 	DATA 	Keypress: space
432.5563 	DATA 	Keypress: o
432.6402 	DATA 	Keypress: a
432.8394 	DATA 	Keypress: s
432.9730 	DATA 	Keypress: s
433.1397 	DATA 	Keypress: a
433.2411 	DATA 	Keypress: g
433.3733 	DATA 	Keypress: e
433.5071 	DATA 	Keypress: s
433.5897 	DATA 	Keypress: space
433.7401 	DATA 	Keypress: o
433.8898 	DATA 	Keypress: f
434.0066 	DATA 	Keypress: space
434.1901 	DATA 	Keypress: h
434.2898 	DATA 	Keypress: i
434.3896 	DATA 	Keypress: s
434.4905 	DATA 	Keypress: space
434.6071 	DATA 	Keypress: r
434.7226 	DATA 	Keypress: i
434.8234 	DATA 	Keypress: g
434.9232 	DATA 	Keypress: h
435.0073 	DATA 	Keypress: t
435.1228 	DATA 	Keypress: space
435.2902 	DATA 	Keypress: f
435.5238 	DATA 	Keypress: r
435.6733 	DATA 	Keypress: o
435.6903 	DATA 	Keypress: i
435.8070 	DATA 	Keypress: m
435.9894 	DATA 	Keypress: space
436.0738 	DATA 	Keypress: t
436.1902 	DATA 	Keypress: h
436.2899 	DATA 	Keypress: e
436.3896 	DATA 	Keypress: space
436.5232 	DATA 	Keypress: lshift
436.6227 	DATA 	Keypress: u
436.8903 	DATA 	Keypress: period
436.9563 	DATA 	Keypress: lshift
437.1229 	DATA 	Keypress: s
437.2739 	DATA 	Keypress: period
437.7570 	DATA 	Keypress: backspace
438.2738 	DATA 	Keypress: slash
438.7064 	DATA 	Keypress: backspace
438.9069 	DATA 	Keypress: period
439.1563 	DATA 	Keypress: comma
439.3898 	DATA 	Keypress: space
439.5066 	DATA 	Keypress: lshift
439.7397 	DATA 	Keypress: f
439.9064 	DATA 	Keypress: r
440.0400 	DATA 	Keypress: a
440.1240 	DATA 	Keypress: n
440.2903 	DATA 	Keypress: k
440.4571 	DATA 	Keypress: space
440.7898 	DATA 	Keypress: a
441.0735 	DATA 	Keypress: backspace
441.7403 	DATA 	Keypress: p
441.8570 	DATA 	Keypress: a
442.0572 	DATA 	Keypress: s
442.1907 	DATA 	Keypress: s
442.4068 	DATA 	Keypress: e
442.5236 	DATA 	Keypress: s
442.6231 	DATA 	Keypress: space
442.8065 	DATA 	Keypress: o
442.8904 	DATA 	Keypress: u
442.9733 	DATA 	Keypress: t
443.1568 	DATA 	Keypress: comma
443.1616 	DATA 	Keypress: period
443.3732 	DATA 	Keypress: space
443.4902 	DATA 	Keypress: lshift
443.6410 	DATA 	Keypress: t
443.8232 	DATA 	Keypress: h
443.8282 	DATA 	Keypress: j
443.9071 	DATA 	Keypress: e
444.0238 	DATA 	Keypress: y
444.2063 	DATA 	Keypress: space
444.3738 	DATA 	Keypress: r
444.5064 	DATA 	Keypress: u
444.5903 	DATA 	Keypress: s
444.7068 	DATA 	Keypress: h
444.8734 	DATA 	Keypress: space
445.0401 	DATA 	Keypress: h
445.1907 	DATA 	Keypress: i
445.2905 	DATA 	Keypress: m
445.4731 	DATA 	Keypress: space
445.5740 	DATA 	Keypress: t
445.6570 	DATA 	Keypress: o
445.8399 	DATA 	Keypress: space
445.9238 	DATA 	Keypress: s
446.0405 	DATA 	Keypress: space
446.1733 	DATA 	Keypress: h
446.4734 	DATA 	Keypress: s
446.7395 	DATA 	Keypress: backspace
446.9899 	DATA 	Keypress: o
447.2409 	DATA 	Keypress: s
447.3900 	DATA 	Keypress: p
447.5735 	DATA 	Keypress: i
447.6903 	DATA 	Keypress: t
447.9896 	DATA 	Keypress: a
448.0410 	DATA 	Keypress: l
448.2568 	DATA 	Keypress: space
448.4063 	DATA 	Keypress: b
448.5071 	DATA 	Keypress: e
448.6904 	DATA 	Keypress: d
448.8232 	DATA 	Keypress: space
448.9567 	DATA 	Keypress: t
449.0408 	DATA 	Keypress: o
449.2233 	DATA 	Keypress: space
449.2572 	DATA 	Keypress: t
449.4566 	DATA 	Keypress: a
449.5735 	DATA 	Keypress: k
449.6571 	DATA 	Keypress: e
449.7737 	DATA 	Keypress: space
449.8735 	DATA 	Keypress: c
450.0572 	DATA 	Keypress: a
450.2406 	DATA 	Keypress: r
450.4240 	DATA 	Keypress: e
450.4572 	DATA 	Keypress: space
450.6403 	DATA 	Keypress: o
450.7730 	DATA 	Keypress: f
450.8568 	DATA 	Keypress: space
451.0234 	DATA 	Keypress: h
451.2239 	DATA 	Keypress: i
451.5739 	DATA 	Keypress: m
451.7733 	DATA 	Keypress: space
452.0069 	DATA 	Keypress: comma
452.2074 	DATA 	Keypress: space
452.3400 	DATA 	Keypress: a
452.5242 	DATA 	Keypress: d
452.5296 	DATA 	Keypress: n
452.7234 	DATA 	Keypress: space
452.8572 	DATA 	Keypress: a
452.9569 	DATA 	Keypress: l
453.0907 	DATA 	Keypress: l
453.2573 	DATA 	Keypress: space
453.3400 	DATA 	Keypress: t
453.4736 	DATA 	Keypress: h
453.5565 	DATA 	Keypress: e
453.6410 	DATA 	Keypress: space
453.8071 	DATA 	Keypress: m
453.9568 	DATA 	Keypress: e
454.0410 	DATA 	Keypress: n
454.1733 	DATA 	Keypress: space
454.2741 	DATA 	Keypress: a
454.3908 	DATA 	Keypress: g
454.5074 	DATA 	Keypress: r
454.8901 	DATA 	Keypress: backspace
455.1406 	DATA 	Keypress: g
455.2406 	DATA 	Keypress: r
455.3740 	DATA 	Keypress: e
455.5904 	DATA 	Keypress: s
455.7071 	DATA 	Keypress: s
455.7399 	DATA 	Keypress: i
455.9235 	DATA 	Keypress: v
456.0574 	DATA 	Keypress: e
456.1241 	DATA 	Keypress: l
456.3067 	DATA 	Keypress: y
456.4900 	DATA 	Keypress: space
456.5570 	DATA 	Keypress: w
456.8071 	DATA 	Keypress: a
456.8735 	DATA 	Keypress: s
456.9902 	DATA 	Keypress: h
457.2905 	DATA 	Keypress: backspace
457.4740 	DATA 	Keypress: backspace
458.0577 	DATA 	Keypress: a
458.0639 	DATA 	Keypress: s
458.1734 	DATA 	Keypress: h
458.6736 	DATA 	Keypress: backspace
459.0907 	DATA 	Keypress: backspace
459.2573 	DATA 	Keypress: backspace
459.4567 	DATA 	Keypress: s
459.6570 	DATA 	Keypress: h
460.0900 	DATA 	Keypress: space
460.2569 	DATA 	Keypress: t
460.3575 	DATA 	Keypress: h
460.4742 	DATA 	Keypress: e
460.5742 	DATA 	Keypress: i
460.6736 	DATA 	Keypress: r
460.8073 	DATA 	Keypress: space
460.9897 	DATA 	Keypress: h
461.0568 	DATA 	Keypress: a
461.2574 	DATA 	Keypress: n
461.2901 	DATA 	Keypress: d
461.5075 	DATA 	Keypress: s
461.6232 	DATA 	Keypress: period
461.8398 	DATA 	Keypress: space
462.8073 	DATA 	Keypress: lshift
463.0573 	DATA 	Keypress: c
463.3573 	DATA 	Keypress: a
463.6404 	DATA 	Keypress: r
463.7073 	DATA 	Keypress: l
463.8907 	DATA 	Keypress: space
465.6570 	DATA 	Keypress: t
465.7737 	DATA 	Keypress: h
465.9234 	DATA 	Keypress: e
466.0243 	DATA 	Keypress: n
466.2067 	DATA 	Keypress: space
466.6573 	DATA 	Keypress: y
466.7570 	DATA 	Keypress: e
466.9066 	DATA 	Keypress: l
467.0573 	DATA 	Keypress: l
467.1900 	DATA 	Keypress: s
467.2910 	DATA 	Keypress: space
467.4573 	DATA 	Keypress: a
467.6411 	DATA 	Keypress: t
467.8408 	DATA 	Keypress: space
467.9236 	DATA 	Keypress: t
468.0574 	DATA 	Keypress: h
468.1072 	DATA 	Keypress: e
468.2570 	DATA 	Keypress: m
468.4233 	DATA 	Keypress: space
468.4907 	DATA 	Keypress: s
468.6570 	DATA 	Keypress: a
468.6899 	DATA 	Keypress: y
468.8574 	DATA 	Keypress: i
468.9741 	DATA 	Keypress: n
469.0401 	DATA 	Keypress: g
469.1408 	DATA 	Keypress: space
469.3246 	DATA 	Keypress: h
469.4240 	DATA 	Keypress: e
469.5568 	DATA 	Keypress: space
469.6901 	DATA 	Keypress: n
469.7742 	DATA 	Keypress: e
469.9236 	DATA 	Keypress: e
470.0905 	DATA 	Keypress: d
470.2742 	DATA 	Keypress: s
470.3740 	DATA 	Keypress: space
470.4903 	DATA 	Keypress: t
470.5743 	DATA 	Keypress: o
470.8074 	DATA 	Keypress: space
471.0908 	DATA 	Keypress: g
471.1737 	DATA 	Keypress: e
471.2743 	DATA 	Keypress: t
471.4569 	DATA 	Keypress: space
471.6572 	DATA 	Keypress: h
471.8237 	DATA 	Keypress: i
471.9404 	DATA 	Keypress: m
472.1072 	DATA 	Keypress: space
472.1910 	DATA 	Keypress: t
472.3076 	DATA 	Keypress: o
472.4574 	DATA 	Keypress: space
472.5244 	DATA 	Keypress: t
472.6400 	DATA 	Keypress: h
472.7409 	DATA 	Keypress: e
472.8404 	DATA 	Keypress: space
472.9741 	DATA 	Keypress: lshift
473.0570 	DATA 	Keypress: u
473.3233 	DATA 	Keypress: period
473.4740 	DATA 	Keypress: lshift
473.6408 	DATA 	Keypress: s
473.8737 	DATA 	Keypress: period
474.0573 	DATA 	Keypress: space
474.1571 	DATA 	Keypress: lshift
474.5571 	DATA 	Keypress: capslock
474.7404 	DATA 	Keypress: a
474.9238 	DATA 	Keypress: s
475.1076 	DATA 	Keypress: a
475.2243 	DATA 	Keypress: p
475.3571 	DATA 	Keypress: lshift
475.3572 	DATA 	Keypress: capslock
475.5077 	DATA 	Keypress: period
475.6898 	DATA 	Keypress: space
476.3905 	DATA 	Keypress: lshift
476.6733 	DATA 	Keypress: b
476.8411 	DATA 	Keypress: u
477.0075 	DATA 	Keypress: t
477.1073 	DATA 	Keypress: space
477.2570 	DATA 	Keypress: w
477.6905 	DATA 	Keypress: backspace
477.8900 	DATA 	Keypress: backspace
478.3071 	DATA 	Keypress: space
478.4410 	DATA 	Keypress: t
478.5576 	DATA 	Keypress: h
478.6740 	DATA 	Keypress: e
478.8066 	DATA 	Keypress: space
478.8737 	DATA 	Keypress: d
479.0403 	DATA 	Keypress: o
479.1737 	DATA 	Keypress: o
479.3244 	DATA 	Keypress: r
479.3904 	DATA 	Keypress: space
479.5568 	DATA 	Keypress: i
479.6407 	DATA 	Keypress: s
479.7243 	DATA 	Keypress: space
479.8909 	DATA 	Keypress: l
479.9408 	DATA 	Keypress: e
480.0904 	DATA 	Keypress: f
480.2740 	DATA 	Keypress: t
480.3738 	DATA 	Keypress: space
480.5403 	DATA 	Keypress: a
480.6569 	DATA 	Keypress: j
480.7576 	DATA 	Keypress: a
481.2902 	DATA 	Keypress: r
481.4070 	DATA 	Keypress: space
481.5407 	DATA 	Keypress: a
481.6576 	DATA 	Keypress: n
481.7403 	DATA 	Keypress: d
481.8570 	DATA 	Keypress: space
481.9569 	DATA 	Keypress: lshift
482.1743 	DATA 	Keypress: f
482.3239 	DATA 	Keypress: r
482.5244 	DATA 	Keypress: a
482.5743 	DATA 	Keypress: n
482.7068 	DATA 	Keypress: k
482.8410 	DATA 	Keypress: space
482.9740 	DATA 	Keypress: i
483.1077 	DATA 	Keypress: s
483.1904 	DATA 	Keypress: space
483.3573 	DATA 	Keypress: n
483.5238 	DATA 	Keypress: o
483.6900 	DATA 	Keypress: space
483.8408 	DATA 	Keypress: w
483.9903 	DATA 	Keypress: h
484.0744 	DATA 	Keypress: e
484.2738 	DATA 	Keypress: r
484.4251 	DATA 	Keypress: e
484.5246 	DATA 	Keypress: space
484.6241 	DATA 	Keypress: t
484.7068 	DATA 	Keypress: o
484.8901 	DATA 	Keypress: space
485.0570 	DATA 	Keypress: b
485.1578 	DATA 	Keypress: e
485.2575 	DATA 	Keypress: space
485.3572 	DATA 	Keypress: s
485.6074 	DATA 	Keypress: e
485.7401 	DATA 	Keypress: e
485.8738 	DATA 	Keypress: n
486.0575 	DATA 	Keypress: period
486.2579 	DATA 	Keypress: space
486.2908 	DATA 	Keypress: lshift
486.4256 	DATA 	Keypress: i
486.5573 	DATA 	Keypress: t
486.7077 	DATA 	Keypress: space
486.8074 	DATA 	Keypress: c
486.9071 	DATA 	Keypress: u
487.0579 	DATA 	Keypress: t
487.1408 	DATA 	Keypress: s
487.2745 	DATA 	Keypress: space
487.3910 	DATA 	Keypress: t
487.4742 	DATA 	Keypress: o
487.6572 	DATA 	Keypress: space
487.8407 	DATA 	Keypress: lshift
487.9404 	DATA 	Keypress: f
488.0741 	DATA 	Keypress: r
488.2906 	DATA 	Keypress: a
488.3573 	DATA 	Keypress: n
488.4572 	DATA 	Keypress: k
488.6404 	DATA 	Keypress: space
488.7401 	DATA 	Keypress: f
488.8247 	DATA 	Keypress: u
489.1742 	DATA 	Keypress: backspace
489.2910 	DATA 	Keypress: backspace
489.4235 	DATA 	Keypress: r
489.5573 	DATA 	Keypress: u
489.7576 	DATA 	Keypress: n
489.9072 	DATA 	Keypress: n
490.0569 	DATA 	Keypress: i
490.1578 	DATA 	Keypress: n
490.2247 	DATA 	Keypress: g
490.3412 	DATA 	Keypress: space
490.4071 	DATA 	Keypress: t
490.5080 	DATA 	Keypress: h
490.5747 	DATA 	Keypress: r
490.6402 	DATA 	Keypress: o
490.7240 	DATA 	Keypress: u
490.8407 	DATA 	Keypress: g
490.9245 	DATA 	Keypress: h
491.0911 	DATA 	Keypress: space
491.1569 	DATA 	Keypress: a
491.2575 	DATA 	Keypress: space
491.4570 	DATA 	Keypress: p
491.5081 	DATA 	Keypress: r
491.6409 	DATA 	Keypress: i
491.7571 	DATA 	Keypress: s
491.8579 	DATA 	Keypress: o
492.0245 	DATA 	Keypress: n
492.2070 	DATA 	Keypress: w
492.2143 	DATA 	Keypress: space
492.3746 	DATA 	Keypress: i
492.4739 	DATA 	Keypress: t
492.5909 	DATA 	Keypress: h
492.7741 	DATA 	Keypress: space
493.2580 	DATA 	Keypress: h
493.4076 	DATA 	Keypress: u
493.6079 	DATA 	Keypress: n
493.6407 	DATA 	Keypress: d
493.8242 	DATA 	Keypress: r
493.9908 	DATA 	Keypress: e
494.1246 	DATA 	Keypress: d
494.3410 	DATA 	Keypress: s
494.4411 	DATA 	Keypress: space
494.6241 	DATA 	Keypress: o
494.7408 	DATA 	Keypress: f
494.8405 	DATA 	Keypress: space
495.0077 	DATA 	Keypress: m
495.1076 	DATA 	Keypress: e
495.2072 	DATA 	Keypress: n
495.3906 	DATA 	Keypress: space
495.4906 	DATA 	Keypress: w
495.6907 	DATA 	Keypress: a
495.7576 	DATA 	Keypress: t
495.9909 	DATA 	Keypress: h
495.9986 	DATA 	Keypress: c
496.1407 	DATA 	Keypress: i
496.2403 	DATA 	Keypress: n
496.3742 	DATA 	Keypress: g
496.4415 	DATA 	Keypress: space
496.6244 	DATA 	Keypress: h
496.7908 	DATA 	Keypress: i
497.0912 	DATA 	Keypress: s
497.1241 	DATA 	Keypress: space
497.3076 	DATA 	Keypress: t
497.4573 	DATA 	Keypress: u
497.5581 	DATA 	Keypress: r
497.6576 	DATA 	Keypress: m
497.8569 	DATA 	Keypress: b
498.0250 	DATA 	Keypress: l
498.2571 	DATA 	Keypress: space
498.5745 	DATA 	Keypress: backspace
498.6580 	DATA 	Keypress: e
498.8244 	DATA 	Keypress: space
499.2409 	DATA 	Keypress: t
499.3572 	DATA 	Keypress: h
499.6074 	DATA 	Keypress: backspace
500.3579 	DATA 	Keypress: backspace
500.5245 	DATA 	Keypress: backspace
500.6909 	DATA 	Keypress: backspace
500.8576 	DATA 	Keypress: backspace
501.0911 	DATA 	Keypress: a
501.3413 	DATA 	Keypress: t
501.5579 	DATA 	Keypress: u
501.9075 	DATA 	Keypress: m
502.2079 	DATA 	Keypress: b
502.4074 	DATA 	Keypress: l
502.4743 	DATA 	Keypress: e
502.5909 	DATA 	Keypress: space
502.6747 	DATA 	Keypress: t
502.8071 	DATA 	Keypress: h
502.8909 	DATA 	Keypress: r
502.9408 	DATA 	Keypress: o
503.0577 	DATA 	Keypress: u
503.1913 	DATA 	Keypress: g
503.2911 	DATA 	Keypress: h
503.4905 	DATA 	Keypress: space
503.5573 	DATA 	Keypress: t
503.6737 	DATA 	Keypress: h
503.7905 	DATA 	Keypress: e
503.8914 	DATA 	Keypress: space
504.0739 	DATA 	Keypress: h
504.1906 	DATA 	Keypress: a
504.3242 	DATA 	Keypress: l
504.4579 	DATA 	Keypress: l
504.6572 	DATA 	Keypress: s
504.7411 	DATA 	Keypress: period
504.7494 	DATA 	Keypress: comma
504.9245 	DATA 	Keypress: space
505.2907 	DATA 	Keypress: backspace
505.5081 	DATA 	Keypress: backspace
505.7564 	EXP 	UDP Sent: marker_ID=18, marker_value=72, marker_string=video_narrative_cmiyc_end, timestamp=1655324337910405632
505.7711 	EXP 	catchme_participant_response: autoDraw = False
505.7711 	EXP 	catchme_participant_response: autoDraw = False
506.1596 	EXP 	window1: mouseVisible = True
