8.6834 	EXP 	Created window1 = Window(allowGUI=False, allowStencil=False, autoLog=True, backendConf=UNKNOWN, bitsMode=UNKNOWN, blendMode='avg', bpc=(8, 8, 8), color=array([-0.7, -0.7, -0.7]), colorSpace='rgb', depthBits=8, fullscr=<method-wrapper '__getattribute__' of attributeSetter object at 0x00000267EBECCF98>, gamma=None, gammaErrorPolicy='raise', lms=UNKNOWN, monitor=<psychopy.monitors.calibTools.Monitor object at 0x00000267EBEAD438>, multiSample=False, name='window1', numSamples=2, pos=[0.0, 0.0], screen=0, size=array([1920, 1080]), stencilBits=0, stereo=False, units='height', useFBO=True, useRetina=False, viewOri=0.0, viewPos=None, viewScale=None, waitBlanking=True, winType='pyglet')
8.6837 	EXP 	window1: mouseVisible = True
8.6837 	EXP 	window1: recordFrameIntervals = False
8.8497 	EXP 	window1: recordFrameIntervals = True
9.0332 	EXP 	window1: recordFrameIntervals = False
9.3008 	EXP 	window1: mouseVisible = False
9.3057 	EXP 	UDP Sent: marker_ID=5, marker_value=81, marker_string=video_narrative_sherlock_start, timestamp=1655319701271292160
9.4018 	EXP 	Created sherlock_instructions_text = TextStim(__class__=<class 'psychopy.visual.text.TextStim'>, alignHoriz=method-wrapper(...), alignText='center', alignVert=method-wrapper(...), anchorHoriz='center', anchorVert='center', antialias=True, autoLog=True, bold=False, color=array([1., 1., 1.]), colorSpace='rgb', contrast=1.0, depth=0.0, flipHoriz=False, flipVert=False, font='Open Sans', fontFiles=[], height=0.05, italic=False, languageStyle='LTR', name='sherlock_instructions_text', opacity=1, ori=0.0, pos=array([0., 0.]), rgb=UNKNOWN, text=str(...), units='height', win=Window(...), wrapWidth=1)
9.7419 	EXP 	Created sherlock_clip = MovieStim3(__class__=<class 'psychopy.visual.movie3.MovieStim3'>, autoLog=True, color=UNKNOWN, colorSpace=UNKNOWN, depth=0.0, filename='video_clips/sherlock_clip.mov', flipHoriz=False, flipVert=False, fps=UNKNOWN, interpolate=True, loop=False, name='sherlock_clip', noAudio=False, opacity=1, ori=method-wrapper(...), pos=array([0., 0.]), size=method-wrapper(...), units='pix', vframe_callback=UNKNOWN, volume=UNKNOWN, win=Window(...))
12.1892 	EXP 	Created sherlock_details_text = TextStim(__class__=<class 'psychopy.visual.text.TextStim'>, alignHoriz=method-wrapper(...), alignText='center', alignVert=method-wrapper(...), anchorHoriz='center', anchorVert='center', antialias=True, autoLog=True, bold=False, color=array([1., 1., 1.]), colorSpace='rgb', contrast=1.0, depth=0.0, flipHoriz=False, flipVert=False, font='Open Sans', fontFiles=[], height=0.05, italic=False, languageStyle='LTR', name='sherlock_details_text', opacity=1, ori=0.0, pos=array([0., 0.]), rgb=UNKNOWN, text=str(...), units='height', win=Window(...), wrapWidth=1)
12.2769 	EXP 	sherlock_clip: autoLog = True
12.2769 	EXP 	sherlock_clip: movie = 'video_clips/sherlock_clip.mov'
12.2769 	EXP 	sherlock_clip: size = array([1920., 1080.])
12.2769 	EXP 	sherlock_clip: ori = 0.0
12.2769 	EXP 	sherlock_participant_response: autoLog = True
12.2769 	EXP 	sherlock_instructions_text: autoDraw = True
26.4705 	EXP 	Sound  started
26.4729 	DATA 	Keypress: space
26.5000 	EXP 	sherlock_instructions_text: autoDraw = False
26.5000 	EXP 	sherlock_clip: autoDraw = True
326.8705 	EXP 	Set sherlock_clip finished
326.8872 	EXP 	sherlock_clip: autoDraw = False
326.8872 	EXP 	sherlock_details_text: autoDraw = True
343.8806 	DATA 	Keypress: space
343.8875 	EXP 	sherlock_details_text: autoDraw = False
343.8875 	EXP 	sherlock_participant_response: autoDraw = True
344.6924 	DATA 	Keypress: lshift
345.0738 	DATA 	Keypress: j
345.2573 	DATA 	Keypress: i
345.5735 	DATA 	Keypress: h
346.2237 	DATA 	Keypress: backspace
346.4242 	DATA 	Keypress: backspace
346.6575 	DATA 	Keypress: o
346.8738 	DATA 	Keypress: h
347.0574 	DATA 	Keypress: n
347.2071 	DATA 	Keypress: lshift
347.2240 	DATA 	Keypress: space
347.4244 	DATA 	Keypress: w
347.6406 	DATA 	Keypress: a
347.7234 	DATA 	Keypress: t
347.8900 	DATA 	Keypress: s
348.0245 	DATA 	Keypress: o
348.1904 	DATA 	Keypress: n
348.4077 	DATA 	Keypress: space
348.8742 	DATA 	Keypress: i
348.9740 	DATA 	Keypress: s
349.0738 	DATA 	Keypress: space
349.2237 	DATA 	Keypress: w
349.4410 	DATA 	Keypress: a
349.4415 	DATA 	Keypress: l
349.5906 	DATA 	Keypress: k
349.7910 	DATA 	Keypress: i
349.8736 	DATA 	Keypress: n
349.9235 	DATA 	Keypress: g
350.0405 	DATA 	Keypress: space
350.2069 	DATA 	Keypress: i
350.2907 	DATA 	Keypress: n
350.4406 	DATA 	Keypress: space
350.5577 	DATA 	Keypress: a
350.6405 	DATA 	Keypress: space
350.8239 	DATA 	Keypress: a
350.8245 	DATA 	Keypress: p
350.9735 	DATA 	Keypress: r
351.0745 	DATA 	Keypress: k
351.2244 	DATA 	Keypress: space
351.2744 	DATA 	Keypress: a
351.6234 	DATA 	Keypress: f
351.8567 	DATA 	Keypress: t
352.0574 	DATA 	Keypress: e
352.2570 	DATA 	Keypress: r
352.3408 	DATA 	Keypress: space
352.4575 	DATA 	Keypress: r
352.6240 	DATA 	Keypress: e
352.8244 	DATA 	Keypress: t
353.0579 	DATA 	Keypress: r
353.0586 	DATA 	Keypress: u
353.2574 	DATA 	Keypress: n
353.3740 	DATA 	Keypress: i
353.4738 	DATA 	Keypress: n
353.5406 	DATA 	Keypress: g
353.6571 	DATA 	Keypress: space
353.7239 	DATA 	Keypress: f
353.8735 	DATA 	Keypress: r
353.9403 	DATA 	Keypress: o
354.0244 	DATA 	Keypress: m
354.1739 	DATA 	Keypress: lshift
354.1741 	DATA 	Keypress: space
354.3905 	DATA 	Keypress: a
354.8245 	DATA 	Keypress: f
354.9072 	DATA 	Keypress: g
355.1906 	DATA 	Keypress: h
355.5239 	DATA 	Keypress: a
355.7071 	DATA 	Keypress: n
356.2239 	DATA 	Keypress: i
356.3575 	DATA 	Keypress: s
356.4743 	DATA 	Keypress: t
356.6236 	DATA 	Keypress: a
356.7574 	DATA 	Keypress: n
356.9408 	DATA 	Keypress: space
357.4575 	DATA 	Keypress: t
357.5575 	DATA 	Keypress: o
357.7237 	DATA 	Keypress: space
357.8237 	DATA 	Keypress: lshift
357.9073 	DATA 	Keypress: l
358.0739 	DATA 	Keypress: o
358.1577 	DATA 	Keypress: n
358.3073 	DATA 	Keypress: d
358.3910 	DATA 	Keypress: o
358.5243 	DATA 	Keypress: n
358.7406 	DATA 	Keypress: period
358.9411 	DATA 	Keypress: space
358.9740 	DATA 	Keypress: lshift
359.1909 	DATA 	Keypress: h
359.3741 	DATA 	Keypress: e
359.4740 	DATA 	Keypress: space
359.7410 	DATA 	Keypress: s
359.9573 	DATA 	Keypress: e
360.0574 	DATA 	Keypress: e
360.2736 	DATA 	Keypress: s
360.3575 	DATA 	Keypress: space
360.5070 	DATA 	Keypress: h
360.6076 	DATA 	Keypress: i
360.7234 	DATA 	Keypress: s
360.8074 	DATA 	Keypress: space
360.9568 	DATA 	Keypress: f
361.1574 	DATA 	Keypress: r
361.2413 	DATA 	Keypress: i
361.3578 	DATA 	Keypress: e
361.4747 	DATA 	Keypress: n
361.5913 	DATA 	Keypress: d
361.7237 	DATA 	Keypress: space
361.9910 	DATA 	Keypress: f
362.1238 	DATA 	Keypress: r
362.1906 	DATA 	Keypress: o
362.3243 	DATA 	Keypress: m
362.7410 	DATA 	Keypress: space
364.0746 	DATA 	Keypress: a
364.1574 	DATA 	Keypress: space
364.3409 	DATA 	Keypress: p
364.4406 	DATA 	Keypress: a
364.5573 	DATA 	Keypress: s
364.6908 	DATA 	Keypress: t
364.8743 	DATA 	Keypress: space
364.9572 	DATA 	Keypress: w
365.1237 	DATA 	Keypress: a
365.2913 	DATA 	Keypress: r
365.3911 	DATA 	Keypress: space
365.5406 	DATA 	Keypress: i
365.6239 	DATA 	Keypress: n
365.7904 	DATA 	Keypress: space
365.8572 	DATA 	Keypress: t
365.9909 	DATA 	Keypress: h
366.0245 	DATA 	Keypress: e
366.1742 	DATA 	Keypress: space
366.3578 	DATA 	Keypress: p
366.4082 	DATA 	Keypress: a
366.6241 	DATA 	Keypress: r
366.6908 	DATA 	Keypress: k
366.8572 	DATA 	Keypress: space
366.9571 	DATA 	Keypress: w
367.0581 	DATA 	Keypress: h
367.1737 	DATA 	Keypress: o
367.4071 	DATA 	Keypress: space
367.6074 	DATA 	Keypress: c
367.7739 	DATA 	Keypress: a
367.8407 	DATA 	Keypress: l
367.9743 	DATA 	Keypress: l
368.1740 	DATA 	Keypress: space
368.1912 	DATA 	Keypress: s
368.3575 	DATA 	Keypress: h
368.5075 	DATA 	Keypress: i
368.7075 	DATA 	Keypress: m
368.8410 	DATA 	Keypress: space
368.9409 	DATA 	Keypress: a
369.1244 	DATA 	Keypress: s
369.2238 	DATA 	Keypress: i
369.3405 	DATA 	Keypress: d
369.5241 	DATA 	Keypress: e
369.6238 	DATA 	Keypress: comma
369.6275 	DATA 	Keypress: period
369.8240 	DATA 	Keypress: space
370.1244 	DATA 	Keypress: backspace
370.3738 	DATA 	Keypress: backspace
370.9740 	DATA 	Keypress: backspace
371.2075 	DATA 	Keypress: period
371.3743 	DATA 	Keypress: space
371.4242 	DATA 	Keypress: lshift
371.5908 	DATA 	Keypress: t
371.7742 	DATA 	Keypress: h
371.8070 	DATA 	Keypress: e
371.9237 	DATA 	Keypress: y
372.0914 	DATA 	Keypress: space
372.2739 	DATA 	Keypress: g
372.3409 	DATA 	Keypress: e
372.4251 	DATA 	Keypress: t
372.6238 	DATA 	Keypress: space
372.7407 	DATA 	Keypress: c
372.8250 	DATA 	Keypress: o
372.9738 	DATA 	Keypress: f
373.0907 	DATA 	Keypress: f
373.2413 	DATA 	Keypress: e
373.3581 	DATA 	Keypress: space
373.4408 	DATA 	Keypress: t
373.5246 	DATA 	Keypress: o
373.6913 	DATA 	Keypress: g
373.7572 	DATA 	Keypress: e
373.8739 	DATA 	Keypress: t
374.0575 	DATA 	Keypress: h
374.0746 	DATA 	Keypress: e
374.2580 	DATA 	Keypress: r
374.3747 	DATA 	Keypress: space
374.4576 	DATA 	Keypress: a
374.5911 	DATA 	Keypress: n
374.6907 	DATA 	Keypress: d
374.7904 	DATA 	Keypress: space
374.8742 	DATA 	Keypress: s
374.9580 	DATA 	Keypress: i
375.1245 	DATA 	Keypress: t
375.2071 	DATA 	Keypress: space
375.3079 	DATA 	Keypress: a
375.4077 	DATA 	Keypress: n
375.5572 	DATA 	Keypress: space
376.1576 	DATA 	Keypress: backspace
376.2912 	DATA 	Keypress: d
376.4244 	DATA 	Keypress: space
376.6080 	DATA 	Keypress: c
376.7246 	DATA 	Keypress: h
376.8412 	DATA 	Keypress: a
376.9580 	DATA 	Keypress: t
377.3580 	DATA 	Keypress: period
377.5421 	DATA 	Keypress: space
377.5924 	DATA 	Keypress: lshift
377.7574 	DATA 	Keypress: t
377.9577 	DATA 	Keypress: h
377.9906 	DATA 	Keypress: e
378.1415 	DATA 	Keypress: space
378.4248 	DATA 	Keypress: f
378.6082 	DATA 	Keypress: r
378.7248 	DATA 	Keypress: i
378.8077 	DATA 	Keypress: e
378.9244 	DATA 	Keypress: n
379.0582 	DATA 	Keypress: d
379.1909 	DATA 	Keypress: space
379.3748 	DATA 	Keypress: m
379.4406 	DATA 	Keypress: e
379.5742 	DATA 	Keypress: n
379.6408 	DATA 	Keypress: t
379.7577 	DATA 	Keypress: i
379.9241 	DATA 	Keypress: o
380.0580 	DATA 	Keypress: n
380.2244 	DATA 	Keypress: s
380.3583 	DATA 	Keypress: space
380.5576 	DATA 	Keypress: h
380.6911 	DATA 	Keypress: e
380.8077 	DATA 	Keypress: space
381.0243 	DATA 	Keypress: k
381.1411 	DATA 	Keypress: n
381.2746 	DATA 	Keypress: o
381.3416 	DATA 	Keypress: w
381.5080 	DATA 	Keypress: s
381.6914 	DATA 	Keypress: space
382.2581 	DATA 	Keypress: s
382.3579 	DATA 	Keypress: o
382.4247 	DATA 	Keypress: m
382.6071 	DATA 	Keypress: e
382.6910 	DATA 	Keypress: o
382.8245 	DATA 	Keypress: n
383.0082 	DATA 	Keypress: e
383.1248 	DATA 	Keypress: space
383.2414 	DATA 	Keypress: w
383.3244 	DATA 	Keypress: h
383.4579 	DATA 	Keypress: o
383.6247 	DATA 	Keypress: space
383.7909 	DATA 	Keypress: i
383.8747 	DATA 	Keypress: s
383.9576 	DATA 	Keypress: space
384.1082 	DATA 	Keypress: l
384.2579 	DATA 	Keypress: o
384.4244 	DATA 	Keypress: k
384.5744 	DATA 	Keypress: i
384.6582 	DATA 	Keypress: n
384.7409 	DATA 	Keypress: g
384.8246 	DATA 	Keypress: space
384.9073 	DATA 	Keypress: f
385.0412 	DATA 	Keypress: o
385.1080 	DATA 	Keypress: r
385.2246 	DATA 	Keypress: space
385.3242 	DATA 	Keypress: a
385.4409 	DATA 	Keypress: space
386.5908 	DATA 	Keypress: p
386.6914 	DATA 	Keypress: a
386.7243 	DATA 	Keypress: l
386.8739 	DATA 	Keypress: c
387.2245 	DATA 	Keypress: backspace
387.3916 	DATA 	Keypress: backspace
387.5581 	DATA 	Keypress: backspace
387.7741 	DATA 	Keypress: backspace
388.2250 	DATA 	Keypress: f
388.3576 	DATA 	Keypress: l
388.4743 	DATA 	Keypress: a
388.7245 	DATA 	Keypress: t
388.7914 	DATA 	Keypress: space
388.9408 	DATA 	Keypress: m
389.0078 	DATA 	Keypress: a
389.2582 	DATA 	Keypress: t
389.4576 	DATA 	Keypress: e
389.5574 	DATA 	Keypress: period
389.7407 	DATA 	Keypress: space
390.0243 	DATA 	Keypress: lshift
390.6573 	DATA 	Keypress: lshift
391.2746 	DATA 	Keypress: lshift
391.5409 	DATA 	Keypress: t
391.7581 	DATA 	Keypress: h
391.8580 	DATA 	Keypress: e
391.9915 	DATA 	Keypress: space
392.5077 	DATA 	Keypress: s
392.7410 	DATA 	Keypress: c
393.0582 	DATA 	Keypress: backspace
393.2083 	DATA 	Keypress: backspace
393.6244 	DATA 	Keypress: s
393.8077 	DATA 	Keypress: c
393.9414 	DATA 	Keypress: n
394.0089 	DATA 	Keypress: e
394.2078 	DATA 	Keypress: e
394.3574 	DATA 	Keypress: space
394.7742 	DATA 	Keypress: backspace
394.9407 	DATA 	Keypress: backspace
395.1244 	DATA 	Keypress: backspace
395.2580 	DATA 	Keypress: backspace
395.3917 	DATA 	Keypress: e
395.6079 	DATA 	Keypress: e
396.0081 	DATA 	Keypress: backspace
396.4085 	DATA 	Keypress: n
396.5914 	DATA 	Keypress: e
396.6742 	DATA 	Keypress: space
396.8084 	DATA 	Keypress: s
396.9413 	DATA 	Keypress: u
397.3075 	DATA 	Keypress: backspace
397.4411 	DATA 	Keypress: backspace
397.5923 	DATA 	Keypress: c
397.6574 	DATA 	Keypress: u
397.8240 	DATA 	Keypress: s
397.8580 	DATA 	Keypress: t
398.0745 	DATA 	Keypress: space
398.1414 	DATA 	Keypress: t
398.2580 	DATA 	Keypress: o
398.4247 	DATA 	Keypress: space
398.6080 	DATA 	Keypress: lshift
398.9081 	DATA 	Keypress: s
399.1416 	DATA 	Keypress: h
399.2413 	DATA 	Keypress: e
399.4578 	DATA 	Keypress: r
399.5914 	DATA 	Keypress: l
399.8416 	DATA 	Keypress: i
400.0085 	DATA 	Keypress: n
400.7741 	DATA 	Keypress: backspace
401.0245 	DATA 	Keypress: backspace
401.8244 	DATA 	Keypress: o
401.9909 	DATA 	Keypress: c
402.0749 	DATA 	Keypress: k
402.2415 	DATA 	Keypress: space
402.3242 	DATA 	Keypress: lshift
402.6083 	DATA 	Keypress: h
402.8080 	DATA 	Keypress: o
402.9744 	DATA 	Keypress: l
403.2078 	DATA 	Keypress: n
403.2106 	DATA 	Keypress: m
403.2915 	DATA 	Keypress: s
403.5080 	DATA 	Keypress: space
403.8910 	DATA 	Keypress: t
404.2413 	DATA 	Keypress: backspace
404.4576 	DATA 	Keypress: l
404.6748 	DATA 	Keypress: o
404.8080 	DATA 	Keypress: o
404.9240 	DATA 	Keypress: k
405.1247 	DATA 	Keypress: space
405.2246 	DATA 	Keypress: a
405.3413 	DATA 	Keypress: t
405.5577 	DATA 	Keypress: space
405.6246 	DATA 	Keypress: a
405.7083 	DATA 	Keypress: space
406.0585 	DATA 	Keypress: d
406.2251 	DATA 	Keypress: e
406.4084 	DATA 	Keypress: a
406.5245 	DATA 	Keypress: d
406.6581 	DATA 	Keypress: space
406.8245 	DATA 	Keypress: b
407.0581 	DATA 	Keypress: p
407.0752 	DATA 	Keypress: o
407.2415 	DATA 	Keypress: s
407.5248 	DATA 	Keypress: backspace
407.6583 	DATA 	Keypress: backspace
407.7911 	DATA 	Keypress: d
407.8917 	DATA 	Keypress: o
408.1752 	DATA 	Keypress: backspace
408.3417 	DATA 	Keypress: backspace
408.4913 	DATA 	Keypress: backspace
409.0249 	DATA 	Keypress: o
409.1415 	DATA 	Keypress: d
409.2754 	DATA 	Keypress: y
409.5576 	DATA 	Keypress: period
409.7410 	DATA 	Keypress: space
409.8078 	DATA 	Keypress: lshift
409.9414 	DATA 	Keypress: a
410.0583 	DATA 	Keypress: space
410.2249 	DATA 	Keypress: m
410.3077 	DATA 	Keypress: a
410.4080 	DATA 	Keypress: n
410.5245 	DATA 	Keypress: space
410.6411 	DATA 	Keypress: w
410.7082 	DATA 	Keypress: h
410.8246 	DATA 	Keypress: o
411.2416 	DATA 	Keypress: space
411.4750 	DATA 	Keypress: d
411.5919 	DATA 	Keypress: i
411.6912 	DATA 	Keypress: e
411.9078 	DATA 	Keypress: d
412.0914 	DATA 	Keypress: d
412.4415 	DATA 	Keypress: backspace
412.6748 	DATA 	Keypress: space
412.7745 	DATA 	Keypress: a
413.0251 	DATA 	Keypress: t
413.1417 	DATA 	Keypress: space
413.9912 	DATA 	Keypress: 6
414.2078 	DATA 	Keypress: 7
414.4412 	DATA 	Keypress: space
414.7243 	DATA 	Keypress: i
414.7274 	DATA 	Keypress: o
414.8251 	DATA 	Keypress: f
414.9081 	DATA 	Keypress: space
415.0746 	DATA 	Keypress: n
415.3249 	DATA 	Keypress: backspace
415.4745 	DATA 	Keypress: backspace
415.6249 	DATA 	Keypress: backspace
415.8084 	DATA 	Keypress: backspace
415.9750 	DATA 	Keypress: backspace
416.3251 	DATA 	Keypress: o
416.4747 	DATA 	Keypress: f
416.5586 	DATA 	Keypress: space
416.7078 	DATA 	Keypress: n
416.7918 	DATA 	Keypress: a
417.0081 	DATA 	Keypress: t
417.1247 	DATA 	Keypress: u
417.2246 	DATA 	Keypress: r
417.4578 	DATA 	Keypress: a
417.5087 	DATA 	Keypress: l
417.6581 	DATA 	Keypress: space
417.7419 	DATA 	Keypress: c
417.9247 	DATA 	Keypress: a
418.0083 	DATA 	Keypress: u
418.2080 	DATA 	Keypress: s
418.6746 	DATA 	Keypress: e
418.8414 	DATA 	Keypress: s
418.9911 	DATA 	Keypress: period
419.1748 	DATA 	Keypress: space
420.0914 	DATA 	Keypress: lshift
420.3585 	DATA 	Keypress: t
420.5415 	DATA 	Keypress: h
420.6749 	DATA 	Keypress: e
420.7576 	DATA 	Keypress: space
420.8745 	DATA 	Keypress: a
421.0750 	DATA 	Keypress: s
421.2085 	DATA 	Keypress: i
421.6244 	DATA 	Keypress: backspace
421.7918 	DATA 	Keypress: backspace
421.9747 	DATA 	Keypress: backspace
422.1251 	DATA 	Keypress: backspace
422.2916 	DATA 	Keypress: backspace
422.4583 	DATA 	Keypress: backspace
422.6246 	DATA 	Keypress: backspace
422.9919 	DATA 	Keypress: lshift
423.1912 	DATA 	Keypress: h
423.4585 	DATA 	Keypress: e
423.5414 	DATA 	Keypress: space
423.7246 	DATA 	Keypress: u
423.8413 	DATA 	Keypress: s
424.0579 	DATA 	Keypress: e
424.3252 	DATA 	Keypress: space
424.4419 	DATA 	Keypress: a
424.5416 	DATA 	Keypress: space
424.7081 	DATA 	Keypress: w
424.7927 	DATA 	Keypress: h
424.9748 	DATA 	Keypress: i
425.1585 	DATA 	Keypress: p
425.3749 	DATA 	Keypress: space
425.5753 	DATA 	Keypress: o
425.6755 	DATA 	Keypress: n
425.8579 	DATA 	Keypress: space
425.9746 	DATA 	Keypress: t
426.0415 	DATA 	Keypress: h
426.1753 	DATA 	Keypress: e
426.2751 	DATA 	Keypress: space
426.3916 	DATA 	Keypress: b
426.5581 	DATA 	Keypress: o
426.6577 	DATA 	Keypress: d
426.7744 	DATA 	Keypress: y
426.9919 	DATA 	Keypress: space
427.0918 	DATA 	Keypress: t
427.1917 	DATA 	Keypress: o
427.3412 	DATA 	Keypress: space
427.8248 	DATA 	Keypress: d
428.0084 	DATA 	Keypress: e
428.0413 	DATA 	Keypress: t
428.1919 	DATA 	Keypress: e
428.3754 	DATA 	Keypress: r
428.4084 	DATA 	Keypress: m
428.5579 	DATA 	Keypress: i
428.6587 	DATA 	Keypress: n
428.7253 	DATA 	Keypress: e
428.8089 	DATA 	Keypress: space
428.9913 	DATA 	Keypress: h
429.1082 	DATA 	Keypress: o
429.1920 	DATA 	Keypress: w
429.2748 	DATA 	Keypress: space
429.4413 	DATA 	Keypress: o
429.8081 	DATA 	Keypress: backspace
429.9923 	DATA 	Keypress: l
430.1913 	DATA 	Keypress: o
430.3919 	DATA 	Keypress: n
430.4418 	DATA 	Keypress: g
430.5584 	DATA 	Keypress: space
430.6250 	DATA 	Keypress: t
430.7417 	DATA 	Keypress: h
430.7927 	DATA 	Keypress: e
430.9083 	DATA 	Keypress: space
431.0920 	DATA 	Keypress: b
431.2247 	DATA 	Keypress: o
431.3255 	DATA 	Keypress: d
431.4252 	DATA 	Keypress: y
431.6253 	DATA 	Keypress: space
431.7421 	DATA 	Keypress: a
431.7459 	DATA 	Keypress: h
431.9914 	DATA 	Keypress: s
432.0914 	DATA 	Keypress: space
432.2748 	DATA 	Keypress: b
432.3755 	DATA 	Keypress: e
432.5252 	DATA 	Keypress: e
432.5920 	DATA 	Keypress: n
432.7584 	DATA 	Keypress: space
432.8751 	DATA 	Keypress: d
433.0418 	DATA 	Keypress: e
433.2085 	DATA 	Keypress: a
433.3749 	DATA 	Keypress: d
433.5085 	DATA 	Keypress: space
433.6082 	DATA 	Keypress: f
433.7078 	DATA 	Keypress: o
433.8584 	DATA 	Keypress: r
434.0251 	DATA 	Keypress: period
434.2255 	DATA 	Keypress: space
434.3254 	DATA 	Keypress: lshift
434.4758 	DATA 	Keypress: t
434.6580 	DATA 	Keypress: h
434.7419 	DATA 	Keypress: e
434.8585 	DATA 	Keypress: space
434.9753 	DATA 	Keypress: a
435.1748 	DATA 	Keypress: s
435.3413 	DATA 	Keypress: i
435.3454 	DATA 	Keypress: s
435.6085 	DATA 	Keypress: t
435.7750 	DATA 	Keypress: s
436.2420 	DATA 	Keypress: backspace
436.3761 	DATA 	Keypress: backspace
436.5422 	DATA 	Keypress: backspace
436.7086 	DATA 	Keypress: backspace
436.9419 	DATA 	Keypress: s
437.0748 	DATA 	Keypress: i
437.2084 	DATA 	Keypress: s
437.3083 	DATA 	Keypress: t
437.4088 	DATA 	Keypress: a
437.5754 	DATA 	Keypress: b
437.5794 	DATA 	Keypress: n
437.6586 	DATA 	Keypress: t
437.8087 	DATA 	Keypress: space
438.2914 	DATA 	Keypress: backspace
438.4580 	DATA 	Keypress: backspace
438.6583 	DATA 	Keypress: backspace
438.8083 	DATA 	Keypress: backspace
439.0254 	DATA 	Keypress: n
439.1254 	DATA 	Keypress: t
439.2248 	DATA 	Keypress: space
440.2081 	DATA 	Keypress: w
440.2750 	DATA 	Keypress: i
440.4416 	DATA 	Keypress: t
440.4916 	DATA 	Keypress: h
440.6748 	DATA 	Keypress: space
440.8253 	DATA 	Keypress: h
441.0091 	DATA 	Keypress: i
441.1087 	DATA 	Keypress: m
441.2755 	DATA 	Keypress: space
441.6412 	DATA 	Keypress: backspace
441.9754 	DATA 	Keypress: space
443.7087 	DATA 	Keypress: a
443.8752 	DATA 	Keypress: s
443.9920 	DATA 	Keypress: k
444.1589 	DATA 	Keypress: s
444.3422 	DATA 	Keypress: space
444.5418 	DATA 	Keypress: h
444.6753 	DATA 	Keypress: i
444.7750 	DATA 	Keypress: m
444.9584 	DATA 	Keypress: space
445.0753 	DATA 	Keypress: t
445.1594 	DATA 	Keypress: o
445.3256 	DATA 	Keypress: space
445.5421 	DATA 	Keypress: g
445.6086 	DATA 	Keypress: e
445.6755 	DATA 	Keypress: t
445.9088 	DATA 	Keypress: space
446.2920 	DATA 	Keypress: backspace
446.6588 	DATA 	Keypress: backspace
446.8414 	DATA 	Keypress: backspace
447.0252 	DATA 	Keypress: backspace
447.2087 	DATA 	Keypress: backspace
448.0255 	DATA 	Keypress: space
448.2421 	DATA 	Keypress: g
448.3419 	DATA 	Keypress: e
448.5083 	DATA 	Keypress: t
448.5921 	DATA 	Keypress: space
448.7415 	DATA 	Keypress: c
448.8424 	DATA 	Keypress: o
448.9918 	DATA 	Keypress: f
449.1257 	DATA 	Keypress: f
449.3252 	DATA 	Keypress: e
449.4917 	DATA 	Keypress: e
449.6581 	DATA 	Keypress: comma
450.2093 	DATA 	Keypress: space
450.4085 	DATA 	Keypress: b
450.5090 	DATA 	Keypress: u
450.6087 	DATA 	Keypress: t
450.7253 	DATA 	Keypress: space
450.9088 	DATA 	Keypress: s
451.0416 	DATA 	Keypress: h
451.1753 	DATA 	Keypress: e
451.3259 	DATA 	Keypress: r
451.3757 	DATA 	Keypress: l
451.5751 	DATA 	Keypress: o
451.6922 	DATA 	Keypress: c
451.7751 	DATA 	Keypress: k
451.9415 	DATA 	Keypress: space
452.0756 	DATA 	Keypress: i
452.2254 	DATA 	Keypress: t
452.5922 	DATA 	Keypress: backspace
452.8253 	DATA 	Keypress: n
452.9580 	DATA 	Keypress: e
453.1417 	DATA 	Keypress: r
453.5089 	DATA 	Keypress: t
453.7090 	DATA 	Keypress: u
453.8915 	DATA 	Keypress: p
454.0085 	DATA 	Keypress: s
454.1092 	DATA 	Keypress: space
454.2589 	DATA 	Keypress: t
454.3085 	DATA 	Keypress: o
454.4751 	DATA 	Keypress: space
454.6601 	DATA 	Keypress: g
454.7422 	DATA 	Keypress: e
455.0754 	DATA 	Keypress: backspace
455.2251 	DATA 	Keypress: backspace
455.3916 	DATA 	Keypress: backspace
455.6088 	DATA 	Keypress: n
455.7924 	DATA 	Keypress: o
456.0758 	DATA 	Keypress: backspace
456.2253 	DATA 	Keypress: backspace
456.4917 	DATA 	Keypress: space
457.0082 	DATA 	Keypress: c
457.1091 	DATA 	Keypress: o
457.2585 	DATA 	Keypress: m
457.3922 	DATA 	Keypress: m
457.5088 	DATA 	Keypress: e
457.5927 	DATA 	Keypress: n
457.7082 	DATA 	Keypress: t
457.7751 	DATA 	Keypress: space
457.9584 	DATA 	Keypress: o
458.2251 	DATA 	Keypress: space
458.3921 	DATA 	Keypress: h
458.4755 	DATA 	Keypress: e
458.6250 	DATA 	Keypress: r
458.6919 	DATA 	Keypress: space
458.8423 	DATA 	Keypress: l
458.9920 	DATA 	Keypress: i
459.1416 	DATA 	Keypress: p
459.2756 	DATA 	Keypress: t
459.6424 	DATA 	Keypress: backspace
459.7421 	DATA 	Keypress: s
459.9755 	DATA 	Keypress: t
460.0424 	DATA 	Keypress: i
460.1752 	DATA 	Keypress: c
460.2760 	DATA 	Keypress: k
460.4584 	DATA 	Keypress: period
460.6587 	DATA 	Keypress: space
460.6916 	DATA 	Keypress: lshift
460.8755 	DATA 	Keypress: h
461.0253 	DATA 	Keypress: e
461.1092 	DATA 	Keypress: space
461.2258 	DATA 	Keypress: r
461.3426 	DATA 	Keypress: u
461.4920 	DATA 	Keypress: d
461.6425 	DATA 	Keypress: e
461.7083 	DATA 	Keypress: l
461.9258 	DATA 	Keypress: y
462.1093 	DATA 	Keypress: space
463.1428 	DATA 	Keypress: b
463.2426 	DATA 	Keypress: r
463.3264 	DATA 	Keypress: i
463.4590 	DATA 	Keypress: s
463.5756 	DATA 	Keypress: h
463.7422 	DATA 	Keypress: e
463.8924 	DATA 	Keypress: d
463.9752 	DATA 	Keypress: space
464.2426 	DATA 	Keypress: h
464.3258 	DATA 	Keypress: e
464.4751 	DATA 	Keypress: r
464.7922 	DATA 	Keypress: space
464.9756 	DATA 	Keypress: a
465.1592 	DATA 	Keypress: s
465.2760 	DATA 	Keypress: i
465.4086 	DATA 	Keypress: d
465.5921 	DATA 	Keypress: e
465.6758 	DATA 	Keypress: space
465.8593 	DATA 	Keypress: t
465.9252 	DATA 	Keypress: o
466.1087 	DATA 	Keypress: space
466.2923 	DATA 	Keypress: g
466.3593 	DATA 	Keypress: e
466.4259 	DATA 	Keypress: t
466.6094 	DATA 	Keypress: space
466.7760 	DATA 	Keypress: h
466.9256 	DATA 	Keypress: i
467.1589 	DATA 	Keypress: space
467.4765 	DATA 	Keypress: backspace
467.7592 	DATA 	Keypress: n
467.7642 	DATA 	Keypress: m
468.3258 	DATA 	Keypress: backspace
468.4925 	DATA 	Keypress: backspace
468.7425 	DATA 	Keypress: m
468.9090 	DATA 	Keypress: space
469.0927 	DATA 	Keypress: c
469.1929 	DATA 	Keypress: o
469.2089 	DATA 	Keypress: i
469.3255 	DATA 	Keypress: f
469.4422 	DATA 	Keypress: f
469.7590 	DATA 	Keypress: e
469.8758 	DATA 	Keypress: period
470.0754 	DATA 	Keypress: space
470.3928 	DATA 	Keypress: lshift
470.6418 	DATA 	Keypress: i
470.8254 	DATA 	Keypress: n
470.9918 	DATA 	Keypress: space
471.1755 	DATA 	Keypress: h
471.2596 	DATA 	Keypress: i
471.3925 	DATA 	Keypress: s
471.4591 	DATA 	Keypress: space
471.6254 	DATA 	Keypress: l
471.7092 	DATA 	Keypress: a
471.9426 	DATA 	Keypress: b
472.1921 	DATA 	Keypress: m
472.1974 	DATA 	Keypress: comma
472.3588 	DATA 	Keypress: space
472.4594 	DATA 	Keypress: s
472.6089 	DATA 	Keypress: h
472.7584 	DATA 	Keypress: e
472.9422 	DATA 	Keypress: r
473.0918 	DATA 	Keypress: l
473.2754 	DATA 	Keypress: o
473.3761 	DATA 	Keypress: c
473.4760 	DATA 	Keypress: k
473.6253 	DATA 	Keypress: space
473.7759 	DATA 	Keypress: i
473.9254 	DATA 	Keypress: s
474.0100 	DATA 	Keypress: space
474.2422 	DATA 	Keypress: i
474.3590 	DATA 	Keypress: n
474.4757 	DATA 	Keypress: t
474.6918 	DATA 	Keypress: r
474.7587 	DATA 	Keypress: o
475.0261 	DATA 	Keypress: d
475.1586 	DATA 	Keypress: u
475.7091 	DATA 	Keypress: c
475.9584 	DATA 	Keypress: e
476.1261 	DATA 	Keypress: d
476.1919 	DATA 	Keypress: space
476.3426 	DATA 	Keypress: t
476.3930 	DATA 	Keypress: o
476.5928 	DATA 	Keypress: space
476.7592 	DATA 	Keypress: lshift
477.5600 	DATA 	Keypress: j
477.7589 	DATA 	Keypress: o
477.9595 	DATA 	Keypress: h
478.1091 	DATA 	Keypress: n
478.1920 	DATA 	Keypress: lshift
478.2756 	DATA 	Keypress: space
478.3608 	DATA 	Keypress: w
478.5754 	DATA 	Keypress: a
478.6421 	DATA 	Keypress: t
478.7925 	DATA 	Keypress: s
478.8595 	DATA 	Keypress: o
478.9921 	DATA 	Keypress: n
479.1763 	DATA 	Keypress: space
479.3594 	DATA 	Keypress: b
479.5261 	DATA 	Keypress: y
479.6919 	DATA 	Keypress: space
479.9093 	DATA 	Keypress: h
480.0253 	DATA 	Keypress: i
480.1759 	DATA 	Keypress: s
480.2757 	DATA 	Keypress: space
480.3599 	DATA 	Keypress: f
480.5429 	DATA 	Keypress: r
480.6584 	DATA 	Keypress: i
480.7591 	DATA 	Keypress: e
480.8589 	DATA 	Keypress: n
480.9757 	DATA 	Keypress: d
481.0925 	DATA 	Keypress: comma
481.0980 	DATA 	Keypress: period
481.2761 	DATA 	Keypress: space
481.6262 	DATA 	Keypress: backspace
481.8255 	DATA 	Keypress: backspace
481.9922 	DATA 	Keypress: backspace
482.4762 	DATA 	Keypress: period
482.6922 	DATA 	Keypress: space
482.7769 	DATA 	Keypress: lshift
482.9095 	DATA 	Keypress: h
483.2257 	DATA 	Keypress: backspace
483.3594 	DATA 	Keypress: lshift
483.4760 	DATA 	Keypress: j
483.7092 	DATA 	Keypress: h
483.9925 	DATA 	Keypress: n
484.0098 	DATA 	Keypress: space
484.2261 	DATA 	Keypress: space
484.4425 	DATA 	Keypress: lshift
484.6259 	DATA 	Keypress: w
484.8092 	DATA 	Keypress: a
484.8592 	DATA 	Keypress: t
485.0588 	DATA 	Keypress: s
485.1256 	DATA 	Keypress: o
485.2922 	DATA 	Keypress: n
485.5098 	DATA 	Keypress: space
485.5929 	DATA 	Keypress: s
485.7259 	DATA 	Keypress: a
485.8765 	DATA 	Keypress: y
485.9424 	DATA 	Keypress: s
486.0590 	DATA 	Keypress: space
486.2257 	DATA 	Keypress: v
486.3095 	DATA 	Keypress: e
486.4591 	DATA 	Keypress: r
486.4921 	DATA 	Keypress: y
486.6755 	DATA 	Keypress: space
486.8759 	DATA 	Keypress: l
486.9926 	DATA 	Keypress: t
487.1924 	DATA 	Keypress: t
487.4425 	DATA 	Keypress: backspace
487.8094 	DATA 	Keypress: backspace
488.0929 	DATA 	Keypress: backspace
488.4927 	DATA 	Keypress: l
488.6922 	DATA 	Keypress: i
488.7925 	DATA 	Keypress: t
488.9421 	DATA 	Keypress: t
489.1598 	DATA 	Keypress: l
489.2763 	DATA 	Keypress: e
489.3762 	DATA 	Keypress: comma
489.5429 	DATA 	Keypress: space
489.7090 	DATA 	Keypress: b
489.7759 	DATA 	Keypress: u
489.9253 	DATA 	Keypress: t
489.9759 	DATA 	Keypress: space
490.1761 	DATA 	Keypress: lshift
490.3426 	DATA 	Keypress: a
490.3485 	DATA 	Keypress: s
490.4264 	DATA 	Keypress: h
490.6087 	DATA 	Keypress: e
490.8420 	DATA 	Keypress: backspace
491.0088 	DATA 	Keypress: backspace
491.1601 	DATA 	Keypress: backspace
491.3258 	DATA 	Keypress: backspace
491.4100 	DATA 	Keypress: lshift
491.5425 	DATA 	Keypress: s
491.6267 	DATA 	Keypress: h
491.8089 	DATA 	Keypress: e
492.0254 	DATA 	Keypress: r
492.5763 	DATA 	Keypress: l
492.7923 	DATA 	Keypress: o
492.8921 	DATA 	Keypress: c
492.9931 	DATA 	Keypress: k
493.2094 	DATA 	Keypress: space
493.9923 	DATA 	Keypress: k
494.1261 	DATA 	Keypress: n
494.2928 	DATA 	Keypress: o
494.4592 	DATA 	Keypress: w
494.8928 	DATA 	Keypress: s
495.0755 	DATA 	Keypress: space
495.2261 	DATA 	Keypress: m
495.4427 	DATA 	Keypress: u
495.5422 	DATA 	Keypress: c
495.6259 	DATA 	Keypress: h
495.7923 	DATA 	Keypress: space
495.8921 	DATA 	Keypress: a
495.9589 	DATA 	Keypress: b
496.0759 	DATA 	Keypress: o
496.1598 	DATA 	Keypress: u
496.2764 	DATA 	Keypress: t
496.3757 	DATA 	Keypress: space
496.5431 	DATA 	Keypress: h
496.7095 	DATA 	Keypress: i
496.8762 	DATA 	Keypress: m
497.0758 	DATA 	Keypress: period
497.2423 	DATA 	Keypress: space
497.3092 	DATA 	Keypress: lshift
497.4759 	DATA 	Keypress: h
497.6094 	DATA 	Keypress: e
497.6761 	DATA 	Keypress: space
498.1091 	DATA 	Keypress: r
498.2925 	DATA 	Keypress: e
498.6257 	DATA 	Keypress: backspace
498.7758 	DATA 	Keypress: backspace
498.9422 	DATA 	Keypress: backspace
499.5091 	DATA 	Keypress: space
499.7262 	DATA 	Keypress: a
500.0426 	DATA 	Keypress: s
500.1593 	DATA 	Keypress: k
500.3098 	DATA 	Keypress: s
500.3927 	DATA 	Keypress: space
500.5761 	DATA 	Keypress: h
500.7256 	DATA 	Keypress: i
501.1256 	DATA 	Keypress: m
501.3091 	DATA 	Keypress: space
501.5764 	DATA 	Keypress: lshift
501.7260 	DATA 	Keypress: a
501.8755 	DATA 	Keypress: f
502.7422 	DATA 	Keypress: h
503.0927 	DATA 	Keypress: backspace
503.3430 	DATA 	Keypress: g
503.4926 	DATA 	Keypress: h
503.7429 	DATA 	Keypress: a
503.9764 	DATA 	Keypress: n
504.3763 	DATA 	Keypress: i
504.7263 	DATA 	Keypress: s
504.7930 	DATA 	Keypress: t
504.9596 	DATA 	Keypress: a
505.1263 	DATA 	Keypress: n
505.4095 	DATA 	Keypress: space
505.6088 	DATA 	Keypress: f
505.6761 	DATA 	Keypress: o
505.9759 	DATA 	Keypress: backspace
506.0926 	DATA 	Keypress: backspace
506.2592 	DATA 	Keypress: o
506.4096 	DATA 	Keypress: r
506.5423 	DATA 	Keypress: space
506.6759 	DATA 	Keypress: lshift
506.7924 	DATA 	Keypress: i
507.0429 	DATA 	Keypress: r
507.2593 	DATA 	Keypress: a
507.5926 	DATA 	Keypress: q
507.7261 	DATA 	Keypress: space
508.3924 	DATA 	Keypress: w
508.5260 	DATA 	Keypress: i
508.6925 	DATA 	Keypress: t
508.7594 	DATA 	Keypress: h
508.9427 	DATA 	Keypress: space
509.1095 	DATA 	Keypress: n
509.2432 	DATA 	Keypress: o
509.4425 	DATA 	Keypress: space
510.0928 	DATA 	Keypress: p
510.2265 	DATA 	Keypress: r
510.3431 	DATA 	Keypress: i
510.5096 	DATA 	Keypress: o
510.6093 	DATA 	Keypress: r
510.7431 	DATA 	Keypress: space
510.9423 	DATA 	Keypress: i
511.1090 	DATA 	Keypress: n
511.2925 	DATA 	Keypress: p
511.4761 	DATA 	Keypress: u
511.6257 	DATA 	Keypress: t
511.7592 	DATA 	Keypress: period
511.9926 	DATA 	Keypress: space
512.2760 	DATA 	Keypress: lshift
512.7925 	DATA 	Keypress: h
513.0260 	DATA 	Keypress: e
513.1258 	DATA 	Keypress: space
513.2097 	DATA 	Keypress: c
513.3262 	DATA 	Keypress: o
513.4927 	DATA 	Keypress: m
513.5925 	DATA 	Keypress: m
513.8098 	DATA 	Keypress: e
513.8163 	DATA 	Keypress: n
514.0593 	DATA 	Keypress: t
514.2597 	DATA 	Keypress: s
514.3267 	DATA 	Keypress: space
514.4933 	DATA 	Keypress: o
514.6260 	DATA 	Keypress: n
514.7924 	DATA 	Keypress: space
514.8761 	DATA 	Keypress: lshift
515.4098 	DATA 	Keypress: w
515.6090 	DATA 	Keypress: a
515.7099 	DATA 	Keypress: t
515.8594 	DATA 	Keypress: s
516.1099 	DATA 	Keypress: o
516.3263 	DATA 	Keypress: n
516.6764 	DATA 	Keypress: backspace
516.7935 	DATA 	Keypress: backspace
517.5931 	DATA 	Keypress: o
517.7769 	DATA 	Keypress: n
518.2096 	DATA 	Keypress: apostrophe
518.3761 	DATA 	Keypress: s
518.4600 	DATA 	Keypress: space
518.6432 	DATA 	Keypress: lshift
518.7600 	DATA 	Keypress: p
518.9922 	DATA 	Keypress: s
519.0931 	DATA 	Keypress: y
519.2100 	DATA 	Keypress: c
519.3096 	DATA 	Keypress: h
519.4761 	DATA 	Keypress: o
519.7263 	DATA 	Keypress: s
519.8094 	DATA 	Keypress: o
519.9259 	DATA 	Keypress: m
520.0435 	DATA 	Keypress: a
520.2929 	DATA 	Keypress: t
520.3600 	DATA 	Keypress: i
520.5600 	DATA 	Keypress: c
520.6597 	DATA 	Keypress: space
520.9428 	DATA 	Keypress: l
521.0926 	DATA 	Keypress: e
521.1933 	DATA 	Keypress: g
521.4098 	DATA 	Keypress: space
521.5932 	DATA 	Keypress: i
521.7098 	DATA 	Keypress: n
521.9594 	DATA 	Keypress: j
522.1092 	DATA 	Keypress: u
522.2429 	DATA 	Keypress: r
522.3098 	DATA 	Keypress: y
522.5760 	DATA 	Keypress: comma
522.7442 	DATA 	Keypress: space
523.8757 	EXP 	UDP Sent: marker_ID=6, marker_value=82, marker_string=video_narrative_sherlock_end, timestamp=1655320221337090304
523.8898 	EXP 	sherlock_participant_response: autoDraw = False
523.8898 	EXP 	sherlock_participant_response: autoDraw = False
524.2450 	EXP 	window1: mouseVisible = True
