11.0337 	EXP 	Created window1 = Window(allowGUI=False, allowStencil=False, autoLog=True, backendConf=UNKNOWN, bitsMode=UNKNOWN, blendMode='avg', bpc=(8, 8, 8), color=array([-0.7, -0.7, -0.7]), colorSpace='rgb', depthBits=8, fullscr=<method-wrapper '__getattribute__' of attributeSetter object at 0x000001C16A4706D8>, gamma=None, gammaErrorPolicy='raise', lms=UNKNOWN, monitor=<psychopy.monitors.calibTools.Monitor object at 0x000001C16A44FB00>, multiSample=False, name='window1', numSamples=2, pos=[0.0, 0.0], screen=0, size=array([1920, 1080]), stencilBits=0, stereo=False, units='height', useFBO=True, useRetina=False, viewOri=0.0, viewPos=None, viewScale=None, waitBlanking=True, winType='pyglet')
11.0340 	EXP 	window1: mouseVisible = True
11.0341 	EXP 	window1: recordFrameIntervals = False
11.1999 	EXP 	window1: recordFrameIntervals = True
11.3834 	EXP 	window1: recordFrameIntervals = False
11.6435 	EXP 	window1: mouseVisible = False
11.6485 	EXP 	UDP Sent: marker_ID=9, marker_value=21, marker_string=go_no_go_start, timestamp=1655489709053590272
11.7456 	EXP 	Created initial_instructions_text = TextStim(__class__=<class 'psychopy.visual.text.TextStim'>, alignHoriz=method-wrapper(...), alignText='center', alignVert=method-wrapper(...), anchorHoriz='center', anchorVert='center', antialias=True, autoLog=True, bold=False, color=array([1., 1., 1.]), colorSpace='rgb', contrast=1.0, depth=0.0, flipHoriz=False, flipVert=False, font='Open Sans', fontFiles=[], height=0.05, italic=False, languageStyle='LTR', name='initial_instructions_text', opacity=1, ori=0.0, pos=array([0., 0.]), rgb=UNKNOWN, text=str(...), units='height', win=Window(...), wrapWidth=1)
11.7531 	EXP 	Created GNG_instructions_text = TextStim(__class__=<class 'psychopy.visual.text.TextStim'>, alignHoriz=method-wrapper(...), alignText='center', alignVert=method-wrapper(...), anchorHoriz='center', anchorVert='center', antialias=True, autoLog=True, bold=False, color=array([1., 1., 1.]), colorSpace='rgb', contrast=1.0, depth=0.0, flipHoriz=False, flipVert=False, font='Open Sans', fontFiles=[], height=0.05, italic=False, languageStyle='LTR', name='GNG_instructions_text', opacity=1.0, ori=0.0, pos=array([0., 0.]), rgb=UNKNOWN, text=str(...), units='height', win=Window(...), wrapWidth=1)
11.7561 	EXP 	Created inter_stim_plus = ShapeStim(__class__=<class 'psychopy.visual.shape.ShapeStim'>, autoDraw=False, autoLog=True, closeShape=True, color=method-wrapper(...), colorSpace='rgb', contrast=None, depth=0.0, fillColor=array([1, 1, 1]), fillColorSpace='rgb', fillRGB=array([1, 1, 1]), interpolate=True, lineColor=array([1., 1., 1.]), lineColorSpace='rgb', lineRGB=array([1, 1, 1]), lineWidth=1.0, name='inter_stim_plus', opacity=1, ori=0.0, pos=array([0., 0.]), size=array([0.05, 0.05]), units='height', vertices=ndarray(...), win=Window(...), windingRule=None)
11.7582 	EXP 	Created go_plus = ShapeStim(__class__=<class 'psychopy.visual.shape.ShapeStim'>, autoDraw=False, autoLog=True, closeShape=True, color=method-wrapper(...), colorSpace='rgb', contrast=None, depth=-1.0, fillColor=array([1, 1, 1]), fillColorSpace='rgb', fillRGB=array([1, 1, 1]), interpolate=True, lineColor=array([1., 1., 1.]), lineColorSpace='rgb', lineRGB=array([1, 1, 1]), lineWidth=1.0, name='go_plus', opacity=1, ori=0.0, pos=array([0., 0.]), size=array([0.05, 0.05]), units='height', vertices=ndarray(...), win=Window(...), windingRule=None)
11.7662 	EXP 	Created go_image = ImageStim(__class__=<class 'psychopy.visual.image.ImageStim'>, autoLog=True, color=array([1., 1., 1.]), colorSpace='rgb', contrast=1.0, depth=-2.0, flipHoriz=False, flipVert=False, image='sin', interpolate=True, mask=None, maskParams=None, name='go_image', opacity=1, ori=0.0, pos=array([0., 0.]), size=array([0.85, 0.85]), texRes=128.0, units='height', win=Window(...))
11.7687 	EXP 	Created pause_cross = ShapeStim(__class__=<class 'psychopy.visual.shape.ShapeStim'>, autoDraw=False, autoLog=True, closeShape=True, color=method-wrapper(...), colorSpace='rgb', contrast=None, depth=0.0, fillColor=array([1, 1, 1]), fillColorSpace='rgb', fillRGB=array([1, 1, 1]), interpolate=True, lineColor=array([1., 1., 1.]), lineColorSpace='rgb', lineRGB=array([1, 1, 1]), lineWidth=1.0, name='pause_cross', opacity=1, ori=0.0, pos=array([0., 0.]), size=array([0.05, 0.05]), units='height', vertices=ndarray(...), win=Window(...), windingRule=None)
11.8564 	EXP 	initial_instructions_text: autoDraw = True
29.0269 	EXP 	Imported C:\Users\Sim\Desktop\KernelFlow_PsychoPy\participants\participant_02\go_no_go\GNG_TO-16529098615808148.csv as conditions, 4 conditions, 1 params
29.0273 	EXP 	Created sequence: sequential, trialTypes=4, nReps=1, seed=None
29.0275 	EXP 	New trial (rep=0, index=0): OrderedDict([('task_order', 'go_stims-16529098615500104.csv')])
29.0321 	DATA 	Keypress: space
29.0502 	EXP 	initial_instructions_text: autoDraw = False
29.0502 	EXP 	GNG_instructions_text: autoDraw = True
31.5045 	DATA 	Keypress: space
31.5293 	EXP 	Imported C:\Users\Sim\Desktop\KernelFlow_PsychoPy\participants\participant_02\go_no_go\go_no_go_conditions\go_stims-16529098615500104.csv as conditions, 20 conditions, 4 params
31.5296 	EXP 	Created sequence: sequential, trialTypes=20, nReps=1, seed=None
31.5298 	EXP 	New trial (rep=0, index=0): OrderedDict([('inter_stim_interval', 6.0), ('GNG_stim', 'go_stimuli\\puppy_20.jpeg'), ('match', 1), ('corr_key', 'space')])
31.5502 	EXP 	GNG_instructions_text: autoDraw = False
31.5502 	EXP 	inter_stim_plus: autoDraw = True
37.5838 	EXP 	inter_stim_plus: autoDraw = False
37.5838 	EXP 	inter_stim_plus: autoDraw = False
37.5838 	EXP 	go_image: image = 'go_stimuli\\puppy_20.jpeg'
37.5838 	EXP 	go_plus: autoDraw = True
37.5838 	EXP 	go_image: autoDraw = True
38.0380 	EXP 	New trial (rep=0, index=1): OrderedDict([('inter_stim_interval', 6.0), ('GNG_stim', 'go_stimuli\\puppy_15.jpeg'), ('match', 1), ('corr_key', 'space')])
38.0410 	DATA 	Keypress: space
38.0503 	EXP 	go_plus: autoDraw = False
38.0503 	EXP 	go_image: autoDraw = False
38.0503 	EXP 	inter_stim_plus: autoDraw = True
44.0841 	EXP 	inter_stim_plus: autoDraw = False
44.0841 	EXP 	inter_stim_plus: autoDraw = False
44.0841 	EXP 	go_image: image = 'go_stimuli\\puppy_15.jpeg'
44.0841 	EXP 	go_plus: autoDraw = True
44.0841 	EXP 	go_image: autoDraw = True
44.5713 	EXP 	New trial (rep=0, index=2): OrderedDict([('inter_stim_interval', 4.0), ('GNG_stim', 'go_stimuli\\puppy_23.jpeg'), ('match', 1), ('corr_key', 'space')])
44.5735 	DATA 	Keypress: space
44.5837 	EXP 	go_image: autoDraw = False
44.5837 	EXP 	go_plus: autoDraw = False
44.5837 	EXP 	go_image: autoDraw = False
44.5837 	EXP 	inter_stim_plus: autoDraw = True
48.6341 	EXP 	inter_stim_plus: autoDraw = False
48.6341 	EXP 	inter_stim_plus: autoDraw = False
48.6341 	EXP 	go_image: image = 'go_stimuli\\puppy_23.jpeg'
48.6341 	EXP 	go_plus: autoDraw = True
48.6341 	EXP 	go_image: autoDraw = True
49.1212 	DATA 	Keypress: space
49.1338 	EXP 	go_image: autoDraw = False
49.1381 	EXP 	New trial (rep=0, index=3): OrderedDict([('inter_stim_interval', 4.0), ('GNG_stim', 'go_stimuli\\puppy_27.jpg'), ('match', 1), ('corr_key', 'space')])
49.1505 	EXP 	go_plus: autoDraw = False
49.1505 	EXP 	go_image: autoDraw = False
49.1505 	EXP 	inter_stim_plus: autoDraw = True
53.1841 	EXP 	inter_stim_plus: autoDraw = False
53.1841 	EXP 	inter_stim_plus: autoDraw = False
53.1841 	EXP 	go_image: image = 'go_stimuli\\puppy_27.jpg'
53.1841 	EXP 	go_plus: autoDraw = True
53.1841 	EXP 	go_image: autoDraw = True
53.5549 	DATA 	Keypress: space
53.5714 	EXP 	New trial (rep=0, index=4): OrderedDict([('inter_stim_interval', 6.0), ('GNG_stim', 'go_stimuli\\puppy_4.jpg'), ('match', 1), ('corr_key', 'space')])
53.5839 	EXP 	go_plus: autoDraw = False
53.5839 	EXP 	go_image: autoDraw = False
53.5839 	EXP 	inter_stim_plus: autoDraw = True
59.6342 	EXP 	inter_stim_plus: autoDraw = False
59.6342 	EXP 	inter_stim_plus: autoDraw = False
59.6342 	EXP 	go_image: image = 'go_stimuli\\puppy_4.jpg'
59.6342 	EXP 	go_plus: autoDraw = True
59.6342 	EXP 	go_image: autoDraw = True
60.1340 	EXP 	go_image: autoDraw = False
60.2386 	EXP 	New trial (rep=0, index=5): OrderedDict([('inter_stim_interval', 5.5), ('GNG_stim', 'go_stimuli\\puppy_21.jpeg'), ('match', 1), ('corr_key', 'space')])
60.2409 	DATA 	Keypress: space
60.2507 	EXP 	go_plus: autoDraw = False
60.2507 	EXP 	go_image: autoDraw = False
60.2507 	EXP 	inter_stim_plus: autoDraw = True
65.7844 	EXP 	inter_stim_plus: autoDraw = False
65.7844 	EXP 	inter_stim_plus: autoDraw = False
65.7844 	EXP 	go_image: image = 'go_stimuli\\puppy_21.jpeg'
65.7844 	EXP 	go_plus: autoDraw = True
65.7844 	EXP 	go_image: autoDraw = True
66.2048 	EXP 	New trial (rep=0, index=6): OrderedDict([('inter_stim_interval', 6.0), ('GNG_stim', 'go_stimuli\\puppy_6.jpg'), ('match', 1), ('corr_key', 'space')])
66.2070 	DATA 	Keypress: space
66.2174 	EXP 	go_plus: autoDraw = False
66.2174 	EXP 	go_image: autoDraw = False
66.2174 	EXP 	inter_stim_plus: autoDraw = True
72.2511 	EXP 	inter_stim_plus: autoDraw = False
72.2511 	EXP 	inter_stim_plus: autoDraw = False
72.2511 	EXP 	go_image: image = 'go_stimuli\\puppy_6.jpg'
72.2511 	EXP 	go_plus: autoDraw = True
72.2511 	EXP 	go_image: autoDraw = True
72.6385 	EXP 	New trial (rep=0, index=7): OrderedDict([('inter_stim_interval', 4.5), ('GNG_stim', 'go_stimuli\\puppy_22.jpeg'), ('match', 1), ('corr_key', 'space')])
72.6408 	DATA 	Keypress: space
72.6509 	EXP 	go_plus: autoDraw = False
72.6509 	EXP 	go_image: autoDraw = False
72.6509 	EXP 	inter_stim_plus: autoDraw = True
77.1845 	EXP 	inter_stim_plus: autoDraw = False
77.1845 	EXP 	inter_stim_plus: autoDraw = False
77.1845 	EXP 	go_image: image = 'go_stimuli\\puppy_22.jpeg'
77.1845 	EXP 	go_plus: autoDraw = True
77.1845 	EXP 	go_image: autoDraw = True
77.6843 	EXP 	go_image: autoDraw = False
77.7050 	EXP 	New trial (rep=0, index=8): OrderedDict([('inter_stim_interval', 5.5), ('GNG_stim', 'go_stimuli\\puppy_17.jpeg'), ('match', 1), ('corr_key', 'space')])
77.7072 	DATA 	Keypress: space
77.7176 	EXP 	go_plus: autoDraw = False
77.7176 	EXP 	go_image: autoDraw = False
77.7176 	EXP 	inter_stim_plus: autoDraw = True
83.2680 	EXP 	inter_stim_plus: autoDraw = False
83.2680 	EXP 	inter_stim_plus: autoDraw = False
83.2680 	EXP 	go_image: image = 'go_stimuli\\puppy_17.jpeg'
83.2680 	EXP 	go_plus: autoDraw = True
83.2680 	EXP 	go_image: autoDraw = True
83.6890 	EXP 	New trial (rep=0, index=9): OrderedDict([('inter_stim_interval', 6.0), ('GNG_stim', 'go_stimuli\\puppy_2.jpg'), ('match', 1), ('corr_key', 'space')])
83.6912 	DATA 	Keypress: space
83.7010 	EXP 	go_plus: autoDraw = False
83.7010 	EXP 	go_image: autoDraw = False
83.7010 	EXP 	inter_stim_plus: autoDraw = True
89.7516 	EXP 	inter_stim_plus: autoDraw = False
89.7516 	EXP 	inter_stim_plus: autoDraw = False
89.7516 	EXP 	go_image: image = 'go_stimuli\\puppy_2.jpg'
89.7516 	EXP 	go_plus: autoDraw = True
89.7516 	EXP 	go_image: autoDraw = True
90.1053 	EXP 	New trial (rep=0, index=10): OrderedDict([('inter_stim_interval', 6.5), ('GNG_stim', 'go_stimuli\\puppy_30.jpg'), ('match', 1), ('corr_key', 'space')])
90.1075 	DATA 	Keypress: space
90.1178 	EXP 	go_plus: autoDraw = False
90.1178 	EXP 	go_image: autoDraw = False
90.1178 	EXP 	inter_stim_plus: autoDraw = True
96.6514 	EXP 	inter_stim_plus: autoDraw = False
96.6514 	EXP 	inter_stim_plus: autoDraw = False
96.6514 	EXP 	go_image: image = 'go_stimuli\\puppy_30.jpg'
96.6514 	EXP 	go_plus: autoDraw = True
96.6514 	EXP 	go_image: autoDraw = True
97.1512 	EXP 	go_image: autoDraw = False
97.1558 	EXP 	New trial (rep=0, index=11): OrderedDict([('inter_stim_interval', 4.0), ('GNG_stim', 'go_stimuli\\puppy_1.jpg'), ('match', 1), ('corr_key', 'space')])
97.1580 	DATA 	Keypress: space
97.1679 	EXP 	go_plus: autoDraw = False
97.1679 	EXP 	go_image: autoDraw = False
97.1679 	EXP 	inter_stim_plus: autoDraw = True
101.2016 	EXP 	inter_stim_plus: autoDraw = False
101.2016 	EXP 	inter_stim_plus: autoDraw = False
101.2016 	EXP 	go_image: image = 'go_stimuli\\puppy_1.jpg'
101.2016 	EXP 	go_plus: autoDraw = True
101.2016 	EXP 	go_image: autoDraw = True
101.6389 	EXP 	New trial (rep=0, index=12): OrderedDict([('inter_stim_interval', 6.5), ('GNG_stim', 'go_stimuli\\puppy_9.jpg'), ('match', 1), ('corr_key', 'space')])
101.6412 	DATA 	Keypress: space
101.6513 	EXP 	go_plus: autoDraw = False
101.6513 	EXP 	go_image: autoDraw = False
101.6513 	EXP 	inter_stim_plus: autoDraw = True
108.1684 	EXP 	inter_stim_plus: autoDraw = False
108.1684 	EXP 	inter_stim_plus: autoDraw = False
108.1684 	EXP 	go_image: image = 'go_stimuli\\puppy_9.jpg'
108.1684 	EXP 	go_plus: autoDraw = True
108.1684 	EXP 	go_image: autoDraw = True
108.5719 	EXP 	New trial (rep=0, index=13): OrderedDict([('inter_stim_interval', 4.0), ('GNG_stim', 'go_stimuli\\puppy_19.jpeg'), ('match', 1), ('corr_key', 'space')])
108.5741 	DATA 	Keypress: space
108.5847 	EXP 	go_plus: autoDraw = False
108.5847 	EXP 	go_image: autoDraw = False
108.5847 	EXP 	inter_stim_plus: autoDraw = True
112.6351 	EXP 	inter_stim_plus: autoDraw = False
112.6351 	EXP 	inter_stim_plus: autoDraw = False
112.6351 	EXP 	go_image: image = 'go_stimuli\\puppy_19.jpeg'
112.6351 	EXP 	go_plus: autoDraw = True
112.6351 	EXP 	go_image: autoDraw = True
113.0226 	EXP 	New trial (rep=0, index=14): OrderedDict([('inter_stim_interval', 6.0), ('GNG_stim', 'go_stimuli\\puppy_13.jpg'), ('match', 1), ('corr_key', 'space')])
113.0249 	DATA 	Keypress: space
113.0348 	EXP 	go_plus: autoDraw = False
113.0348 	EXP 	go_image: autoDraw = False
113.0348 	EXP 	inter_stim_plus: autoDraw = True
119.0852 	EXP 	inter_stim_plus: autoDraw = False
119.0852 	EXP 	inter_stim_plus: autoDraw = False
119.0852 	EXP 	go_image: image = 'go_stimuli\\puppy_13.jpg'
119.0852 	EXP 	go_plus: autoDraw = True
119.0852 	EXP 	go_image: autoDraw = True
119.3889 	EXP 	New trial (rep=0, index=15): OrderedDict([('inter_stim_interval', 6.5), ('GNG_stim', 'go_stimuli\\puppy_28.jpg'), ('match', 1), ('corr_key', 'space')])
119.3911 	DATA 	Keypress: space
119.4016 	EXP 	go_plus: autoDraw = False
119.4016 	EXP 	go_image: autoDraw = False
119.4016 	EXP 	inter_stim_plus: autoDraw = True
125.9520 	EXP 	inter_stim_plus: autoDraw = False
125.9520 	EXP 	inter_stim_plus: autoDraw = False
125.9520 	EXP 	go_image: image = 'go_stimuli\\puppy_28.jpg'
125.9520 	EXP 	go_plus: autoDraw = True
125.9520 	EXP 	go_image: autoDraw = True
126.3392 	EXP 	New trial (rep=0, index=16): OrderedDict([('inter_stim_interval', 6.5), ('GNG_stim', 'go_stimuli\\puppy_18.jpeg'), ('match', 1), ('corr_key', 'space')])
126.3414 	DATA 	Keypress: space
126.3517 	EXP 	go_plus: autoDraw = False
126.3517 	EXP 	go_image: autoDraw = False
126.3517 	EXP 	inter_stim_plus: autoDraw = True
132.9020 	EXP 	inter_stim_plus: autoDraw = False
132.9020 	EXP 	inter_stim_plus: autoDraw = False
132.9020 	EXP 	go_image: image = 'go_stimuli\\puppy_18.jpeg'
132.9020 	EXP 	go_plus: autoDraw = True
132.9020 	EXP 	go_image: autoDraw = True
133.3226 	EXP 	New trial (rep=0, index=17): OrderedDict([('inter_stim_interval', 5.0), ('GNG_stim', 'go_stimuli\\puppy_8.jpg'), ('match', 1), ('corr_key', 'space')])
133.3249 	DATA 	Keypress: space
133.3351 	EXP 	go_plus: autoDraw = False
133.3351 	EXP 	go_image: autoDraw = False
133.3351 	EXP 	inter_stim_plus: autoDraw = True
138.3688 	EXP 	inter_stim_plus: autoDraw = False
138.3688 	EXP 	inter_stim_plus: autoDraw = False
138.3688 	EXP 	go_image: image = 'go_stimuli\\puppy_8.jpg'
138.3688 	EXP 	go_plus: autoDraw = True
138.3688 	EXP 	go_image: autoDraw = True
138.7723 	EXP 	New trial (rep=0, index=18): OrderedDict([('inter_stim_interval', 6.5), ('GNG_stim', 'go_stimuli\\puppy_25.jpeg'), ('match', 1), ('corr_key', 'space')])
138.7746 	DATA 	Keypress: space
138.7852 	EXP 	go_plus: autoDraw = False
138.7852 	EXP 	go_image: autoDraw = False
138.7852 	EXP 	inter_stim_plus: autoDraw = True
145.3020 	EXP 	inter_stim_plus: autoDraw = False
145.3020 	EXP 	inter_stim_plus: autoDraw = False
145.3020 	EXP 	go_image: image = 'go_stimuli\\puppy_25.jpeg'
145.3020 	EXP 	go_plus: autoDraw = True
145.3020 	EXP 	go_image: autoDraw = True
145.6730 	EXP 	New trial (rep=0, index=19): OrderedDict([('inter_stim_interval', 4.0), ('GNG_stim', 'go_stimuli\\puppy_10.jpg'), ('match', 1), ('corr_key', 'space')])
145.6753 	DATA 	Keypress: space
145.6853 	EXP 	go_plus: autoDraw = False
145.6853 	EXP 	go_image: autoDraw = False
145.6853 	EXP 	inter_stim_plus: autoDraw = True
149.7021 	EXP 	inter_stim_plus: autoDraw = False
149.7021 	EXP 	inter_stim_plus: autoDraw = False
149.7021 	EXP 	go_image: image = 'go_stimuli\\puppy_10.jpg'
149.7021 	EXP 	go_plus: autoDraw = True
149.7021 	EXP 	go_image: autoDraw = True
150.2020 	EXP 	go_image: autoDraw = False
150.5415 	DATA 	Keypress: space
150.5521 	EXP 	go_plus: autoDraw = False
150.5521 	EXP 	go_image: autoDraw = False
150.5521 	EXP 	pause_cross: autoDraw = True
152.5375 	EXP 	New trial (rep=0, index=1): OrderedDict([('task_order', 'GNG_stims-16529098615638611.csv')])
152.5521 	EXP 	pause_cross: autoDraw = False
152.5521 	EXP 	pause_cross: autoDraw = False
152.5521 	EXP 	GNG_instructions_text: autoDraw = True
157.3150 	EXP 	Imported C:\Users\Sim\Desktop\KernelFlow_PsychoPy\participants\participant_02\go_no_go\go_no_go_conditions\GNG_stims-16529098615638611.csv as conditions, 20 conditions, 4 params
157.3153 	EXP 	Created sequence: sequential, trialTypes=20, nReps=1, seed=None
157.3155 	EXP 	New trial (rep=0, index=0): OrderedDict([('inter_stim_inverval', 6.5), ('GNG_stim', 'go_stimuli\\puppy_16.jpeg'), ('match', 1), ('corr_key', 'space')])
157.3184 	DATA 	Keypress: space
157.3355 	EXP 	GNG_instructions_text: autoDraw = False
157.3355 	EXP 	inter_stim_plus: autoDraw = True
161.3689 	EXP 	inter_stim_plus: autoDraw = False
161.3689 	EXP 	inter_stim_plus: autoDraw = False
161.3689 	EXP 	go_image: image = 'go_stimuli\\puppy_16.jpeg'
161.3689 	EXP 	go_plus: autoDraw = True
161.3689 	EXP 	go_image: autoDraw = True
161.7731 	EXP 	New trial (rep=0, index=1): OrderedDict([('inter_stim_inverval', 6.5), ('GNG_stim', 'go_stimuli\\puppy_14.jpeg'), ('match', 1), ('corr_key', 'space')])
161.7761 	DATA 	Keypress: space
161.7856 	EXP 	go_plus: autoDraw = False
161.7856 	EXP 	go_image: autoDraw = False
161.7856 	EXP 	inter_stim_plus: autoDraw = True
165.8192 	EXP 	inter_stim_plus: autoDraw = False
165.8192 	EXP 	inter_stim_plus: autoDraw = False
165.8192 	EXP 	go_image: image = 'go_stimuli\\puppy_14.jpeg'
165.8192 	EXP 	go_plus: autoDraw = True
165.8192 	EXP 	go_image: autoDraw = True
166.2405 	DATA 	Keypress: space
166.2570 	EXP 	New trial (rep=0, index=2): OrderedDict([('inter_stim_inverval', 4.5), ('GNG_stim', 'go_stimuli\\puppy_26.jpeg'), ('match', 1), ('corr_key', 'space')])
166.2690 	EXP 	go_plus: autoDraw = False
166.2690 	EXP 	go_image: autoDraw = False
166.2690 	EXP 	inter_stim_plus: autoDraw = True
170.3024 	EXP 	inter_stim_plus: autoDraw = False
170.3024 	EXP 	inter_stim_plus: autoDraw = False
170.3024 	EXP 	go_image: image = 'go_stimuli\\puppy_26.jpeg'
170.3024 	EXP 	go_plus: autoDraw = True
170.3024 	EXP 	go_image: autoDraw = True
170.6567 	DATA 	Keypress: space
170.6733 	EXP 	New trial (rep=0, index=3): OrderedDict([('inter_stim_inverval', 6.0), ('GNG_stim', 'go_stimuli\\puppy_18.jpeg'), ('match', 1), ('corr_key', 'space')])
170.6857 	EXP 	go_plus: autoDraw = False
170.6857 	EXP 	go_image: autoDraw = False
170.6857 	EXP 	inter_stim_plus: autoDraw = True
174.7360 	EXP 	inter_stim_plus: autoDraw = False
174.7360 	EXP 	inter_stim_plus: autoDraw = False
174.7360 	EXP 	go_image: image = 'go_stimuli\\puppy_18.jpeg'
174.7360 	EXP 	go_plus: autoDraw = True
174.7360 	EXP 	go_image: autoDraw = True
175.1235 	EXP 	New trial (rep=0, index=4): OrderedDict([('inter_stim_inverval', 5.5), ('GNG_stim', 'no_go_stimuli\\spider_18.jpg'), ('match', 0), ('corr_key', 'None')])
175.1257 	DATA 	Keypress: space
175.1358 	EXP 	go_plus: autoDraw = False
175.1358 	EXP 	go_image: autoDraw = False
175.1358 	EXP 	inter_stim_plus: autoDraw = True
179.2028 	EXP 	inter_stim_plus: autoDraw = False
179.2028 	EXP 	inter_stim_plus: autoDraw = False
179.2028 	EXP 	go_image: image = 'no_go_stimuli\\spider_18.jpg'
179.2028 	EXP 	go_plus: autoDraw = True
179.2028 	EXP 	go_image: autoDraw = True
179.7025 	EXP 	go_image: autoDraw = False
182.1364 	EXP 	New trial (rep=0, index=5): OrderedDict([('inter_stim_inverval', 5.0), ('GNG_stim', 'no_go_stimuli\\spider_14.jpeg'), ('match', 0), ('corr_key', 'None')])
182.1526 	EXP 	go_plus: autoDraw = False
182.1526 	EXP 	go_image: autoDraw = False
182.1526 	EXP 	inter_stim_plus: autoDraw = True
186.2031 	EXP 	inter_stim_plus: autoDraw = False
186.2031 	EXP 	inter_stim_plus: autoDraw = False
186.2031 	EXP 	go_image: image = 'no_go_stimuli\\spider_14.jpeg'
186.2031 	EXP 	go_plus: autoDraw = True
186.2031 	EXP 	go_image: autoDraw = True
186.6405 	DATA 	Keypress: space
186.6571 	EXP 	New trial (rep=0, index=6): OrderedDict([('inter_stim_inverval', 4.0), ('GNG_stim', 'no_go_stimuli\\spider_23.jpg'), ('match', 0), ('corr_key', 'None')])
186.6693 	EXP 	go_plus: autoDraw = False
186.6693 	EXP 	go_image: autoDraw = False
186.6693 	EXP 	inter_stim_plus: autoDraw = True
191.1864 	EXP 	inter_stim_plus: autoDraw = False
191.1864 	EXP 	inter_stim_plus: autoDraw = False
191.1864 	EXP 	go_image: image = 'no_go_stimuli\\spider_23.jpg'
191.1864 	EXP 	go_plus: autoDraw = True
191.1864 	EXP 	go_image: autoDraw = True
191.6860 	EXP 	go_image: autoDraw = False
193.6700 	EXP 	New trial (rep=0, index=7): OrderedDict([('inter_stim_inverval', 4.5), ('GNG_stim', 'go_stimuli\\puppy_20.jpeg'), ('match', 1), ('corr_key', 'space')])
193.6860 	EXP 	go_plus: autoDraw = False
193.6860 	EXP 	go_image: autoDraw = False
193.6860 	EXP 	inter_stim_plus: autoDraw = True
197.7364 	EXP 	inter_stim_plus: autoDraw = False
197.7364 	EXP 	inter_stim_plus: autoDraw = False
197.7364 	EXP 	go_image: image = 'go_stimuli\\puppy_20.jpeg'
197.7364 	EXP 	go_plus: autoDraw = True
197.7364 	EXP 	go_image: autoDraw = True
198.2237 	EXP 	New trial (rep=0, index=8): OrderedDict([('inter_stim_inverval', 5.5), ('GNG_stim', 'go_stimuli\\puppy_8.jpg'), ('match', 1), ('corr_key', 'space')])
198.2260 	DATA 	Keypress: space
198.2362 	EXP 	go_image: autoDraw = False
198.2362 	EXP 	go_plus: autoDraw = False
198.2362 	EXP 	go_image: autoDraw = False
198.2362 	EXP 	inter_stim_plus: autoDraw = True
202.2532 	EXP 	inter_stim_plus: autoDraw = False
202.2532 	EXP 	inter_stim_plus: autoDraw = False
202.2532 	EXP 	go_image: image = 'go_stimuli\\puppy_8.jpg'
202.2532 	EXP 	go_plus: autoDraw = True
202.2532 	EXP 	go_image: autoDraw = True
202.7399 	EXP 	New trial (rep=0, index=9): OrderedDict([('inter_stim_inverval', 6.0), ('GNG_stim', 'go_stimuli\\puppy_29.jpg'), ('match', 1), ('corr_key', 'space')])
202.7422 	DATA 	Keypress: space
202.7529 	EXP 	go_image: autoDraw = False
202.7529 	EXP 	go_plus: autoDraw = False
202.7529 	EXP 	go_image: autoDraw = False
202.7529 	EXP 	inter_stim_plus: autoDraw = True
206.8032 	EXP 	inter_stim_plus: autoDraw = False
206.8032 	EXP 	inter_stim_plus: autoDraw = False
206.8032 	EXP 	go_image: image = 'go_stimuli\\puppy_29.jpg'
206.8032 	EXP 	go_plus: autoDraw = True
206.8032 	EXP 	go_image: autoDraw = True
207.3029 	EXP 	go_image: autoDraw = False
207.3075 	EXP 	New trial (rep=0, index=10): OrderedDict([('inter_stim_inverval', 6.0), ('GNG_stim', 'no_go_stimuli\\spider_16.jpeg'), ('match', 0), ('corr_key', 'None')])
207.3097 	DATA 	Keypress: space
207.3196 	EXP 	go_plus: autoDraw = False
207.3196 	EXP 	go_image: autoDraw = False
207.3196 	EXP 	inter_stim_plus: autoDraw = True
211.3701 	EXP 	inter_stim_plus: autoDraw = False
211.3701 	EXP 	inter_stim_plus: autoDraw = False
211.3701 	EXP 	go_image: image = 'no_go_stimuli\\spider_16.jpeg'
211.3701 	EXP 	go_plus: autoDraw = True
211.3701 	EXP 	go_image: autoDraw = True
211.8697 	EXP 	go_image: autoDraw = False
214.3203 	EXP 	New trial (rep=0, index=11): OrderedDict([('inter_stim_inverval', 6.0), ('GNG_stim', 'no_go_stimuli\\spider_28.jpg'), ('match', 0), ('corr_key', 'None')])
214.3364 	EXP 	go_plus: autoDraw = False
214.3364 	EXP 	go_image: autoDraw = False
214.3364 	EXP 	inter_stim_plus: autoDraw = True
218.9367 	EXP 	inter_stim_plus: autoDraw = False
218.9367 	EXP 	inter_stim_plus: autoDraw = False
218.9367 	EXP 	go_image: image = 'no_go_stimuli\\spider_28.jpg'
218.9367 	EXP 	go_plus: autoDraw = True
218.9367 	EXP 	go_image: autoDraw = True
219.4365 	EXP 	go_image: autoDraw = False
221.3370 	EXP 	New trial (rep=0, index=12): OrderedDict([('inter_stim_inverval', 6.5), ('GNG_stim', 'no_go_stimuli\\spider_15.jpeg'), ('match', 0), ('corr_key', 'None')])
221.3532 	EXP 	go_plus: autoDraw = False
221.3532 	EXP 	go_image: autoDraw = False
221.3532 	EXP 	inter_stim_plus: autoDraw = True
225.4202 	EXP 	inter_stim_plus: autoDraw = False
225.4202 	EXP 	inter_stim_plus: autoDraw = False
225.4202 	EXP 	go_image: image = 'no_go_stimuli\\spider_15.jpeg'
225.4202 	EXP 	go_plus: autoDraw = True
225.4202 	EXP 	go_image: autoDraw = True
225.9199 	EXP 	go_image: autoDraw = False
228.3539 	EXP 	New trial (rep=0, index=13): OrderedDict([('inter_stim_inverval', 5.5), ('GNG_stim', 'no_go_stimuli\\spider_11.jpeg'), ('match', 0), ('corr_key', 'None')])
228.3700 	EXP 	go_plus: autoDraw = False
228.3700 	EXP 	go_image: autoDraw = False
228.3700 	EXP 	inter_stim_plus: autoDraw = True
232.4203 	EXP 	inter_stim_plus: autoDraw = False
232.4203 	EXP 	inter_stim_plus: autoDraw = False
232.4203 	EXP 	go_image: image = 'no_go_stimuli\\spider_11.jpeg'
232.4203 	EXP 	go_plus: autoDraw = True
232.4203 	EXP 	go_image: autoDraw = True
232.9200 	EXP 	go_image: autoDraw = False
235.3706 	EXP 	New trial (rep=0, index=14): OrderedDict([('inter_stim_inverval', 6.0), ('GNG_stim', 'no_go_stimuli\\spider_17.jpeg'), ('match', 0), ('corr_key', 'None')])
235.3867 	EXP 	go_plus: autoDraw = False
235.3867 	EXP 	go_image: autoDraw = False
235.3867 	EXP 	inter_stim_plus: autoDraw = True
239.4204 	EXP 	inter_stim_plus: autoDraw = False
239.4204 	EXP 	inter_stim_plus: autoDraw = False
239.4204 	EXP 	go_image: image = 'no_go_stimuli\\spider_17.jpeg'
239.4204 	EXP 	go_plus: autoDraw = True
239.4204 	EXP 	go_image: autoDraw = True
239.9201 	EXP 	go_image: autoDraw = False
242.3874 	EXP 	New trial (rep=0, index=15): OrderedDict([('inter_stim_inverval', 4.5), ('GNG_stim', 'no_go_stimuli\\spider_13.jpeg'), ('match', 0), ('corr_key', 'None')])
242.4035 	EXP 	go_plus: autoDraw = False
242.4035 	EXP 	go_image: autoDraw = False
242.4035 	EXP 	inter_stim_plus: autoDraw = True
246.4538 	EXP 	inter_stim_plus: autoDraw = False
246.4538 	EXP 	inter_stim_plus: autoDraw = False
246.4538 	EXP 	go_image: image = 'no_go_stimuli\\spider_13.jpeg'
246.4538 	EXP 	go_plus: autoDraw = True
246.4538 	EXP 	go_image: autoDraw = True
246.9536 	EXP 	go_image: autoDraw = False
249.4042 	EXP 	New trial (rep=0, index=16): OrderedDict([('inter_stim_inverval', 4.5), ('GNG_stim', 'go_stimuli\\puppy_6.jpg'), ('match', 1), ('corr_key', 'space')])
249.4203 	EXP 	go_plus: autoDraw = False
249.4203 	EXP 	go_image: autoDraw = False
249.4203 	EXP 	inter_stim_plus: autoDraw = True
253.4373 	EXP 	inter_stim_plus: autoDraw = False
253.4373 	EXP 	inter_stim_plus: autoDraw = False
253.4373 	EXP 	go_image: image = 'go_stimuli\\puppy_6.jpg'
253.4373 	EXP 	go_plus: autoDraw = True
253.4373 	EXP 	go_image: autoDraw = True
253.9370 	EXP 	go_image: autoDraw = False
253.9746 	EXP 	New trial (rep=0, index=17): OrderedDict([('inter_stim_inverval', 5.5), ('GNG_stim', 'go_stimuli\\puppy_5.jpg'), ('match', 1), ('corr_key', 'space')])
253.9767 	DATA 	Keypress: space
253.9870 	EXP 	go_plus: autoDraw = False
253.9870 	EXP 	go_image: autoDraw = False
253.9870 	EXP 	inter_stim_plus: autoDraw = True
258.0874 	EXP 	inter_stim_plus: autoDraw = False
258.0874 	EXP 	inter_stim_plus: autoDraw = False
258.0874 	EXP 	go_image: image = 'go_stimuli\\puppy_5.jpg'
258.0874 	EXP 	go_plus: autoDraw = True
258.0874 	EXP 	go_image: autoDraw = True
258.5871 	EXP 	go_image: autoDraw = False
258.7412 	EXP 	New trial (rep=0, index=18): OrderedDict([('inter_stim_inverval', 5.0), ('GNG_stim', 'go_stimuli\\puppy_19.jpeg'), ('match', 1), ('corr_key', 'space')])
258.7434 	DATA 	Keypress: space
258.7537 	EXP 	go_plus: autoDraw = False
258.7537 	EXP 	go_image: autoDraw = False
258.7537 	EXP 	inter_stim_plus: autoDraw = True
262.8041 	EXP 	inter_stim_plus: autoDraw = False
262.8041 	EXP 	inter_stim_plus: autoDraw = False
262.8041 	EXP 	go_image: image = 'go_stimuli\\puppy_19.jpeg'
262.8041 	EXP 	go_plus: autoDraw = True
262.8041 	EXP 	go_image: autoDraw = True
263.1913 	EXP 	New trial (rep=0, index=19): OrderedDict([('inter_stim_inverval', 5.5), ('GNG_stim', 'no_go_stimuli\\spider_8.jpeg'), ('match', 0), ('corr_key', 'None')])
263.1935 	DATA 	Keypress: space
263.2038 	EXP 	go_plus: autoDraw = False
263.2038 	EXP 	go_image: autoDraw = False
263.2038 	EXP 	inter_stim_plus: autoDraw = True
267.4042 	EXP 	inter_stim_plus: autoDraw = False
267.4042 	EXP 	inter_stim_plus: autoDraw = False
267.4042 	EXP 	go_image: image = 'no_go_stimuli\\spider_8.jpeg'
267.4042 	EXP 	go_plus: autoDraw = True
267.4042 	EXP 	go_image: autoDraw = True
267.9039 	EXP 	go_image: autoDraw = False
270.2206 	EXP 	go_plus: autoDraw = False
270.2206 	EXP 	go_image: autoDraw = False
270.2206 	EXP 	pause_cross: autoDraw = True
272.2043 	EXP 	New trial (rep=0, index=2): OrderedDict([('task_order', 'go_stims-16529098615648582.csv')])
272.2206 	EXP 	pause_cross: autoDraw = False
272.2206 	EXP 	GNG_instructions_text: autoDraw = True
275.4250 	DATA 	Keypress: space
275.4499 	EXP 	Imported C:\Users\Sim\Desktop\KernelFlow_PsychoPy\participants\participant_02\go_no_go\go_no_go_conditions\go_stims-16529098615648582.csv as conditions, 20 conditions, 4 params
275.4502 	EXP 	Created sequence: sequential, trialTypes=20, nReps=1, seed=None
275.4505 	EXP 	New trial (rep=0, index=0): OrderedDict([('inter_stim_interval', 4.5), ('GNG_stim', 'go_stimuli\\puppy_28.jpg'), ('match', 1), ('corr_key', 'space')])
275.4707 	EXP 	GNG_instructions_text: autoDraw = False
275.4707 	EXP 	inter_stim_plus: autoDraw = True
280.0211 	EXP 	inter_stim_plus: autoDraw = False
280.0211 	EXP 	inter_stim_plus: autoDraw = False
280.0211 	EXP 	go_image: image = 'go_stimuli\\puppy_28.jpg'
280.0211 	EXP 	go_plus: autoDraw = True
280.0211 	EXP 	go_image: autoDraw = True
280.4916 	EXP 	New trial (rep=0, index=1): OrderedDict([('inter_stim_interval', 5.0), ('GNG_stim', 'go_stimuli\\puppy_29.jpg'), ('match', 1), ('corr_key', 'space')])
280.4946 	DATA 	Keypress: space
280.5041 	EXP 	go_plus: autoDraw = False
280.5041 	EXP 	go_image: autoDraw = False
280.5041 	EXP 	inter_stim_plus: autoDraw = True
285.5542 	EXP 	inter_stim_plus: autoDraw = False
285.5542 	EXP 	inter_stim_plus: autoDraw = False
285.5542 	EXP 	go_image: image = 'go_stimuli\\puppy_29.jpg'
285.5542 	EXP 	go_plus: autoDraw = True
285.5542 	EXP 	go_image: autoDraw = True
285.9248 	EXP 	New trial (rep=0, index=2): OrderedDict([('inter_stim_interval', 4.0), ('GNG_stim', 'go_stimuli\\puppy_20.jpeg'), ('match', 1), ('corr_key', 'space')])
285.9270 	DATA 	Keypress: space
285.9375 	EXP 	go_plus: autoDraw = False
285.9375 	EXP 	go_image: autoDraw = False
285.9375 	EXP 	inter_stim_plus: autoDraw = True
289.9548 	EXP 	inter_stim_plus: autoDraw = False
289.9548 	EXP 	inter_stim_plus: autoDraw = False
289.9548 	EXP 	go_image: image = 'go_stimuli\\puppy_20.jpeg'
289.9548 	EXP 	go_plus: autoDraw = True
289.9548 	EXP 	go_image: autoDraw = True
290.2755 	EXP 	New trial (rep=0, index=3): OrderedDict([('inter_stim_interval', 6.5), ('GNG_stim', 'go_stimuli\\puppy_2.jpg'), ('match', 1), ('corr_key', 'space')])
290.2776 	DATA 	Keypress: space
290.2875 	EXP 	go_plus: autoDraw = False
290.2875 	EXP 	go_image: autoDraw = False
290.2875 	EXP 	inter_stim_plus: autoDraw = True
296.8213 	EXP 	inter_stim_plus: autoDraw = False
296.8213 	EXP 	inter_stim_plus: autoDraw = False
296.8213 	EXP 	go_image: image = 'go_stimuli\\puppy_2.jpg'
296.8213 	EXP 	go_plus: autoDraw = True
296.8213 	EXP 	go_image: autoDraw = True
297.1749 	EXP 	New trial (rep=0, index=4): OrderedDict([('inter_stim_interval', 5.0), ('GNG_stim', 'go_stimuli\\puppy_19.jpeg'), ('match', 1), ('corr_key', 'space')])
297.1773 	DATA 	Keypress: space
297.1877 	EXP 	go_plus: autoDraw = False
297.1877 	EXP 	go_image: autoDraw = False
297.1877 	EXP 	inter_stim_plus: autoDraw = True
302.2380 	EXP 	inter_stim_plus: autoDraw = False
302.2380 	EXP 	inter_stim_plus: autoDraw = False
302.2380 	EXP 	go_image: image = 'go_stimuli\\puppy_19.jpeg'
302.2380 	EXP 	go_plus: autoDraw = True
302.2380 	EXP 	go_image: autoDraw = True
302.5921 	DATA 	Keypress: space
302.6086 	EXP 	New trial (rep=0, index=5): OrderedDict([('inter_stim_interval', 6.5), ('GNG_stim', 'go_stimuli\\puppy_6.jpg'), ('match', 1), ('corr_key', 'space')])
302.6211 	EXP 	go_plus: autoDraw = False
302.6211 	EXP 	go_image: autoDraw = False
302.6211 	EXP 	inter_stim_plus: autoDraw = True
309.1382 	EXP 	inter_stim_plus: autoDraw = False
309.1382 	EXP 	inter_stim_plus: autoDraw = False
309.1382 	EXP 	go_image: image = 'go_stimuli\\puppy_6.jpg'
309.1382 	EXP 	go_plus: autoDraw = True
309.1382 	EXP 	go_image: autoDraw = True
309.6085 	EXP 	New trial (rep=0, index=6): OrderedDict([('inter_stim_interval', 5.5), ('GNG_stim', 'go_stimuli\\puppy_3.jpg'), ('match', 1), ('corr_key', 'space')])
309.6107 	DATA 	Keypress: space
309.6212 	EXP 	go_plus: autoDraw = False
309.6212 	EXP 	go_image: autoDraw = False
309.6212 	EXP 	inter_stim_plus: autoDraw = True
315.1384 	EXP 	inter_stim_plus: autoDraw = False
315.1384 	EXP 	inter_stim_plus: autoDraw = False
315.1384 	EXP 	go_image: image = 'go_stimuli\\puppy_3.jpg'
315.1384 	EXP 	go_plus: autoDraw = True
315.1384 	EXP 	go_image: autoDraw = True
315.6086 	EXP 	New trial (rep=0, index=7): OrderedDict([('inter_stim_interval', 5.5), ('GNG_stim', 'go_stimuli\\puppy_16.jpeg'), ('match', 1), ('corr_key', 'space')])
315.6108 	DATA 	Keypress: space
315.6213 	EXP 	go_plus: autoDraw = False
315.6213 	EXP 	go_image: autoDraw = False
315.6213 	EXP 	inter_stim_plus: autoDraw = True
321.1381 	EXP 	inter_stim_plus: autoDraw = False
321.1381 	EXP 	inter_stim_plus: autoDraw = False
321.1381 	EXP 	go_image: image = 'go_stimuli\\puppy_16.jpeg'
321.1381 	EXP 	go_plus: autoDraw = True
321.1381 	EXP 	go_image: autoDraw = True
321.4760 	EXP 	New trial (rep=0, index=8): OrderedDict([('inter_stim_interval', 4.0), ('GNG_stim', 'go_stimuli\\puppy_30.jpg'), ('match', 1), ('corr_key', 'space')])
321.4781 	DATA 	Keypress: space
321.4881 	EXP 	go_plus: autoDraw = False
321.4881 	EXP 	go_image: autoDraw = False
321.4881 	EXP 	inter_stim_plus: autoDraw = True
325.5217 	EXP 	inter_stim_plus: autoDraw = False
325.5217 	EXP 	inter_stim_plus: autoDraw = False
325.5217 	EXP 	go_image: image = 'go_stimuli\\puppy_30.jpg'
325.5217 	EXP 	go_plus: autoDraw = True
325.5217 	EXP 	go_image: autoDraw = True
326.0090 	EXP 	New trial (rep=0, index=9): OrderedDict([('inter_stim_interval', 6.5), ('GNG_stim', 'go_stimuli\\puppy_15.jpeg'), ('match', 1), ('corr_key', 'space')])
326.0112 	DATA 	Keypress: space
326.0215 	EXP 	go_image: autoDraw = False
326.0215 	EXP 	go_plus: autoDraw = False
326.0215 	EXP 	go_image: autoDraw = False
326.0215 	EXP 	inter_stim_plus: autoDraw = True
332.5552 	EXP 	inter_stim_plus: autoDraw = False
332.5552 	EXP 	inter_stim_plus: autoDraw = False
332.5552 	EXP 	go_image: image = 'go_stimuli\\puppy_15.jpeg'
332.5552 	EXP 	go_plus: autoDraw = True
332.5552 	EXP 	go_image: autoDraw = True
332.9756 	EXP 	New trial (rep=0, index=10): OrderedDict([('inter_stim_interval', 4.5), ('GNG_stim', 'go_stimuli\\puppy_25.jpeg'), ('match', 1), ('corr_key', 'space')])
332.9778 	DATA 	Keypress: space
332.9882 	EXP 	go_plus: autoDraw = False
332.9882 	EXP 	go_image: autoDraw = False
332.9882 	EXP 	inter_stim_plus: autoDraw = True
337.5053 	EXP 	inter_stim_plus: autoDraw = False
337.5053 	EXP 	inter_stim_plus: autoDraw = False
337.5053 	EXP 	go_image: image = 'go_stimuli\\puppy_25.jpeg'
337.5053 	EXP 	go_plus: autoDraw = True
337.5053 	EXP 	go_image: autoDraw = True
337.8758 	EXP 	New trial (rep=0, index=11): OrderedDict([('inter_stim_interval', 5.0), ('GNG_stim', 'go_stimuli\\puppy_18.jpeg'), ('match', 1), ('corr_key', 'space')])
337.8781 	DATA 	Keypress: space
337.8883 	EXP 	go_plus: autoDraw = False
337.8883 	EXP 	go_image: autoDraw = False
337.8883 	EXP 	inter_stim_plus: autoDraw = True
342.9387 	EXP 	inter_stim_plus: autoDraw = False
342.9387 	EXP 	inter_stim_plus: autoDraw = False
342.9387 	EXP 	go_image: image = 'go_stimuli\\puppy_18.jpeg'
342.9387 	EXP 	go_plus: autoDraw = True
342.9387 	EXP 	go_image: autoDraw = True
343.2763 	EXP 	New trial (rep=0, index=12): OrderedDict([('inter_stim_interval', 6.0), ('GNG_stim', 'go_stimuli\\puppy_22.jpeg'), ('match', 1), ('corr_key', 'space')])
343.2785 	DATA 	Keypress: space
343.2884 	EXP 	go_plus: autoDraw = False
343.2884 	EXP 	go_image: autoDraw = False
343.2884 	EXP 	inter_stim_plus: autoDraw = True
349.3221 	EXP 	inter_stim_plus: autoDraw = False
349.3221 	EXP 	inter_stim_plus: autoDraw = False
349.3221 	EXP 	go_image: image = 'go_stimuli\\puppy_22.jpeg'
349.3221 	EXP 	go_plus: autoDraw = True
349.3221 	EXP 	go_image: autoDraw = True
349.7096 	EXP 	New trial (rep=0, index=13): OrderedDict([('inter_stim_interval', 6.0), ('GNG_stim', 'go_stimuli\\puppy_12.jpeg'), ('match', 1), ('corr_key', 'space')])
349.7119 	DATA 	Keypress: space
349.7218 	EXP 	go_plus: autoDraw = False
349.7218 	EXP 	go_image: autoDraw = False
349.7218 	EXP 	inter_stim_plus: autoDraw = True
355.7722 	EXP 	inter_stim_plus: autoDraw = False
355.7722 	EXP 	inter_stim_plus: autoDraw = False
355.7722 	EXP 	go_image: image = 'go_stimuli\\puppy_12.jpeg'
355.7722 	EXP 	go_plus: autoDraw = True
355.7722 	EXP 	go_image: autoDraw = True
356.0760 	EXP 	New trial (rep=0, index=14): OrderedDict([('inter_stim_interval', 4.5), ('GNG_stim', 'go_stimuli\\puppy_26.jpeg'), ('match', 1), ('corr_key', 'space')])
356.0782 	DATA 	Keypress: space
356.0886 	EXP 	go_plus: autoDraw = False
356.0886 	EXP 	go_image: autoDraw = False
356.0886 	EXP 	inter_stim_plus: autoDraw = True
360.6223 	EXP 	inter_stim_plus: autoDraw = False
360.6223 	EXP 	inter_stim_plus: autoDraw = False
360.6223 	EXP 	go_image: image = 'go_stimuli\\puppy_26.jpeg'
360.6223 	EXP 	go_plus: autoDraw = True
360.6223 	EXP 	go_image: autoDraw = True
360.9091 	EXP 	New trial (rep=0, index=15): OrderedDict([('inter_stim_interval', 5.0), ('GNG_stim', 'go_stimuli\\puppy_14.jpeg'), ('match', 1), ('corr_key', 'space')])
360.9114 	DATA 	Keypress: space
360.9220 	EXP 	go_plus: autoDraw = False
360.9220 	EXP 	go_image: autoDraw = False
360.9220 	EXP 	inter_stim_plus: autoDraw = True
365.9557 	EXP 	inter_stim_plus: autoDraw = False
365.9557 	EXP 	inter_stim_plus: autoDraw = False
365.9557 	EXP 	go_image: image = 'go_stimuli\\puppy_14.jpeg'
365.9557 	EXP 	go_plus: autoDraw = True
365.9557 	EXP 	go_image: autoDraw = True
366.3267 	EXP 	New trial (rep=0, index=16): OrderedDict([('inter_stim_interval', 4.0), ('GNG_stim', 'go_stimuli\\puppy_10.jpg'), ('match', 1), ('corr_key', 'space')])
366.3288 	DATA 	Keypress: space
366.3388 	EXP 	go_plus: autoDraw = False
366.3388 	EXP 	go_image: autoDraw = False
366.3388 	EXP 	inter_stim_plus: autoDraw = True
370.3555 	EXP 	inter_stim_plus: autoDraw = False
370.3555 	EXP 	inter_stim_plus: autoDraw = False
370.3555 	EXP 	go_image: image = 'go_stimuli\\puppy_10.jpg'
370.3555 	EXP 	go_plus: autoDraw = True
370.3555 	EXP 	go_image: autoDraw = True
370.7927 	EXP 	New trial (rep=0, index=17): OrderedDict([('inter_stim_interval', 5.5), ('GNG_stim', 'go_stimuli\\puppy_13.jpg'), ('match', 1), ('corr_key', 'space')])
370.7949 	DATA 	Keypress: space
370.8055 	EXP 	go_plus: autoDraw = False
370.8055 	EXP 	go_image: autoDraw = False
370.8055 	EXP 	inter_stim_plus: autoDraw = True
376.3559 	EXP 	inter_stim_plus: autoDraw = False
376.3559 	EXP 	inter_stim_plus: autoDraw = False
376.3559 	EXP 	go_image: image = 'go_stimuli\\puppy_13.jpg'
376.3559 	EXP 	go_plus: autoDraw = True
376.3559 	EXP 	go_image: autoDraw = True
376.6427 	EXP 	New trial (rep=0, index=18): OrderedDict([('inter_stim_interval', 4.0), ('GNG_stim', 'go_stimuli\\puppy_8.jpg'), ('match', 1), ('corr_key', 'space')])
376.6449 	DATA 	Keypress: space
376.6556 	EXP 	go_plus: autoDraw = False
376.6556 	EXP 	go_image: autoDraw = False
376.6556 	EXP 	inter_stim_plus: autoDraw = True
380.6723 	EXP 	inter_stim_plus: autoDraw = False
380.6723 	EXP 	inter_stim_plus: autoDraw = False
380.6723 	EXP 	go_image: image = 'go_stimuli\\puppy_8.jpg'
380.6723 	EXP 	go_plus: autoDraw = True
380.6723 	EXP 	go_image: autoDraw = True
381.0599 	EXP 	New trial (rep=0, index=19): OrderedDict([('inter_stim_interval', 6.5), ('GNG_stim', 'go_stimuli\\puppy_23.jpeg'), ('match', 1), ('corr_key', 'space')])
381.0621 	DATA 	Keypress: space
381.0723 	EXP 	go_plus: autoDraw = False
381.0723 	EXP 	go_image: autoDraw = False
381.0723 	EXP 	inter_stim_plus: autoDraw = True
387.6224 	EXP 	inter_stim_plus: autoDraw = False
387.6224 	EXP 	inter_stim_plus: autoDraw = False
387.6224 	EXP 	go_image: image = 'go_stimuli\\puppy_23.jpeg'
387.6224 	EXP 	go_plus: autoDraw = True
387.6224 	EXP 	go_image: autoDraw = True
387.9454 	DATA 	Keypress: space
387.9558 	EXP 	go_plus: autoDraw = False
387.9558 	EXP 	go_image: autoDraw = False
387.9558 	EXP 	pause_cross: autoDraw = True
389.9408 	EXP 	New trial (rep=0, index=3): OrderedDict([('task_order', 'GNG_stims-16529098615798173.csv')])
389.9558 	EXP 	pause_cross: autoDraw = False
389.9558 	EXP 	pause_cross: autoDraw = False
389.9558 	EXP 	GNG_instructions_text: autoDraw = True
392.0025 	EXP 	Imported C:\Users\Sim\Desktop\KernelFlow_PsychoPy\participants\participant_02\go_no_go\go_no_go_conditions\GNG_stims-16529098615798173.csv as conditions, 20 conditions, 4 params
392.0027 	EXP 	Created sequence: sequential, trialTypes=20, nReps=1, seed=None
392.0030 	EXP 	New trial (rep=0, index=0): OrderedDict([('inter_stim_inverval', 6.5), ('GNG_stim', 'go_stimuli\\puppy_10.jpg'), ('match', 1), ('corr_key', 'space')])
392.0060 	DATA 	Keypress: space
392.0225 	EXP 	GNG_instructions_text: autoDraw = False
392.0225 	EXP 	inter_stim_plus: autoDraw = True
398.5393 	EXP 	inter_stim_plus: autoDraw = False
398.5393 	EXP 	inter_stim_plus: autoDraw = False
398.5393 	EXP 	go_image: image = 'go_stimuli\\puppy_10.jpg'
398.5393 	EXP 	go_plus: autoDraw = True
398.5393 	EXP 	go_image: autoDraw = True
398.9772 	DATA 	Keypress: space
398.9941 	EXP 	New trial (rep=0, index=1): OrderedDict([('inter_stim_inverval', 5.5), ('GNG_stim', 'no_go_stimuli\\spider_3.jpeg'), ('match', 0), ('corr_key', 'None')])
399.0059 	EXP 	go_plus: autoDraw = False
399.0059 	EXP 	go_image: autoDraw = False
399.0059 	EXP 	inter_stim_plus: autoDraw = True
405.6898 	EXP 	inter_stim_plus: autoDraw = False
405.6898 	EXP 	inter_stim_plus: autoDraw = False
405.6898 	EXP 	go_image: image = 'no_go_stimuli\\spider_3.jpeg'
405.6898 	EXP 	go_plus: autoDraw = True
405.6898 	EXP 	go_image: autoDraw = True
406.1894 	EXP 	go_image: autoDraw = False
408.5066 	EXP 	New trial (rep=0, index=2): OrderedDict([('inter_stim_inverval', 6.0), ('GNG_stim', 'no_go_stimuli\\spider_7.jpeg'), ('match', 0), ('corr_key', 'None')])
408.5228 	EXP 	go_plus: autoDraw = False
408.5228 	EXP 	go_image: autoDraw = False
408.5228 	EXP 	inter_stim_plus: autoDraw = True
415.1898 	EXP 	inter_stim_plus: autoDraw = False
415.1898 	EXP 	inter_stim_plus: autoDraw = False
415.1898 	EXP 	go_image: image = 'no_go_stimuli\\spider_7.jpeg'
415.1898 	EXP 	go_plus: autoDraw = True
415.1898 	EXP 	go_image: autoDraw = True
415.6896 	EXP 	go_image: autoDraw = False
418.0234 	EXP 	New trial (rep=0, index=3): OrderedDict([('inter_stim_inverval', 6.5), ('GNG_stim', 'no_go_stimuli\\spider_15.jpeg'), ('match', 0), ('corr_key', 'None')])
418.0396 	EXP 	go_plus: autoDraw = False
418.0396 	EXP 	go_image: autoDraw = False
418.0396 	EXP 	inter_stim_plus: autoDraw = True
424.5900 	EXP 	inter_stim_plus: autoDraw = False
424.5900 	EXP 	inter_stim_plus: autoDraw = False
424.5900 	EXP 	go_image: image = 'no_go_stimuli\\spider_15.jpeg'
424.5900 	EXP 	go_plus: autoDraw = True
424.5900 	EXP 	go_image: autoDraw = True
425.0897 	EXP 	go_image: autoDraw = False
427.5403 	EXP 	New trial (rep=0, index=4): OrderedDict([('inter_stim_inverval', 5.0), ('GNG_stim', 'go_stimuli\\puppy_30.jpg'), ('match', 1), ('corr_key', 'space')])
427.5564 	EXP 	go_plus: autoDraw = False
427.5564 	EXP 	go_image: autoDraw = False
427.5564 	EXP 	inter_stim_plus: autoDraw = True
434.0901 	EXP 	inter_stim_plus: autoDraw = False
434.0901 	EXP 	inter_stim_plus: autoDraw = False
434.0901 	EXP 	go_image: image = 'go_stimuli\\puppy_30.jpg'
434.0901 	EXP 	go_plus: autoDraw = True
434.0901 	EXP 	go_image: autoDraw = True
434.5609 	DATA 	Keypress: space
434.5776 	EXP 	New trial (rep=0, index=5): OrderedDict([('inter_stim_inverval', 5.0), ('GNG_stim', 'go_stimuli\\puppy_16.jpeg'), ('match', 1), ('corr_key', 'space')])
434.5898 	EXP 	go_image: autoDraw = False
434.5898 	EXP 	go_plus: autoDraw = False
434.5898 	EXP 	go_image: autoDraw = False
434.5898 	EXP 	inter_stim_plus: autoDraw = True
441.1235 	EXP 	inter_stim_plus: autoDraw = False
441.1235 	EXP 	inter_stim_plus: autoDraw = False
441.1235 	EXP 	go_image: image = 'go_stimuli\\puppy_16.jpeg'
441.1235 	EXP 	go_plus: autoDraw = True
441.1235 	EXP 	go_image: autoDraw = True
441.5779 	EXP 	New trial (rep=0, index=6): OrderedDict([('inter_stim_inverval', 5.5), ('GNG_stim', 'no_go_stimuli\\spider_18.jpg'), ('match', 0), ('corr_key', 'None')])
441.5801 	DATA 	Keypress: space
441.5899 	EXP 	go_plus: autoDraw = False
441.5899 	EXP 	go_image: autoDraw = False
441.5899 	EXP 	inter_stim_plus: autoDraw = True
448.1403 	EXP 	inter_stim_plus: autoDraw = False
448.1403 	EXP 	inter_stim_plus: autoDraw = False
448.1403 	EXP 	go_image: image = 'no_go_stimuli\\spider_18.jpg'
448.1403 	EXP 	go_plus: autoDraw = True
448.1403 	EXP 	go_image: autoDraw = True
448.6400 	EXP 	go_image: autoDraw = False
451.0906 	EXP 	New trial (rep=0, index=7): OrderedDict([('inter_stim_inverval', 4.0), ('GNG_stim', 'go_stimuli\\puppy_29.jpg'), ('match', 1), ('corr_key', 'space')])
451.1067 	EXP 	go_plus: autoDraw = False
451.1067 	EXP 	go_image: autoDraw = False
451.1067 	EXP 	inter_stim_plus: autoDraw = True
457.6571 	EXP 	inter_stim_plus: autoDraw = False
457.6571 	EXP 	inter_stim_plus: autoDraw = False
457.6571 	EXP 	go_image: image = 'go_stimuli\\puppy_29.jpg'
457.6571 	EXP 	go_plus: autoDraw = True
457.6571 	EXP 	go_image: autoDraw = True
458.1283 	DATA 	Keypress: space
458.1448 	EXP 	New trial (rep=0, index=8): OrderedDict([('inter_stim_inverval', 4.0), ('GNG_stim', 'go_stimuli\\puppy_3.jpg'), ('match', 1), ('corr_key', 'space')])
458.1568 	EXP 	go_image: autoDraw = False
458.1568 	EXP 	go_plus: autoDraw = False
458.1568 	EXP 	go_image: autoDraw = False
458.1568 	EXP 	inter_stim_plus: autoDraw = True
464.6740 	EXP 	inter_stim_plus: autoDraw = False
464.6740 	EXP 	inter_stim_plus: autoDraw = False
464.6740 	EXP 	go_image: image = 'go_stimuli\\puppy_3.jpg'
464.6740 	EXP 	go_plus: autoDraw = True
464.6740 	EXP 	go_image: autoDraw = True
465.1446 	EXP 	New trial (rep=0, index=9): OrderedDict([('inter_stim_inverval', 4.5), ('GNG_stim', 'no_go_stimuli\\spider_27.jpeg'), ('match', 0), ('corr_key', 'None')])
465.1468 	DATA 	Keypress: space
465.1570 	EXP 	go_plus: autoDraw = False
465.1570 	EXP 	go_image: autoDraw = False
465.1570 	EXP 	inter_stim_plus: autoDraw = True
472.1075 	EXP 	inter_stim_plus: autoDraw = False
472.1075 	EXP 	inter_stim_plus: autoDraw = False
472.1075 	EXP 	go_image: image = 'no_go_stimuli\\spider_27.jpeg'
472.1075 	EXP 	go_plus: autoDraw = True
472.1075 	EXP 	go_image: autoDraw = True
472.6071 	EXP 	go_image: autoDraw = False
474.6577 	EXP 	New trial (rep=0, index=10): OrderedDict([('inter_stim_inverval', 6.5), ('GNG_stim', 'no_go_stimuli\\spider_21.jpg'), ('match', 0), ('corr_key', 'None')])
474.6738 	EXP 	go_plus: autoDraw = False
474.6738 	EXP 	go_image: autoDraw = False
474.6738 	EXP 	inter_stim_plus: autoDraw = True
481.2574 	EXP 	inter_stim_plus: autoDraw = False
481.2574 	EXP 	inter_stim_plus: autoDraw = False
481.2574 	EXP 	go_image: image = 'no_go_stimuli\\spider_21.jpg'
481.2574 	EXP 	go_plus: autoDraw = True
481.2574 	EXP 	go_image: autoDraw = True
481.7572 	EXP 	go_image: autoDraw = False
484.1745 	EXP 	New trial (rep=0, index=11): OrderedDict([('inter_stim_inverval', 5.5), ('GNG_stim', 'go_stimuli\\puppy_28.jpg'), ('match', 1), ('corr_key', 'space')])
484.1906 	EXP 	go_plus: autoDraw = False
484.1906 	EXP 	go_image: autoDraw = False
484.1906 	EXP 	inter_stim_plus: autoDraw = True
490.7410 	EXP 	inter_stim_plus: autoDraw = False
490.7410 	EXP 	inter_stim_plus: autoDraw = False
490.7410 	EXP 	go_image: image = 'go_stimuli\\puppy_28.jpg'
490.7410 	EXP 	go_plus: autoDraw = True
490.7410 	EXP 	go_image: autoDraw = True
491.1614 	EXP 	New trial (rep=0, index=12): OrderedDict([('inter_stim_inverval', 6.0), ('GNG_stim', 'no_go_stimuli\\spider_8.jpeg'), ('match', 0), ('corr_key', 'None')])
491.1637 	DATA 	Keypress: space
491.1740 	EXP 	go_plus: autoDraw = False
491.1740 	EXP 	go_image: autoDraw = False
491.1740 	EXP 	inter_stim_plus: autoDraw = True
497.8743 	EXP 	inter_stim_plus: autoDraw = False
497.8743 	EXP 	inter_stim_plus: autoDraw = False
497.8743 	EXP 	go_image: image = 'no_go_stimuli\\spider_8.jpeg'
497.8743 	EXP 	go_plus: autoDraw = True
497.8743 	EXP 	go_image: autoDraw = True
498.3741 	EXP 	go_image: autoDraw = False
500.6748 	EXP 	New trial (rep=0, index=13): OrderedDict([('inter_stim_inverval', 6.0), ('GNG_stim', 'go_stimuli\\puppy_6.jpg'), ('match', 1), ('corr_key', 'space')])
500.6909 	EXP 	go_plus: autoDraw = False
500.6909 	EXP 	go_image: autoDraw = False
500.6909 	EXP 	inter_stim_plus: autoDraw = True
507.2246 	EXP 	inter_stim_plus: autoDraw = False
507.2246 	EXP 	inter_stim_plus: autoDraw = False
507.2246 	EXP 	go_image: image = 'go_stimuli\\puppy_6.jpg'
507.2246 	EXP 	go_plus: autoDraw = True
507.2246 	EXP 	go_image: autoDraw = True
507.6788 	EXP 	New trial (rep=0, index=14): OrderedDict([('inter_stim_inverval', 6.5), ('GNG_stim', 'no_go_stimuli\\spider_14.jpeg'), ('match', 0), ('corr_key', 'None')])
507.6810 	DATA 	Keypress: space
507.6910 	EXP 	go_plus: autoDraw = False
507.6910 	EXP 	go_image: autoDraw = False
507.6910 	EXP 	inter_stim_plus: autoDraw = True
514.2414 	EXP 	inter_stim_plus: autoDraw = False
514.2414 	EXP 	inter_stim_plus: autoDraw = False
514.2414 	EXP 	go_image: image = 'no_go_stimuli\\spider_14.jpeg'
514.2414 	EXP 	go_plus: autoDraw = True
514.2414 	EXP 	go_image: autoDraw = True
514.7411 	EXP 	go_image: autoDraw = False
517.1917 	EXP 	New trial (rep=0, index=15): OrderedDict([('inter_stim_inverval', 5.5), ('GNG_stim', 'no_go_stimuli\\spider_6.jpeg'), ('match', 0), ('corr_key', 'None')])
517.2078 	EXP 	go_plus: autoDraw = False
517.2078 	EXP 	go_image: autoDraw = False
517.2078 	EXP 	inter_stim_plus: autoDraw = True
523.8915 	EXP 	inter_stim_plus: autoDraw = False
523.8915 	EXP 	inter_stim_plus: autoDraw = False
523.8915 	EXP 	go_image: image = 'no_go_stimuli\\spider_6.jpeg'
523.8915 	EXP 	go_plus: autoDraw = True
523.8915 	EXP 	go_image: autoDraw = True
524.3912 	EXP 	go_image: autoDraw = False
526.7085 	EXP 	New trial (rep=0, index=16): OrderedDict([('inter_stim_inverval', 5.0), ('GNG_stim', 'go_stimuli\\puppy_17.jpeg'), ('match', 1), ('corr_key', 'space')])
526.7246 	EXP 	go_plus: autoDraw = False
526.7246 	EXP 	go_image: autoDraw = False
526.7246 	EXP 	inter_stim_plus: autoDraw = True
533.2750 	EXP 	inter_stim_plus: autoDraw = False
533.2750 	EXP 	inter_stim_plus: autoDraw = False
533.2750 	EXP 	go_image: image = 'go_stimuli\\puppy_17.jpeg'
533.2750 	EXP 	go_plus: autoDraw = True
533.2750 	EXP 	go_image: autoDraw = True
533.7623 	DATA 	Keypress: space
533.7747 	EXP 	go_image: autoDraw = False
533.7791 	EXP 	New trial (rep=0, index=17): OrderedDict([('inter_stim_inverval', 5.0), ('GNG_stim', 'no_go_stimuli\\spider_1.jpeg'), ('match', 0), ('corr_key', 'None')])
533.7914 	EXP 	go_plus: autoDraw = False
533.7914 	EXP 	go_image: autoDraw = False
533.7914 	EXP 	inter_stim_plus: autoDraw = True
540.4751 	EXP 	inter_stim_plus: autoDraw = False
540.4751 	EXP 	inter_stim_plus: autoDraw = False
540.4751 	EXP 	go_image: image = 'no_go_stimuli\\spider_1.jpeg'
540.4751 	EXP 	go_plus: autoDraw = True
540.4751 	EXP 	go_image: autoDraw = True
540.9748 	EXP 	go_image: autoDraw = False
543.2920 	EXP 	New trial (rep=0, index=18): OrderedDict([('inter_stim_inverval', 4.0), ('GNG_stim', 'go_stimuli\\puppy_24.jpeg'), ('match', 1), ('corr_key', 'space')])
543.3082 	EXP 	go_plus: autoDraw = False
543.3082 	EXP 	go_image: autoDraw = False
543.3082 	EXP 	inter_stim_plus: autoDraw = True
549.8419 	EXP 	inter_stim_plus: autoDraw = False
549.8419 	EXP 	inter_stim_plus: autoDraw = False
549.8419 	EXP 	go_image: image = 'go_stimuli\\puppy_24.jpeg'
549.8419 	EXP 	go_plus: autoDraw = True
549.8419 	EXP 	go_image: autoDraw = True
550.3290 	EXP 	New trial (rep=0, index=19): OrderedDict([('inter_stim_inverval', 4.0), ('GNG_stim', 'go_stimuli\\puppy_14.jpeg'), ('match', 1), ('corr_key', 'space')])
550.3313 	DATA 	Keypress: space
550.3416 	EXP 	go_image: autoDraw = False
550.3416 	EXP 	go_plus: autoDraw = False
550.3416 	EXP 	go_image: autoDraw = False
550.3416 	EXP 	inter_stim_plus: autoDraw = True
556.8753 	EXP 	inter_stim_plus: autoDraw = False
556.8753 	EXP 	inter_stim_plus: autoDraw = False
556.8753 	EXP 	go_image: image = 'go_stimuli\\puppy_14.jpeg'
556.8753 	EXP 	go_plus: autoDraw = True
556.8753 	EXP 	go_image: autoDraw = True
557.3751 	EXP 	go_image: autoDraw = False
557.3813 	DATA 	Keypress: space
557.3917 	EXP 	go_plus: autoDraw = False
557.3917 	EXP 	go_image: autoDraw = False
557.3917 	EXP 	pause_cross: autoDraw = True
559.7461 	EXP 	window1: mouseVisible = True
