11.0261 	EXP 	Created window1 = Window(allowGUI=False, allowStencil=False, autoLog=True, backendConf=UNKNOWN, bitsMode=UNKNOWN, blendMode='avg', bpc=(8, 8, 8), color=array([-0.7, -0.7, -0.7]), colorSpace='rgb', depthBits=8, fullscr=<method-wrapper '__getattribute__' of attributeSetter object at 0x000001FC17A7F2B0>, gamma=None, gammaErrorPolicy='raise', lms=UNKNOWN, monitor=<psychopy.monitors.calibTools.Monitor object at 0x000001FC17ABF710>, multiSample=False, name='window1', numSamples=2, pos=[0.0, 0.0], screen=0, size=array([1920, 1080]), stencilBits=0, stereo=False, units='height', useFBO=True, useRetina=False, viewOri=0.0, viewPos=None, viewScale=None, waitBlanking=True, winType='pyglet')
11.0265 	EXP 	window1: mouseVisible = True
11.0265 	EXP 	window1: recordFrameIntervals = False
11.1924 	EXP 	window1: recordFrameIntervals = True
11.3759 	EXP 	window1: recordFrameIntervals = False
11.6399 	EXP 	window1: mouseVisible = False
11.6448 	EXP 	UDP Sent: marker_ID=5, marker_value=11, marker_string=audio_narrative_start, timestamp=1655488334122788864
11.7359 	EXP 	Created instructions1_text = TextStim(__class__=<class 'psychopy.visual.text.TextStim'>, alignHoriz=method-wrapper(...), alignText='center', alignVert=method-wrapper(...), anchorHoriz='center', anchorVert='center', antialias=True, autoLog=True, bold=False, color=array([1., 1., 1.]), colorSpace='rgb', contrast=1.0, depth=0.0, flipHoriz=False, flipVert=False, font='Open Sans', fontFiles=[], height=0.05, italic=False, languageStyle='LTR', name='instructions1_text', opacity=1, ori=0.0, pos=array([0., 0.]), rgb=UNKNOWN, text=str(...), units='height', win=Window(...), wrapWidth=1)
12.0974 	EXP 	Sound pieman_clip set volume 1.000
12.1010 	EXP 	Created pieman_cross = ShapeStim(__class__=<class 'psychopy.visual.shape.ShapeStim'>, autoDraw=False, autoLog=True, closeShape=True, color=method-wrapper(...), colorSpace='rgb', contrast=None, depth=-1.0, fillColor=array([1, 1, 1]), fillColorSpace='rgb', fillRGB=array([1, 1, 1]), interpolate=True, lineColor=array([1., 1., 1.]), lineColorSpace='rgb', lineRGB=array([1, 1, 1]), lineWidth=1.0, name='pieman_cross', opacity=1, ori=0.0, pos=array([0., 0.]), size=array([0.05, 0.05]), units='height', vertices=ndarray(...), win=Window(...), windingRule=None)
12.1121 	EXP 	Created pieman_details_text = TextStim(__class__=<class 'psychopy.visual.text.TextStim'>, alignHoriz=method-wrapper(...), alignText='center', alignVert=method-wrapper(...), anchorHoriz='center', anchorVert='center', antialias=True, autoLog=True, bold=False, color=array([1., 1., 1.]), colorSpace='rgb', contrast=1.0, depth=0.0, flipHoriz=False, flipVert=False, font='Open Sans', fontFiles=[], height=0.05, italic=False, languageStyle='LTR', name='pieman_details_text', opacity=1, ori=0.0, pos=array([0., 0.]), rgb=UNKNOWN, text=str(...), units='height', win=Window(...), wrapWidth=1)
12.2040 	EXP 	participant_response: autoLog = True
12.2040 	EXP 	instructions1_text: autoDraw = True
16.7257 	EXP 	Sound pieman_clip started
16.7177 	DATA 	Keypress: space
16.7425 	EXP 	instructions1_text: autoDraw = False
16.7425 	EXP 	pieman_cross: autoDraw = True
439.4328 	EXP 	Sound pieman_clip stopped
439.4491 	EXP 	pieman_cross: autoDraw = False
439.4491 	EXP 	pieman_details_text: autoDraw = True
443.4751 	DATA 	Keypress: space
443.4825 	EXP 	pieman_details_text: autoDraw = False
443.4825 	EXP 	participant_response: autoDraw = True
447.6528 	DATA 	Keypress: capslock
451.0187 	DATA 	Keypress: s
451.2362 	DATA 	Keypress: capslock
451.5193 	DATA 	Keypress: o
452.0689 	DATA 	Keypress: backspace
452.2693 	DATA 	Keypress: backspace
452.4689 	DATA 	Keypress: capslock
452.8031 	DATA 	Keypress: j
452.9520 	DATA 	Keypress: capslock
453.0859 	DATA 	Keypress: i
453.5854 	DATA 	Keypress: n
454.1688 	DATA 	Keypress: backspace
454.4860 	DATA 	Keypress: m
454.9356 	DATA 	Keypress: comma
455.2360 	DATA 	Keypress: space
455.8192 	DATA 	Keypress: i
456.0024 	DATA 	Keypress: s
456.1689 	DATA 	Keypress: space
456.4521 	DATA 	Keypress: a
456.6186 	DATA 	Keypress: space
456.8361 	DATA 	Keypress: s
457.1696 	DATA 	Keypress: t
457.2690 	DATA 	Keypress: u
457.6190 	DATA 	Keypress: d
457.9689 	DATA 	Keypress: e
458.1358 	DATA 	Keypress: n
458.3690 	DATA 	Keypress: t
458.8027 	DATA 	Keypress: space
458.9861 	DATA 	Keypress: a
459.2195 	DATA 	Keypress: t
459.6029 	DATA 	Keypress: space
459.9863 	DATA 	Keypress: capslock
460.2030 	DATA 	Keypress: f
460.4025 	DATA 	Keypress: capslock
460.4862 	DATA 	Keypress: o
460.6695 	DATA 	Keypress: r
460.9019 	DATA 	Keypress: d
461.2196 	DATA 	Keypress: g
461.2237 	DATA 	Keypress: h
461.3362 	DATA 	Keypress: a
461.6863 	DATA 	Keypress: m
462.0692 	DATA 	Keypress: backspace
462.2357 	DATA 	Keypress: backspace
462.3863 	DATA 	Keypress: backspace
462.5190 	DATA 	Keypress: backspace
462.8190 	DATA 	Keypress: h
462.9858 	DATA 	Keypress: a
463.1025 	DATA 	Keypress: m
463.3529 	DATA 	Keypress: space
463.6359 	DATA 	Keypress: capslock
463.7695 	DATA 	Keypress: u
463.9022 	DATA 	Keypress: capslock
463.9861 	DATA 	Keypress: n
464.1198 	DATA 	Keypress: i
464.4032 	DATA 	Keypress: v
464.6521 	DATA 	Keypress: e
464.8359 	DATA 	Keypress: r
465.0363 	DATA 	Keypress: i
465.0526 	DATA 	Keypress: s
465.5360 	DATA 	Keypress: y
465.6196 	DATA 	Keypress: t
465.9189 	DATA 	Keypress: backspace
466.0696 	DATA 	Keypress: backspace
466.2361 	DATA 	Keypress: backspace
467.0031 	DATA 	Keypress: s
467.2866 	DATA 	Keypress: i
467.5359 	DATA 	Keypress: backspace
467.6863 	DATA 	Keypress: backspace
467.8529 	DATA 	Keypress: backspace
467.9526 	DATA 	Keypress: s
468.4364 	DATA 	Keypress: i
468.6696 	DATA 	Keypress: t
468.7870 	DATA 	Keypress: y
469.0527 	DATA 	Keypress: space
469.7697 	DATA 	Keypress: w
469.8695 	DATA 	Keypress: h
470.0194 	DATA 	Keypress: i
470.5029 	DATA 	Keypress: backspace
470.9357 	DATA 	Keypress: o
471.1861 	DATA 	Keypress: space
471.4527 	DATA 	Keypress: r
471.6026 	DATA 	Keypress: u
471.8030 	DATA 	Keypress: n
472.0366 	DATA 	Keypress: s
472.2689 	DATA 	Keypress: space
472.7870 	DATA 	Keypress: backspace
472.9190 	DATA 	Keypress: backspace
473.0698 	DATA 	Keypress: backspace
473.1870 	DATA 	Keypress: backspace
473.3360 	DATA 	Keypress: backspace
473.8196 	DATA 	Keypress: i
473.9522 	DATA 	Keypress: s
474.0700 	DATA 	Keypress: space
474.2027 	DATA 	Keypress: a
474.3692 	DATA 	Keypress: b
474.9358 	DATA 	Keypress: backspace
475.1862 	DATA 	Keypress: n
475.3358 	DATA 	Keypress: space
475.4366 	DATA 	Keypress: a
475.7358 	DATA 	Keypress: u
475.9531 	DATA 	Keypress: t
476.0529 	DATA 	Keypress: h
476.3362 	DATA 	Keypress: o
477.4193 	DATA 	Keypress: r
477.6031 	DATA 	Keypress: space
477.8199 	DATA 	Keypress: o
478.0363 	DATA 	Keypress: f
478.1690 	DATA 	Keypress: space
478.4363 	DATA 	Keypress: a
478.6356 	DATA 	Keypress: space
479.2034 	DATA 	Keypress: n
479.3700 	DATA 	Keypress: e
479.6032 	DATA 	Keypress: w
480.2694 	DATA 	Keypress: p
480.3861 	DATA 	Keypress: a
480.5529 	DATA 	Keypress: p
480.7534 	DATA 	Keypress: e
480.9368 	DATA 	Keypress: r
483.4700 	DATA 	Keypress: comma
483.7191 	DATA 	Keypress: space
484.9698 	DATA 	Keypress: backspace
485.7527 	DATA 	Keypress: backspace
486.0033 	DATA 	Keypress: period
486.2695 	DATA 	Keypress: space
486.4201 	DATA 	Keypress: capslock
486.4860 	DATA 	Keypress: h
486.6533 	DATA 	Keypress: capslock
486.8700 	DATA 	Keypress: e
487.3032 	DATA 	Keypress: space
487.5197 	DATA 	Keypress: s
487.7358 	DATA 	Keypress: e
487.8864 	DATA 	Keypress: e
488.1199 	DATA 	Keypress: s
488.4200 	DATA 	Keypress: space
488.7530 	DATA 	Keypress: t
488.8701 	DATA 	Keypress: h
489.5364 	DATA 	Keypress: backspace
489.6698 	DATA 	Keypress: backspace
490.0361 	DATA 	Keypress: capslock
490.3034 	DATA 	Keypress: d
490.4364 	DATA 	Keypress: capslock
490.6358 	DATA 	Keypress: e
490.8195 	DATA 	Keypress: a
491.1865 	DATA 	Keypress: n
492.2027 	DATA 	Keypress: space
492.4201 	DATA 	Keypress: capslock
492.5528 	DATA 	Keypress: m
492.6365 	DATA 	Keypress: capslock
492.8858 	DATA 	Keypress: a
493.1192 	DATA 	Keypress: c
493.3367 	DATA 	Keypress: a
493.8196 	DATA 	Keypress: backspace
493.9360 	DATA 	Keypress: capslock
494.0868 	DATA 	Keypress: a
494.5027 	DATA 	Keypress: capslock
494.5365 	DATA 	Keypress: tab
494.8199 	DATA 	Keypress: l
495.0033 	DATA 	Keypress: l
495.9367 	DATA 	Keypress: e
496.1362 	DATA 	Keypress: n
496.7025 	DATA 	Keypress: space
496.8034 	DATA 	Keypress: a
496.9698 	DATA 	Keypress: n
497.1037 	DATA 	Keypress: d
497.2035 	DATA 	Keypress: space
497.7029 	DATA 	Keypress: a
497.9193 	DATA 	Keypress: s
498.1030 	DATA 	Keypress: k
498.2695 	DATA 	Keypress: s
498.5199 	DATA 	Keypress: space
498.6863 	DATA 	Keypress: a
498.8535 	DATA 	Keypress: space
499.5696 	DATA 	Keypress: q
499.7869 	DATA 	Keypress: u
499.9534 	DATA 	Keypress: e
500.1361 	DATA 	Keypress: s
500.3694 	DATA 	Keypress: t
500.5200 	DATA 	Keypress: i
500.7532 	DATA 	Keypress: o
500.9869 	DATA 	Keypress: n
506.0039 	DATA 	Keypress: comma
506.2700 	DATA 	Keypress: space
507.4699 	DATA 	Keypress: backspace
507.6361 	DATA 	Keypress: backspace
507.8697 	DATA 	Keypress: period
508.1201 	DATA 	Keypress: space
508.2697 	DATA 	Keypress: capslock
508.4702 	DATA 	Keypress: a
508.6535 	DATA 	Keypress: capslock
508.8368 	DATA 	Keypress: s
509.0532 	DATA 	Keypress: space
510.1534 	DATA 	Keypress: capslock
510.3368 	DATA 	Keypress: d
510.4536 	DATA 	Keypress: capslock
510.6528 	DATA 	Keypress: e
510.8535 	DATA 	Keypress: a
511.1200 	DATA 	Keypress: n
511.7530 	DATA 	Keypress: space
514.9197 	DATA 	Keypress: b
515.1032 	DATA 	Keypress: r
515.7533 	DATA 	Keypress: u
515.9369 	DATA 	Keypress: s
517.0202 	DATA 	Keypress: backspace
517.2036 	DATA 	Keypress: backspace
517.3532 	DATA 	Keypress: backspace
517.6362 	DATA 	Keypress: backspace
517.8199 	DATA 	Keypress: w
517.9870 	DATA 	Keypress: a
518.1203 	DATA 	Keypress: s
518.3710 	DATA 	Keypress: space
518.8033 	DATA 	Keypress: g
519.0198 	DATA 	Keypress: o
519.2202 	DATA 	Keypress: i
519.4367 	DATA 	Keypress: n
519.5873 	DATA 	Keypress: g
519.6870 	DATA 	Keypress: space
519.8703 	DATA 	Keypress: t
520.0202 	DATA 	Keypress: o
520.3532 	DATA 	Keypress: space
520.8697 	DATA 	Keypress: b
521.0205 	DATA 	Keypress: r
521.2200 	DATA 	Keypress: u
521.3367 	DATA 	Keypress: s
521.4703 	DATA 	Keypress: h
521.6696 	DATA 	Keypress: space
521.9868 	DATA 	Keypress: h
522.1366 	DATA 	Keypress: i
522.3871 	DATA 	Keypress: m
522.6032 	DATA 	Keypress: space
522.7866 	DATA 	Keypress: a
523.0870 	DATA 	Keypress: w
523.3034 	DATA 	Keypress: a
523.5541 	DATA 	Keypress: y
524.4206 	DATA 	Keypress: comma
524.7200 	DATA 	Keypress: space
526.0542 	DATA 	Keypress: h
526.2207 	DATA 	Keypress: e
526.4033 	DATA 	Keypress: space
527.0535 	DATA 	Keypress: g
527.2371 	DATA 	Keypress: e
527.8373 	DATA 	Keypress: t
527.9870 	DATA 	Keypress: s
530.8035 	DATA 	Keypress: space
531.9874 	DATA 	Keypress: a
532.2706 	DATA 	Keypress: t
532.5370 	DATA 	Keypress: t
532.8539 	DATA 	Keypress: a
533.1206 	DATA 	Keypress: c
534.0042 	DATA 	Keypress: k
534.1876 	DATA 	Keypress: e
534.3871 	DATA 	Keypress: d
534.5366 	DATA 	Keypress: space
535.2707 	DATA 	Keypress: b
535.4371 	DATA 	Keypress: y
535.6873 	DATA 	Keypress: space
536.6867 	DATA 	Keypress: o
536.9031 	DATA 	Keypress: n
537.0868 	DATA 	Keypress: e
537.1707 	DATA 	Keypress: space
537.3870 	DATA 	Keypress: o
537.5375 	DATA 	Keypress: f
537.6531 	DATA 	Keypress: space
537.8037 	DATA 	Keypress: t
537.9036 	DATA 	Keypress: h
538.0373 	DATA 	Keypress: e
538.1709 	DATA 	Keypress: space
538.5209 	DATA 	Keypress: s
538.7872 	DATA 	Keypress: t
538.9866 	DATA 	Keypress: u
539.2540 	DATA 	Keypress: d
539.4206 	DATA 	Keypress: e
539.5550 	DATA 	Keypress: n
539.7205 	DATA 	Keypress: t
539.9543 	DATA 	Keypress: s
540.0708 	DATA 	Keypress: space
541.3036 	DATA 	Keypress: w
541.4043 	DATA 	Keypress: i
541.5711 	DATA 	Keypress: t
541.6872 	DATA 	Keypress: h
541.9375 	DATA 	Keypress: space
542.0209 	DATA 	Keypress: a
542.1701 	DATA 	Keypress: space
542.8042 	DATA 	Keypress: c
543.0038 	DATA 	Keypress: r
543.1711 	DATA 	Keypress: e
543.3372 	DATA 	Keypress: a
543.5377 	DATA 	Keypress: m
543.8705 	DATA 	Keypress: o
544.3204 	DATA 	Keypress: backspace
544.5709 	DATA 	Keypress: p
544.7871 	DATA 	Keypress: i
544.9705 	DATA 	Keypress: e
545.5872 	DATA 	Keypress: period
545.9200 	DATA 	Keypress: space
546.6700 	DATA 	Keypress: capslock
547.0043 	DATA 	Keypress: d
547.1539 	DATA 	Keypress: capslock
547.3373 	DATA 	Keypress: e
547.5377 	DATA 	Keypress: a
547.9036 	DATA 	Keypress: n
548.4203 	DATA 	Keypress: apostrophe
548.5710 	DATA 	Keypress: s
548.7543 	DATA 	Keypress: space
548.8871 	DATA 	Keypress: f
549.0369 	DATA 	Keypress: a
549.2045 	DATA 	Keypress: c
549.3871 	DATA 	Keypress: e
549.5876 	DATA 	Keypress: s
549.7041 	DATA 	Keypress: space
550.1710 	DATA 	Keypress: backspace
550.3375 	DATA 	Keypress: backspace
550.5711 	DATA 	Keypress: space
550.7373 	DATA 	Keypress: i
550.9040 	DATA 	Keypress: s
551.0209 	DATA 	Keypress: space
551.1705 	DATA 	Keypress: a
551.3540 	DATA 	Keypress: l
551.5205 	DATA 	Keypress: l
551.7707 	DATA 	Keypress: space
552.0043 	DATA 	Keypress: c
552.2207 	DATA 	Keypress: r
552.3548 	DATA 	Keypress: e
552.5040 	DATA 	Keypress: a
552.6204 	DATA 	Keypress: m
552.8707 	DATA 	Keypress: space
553.3037 	DATA 	Keypress: backspace
553.5541 	DATA 	Keypress: p
553.7703 	DATA 	Keypress: i
553.9711 	DATA 	Keypress: e
554.3205 	DATA 	Keypress: period
554.7871 	DATA 	Keypress: space
554.9207 	DATA 	Keypress: capslock
555.5203 	DATA 	Keypress: j
555.6381 	DATA 	Keypress: capslock
555.7206 	DATA 	Keypress: i
555.9210 	DATA 	Keypress: m
556.1046 	DATA 	Keypress: space
556.7374 	DATA 	Keypress: a
557.0709 	DATA 	Keypress: s
557.3041 	DATA 	Keypress: k
557.4707 	DATA 	Keypress: s
557.8036 	DATA 	Keypress: space
558.4044 	DATA 	Keypress: t
558.5211 	DATA 	Keypress: h
558.6875 	DATA 	Keypress: e
558.8373 	DATA 	Keypress: space
559.5551 	DATA 	Keypress: q
560.0045 	DATA 	Keypress: u
560.1213 	DATA 	Keypress: e
560.3206 	DATA 	Keypress: s
560.5041 	DATA 	Keypress: t
560.5710 	DATA 	Keypress: i
560.7045 	DATA 	Keypress: o
560.9211 	DATA 	Keypress: n
561.1050 	DATA 	Keypress: space
561.5710 	DATA 	Keypress: a
561.9873 	DATA 	Keypress: g
562.2037 	DATA 	Keypress: a
562.3204 	DATA 	Keypress: i
562.5709 	DATA 	Keypress: n
562.7371 	DATA 	Keypress: space
563.0206 	DATA 	Keypress: a
563.1874 	DATA 	Keypress: n
563.3037 	DATA 	Keypress: d
563.4544 	DATA 	Keypress: space
564.4548 	DATA 	Keypress: capslock
564.7209 	DATA 	Keypress: d
564.8546 	DATA 	Keypress: capslock
565.0542 	DATA 	Keypress: e
565.2378 	DATA 	Keypress: a
565.4212 	DATA 	Keypress: n
565.5879 	DATA 	Keypress: space
565.7203 	DATA 	Keypress: s
565.8878 	DATA 	Keypress: a
566.0044 	DATA 	Keypress: y
566.1710 	DATA 	Keypress: s
566.3376 	DATA 	Keypress: space
567.1376 	DATA 	Keypress: f
567.2540 	DATA 	Keypress: u
567.3538 	DATA 	Keypress: c
567.4874 	DATA 	Keypress: k
567.6708 	DATA 	Keypress: space
567.8713 	DATA 	Keypress: y
568.0539 	DATA 	Keypress: o
568.2374 	DATA 	Keypress: u
568.8537 	DATA 	Keypress: period
569.1214 	DATA 	Keypress: space
569.5714 	DATA 	Keypress: capslock
569.7372 	DATA 	Keypress: h
569.8043 	DATA 	Keypress: capslock
570.0046 	DATA 	Keypress: e
570.1044 	DATA 	Keypress: space
570.3548 	DATA 	Keypress: g
570.4874 	DATA 	Keypress: o
570.7047 	DATA 	Keypress: e
570.8872 	DATA 	Keypress: s
571.0210 	DATA 	Keypress: space
571.1549 	DATA 	Keypress: t
571.3042 	DATA 	Keypress: o
571.5206 	DATA 	Keypress: space
571.6541 	DATA 	Keypress: t
571.7877 	DATA 	Keypress: h
571.9214 	DATA 	Keypress: e
572.0213 	DATA 	Keypress: space
572.5209 	DATA 	Keypress: n
572.6874 	DATA 	Keypress: e
572.9038 	DATA 	Keypress: w
573.2878 	DATA 	Keypress: a
573.9708 	DATA 	Keypress: backspace
574.1207 	DATA 	Keypress: s
574.2882 	DATA 	Keypress: p
574.5715 	DATA 	Keypress: a
574.8705 	DATA 	Keypress: r
575.0542 	DATA 	Keypress: p
575.3216 	DATA 	Keypress: backspace
575.4880 	DATA 	Keypress: backspace
575.6544 	DATA 	Keypress: a
575.7712 	DATA 	Keypress: p
575.9547 	DATA 	Keypress: e
576.2212 	DATA 	Keypress: backspace
576.3550 	DATA 	Keypress: backspace
576.5044 	DATA 	Keypress: backspace
576.9710 	DATA 	Keypress: p
577.1547 	DATA 	Keypress: e
577.3043 	DATA 	Keypress: r
577.5206 	DATA 	Keypress: a
577.6372 	DATA 	Keypress: space
577.9873 	DATA 	Keypress: backspace
578.1380 	DATA 	Keypress: backspace
578.4049 	DATA 	Keypress: space
578.5045 	DATA 	Keypress: a
578.6381 	DATA 	Keypress: n
578.7210 	DATA 	Keypress: d
578.8377 	DATA 	Keypress: space
579.3544 	DATA 	Keypress: m
579.4880 	DATA 	Keypress: a
579.6212 	DATA 	Keypress: k
579.7380 	DATA 	Keypress: e
579.8875 	DATA 	Keypress: space
580.5548 	DATA 	Keypress: backspace
580.7212 	DATA 	Keypress: s
580.9049 	DATA 	Keypress: space
581.2211 	DATA 	Keypress: n
581.3377 	DATA 	Keypress: e
581.7545 	DATA 	Keypress: w
581.9708 	DATA 	Keypress: s
582.1376 	DATA 	Keypress: space
582.2712 	DATA 	Keypress: a
582.4549 	DATA 	Keypress: n
582.8376 	DATA 	Keypress: backspace
583.1379 	DATA 	Keypress: b
583.3374 	DATA 	Keypress: o
583.5378 	DATA 	Keypress: u
583.6544 	DATA 	Keypress: t
583.8209 	DATA 	Keypress: space
584.5711 	DATA 	Keypress: capslock
584.7545 	DATA 	Keypress: p
584.9041 	DATA 	Keypress: capslock
585.0210 	DATA 	Keypress: i
585.2384 	DATA 	Keypress: e
585.3880 	DATA 	Keypress: m
585.5375 	DATA 	Keypress: a
585.6880 	DATA 	Keypress: n
586.4211 	DATA 	Keypress: space
586.8379 	DATA 	Keypress: backspace
587.1043 	DATA 	Keypress: comma
587.3048 	DATA 	Keypress: space
587.6548 	DATA 	Keypress: a
587.8382 	DATA 	Keypress: p
587.9710 	DATA 	Keypress: p
588.1375 	DATA 	Keypress: e
588.3554 	DATA 	Keypress: a
588.5547 	DATA 	Keypress: r
588.7040 	DATA 	Keypress: i
588.9215 	DATA 	Keypress: n
589.0212 	DATA 	Keypress: g
589.2049 	DATA 	Keypress: space
589.7712 	DATA 	Keypress: i
589.9876 	DATA 	Keypress: n
590.1713 	DATA 	Keypress: space
590.4047 	DATA 	Keypress: s
590.5543 	DATA 	Keypress: h
590.8542 	DATA 	Keypress: backspace
590.9879 	DATA 	Keypress: c
591.3710 	DATA 	Keypress: h
591.5550 	DATA 	Keypress: o
591.7380 	DATA 	Keypress: o
591.9374 	DATA 	Keypress: l
592.0882 	DATA 	Keypress: s
592.2219 	DATA 	Keypress: space
592.6873 	DATA 	Keypress: backspace
592.8380 	DATA 	Keypress: backspace
593.0545 	DATA 	Keypress: backspace
593.1882 	DATA 	Keypress: backspace
593.3219 	DATA 	Keypress: backspace
593.4716 	DATA 	Keypress: backspace
593.5882 	DATA 	Keypress: backspace
593.7376 	DATA 	Keypress: backspace
594.8876 	DATA 	Keypress: v
595.2048 	DATA 	Keypress: a
595.2381 	DATA 	Keypress: a
596.3878 	DATA 	Keypress: i
596.8713 	DATA 	Keypress: backspace
597.0210 	DATA 	Keypress: backspace
597.1547 	DATA 	Keypress: t
597.1580 	DATA 	Keypress: r
597.2386 	DATA 	Keypress: i
597.4381 	DATA 	Keypress: o
597.7051 	DATA 	Keypress: backspace
597.8377 	DATA 	Keypress: backspace
597.9551 	DATA 	Keypress: backspace
598.3217 	DATA 	Keypress: r
598.4044 	DATA 	Keypress: backspace
598.6545 	DATA 	Keypress: backspace
598.8041 	DATA 	Keypress: r
599.0717 	DATA 	Keypress: o
599.5884 	DATA 	Keypress: backspace
599.8050 	DATA 	Keypress: i
599.9046 	DATA 	Keypress: o
600.0383 	DATA 	Keypress: u
600.1720 	DATA 	Keypress: s
600.2879 	DATA 	Keypress: space
600.7044 	DATA 	Keypress: s
600.8709 	DATA 	Keypress: c
601.1045 	DATA 	Keypress: h
601.2545 	DATA 	Keypress: h
601.4719 	DATA 	Keypress: o
601.7549 	DATA 	Keypress: l
602.1721 	DATA 	Keypress: backspace
602.3217 	DATA 	Keypress: backspace
602.4384 	DATA 	Keypress: backspace
603.1046 	DATA 	Keypress: o
603.5882 	DATA 	Keypress: o
603.7547 	DATA 	Keypress: l
604.1049 	DATA 	Keypress: space
604.6542 	DATA 	Keypress: l
604.8378 	DATA 	Keypress: o
605.0215 	DATA 	Keypress: c
605.1712 	DATA 	Keypress: a
605.4713 	DATA 	Keypress: t
605.5557 	DATA 	Keypress: i
605.6877 	DATA 	Keypress: o
605.8712 	DATA 	Keypress: n
606.0379 	DATA 	Keypress: s
606.2553 	DATA 	Keypress: space
606.3552 	DATA 	Keypress: a
606.4718 	DATA 	Keypress: n
606.5714 	DATA 	Keypress: d
606.6710 	DATA 	Keypress: space
607.4880 	DATA 	Keypress: s
607.6214 	DATA 	Keypress: a
607.7551 	DATA 	Keypress: y
607.9216 	DATA 	Keypress: i
608.0714 	DATA 	Keypress: n
608.2719 	DATA 	Keypress: g
608.4046 	DATA 	Keypress: space
608.9550 	DATA 	Keypress: l
609.1219 	DATA 	Keypress: a
609.3551 	DATA 	Keypress: t
609.4217 	DATA 	Keypress: i
609.6721 	DATA 	Keypress: n
609.8715 	DATA 	Keypress: space
610.4721 	DATA 	Keypress: w
610.6046 	DATA 	Keypress: o
610.7713 	DATA 	Keypress: r
611.0046 	DATA 	Keypress: d
611.1383 	DATA 	Keypress: space
611.2719 	DATA 	Keypress: f
611.3718 	DATA 	Keypress: o
611.5054 	DATA 	Keypress: r
611.6218 	DATA 	Keypress: space
611.9380 	DATA 	Keypress: capslock
612.0383 	DATA 	Keypress: i
612.1381 	DATA 	Keypress: capslock
612.2716 	DATA 	Keypress: space
612.3556 	DATA 	Keypress: a
612.4553 	DATA 	Keypress: m
612.6385 	DATA 	Keypress: space
612.9886 	DATA 	Keypress: n
613.1382 	DATA 	Keypress: o
613.2550 	DATA 	Keypress: t
613.3717 	DATA 	Keypress: space
613.5382 	DATA 	Keypress: a
613.6717 	DATA 	Keypress: n
613.8714 	DATA 	Keypress: space
614.0720 	DATA 	Keypress: a
614.2216 	DATA 	Keypress: n
614.3385 	DATA 	Keypress: i
614.5716 	DATA 	Keypress: m
614.7719 	DATA 	Keypress: a
614.9217 	DATA 	Keypress: l
615.5380 	DATA 	Keypress: period
615.7712 	DATA 	Keypress: space
617.0381 	DATA 	Keypress: capslock
620.2883 	DATA 	Keypress: capslock
620.3882 	DATA 	Keypress: t
620.5218 	DATA 	Keypress: capslock
620.8883 	DATA 	Keypress: backspace
621.1716 	DATA 	Keypress: t
621.2714 	DATA 	Keypress: capslock
621.4380 	DATA 	Keypress: h
621.5887 	DATA 	Keypress: e
621.8048 	DATA 	Keypress: space
622.6385 	DATA 	Keypress: n
622.8223 	DATA 	Keypress: e
623.0548 	DATA 	Keypress: w
623.4705 	EXP 	UDP Sent: marker_ID=6, marker_value=12, marker_string=audio_narrative_end, timestamp=1655488953812162048
623.4854 	EXP 	participant_response: autoDraw = False
623.4854 	EXP 	participant_response: autoDraw = False
623.6869 	EXP 	window1: mouseVisible = True
