14.7073 	EXP 	Created window1 = Window(allowGUI=False, allowStencil=False, autoLog=True, backendConf=UNKNOWN, bitsMode=UNKNOWN, blendMode='avg', bpc=(8, 8, 8), color=array([-0.7, -0.7, -0.7]), colorSpace='rgb', depthBits=8, fullscr=<method-wrapper '__getattribute__' of attributeSetter object at 0x0000011CADEAF550>, gamma=None, gammaErrorPolicy='raise', lms=UNKNOWN, monitor=<psychopy.monitors.calibTools.Monitor object at 0x0000011CADEC49B0>, multiSample=False, name='window1', numSamples=2, pos=[0.0, 0.0], screen=0, size=array([1920, 1080]), stencilBits=0, stereo=False, units='height', useFBO=True, useRetina=False, viewOri=0.0, viewPos=None, viewScale=None, waitBlanking=True, winType='pyglet')
14.7081 	EXP 	window1: mouseVisible = True
14.7081 	EXP 	window1: recordFrameIntervals = False
14.8732 	EXP 	window1: recordFrameIntervals = True
15.0566 	EXP 	window1: recordFrameIntervals = False
15.3183 	EXP 	window1: mouseVisible = False
15.3250 	EXP 	UDP Sent: marker_ID=17, marker_value=11, marker_string=audio_narrative_start, timestamp=1657139452292852992
15.4099 	EXP 	Created instructions1_text = TextStim(__class__=<class 'psychopy.visual.text.TextStim'>, alignHoriz=method-wrapper(...), alignText='center', alignVert=method-wrapper(...), anchorHoriz='center', anchorVert='center', antialias=True, autoLog=True, bold=False, color=array([1., 1., 1.]), colorSpace='rgb', contrast=1.0, depth=0.0, flipHoriz=False, flipVert=False, font='Open Sans', fontFiles=[], height=0.05, italic=False, languageStyle='LTR', name='instructions1_text', opacity=1, ori=0.0, pos=array([0., 0.]), rgb=UNKNOWN, text=str(...), units='height', win=Window(...), wrapWidth=1)
15.7788 	EXP 	Sound pieman_clip set volume 1.000
15.7823 	EXP 	Created pieman_cross = ShapeStim(__class__=<class 'psychopy.visual.shape.ShapeStim'>, autoDraw=False, autoLog=True, closeShape=True, color=method-wrapper(...), colorSpace='rgb', contrast=None, depth=-1.0, fillColor=array([1, 1, 1]), fillColorSpace='rgb', fillRGB=array([1, 1, 1]), interpolate=True, lineColor=array([1., 1., 1.]), lineColorSpace='rgb', lineRGB=array([1, 1, 1]), lineWidth=1.0, name='pieman_cross', opacity=1, ori=0.0, pos=array([0., 0.]), size=array([0.05, 0.05]), units='height', vertices=ndarray(...), win=Window(...), windingRule=None)
15.7958 	EXP 	Created pieman_details_text = TextStim(__class__=<class 'psychopy.visual.text.TextStim'>, alignHoriz=method-wrapper(...), alignText='center', alignVert=method-wrapper(...), anchorHoriz='center', anchorVert='center', antialias=True, autoLog=True, bold=False, color=array([1., 1., 1.]), colorSpace='rgb', contrast=1.0, depth=0.0, flipHoriz=False, flipVert=False, font='Open Sans', fontFiles=[], height=0.05, italic=False, languageStyle='LTR', name='pieman_details_text', opacity=1, ori=0.0, pos=array([0., 0.]), rgb=UNKNOWN, text=str(...), units='height', win=Window(...), wrapWidth=1)
15.8225 	EXP 	Created done_text = TextStim(__class__=<class 'psychopy.visual.text.TextStim'>, alignHoriz=method-wrapper(...), alignText='center', alignVert=method-wrapper(...), anchorHoriz='center', anchorVert='center', antialias=True, autoLog=True, bold=False, color=array([1., 1., 1.]), colorSpace='rgb', contrast=1.0, depth=0.0, flipHoriz=False, flipVert=False, font='Open Sans', fontFiles=[], height=0.1, italic=False, languageStyle='LTR', name='done_text', opacity=1, ori=0.0, pos=array([0., 0.]), rgb=UNKNOWN, text='The Audio Narrative task is now complete.\n', units='height', win=Window(...), wrapWidth=1)
15.9019 	EXP 	participant_response: autoLog = True
15.9019 	EXP 	instructions1_text: autoDraw = True
23.2068 	EXP 	Sound pieman_clip started
23.2051 	DATA 	Keypress: space
23.2233 	EXP 	instructions1_text: autoDraw = False
23.2233 	EXP 	pieman_cross: autoDraw = True
445.8935 	EXP 	Sound pieman_clip stopped
445.9132 	EXP 	pieman_cross: autoDraw = False
445.9132 	EXP 	pieman_details_text: autoDraw = True
455.5712 	DATA 	Keypress: space
455.5801 	EXP 	pieman_details_text: autoDraw = False
455.5801 	EXP 	participant_response: autoDraw = True
456.9668 	DATA 	Keypress: lshift
457.6828 	DATA 	Keypress: a
457.8165 	DATA 	Keypress: space
458.0160 	DATA 	Keypress: r
458.0998 	DATA 	Keypress: e
458.2166 	DATA 	Keypress: p
459.1662 	DATA 	Keypress: o
459.2509 	DATA 	Keypress: r
459.4498 	DATA 	Keypress: t
459.5495 	DATA 	Keypress: e
459.6508 	DATA 	Keypress: r
459.7668 	DATA 	Keypress: space
459.8995 	DATA 	Keypress: f
460.0163 	DATA 	Keypress: o
460.0831 	DATA 	Keypress: r
460.2167 	DATA 	Keypress: space
460.3167 	DATA 	Keypress: t
460.4332 	DATA 	Keypress: h
460.5001 	DATA 	Keypress: e
460.6337 	DATA 	Keypress: space
460.8499 	DATA 	Keypress: l
461.0336 	DATA 	Keypress: o
461.0994 	DATA 	Keypress: c
461.1833 	DATA 	Keypress: a
461.2672 	DATA 	Keypress: l
461.4494 	DATA 	Keypress: space
461.5004 	DATA 	Keypress: lshift
461.6498 	DATA 	Keypress: r
461.7496 	DATA 	Keypress: a
462.4837 	DATA 	Keypress: m
463.0163 	DATA 	Keypress: comma
463.1999 	DATA 	Keypress: space
463.4003 	DATA 	Keypress: a
463.7832 	DATA 	Keypress: space
463.9827 	DATA 	Keypress: lshift
464.0835 	DATA 	Keypress: f
464.2502 	DATA 	Keypress: o
464.4000 	DATA 	Keypress: r
464.8001 	DATA 	Keypress: d
464.9337 	DATA 	Keypress: h
465.0495 	DATA 	Keypress: a
465.1663 	DATA 	Keypress: m
465.4166 	DATA 	Keypress: space
466.1168 	DATA 	Keypress: n
466.2504 	DATA 	Keypress: e
466.3502 	DATA 	Keypress: w
466.8835 	DATA 	Keypress: s
467.0831 	DATA 	Keypress: l
467.9327 	DATA 	Keypress: backspace
468.2337 	DATA 	Keypress: p
468.2836 	DATA 	Keypress: a
468.4507 	DATA 	Keypress: p
468.5669 	DATA 	Keypress: e
468.6335 	DATA 	Keypress: r
469.0337 	DATA 	Keypress: comma
469.3000 	DATA 	Keypress: space
470.7002 	DATA 	Keypress: w
470.8168 	DATA 	Keypress: i
470.9662 	DATA 	Keypress: t
471.0672 	DATA 	Keypress: n
471.1172 	DATA 	Keypress: e
471.3166 	DATA 	Keypress: s
471.5000 	DATA 	Keypress: s
471.6668 	DATA 	Keypress: e
472.0004 	DATA 	Keypress: s
472.1999 	DATA 	Keypress: space
472.6834 	DATA 	Keypress: lshift
472.8500 	DATA 	Keypress: d
472.9498 	DATA 	Keypress: e
473.0668 	DATA 	Keypress: a
473.2501 	DATA 	Keypress: n
473.4337 	DATA 	Keypress: space
473.6003 	DATA 	Keypress: lshift
473.6830 	DATA 	Keypress: m
474.0671 	DATA 	Keypress: c
474.2665 	DATA 	Keypress: lshift
474.4000 	DATA 	Keypress: g
474.5666 	DATA 	Keypress: o
474.8669 	DATA 	Keypress: w
474.9670 	DATA 	Keypress: a
475.1497 	DATA 	Keypress: n
475.4339 	DATA 	Keypress: space
475.5835 	DATA 	Keypress: a
475.8168 	DATA 	Keypress: t
475.9504 	DATA 	Keypress: t
476.0163 	DATA 	Keypress: a
476.1999 	DATA 	Keypress: c
476.4508 	DATA 	Keypress: k
476.7662 	DATA 	Keypress: e
476.9499 	DATA 	Keypress: d
477.1335 	DATA 	Keypress: space
477.2332 	DATA 	Keypress: w
477.3997 	DATA 	Keypress: i
477.4835 	DATA 	Keypress: t
477.6499 	DATA 	Keypress: h
477.8833 	DATA 	Keypress: space
478.1497 	DATA 	Keypress: a
478.3004 	DATA 	Keypress: space
478.8504 	DATA 	Keypress: p
479.1339 	DATA 	Keypress: i
479.5339 	DATA 	Keypress: e
479.6502 	DATA 	Keypress: space
479.9664 	DATA 	Keypress: w
482.0500 	DATA 	Keypress: h
482.1338 	DATA 	Keypress: i
482.4339 	DATA 	Keypress: l
483.1501 	DATA 	Keypress: e
483.6166 	DATA 	Keypress: space
483.8671 	DATA 	Keypress: h
483.9836 	DATA 	Keypress: e
484.1005 	DATA 	Keypress: space
484.3838 	DATA 	Keypress: i
484.8333 	DATA 	Keypress: backspace
485.0339 	DATA 	Keypress: backspace
485.2175 	DATA 	Keypress: backspace
485.3501 	DATA 	Keypress: backspace
485.5166 	DATA 	Keypress: t
485.6509 	DATA 	Keypress: h
485.7670 	DATA 	Keypress: e
485.9005 	DATA 	Keypress: space
486.0333 	DATA 	Keypress: r
486.1001 	DATA 	Keypress: e
486.1500 	DATA 	Keypress: p
486.3834 	DATA 	Keypress: p
486.3846 	DATA 	Keypress: o
486.4508 	DATA 	Keypress: r
486.6505 	DATA 	Keypress: t
486.9338 	DATA 	Keypress: backspace
487.1334 	DATA 	Keypress: backspace
487.2840 	DATA 	Keypress: backspace
487.4506 	DATA 	Keypress: backspace
487.9832 	DATA 	Keypress: o
488.1009 	DATA 	Keypress: r
488.2835 	DATA 	Keypress: t
488.4173 	DATA 	Keypress: e
488.4838 	DATA 	Keypress: r
488.6006 	DATA 	Keypress: space
488.8338 	DATA 	Keypress: i
489.2669 	DATA 	Keypress: s
489.4504 	DATA 	Keypress: space
489.5999 	DATA 	Keypress: t
489.7504 	DATA 	Keypress: r
489.8502 	DATA 	Keypress: y
489.9669 	DATA 	Keypress: i
490.1006 	DATA 	Keypress: n
490.2004 	DATA 	Keypress: g
490.2842 	DATA 	Keypress: space
490.3839 	DATA 	Keypress: t
490.4673 	DATA 	Keypress: o
490.6168 	DATA 	Keypress: space
490.7506 	DATA 	Keypress: i
490.8173 	DATA 	Keypress: n
490.9173 	DATA 	Keypress: t
491.0170 	DATA 	Keypress: e
491.1007 	DATA 	Keypress: r
491.3002 	DATA 	Keypress: v
491.4168 	DATA 	Keypress: i
491.5676 	DATA 	Keypress: e
491.6508 	DATA 	Keypress: space
491.6522 	DATA 	Keypress: w
491.8834 	DATA 	Keypress: h
491.9176 	DATA 	Keypress: i
492.0841 	DATA 	Keypress: m
492.2836 	DATA 	Keypress: space
492.4342 	DATA 	Keypress: a
492.6335 	DATA 	Keypress: b
492.7333 	DATA 	Keypress: o
492.9007 	DATA 	Keypress: u
493.0506 	DATA 	Keypress: t
493.1502 	DATA 	Keypress: space
493.2839 	DATA 	Keypress: t
493.4005 	DATA 	Keypress: h
493.5005 	DATA 	Keypress: e
493.6509 	DATA 	Keypress: space
494.5834 	DATA 	Keypress: backspace
494.7837 	DATA 	Keypress: backspace
494.9674 	DATA 	Keypress: backspace
495.2506 	DATA 	Keypress: backspace
495.5338 	DATA 	Keypress: r
495.6334 	DATA 	Keypress: a
495.7003 	DATA 	Keypress: i
496.8502 	DATA 	Keypress: s
496.9673 	DATA 	Keypress: i
497.1168 	DATA 	Keypress: n
497.2835 	DATA 	Keypress: g
497.4171 	DATA 	Keypress: space
497.6842 	DATA 	Keypress: t
497.8667 	DATA 	Keypress: u
497.9676 	DATA 	Keypress: i
498.1670 	DATA 	Keypress: t
498.2669 	DATA 	Keypress: i
498.3675 	DATA 	Keypress: o
498.5510 	DATA 	Keypress: n
498.8172 	DATA 	Keypress: period
499.1339 	DATA 	Keypress: space
499.4171 	DATA 	Keypress: lshift
499.7003 	DATA 	Keypress: u
501.1505 	DATA 	Keypress: backspace
501.3010 	DATA 	Keypress: lshift
501.5673 	DATA 	Keypress: a
501.7835 	DATA 	Keypress: f
501.9669 	DATA 	Keypress: t
502.0516 	DATA 	Keypress: e
502.1506 	DATA 	Keypress: r
502.3341 	DATA 	Keypress: space
503.2677 	DATA 	Keypress: t
503.4343 	DATA 	Keypress: h
503.5509 	DATA 	Keypress: e
503.6674 	DATA 	Keypress: space
503.7840 	DATA 	Keypress: lshift
503.9010 	DATA 	Keypress: apostrophe
504.1178 	DATA 	Keypress: a
504.2844 	DATA 	Keypress: t
504.4510 	DATA 	Keypress: t
504.5337 	DATA 	Keypress: a
504.7341 	DATA 	Keypress: c
504.8508 	DATA 	Keypress: k
504.9674 	DATA 	Keypress: lshift
505.0673 	DATA 	Keypress: apostrophe
505.3007 	DATA 	Keypress: space
505.5171 	DATA 	Keypress: h
505.6336 	DATA 	Keypress: e
505.7841 	DATA 	Keypress: space
506.3838 	DATA 	Keypress: a
506.4845 	DATA 	Keypress: s
506.6509 	DATA 	Keypress: k
506.8842 	DATA 	Keypress: s
507.0010 	DATA 	Keypress: space
507.1507 	DATA 	Keypress: f
507.2354 	DATA 	Keypress: o
507.3511 	DATA 	Keypress: r
507.4507 	DATA 	Keypress: space
507.5336 	DATA 	Keypress: a
507.6674 	DATA 	Keypress: space
507.7670 	DATA 	Keypress: c
508.0507 	DATA 	Keypress: o
508.2171 	DATA 	Keypress: m
508.3677 	DATA 	Keypress: m
508.4355 	DATA 	Keypress: e
508.5508 	DATA 	Keypress: n
508.6176 	DATA 	Keypress: t
508.8170 	DATA 	Keypress: i
509.5341 	DATA 	Keypress: backspace
509.8501 	DATA 	Keypress: space
510.0178 	DATA 	Keypress: t
510.0680 	DATA 	Keypress: o
510.2342 	DATA 	Keypress: space
510.3172 	DATA 	Keypress: w
510.4505 	DATA 	Keypress: h
510.4844 	DATA 	Keypress: i
510.5343 	DATA 	Keypress: c
510.6508 	DATA 	Keypress: h
510.8343 	DATA 	Keypress: space
510.9012 	DATA 	Keypress: t
511.0011 	DATA 	Keypress: h
511.0679 	DATA 	Keypress: e
511.2006 	DATA 	Keypress: space
511.2508 	DATA 	Keypress: d
511.3343 	DATA 	Keypress: e
511.4678 	DATA 	Keypress: a
511.5836 	DATA 	Keypress: n
511.7510 	DATA 	Keypress: space
512.0845 	DATA 	Keypress: r
512.1669 	DATA 	Keypress: e
512.2837 	DATA 	Keypress: p
512.4672 	DATA 	Keypress: l
512.6674 	DATA 	Keypress: i
512.7673 	DATA 	Keypress: e
512.9676 	DATA 	Keypress: s
513.0507 	DATA 	Keypress: space
515.2338 	DATA 	Keypress: lshift
515.3506 	DATA 	Keypress: apostrophe
515.6007 	DATA 	Keypress: lshift
515.7004 	DATA 	Keypress: f
515.8510 	DATA 	Keypress: u
515.9507 	DATA 	Keypress: c
516.0348 	DATA 	Keypress: k
516.2012 	DATA 	Keypress: space
516.4676 	DATA 	Keypress: y
516.6011 	DATA 	Keypress: o
516.7337 	DATA 	Keypress: u
516.8508 	DATA 	Keypress: lshift
516.9510 	DATA 	Keypress: apostrophe
517.3171 	DATA 	Keypress: slash
517.6672 	DATA 	Keypress: space
517.9502 	DATA 	Keypress: backspace
518.1010 	DATA 	Keypress: backspace
518.6842 	DATA 	Keypress: period
518.9845 	DATA 	Keypress: space
519.9339 	DATA 	Keypress: lshift
521.2176 	DATA 	Keypress: s
521.3174 	DATA 	Keypress: o
521.7511 	DATA 	Keypress: comma
521.9675 	DATA 	Keypress: space
522.0512 	DATA 	Keypress: t
522.1682 	DATA 	Keypress: h
522.2507 	DATA 	Keypress: e
522.3506 	DATA 	Keypress: space
522.4681 	DATA 	Keypress: r
522.5338 	DATA 	Keypress: e
522.6007 	DATA 	Keypress: p
522.7840 	DATA 	Keypress: o
522.8509 	DATA 	Keypress: r
523.0176 	DATA 	Keypress: t
523.1342 	DATA 	Keypress: e
523.2509 	DATA 	Keypress: r
523.4005 	DATA 	Keypress: space
524.7009 	DATA 	Keypress: e
524.8346 	DATA 	Keypress: n
524.9512 	DATA 	Keypress: d
525.0172 	DATA 	Keypress: s
525.1510 	DATA 	Keypress: space
525.4181 	DATA 	Keypress: u
525.4839 	DATA 	Keypress: p
525.6842 	DATA 	Keypress: space
525.8179 	DATA 	Keypress: w
526.1182 	DATA 	Keypress: r
526.2182 	DATA 	Keypress: i
526.3507 	DATA 	Keypress: t
526.4673 	DATA 	Keypress: i
526.5510 	DATA 	Keypress: n
526.6846 	DATA 	Keypress: g
526.8011 	DATA 	Keypress: space
526.9837 	DATA 	Keypress: a
527.1843 	DATA 	Keypress: space
529.7343 	DATA 	Keypress: backspace
530.0008 	DATA 	Keypress: n
530.1674 	DATA 	Keypress: space
530.2513 	DATA 	Keypress: a
530.3509 	DATA 	Keypress: r
530.4844 	DATA 	Keypress: t
530.6838 	DATA 	Keypress: i
530.6865 	DATA 	Keypress: o
530.7676 	DATA 	Keypress: c
531.1010 	DATA 	Keypress: backspace
531.2517 	DATA 	Keypress: backspace
531.5347 	DATA 	Keypress: c
531.6353 	DATA 	Keypress: l
531.8007 	DATA 	Keypress: e
531.9513 	DATA 	Keypress: space
532.9675 	DATA 	Keypress: u
533.0674 	DATA 	Keypress: n
533.4843 	DATA 	Keypress: backspace
533.6508 	DATA 	Keypress: backspace
533.8172 	DATA 	Keypress: backspace
534.1844 	DATA 	Keypress: comma
534.3849 	DATA 	Keypress: space
534.5175 	DATA 	Keypress: u
534.5843 	DATA 	Keypress: n
534.6839 	DATA 	Keypress: d
534.8345 	DATA 	Keypress: e
534.8674 	DATA 	Keypress: r
534.9843 	DATA 	Keypress: space
535.2176 	DATA 	Keypress: t
535.3017 	DATA 	Keypress: h
535.4181 	DATA 	Keypress: e
535.5181 	DATA 	Keypress: space
535.6514 	DATA 	Keypress: s
535.7840 	DATA 	Keypress: u
535.8847 	DATA 	Keypress: p
536.0175 	DATA 	Keypress: e
536.0843 	DATA 	Keypress: r
536.2851 	DATA 	Keypress: v
536.4016 	DATA 	Keypress: i
536.5840 	DATA 	Keypress: s
536.7175 	DATA 	Keypress: o
537.6680 	DATA 	Keypress: backspace
537.9014 	DATA 	Keypress: i
537.9672 	DATA 	Keypress: o
538.1678 	DATA 	Keypress: n
538.3345 	DATA 	Keypress: space
538.4680 	DATA 	Keypress: o
538.5679 	DATA 	Keypress: f
538.7013 	DATA 	Keypress: space
539.0177 	DATA 	Keypress: h
539.1014 	DATA 	Keypress: i
539.2347 	DATA 	Keypress: s
539.3182 	DATA 	Keypress: space
539.6011 	DATA 	Keypress: lshift
539.7009 	DATA 	Keypress: p
539.9342 	DATA 	Keypress: u
540.1507 	DATA 	Keypress: l
540.3185 	DATA 	Keypress: i
540.4343 	DATA 	Keypress: t
540.6675 	DATA 	Keypress: z
541.2679 	DATA 	Keypress: e
541.3351 	DATA 	Keypress: r
541.6009 	DATA 	Keypress: space
541.7177 	DATA 	Keypress: w
541.9012 	DATA 	Keypress: i
542.0678 	DATA 	Keypress: n
542.2343 	DATA 	Keypress: n
542.3344 	DATA 	Keypress: i
542.4355 	DATA 	Keypress: n
542.5513 	DATA 	Keypress: g
542.7675 	DATA 	Keypress: space
543.5178 	DATA 	Keypress: b
543.6015 	DATA 	Keypress: o
543.7180 	DATA 	Keypress: s
543.8846 	DATA 	Keypress: s
544.0184 	DATA 	Keypress: comma
544.3181 	DATA 	Keypress: space
546.7348 	DATA 	Keypress: t
546.8674 	DATA 	Keypress: e
547.0345 	DATA 	Keypress: l
547.2180 	DATA 	Keypress: l
547.4017 	DATA 	Keypress: i
547.5012 	DATA 	Keypress: n
547.6348 	DATA 	Keypress: g
547.7347 	DATA 	Keypress: space
547.8682 	DATA 	Keypress: t
547.9849 	DATA 	Keypress: h
548.0849 	DATA 	Keypress: e
548.2513 	DATA 	Keypress: space
548.5175 	DATA 	Keypress: s
548.6850 	DATA 	Keypress: t
548.8017 	DATA 	Keypress: o
548.8845 	DATA 	Keypress: r
549.0680 	DATA 	Keypress: y
549.6682 	DATA 	Keypress: space
550.1512 	DATA 	Keypress: o
550.3346 	DATA 	Keypress: f
550.4515 	DATA 	Keypress: space
550.5511 	DATA 	Keypress: lshift
550.7683 	DATA 	Keypress: apostrophe
551.0846 	DATA 	Keypress: lshift
551.2013 	DATA 	Keypress: p
551.3848 	DATA 	Keypress: i
551.4847 	DATA 	Keypress: e
552.3183 	DATA 	Keypress: space
552.4191 	DATA 	Keypress: lshift
552.5179 	DATA 	Keypress: m
552.7012 	DATA 	Keypress: a
552.8179 	DATA 	Keypress: n
552.8211 	DATA 	Keypress: h
553.3019 	DATA 	Keypress: backspace
553.9351 	DATA 	Keypress: backspace
555.3684 	DATA 	Keypress: space
555.4851 	DATA 	Keypress: lshift
555.6016 	DATA 	Keypress: m
555.7850 	DATA 	Keypress: a
555.9019 	DATA 	Keypress: n
556.1184 	DATA 	Keypress: lshift
556.2350 	DATA 	Keypress: apostrophe
556.7176 	DATA 	Keypress: apostrophe
556.9018 	DATA 	Keypress: s
557.3019 	DATA 	Keypress: backspace
557.4846 	DATA 	Keypress: backspace
558.4180 	DATA 	Keypress: apostrophe
558.5686 	DATA 	Keypress: s
558.7010 	DATA 	Keypress: space
559.1350 	DATA 	Keypress: a
559.3345 	DATA 	Keypress: t
559.5022 	DATA 	Keypress: t
559.5848 	DATA 	Keypress: a
559.7513 	DATA 	Keypress: c
559.8679 	DATA 	Keypress: h
560.5185 	DATA 	Keypress: backspace
560.7844 	DATA 	Keypress: l
561.0516 	DATA 	Keypress: backspace
561.2679 	DATA 	Keypress: k
562.2512 	DATA 	Keypress: space
562.4019 	DATA 	Keypress: a
562.5016 	DATA 	Keypress: n
562.6350 	DATA 	Keypress: d
562.7678 	DATA 	Keypress: space
563.0681 	DATA 	Keypress: a
563.2845 	DATA 	Keypress: d
563.4351 	DATA 	Keypress: d
563.5352 	DATA 	Keypress: i
563.6185 	DATA 	Keypress: n
563.7512 	DATA 	Keypress: g
563.9685 	DATA 	Keypress: space
564.5021 	DATA 	Keypress: s
564.6179 	DATA 	Keypress: o
564.7513 	DATA 	Keypress: m
564.9179 	DATA 	Keypress: e
565.0687 	DATA 	Keypress: space
565.3679 	DATA 	Keypress: s
565.4846 	DATA 	Keypress: p
565.6848 	DATA 	Keypress: u
565.8184 	DATA 	Keypress: r
565.9511 	DATA 	Keypress: i
566.0351 	DATA 	Keypress: o
566.1686 	DATA 	Keypress: u
566.2854 	DATA 	Keypress: s
566.4519 	DATA 	Keypress: space
566.8352 	DATA 	Keypress: d
566.9510 	DATA 	Keypress: e
567.1517 	DATA 	Keypress: t
567.3352 	DATA 	Keypress: a
567.5518 	DATA 	Keypress: l
567.6181 	DATA 	Keypress: i
568.0187 	DATA 	Keypress: backspace
568.2019 	DATA 	Keypress: backspace
568.3854 	DATA 	Keypress: i
568.4851 	DATA 	Keypress: l
568.6017 	DATA 	Keypress: s
568.7512 	DATA 	Keypress: space
568.8679 	DATA 	Keypress: s
568.9678 	DATA 	Keypress: u
569.1683 	DATA 	Keypress: c
569.2352 	DATA 	Keypress: h
569.4346 	DATA 	Keypress: space
569.5514 	DATA 	Keypress: a
569.7018 	DATA 	Keypress: space
570.1188 	DATA 	Keypress: backspace
570.2186 	DATA 	Keypress: s
570.3850 	DATA 	Keypress: space
570.5017 	DATA 	Keypress: a
570.6183 	DATA 	Keypress: space
570.7679 	DATA 	Keypress: lshift
570.8845 	DATA 	Keypress: l
571.0851 	DATA 	Keypress: a
571.2020 	DATA 	Keypress: t
571.2846 	DATA 	Keypress: i
571.3684 	DATA 	Keypress: n
571.5689 	DATA 	Keypress: space
571.6687 	DATA 	Keypress: lshift
571.9848 	DATA 	Keypress: c
572.0518 	DATA 	Keypress: a
572.2183 	DATA 	Keypress: t
572.4686 	DATA 	Keypress: c
572.5853 	DATA 	Keypress: h
573.0850 	DATA 	Keypress: p
573.2685 	DATA 	Keypress: h
573.4181 	DATA 	Keypress: r
573.5188 	DATA 	Keypress: a
573.7012 	DATA 	Keypress: s
573.9345 	DATA 	Keypress: e
574.0684 	DATA 	Keypress: space
574.2022 	DATA 	Keypress: lshift
574.3516 	DATA 	Keypress: 9
574.5351 	DATA 	Keypress: lshift
574.7015 	DATA 	Keypress: i
574.9179 	DATA 	Keypress: space
575.1016 	DATA 	Keypress: a
575.3519 	DATA 	Keypress: m
575.5514 	DATA 	Keypress: space
575.6681 	DATA 	Keypress: n
575.7518 	DATA 	Keypress: o
575.8687 	DATA 	Keypress: t
576.0013 	DATA 	Keypress: space
576.0857 	DATA 	Keypress: a
576.1854 	DATA 	Keypress: space
576.5514 	DATA 	Keypress: n
576.8016 	DATA 	Keypress: backspace
576.9181 	DATA 	Keypress: backspace
577.1348 	DATA 	Keypress: n
577.3184 	DATA 	Keypress: space
577.5021 	DATA 	Keypress: lshift
578.0853 	DATA 	Keypress: a
578.2190 	DATA 	Keypress: n
578.7016 	DATA 	Keypress: i
578.9022 	DATA 	Keypress: m
579.0351 	DATA 	Keypress: a
579.1686 	DATA 	Keypress: l
579.3024 	DATA 	Keypress: lshift
579.4686 	DATA 	Keypress: 0
579.7188 	DATA 	Keypress: space
579.8684 	DATA 	Keypress: a
580.0351 	DATA 	Keypress: n
580.2016 	DATA 	Keypress: d
580.3682 	DATA 	Keypress: space
582.6521 	DATA 	Keypress: a
583.3523 	DATA 	Keypress: space
583.5518 	DATA 	Keypress: m
583.6188 	DATA 	Keypress: a
583.7352 	DATA 	Keypress: s
583.8520 	DATA 	Keypress: k
584.0189 	DATA 	Keypress: space
584.1021 	DATA 	Keypress: a
584.2348 	DATA 	Keypress: n
584.3354 	DATA 	Keypress: d
584.4352 	DATA 	Keypress: space
584.5349 	DATA 	Keypress: c
584.6016 	DATA 	Keypress: a
584.7354 	DATA 	Keypress: p
584.9349 	DATA 	Keypress: e
585.0856 	DATA 	Keypress: period
585.5852 	DATA 	Keypress: space
586.3024 	DATA 	Keypress: lshift
586.6682 	DATA 	Keypress: p
586.8686 	DATA 	Keypress: i
586.9683 	DATA 	Keypress: e
587.1351 	DATA 	Keypress: space
587.2194 	DATA 	Keypress: lshift
587.3355 	DATA 	Keypress: m
587.5021 	DATA 	Keypress: a
587.5850 	DATA 	Keypress: n
587.7682 	DATA 	Keypress: space
587.8849 	DATA 	Keypress: c
587.9848 	DATA 	Keypress: o
588.1185 	DATA 	Keypress: n
588.2690 	DATA 	Keypress: t
588.3688 	DATA 	Keypress: a
588.5015 	DATA 	Keypress: c
588.7188 	DATA 	Keypress: t
588.8015 	DATA 	Keypress: s
588.9685 	DATA 	Keypress: space
589.5521 	DATA 	Keypress: t
589.6518 	DATA 	Keypress: h
589.7357 	DATA 	Keypress: e
589.8681 	DATA 	Keypress: space
590.2183 	DATA 	Keypress: p
590.5354 	DATA 	Keypress: backspace
590.6689 	DATA 	Keypress: r
590.7520 	DATA 	Keypress: e
590.8351 	DATA 	Keypress: p
591.0357 	DATA 	Keypress: o
591.1015 	DATA 	Keypress: r
591.2690 	DATA 	Keypress: t
591.3518 	DATA 	Keypress: e
591.5354 	DATA 	Keypress: r
591.7019 	DATA 	Keypress: space
591.8355 	DATA 	Keypress: a
591.9523 	DATA 	Keypress: n
592.0350 	DATA 	Keypress: d
592.1356 	DATA 	Keypress: space
592.4359 	DATA 	Keypress: p
592.6022 	DATA 	Keypress: r
592.7518 	DATA 	Keypress: o
592.8520 	DATA 	Keypress: v
593.0019 	DATA 	Keypress: i
593.0686 	DATA 	Keypress: d
593.1524 	DATA 	Keypress: e
593.4017 	DATA 	Keypress: s
593.5184 	DATA 	Keypress: space
593.6182 	DATA 	Keypress: a
593.7357 	DATA 	Keypress: space
593.8852 	DATA 	Keypress: d
594.0021 	DATA 	Keypress: a
594.1856 	DATA 	Keypress: t
594.3850 	DATA 	Keypress: e
594.5688 	DATA 	Keypress: space
594.6855 	DATA 	Keypress: a
594.8032 	DATA 	Keypress: n
594.9017 	DATA 	Keypress: d
595.0187 	DATA 	Keypress: space
595.2192 	DATA 	Keypress: t
595.3350 	DATA 	Keypress: i
595.4356 	DATA 	Keypress: m
595.5682 	DATA 	Keypress: e
595.6688 	DATA 	Keypress: space
595.7517 	DATA 	Keypress: f
595.9182 	DATA 	Keypress: o
596.3851 	DATA 	Keypress: r
596.5356 	DATA 	Keypress: space
596.7519 	DATA 	Keypress: t
596.8517 	DATA 	Keypress: h
596.9514 	DATA 	Keypress: e
597.0523 	DATA 	Keypress: space
597.2189 	DATA 	Keypress: e
597.2238 	DATA 	Keypress: n
597.3854 	DATA 	Keypress: x
597.6017 	DATA 	Keypress: t
597.6858 	DATA 	Keypress: space
597.8187 	DATA 	Keypress: a
598.0028 	DATA 	Keypress: t
598.2017 	DATA 	Keypress: t
598.2516 	DATA 	Keypress: a
598.4196 	DATA 	Keypress: c
598.5189 	DATA 	Keypress: h
599.1856 	DATA 	Keypress: space
599.6028 	DATA 	Keypress: backspace
599.7518 	DATA 	Keypress: backspace
599.9523 	DATA 	Keypress: k
600.1190 	DATA 	Keypress: space
600.3524 	DATA 	Keypress: w
600.4520 	DATA 	Keypress: h
600.5359 	DATA 	Keypress: o
600.7023 	DATA 	Keypress: space
600.8362 	DATA 	Keypress: i
600.9358 	DATA 	Keypress: s
601.0356 	DATA 	Keypress: space
601.1192 	DATA 	Keypress: lshift
601.2192 	DATA 	Keypress: s
601.3688 	DATA 	Keypress: h
601.4853 	DATA 	Keypress: e
601.5851 	DATA 	Keypress: i
601.7853 	DATA 	Keypress: l
601.9190 	DATA 	Keypress: a
602.0520 	DATA 	Keypress: comma
602.2353 	DATA 	Keypress: space
602.5684 	DATA 	Keypress: s
602.9024 	DATA 	Keypress: t
603.0024 	DATA 	Keypress: u
603.1359 	DATA 	Keypress: d
603.2187 	DATA 	Keypress: e
603.3190 	DATA 	Keypress: n
603.4188 	DATA 	Keypress: t
603.5189 	DATA 	Keypress: space
603.7023 	DATA 	Keypress: b
604.0029 	DATA 	Keypress: o
604.1692 	DATA 	Keypress: d
604.3518 	DATA 	Keypress: y
604.3572 	DATA 	Keypress: u
604.7525 	DATA 	Keypress: backspace
605.1187 	DATA 	Keypress: space
605.3521 	DATA 	Keypress: p
605.4021 	DATA 	Keypress: r
605.4857 	DATA 	Keypress: e
605.6850 	DATA 	Keypress: s
605.8186 	DATA 	Keypress: i
605.9354 	DATA 	Keypress: d
606.0194 	DATA 	Keypress: e
606.2358 	DATA 	Keypress: n
606.4023 	DATA 	Keypress: t
607.1195 	DATA 	Keypress: space
607.2862 	DATA 	Keypress: a
607.4359 	DATA 	Keypress: d
607.4413 	DATA 	Keypress: f
607.6690 	DATA 	Keypress: t
607.9852 	DATA 	Keypress: backspace
608.1519 	DATA 	Keypress: backspace
608.3025 	DATA 	Keypress: backspace
608.3524 	DATA 	Keypress: f
608.5358 	DATA 	Keypress: t
608.6025 	DATA 	Keypress: e
608.7191 	DATA 	Keypress: r
608.8196 	DATA 	Keypress: space
608.9188 	DATA 	Keypress: w
609.0355 	DATA 	Keypress: h
609.1192 	DATA 	Keypress: i
609.1693 	DATA 	Keypress: c
609.2691 	DATA 	Keypress: h
609.4354 	DATA 	Keypress: space
609.6856 	DATA 	Keypress: o
609.7357 	DATA 	Keypress: u
610.2193 	DATA 	Keypress: r
610.3859 	DATA 	Keypress: space
610.5694 	DATA 	Keypress: r
610.6689 	DATA 	Keypress: e
610.7518 	DATA 	Keypress: p
610.9354 	DATA 	Keypress: o
610.9851 	DATA 	Keypress: r
611.1358 	DATA 	Keypress: t
611.2357 	DATA 	Keypress: e
611.3523 	DATA 	Keypress: r
611.5189 	DATA 	Keypress: space
612.3522 	DATA 	Keypress: w
612.5189 	DATA 	Keypress: r
612.6851 	DATA 	Keypress: i
612.7689 	DATA 	Keypress: t
612.8352 	DATA 	Keypress: e
613.0528 	DATA 	Keypress: s
613.2024 	DATA 	Keypress: space
613.3360 	DATA 	Keypress: a
613.4687 	DATA 	Keypress: n
613.5524 	DATA 	Keypress: o
613.6519 	DATA 	Keypress: t
613.7519 	DATA 	Keypress: h
613.8528 	DATA 	Keypress: e
613.9526 	DATA 	Keypress: r
614.0027 	DATA 	Keypress: space
614.2524 	DATA 	Keypress: a
614.4028 	DATA 	Keypress: r
614.5858 	DATA 	Keypress: t
614.6855 	DATA 	Keypress: i
614.8191 	DATA 	Keypress: c
614.9359 	DATA 	Keypress: l
615.0855 	DATA 	Keypress: e
615.2022 	DATA 	Keypress: period
615.4190 	DATA 	Keypress: space
615.6024 	DATA 	Keypress: lshift
616.0024 	DATA 	Keypress: 5
616.2029 	DATA 	Keypress: space
616.4027 	DATA 	Keypress: t
616.6027 	DATA 	Keypress: t
616.8861 	DATA 	Keypress: backspace
617.1027 	DATA 	Keypress: o
617.2033 	DATA 	Keypress: t
617.3520 	DATA 	Keypress: a
617.4528 	DATA 	Keypress: l
617.6520 	DATA 	Keypress: space
617.8694 	DATA 	Keypress: a
617.9867 	DATA 	Keypress: r
618.2025 	DATA 	Keypress: t
618.3192 	DATA 	Keypress: i
618.4191 	DATA 	Keypress: c
618.5695 	DATA 	Keypress: l
618.7021 	DATA 	Keypress: e
618.8686 	DATA 	Keypress: s
619.0026 	DATA 	Keypress: space
619.1023 	DATA 	Keypress: a
619.2029 	DATA 	Keypress: r
619.2856 	DATA 	Keypress: e
619.3854 	DATA 	Keypress: space
619.5190 	DATA 	Keypress: w
619.7353 	DATA 	Keypress: e
619.7412 	DATA 	Keypress: r
620.0863 	DATA 	Keypress: backspace
620.2190 	DATA 	Keypress: r
620.4023 	DATA 	Keypress: backspace
620.5688 	DATA 	Keypress: backspace
620.6525 	DATA 	Keypress: r
620.8518 	DATA 	Keypress: i
621.0357 	DATA 	Keypress: t
621.1868 	DATA 	Keypress: t
621.2863 	DATA 	Keypress: e
621.4529 	DATA 	Keypress: n
621.6352 	DATA 	Keypress: space
621.8187 	DATA 	Keypress: a
621.9354 	DATA 	Keypress: f
622.1690 	DATA 	Keypress: t
622.2528 	DATA 	Keypress: e
622.3854 	DATA 	Keypress: r
622.4865 	DATA 	Keypress: space
622.6020 	DATA 	Keypress: w
622.7355 	DATA 	Keypress: h
622.8023 	DATA 	Keypress: i
622.8363 	DATA 	Keypress: c
623.0029 	DATA 	Keypress: h
623.2024 	DATA 	Keypress: space
623.3191 	DATA 	Keypress: t
623.4359 	DATA 	Keypress: h
623.5356 	DATA 	Keypress: e
623.7021 	DATA 	Keypress: n
623.7083 	DATA 	Keypress: space
624.8858 	DATA 	Keypress: backspace
625.0527 	DATA 	Keypress: backspace
625.3527 	DATA 	Keypress: space
625.5521 	DATA 	Keypress: r
625.6189 	DATA 	Keypress: e
625.7195 	DATA 	Keypress: p
625.9189 	DATA 	Keypress: o
626.0033 	DATA 	Keypress: r
626.2362 	DATA 	Keypress: t
626.3359 	DATA 	Keypress: e
626.4696 	DATA 	Keypress: r
626.6690 	DATA 	Keypress: space
627.8687 	DATA 	Keypress: d
627.9526 	DATA 	Keypress: e
628.1522 	DATA 	Keypress: c
628.3028 	DATA 	Keypress: i
628.4026 	DATA 	Keypress: d
628.4693 	DATA 	Keypress: e
628.7025 	DATA 	Keypress: s
628.8024 	DATA 	Keypress: space
628.9192 	DATA 	Keypress: t
629.0360 	DATA 	Keypress: o
629.2195 	DATA 	Keypress: space
629.2864 	DATA 	Keypress: a
629.5357 	DATA 	Keypress: s
629.6522 	DATA 	Keypress: s
629.7360 	DATA 	Keypress: u
629.9195 	DATA 	Keypress: m
630.0194 	DATA 	Keypress: e
630.1361 	DATA 	Keypress: space
630.5361 	DATA 	Keypress: lshift
630.6525 	DATA 	Keypress: p
630.8530 	DATA 	Keypress: i
630.9529 	DATA 	Keypress: e
631.1028 	DATA 	Keypress: space
631.1692 	DATA 	Keypress: lshift
631.2861 	DATA 	Keypress: m
631.4357 	DATA 	Keypress: a
631.5692 	DATA 	Keypress: n
632.1857 	DATA 	Keypress: apostrophe
632.3362 	DATA 	Keypress: s
632.4361 	DATA 	Keypress: space
632.8696 	DATA 	Keypress: i
633.0862 	DATA 	Keypress: d
633.2029 	DATA 	Keypress: e
633.3356 	DATA 	Keypress: n
633.4693 	DATA 	Keypress: t
633.5860 	DATA 	Keypress: i
633.7694 	DATA 	Keypress: t
633.8861 	DATA 	Keypress: y
634.1358 	DATA 	Keypress: space
635.5829 	EXP 	participant_response: autoDraw = False
635.5829 	EXP 	participant_response: autoDraw = False
635.5829 	EXP 	done_text: autoDraw = True
635.6029 	DATA 	Keypress: i
635.6858 	DATA 	Keypress: n
638.5682 	EXP 	UDP Sent: marker_ID=18, marker_value=12, marker_string=audio_narrative_end, timestamp=1657140087056717824
638.5829 	EXP 	done_text: autoDraw = False
638.5829 	EXP 	done_text: autoDraw = False
639.0215 	EXP 	window1: mouseVisible = True
