8.8429 	EXP 	Created window1 = Window(allowGUI=False, allowStencil=False, autoLog=True, backendConf=UNKNOWN, bitsMode=UNKNOWN, blendMode='avg', bpc=(8, 8, 8), color=array([-0.7, -0.7, -0.7]), colorSpace='rgb', depthBits=8, fullscr=<method-wrapper '__getattribute__' of attributeSetter object at 0x000002C84E600908>, gamma=None, gammaErrorPolicy='raise', lms=UNKNOWN, monitor=<psychopy.monitors.calibTools.Monitor object at 0x000002C84E5A4D68>, multiSample=False, name='window1', numSamples=2, pos=[0.0, 0.0], screen=0, size=array([1920, 1080]), stencilBits=0, stereo=False, units='height', useFBO=True, useRetina=False, viewOri=0.0, viewPos=None, viewScale=None, waitBlanking=True, winType='pyglet')
8.8433 	EXP 	window1: mouseVisible = True
8.8433 	EXP 	window1: recordFrameIntervals = False
9.0091 	EXP 	window1: recordFrameIntervals = True
9.1925 	EXP 	window1: recordFrameIntervals = False
9.4489 	EXP 	window1: mouseVisible = False
9.4538 	EXP 	UDP Sent: marker_ID=1, marker_value=21, marker_string=go_no_go_start, timestamp=1657134800269097216
9.5464 	EXP 	Created initial_instructions_text = TextStim(__class__=<class 'psychopy.visual.text.TextStim'>, alignHoriz=method-wrapper(...), alignText='center', alignVert=method-wrapper(...), anchorHoriz='center', anchorVert='center', antialias=True, autoLog=True, bold=False, color=array([1., 1., 1.]), colorSpace='rgb', contrast=1.0, depth=0.0, flipHoriz=False, flipVert=False, font='Open Sans', fontFiles=[], height=0.05, italic=False, languageStyle='LTR', name='initial_instructions_text', opacity=1, ori=0.0, pos=array([0., 0.]), rgb=UNKNOWN, text=str(...), units='height', win=Window(...), wrapWidth=1)
9.5540 	EXP 	Created GNG_instructions_text = TextStim(__class__=<class 'psychopy.visual.text.TextStim'>, alignHoriz=method-wrapper(...), alignText='center', alignVert=method-wrapper(...), anchorHoriz='center', anchorVert='center', antialias=True, autoLog=True, bold=False, color=array([1., 1., 1.]), colorSpace='rgb', contrast=1.0, depth=0.0, flipHoriz=False, flipVert=False, font='Open Sans', fontFiles=[], height=0.05, italic=False, languageStyle='LTR', name='GNG_instructions_text', opacity=1.0, ori=0.0, pos=array([0., 0.]), rgb=UNKNOWN, text=str(...), units='height', win=Window(...), wrapWidth=1)
9.5588 	EXP 	Created inter_stim_plus = ShapeStim(__class__=<class 'psychopy.visual.shape.ShapeStim'>, autoDraw=False, autoLog=True, closeShape=True, color=method-wrapper(...), colorSpace='rgb', contrast=None, depth=0.0, fillColor=array([1, 1, 1]), fillColorSpace='rgb', fillRGB=array([1, 1, 1]), interpolate=True, lineColor=array([1., 1., 1.]), lineColorSpace='rgb', lineRGB=array([1, 1, 1]), lineWidth=1.0, name='inter_stim_plus', opacity=1, ori=0.0, pos=array([0., 0.]), size=array([0.05, 0.05]), units='height', vertices=ndarray(...), win=Window(...), windingRule=None)
9.5609 	EXP 	Created go_plus = ShapeStim(__class__=<class 'psychopy.visual.shape.ShapeStim'>, autoDraw=False, autoLog=True, closeShape=True, color=method-wrapper(...), colorSpace='rgb', contrast=None, depth=-1.0, fillColor=array([1, 1, 1]), fillColorSpace='rgb', fillRGB=array([1, 1, 1]), interpolate=True, lineColor=array([1., 1., 1.]), lineColorSpace='rgb', lineRGB=array([1, 1, 1]), lineWidth=1.0, name='go_plus', opacity=1, ori=0.0, pos=array([0., 0.]), size=array([0.05, 0.05]), units='height', vertices=ndarray(...), win=Window(...), windingRule=None)
9.5670 	EXP 	Created go_image = ImageStim(__class__=<class 'psychopy.visual.image.ImageStim'>, autoLog=True, color=array([1., 1., 1.]), colorSpace='rgb', contrast=1.0, depth=-2.0, flipHoriz=False, flipVert=False, image='sin', interpolate=True, mask=None, maskParams=None, name='go_image', opacity=1, ori=0.0, pos=array([0., 0.]), size=array([0.85, 0.85]), texRes=128.0, units='height', win=Window(...))
9.5692 	EXP 	Created pause_cross = ShapeStim(__class__=<class 'psychopy.visual.shape.ShapeStim'>, autoDraw=False, autoLog=True, closeShape=True, color=method-wrapper(...), colorSpace='rgb', contrast=None, depth=0.0, fillColor=array([1, 1, 1]), fillColorSpace='rgb', fillRGB=array([1, 1, 1]), interpolate=True, lineColor=array([1., 1., 1.]), lineColorSpace='rgb', lineRGB=array([1, 1, 1]), lineWidth=1.0, name='pause_cross', opacity=1, ori=0.0, pos=array([0., 0.]), size=array([0.05, 0.05]), units='height', vertices=ndarray(...), win=Window(...), windingRule=None)
9.5894 	EXP 	Created done_text = TextStim(__class__=<class 'psychopy.visual.text.TextStim'>, alignHoriz=method-wrapper(...), alignText='center', alignVert=method-wrapper(...), anchorHoriz='center', anchorVert='center', antialias=True, autoLog=True, bold=False, color=array([1., 1., 1.]), colorSpace='rgb', contrast=1.0, depth=0.0, flipHoriz=False, flipVert=False, font='Open Sans', fontFiles=[], height=0.1, italic=False, languageStyle='LTR', name='done_text', opacity=1, ori=0.0, pos=array([0., 0.]), rgb=UNKNOWN, text='The Go/No-Go task is now complete.', units='height', win=Window(...), wrapWidth=1)
9.6700 	EXP 	initial_instructions_text: autoDraw = True
20.5992 	EXP 	Imported C:\Users\Sim\Desktop\KernelFlow_PsychoPy\participants\participant_03\go_no_go\GNG_TO-16571317857999415.csv as conditions, 4 conditions, 1 params
20.5995 	EXP 	Created sequence: sequential, trialTypes=4, nReps=1, seed=None
20.5997 	EXP 	New trial (rep=0, index=0): OrderedDict([('task_order', 'go_stims-1657131785754344.csv')])
20.6039 	DATA 	Keypress: space
20.6093 	EXP 	initial_instructions_text: autoDraw = False
20.6093 	EXP 	GNG_instructions_text: autoDraw = True
23.8497 	EXP 	Imported C:\Users\Sim\Desktop\KernelFlow_PsychoPy\participants\participant_03\go_no_go\go_no_go_conditions\go_stims-1657131785754344.csv as conditions, 20 conditions, 4 params
23.8500 	EXP 	Created sequence: sequential, trialTypes=20, nReps=1, seed=None
23.8502 	EXP 	New trial (rep=0, index=0): OrderedDict([('inter_stim_interval', 4.0), ('GNG_stim', 'go_stimuli\\puppy_25.jpeg'), ('match', 1), ('corr_key', 'space')])
23.8534 	DATA 	Keypress: space
23.8593 	EXP 	GNG_instructions_text: autoDraw = False
23.8593 	EXP 	inter_stim_plus: autoDraw = True
27.8760 	EXP 	inter_stim_plus: autoDraw = False
27.8760 	EXP 	inter_stim_plus: autoDraw = False
27.8760 	EXP 	go_image: image = 'go_stimuli\\puppy_25.jpeg'
27.8760 	EXP 	go_plus: autoDraw = True
27.8760 	EXP 	go_image: autoDraw = True
28.3760 	EXP 	go_image: autoDraw = False
28.4304 	EXP 	New trial (rep=0, index=1): OrderedDict([('inter_stim_interval', 4.5), ('GNG_stim', 'go_stimuli\\puppy_23.jpeg'), ('match', 1), ('corr_key', 'space')])
28.4324 	DATA 	Keypress: space
28.4427 	EXP 	go_plus: autoDraw = False
28.4427 	EXP 	go_image: autoDraw = False
28.4427 	EXP 	inter_stim_plus: autoDraw = True
32.9930 	EXP 	inter_stim_plus: autoDraw = False
32.9930 	EXP 	inter_stim_plus: autoDraw = False
32.9930 	EXP 	go_image: image = 'go_stimuli\\puppy_23.jpeg'
32.9930 	EXP 	go_plus: autoDraw = True
32.9930 	EXP 	go_image: autoDraw = True
33.4928 	EXP 	go_image: autoDraw = False
33.5132 	EXP 	New trial (rep=0, index=2): OrderedDict([('inter_stim_interval', 5.0), ('GNG_stim', 'go_stimuli\\puppy_22.jpeg'), ('match', 1), ('corr_key', 'space')])
33.5154 	DATA 	Keypress: space
33.5261 	EXP 	go_plus: autoDraw = False
33.5261 	EXP 	go_image: autoDraw = False
33.5261 	EXP 	inter_stim_plus: autoDraw = True
38.5598 	EXP 	inter_stim_plus: autoDraw = False
38.5598 	EXP 	inter_stim_plus: autoDraw = False
38.5598 	EXP 	go_image: image = 'go_stimuli\\puppy_22.jpeg'
38.5598 	EXP 	go_plus: autoDraw = True
38.5598 	EXP 	go_image: autoDraw = True
39.0595 	EXP 	go_image: autoDraw = False
39.1139 	EXP 	New trial (rep=0, index=3): OrderedDict([('inter_stim_interval', 4.0), ('GNG_stim', 'go_stimuli\\puppy_27.jpg'), ('match', 1), ('corr_key', 'space')])
39.1161 	DATA 	Keypress: space
39.1262 	EXP 	go_plus: autoDraw = False
39.1262 	EXP 	go_image: autoDraw = False
39.1262 	EXP 	inter_stim_plus: autoDraw = True
43.1599 	EXP 	inter_stim_plus: autoDraw = False
43.1599 	EXP 	inter_stim_plus: autoDraw = False
43.1599 	EXP 	go_image: image = 'go_stimuli\\puppy_27.jpg'
43.1599 	EXP 	go_plus: autoDraw = True
43.1599 	EXP 	go_image: autoDraw = True
43.6596 	EXP 	go_image: autoDraw = False
43.7470 	EXP 	New trial (rep=0, index=4): OrderedDict([('inter_stim_interval', 6.5), ('GNG_stim', 'go_stimuli\\puppy_11.jpeg'), ('match', 1), ('corr_key', 'space')])
43.7493 	DATA 	Keypress: space
43.7596 	EXP 	go_plus: autoDraw = False
43.7596 	EXP 	go_image: autoDraw = False
43.7596 	EXP 	inter_stim_plus: autoDraw = True
50.2764 	EXP 	inter_stim_plus: autoDraw = False
50.2764 	EXP 	inter_stim_plus: autoDraw = False
50.2764 	EXP 	go_image: image = 'go_stimuli\\puppy_11.jpeg'
50.2764 	EXP 	go_plus: autoDraw = True
50.2764 	EXP 	go_image: autoDraw = True
50.7644 	DATA 	Keypress: space
50.7764 	EXP 	go_image: autoDraw = False
53.2603 	EXP 	New trial (rep=0, index=5): OrderedDict([('inter_stim_interval', 5.5), ('GNG_stim', 'go_stimuli\\puppy_3.jpg'), ('match', 1), ('corr_key', 'space')])
53.2764 	EXP 	go_plus: autoDraw = False
53.2764 	EXP 	go_image: autoDraw = False
53.2764 	EXP 	inter_stim_plus: autoDraw = True
58.7935 	EXP 	inter_stim_plus: autoDraw = False
58.7935 	EXP 	inter_stim_plus: autoDraw = False
58.7935 	EXP 	go_image: image = 'go_stimuli\\puppy_3.jpg'
58.7935 	EXP 	go_plus: autoDraw = True
58.7935 	EXP 	go_image: autoDraw = True
59.2306 	EXP 	New trial (rep=0, index=6): OrderedDict([('inter_stim_interval', 4.0), ('GNG_stim', 'go_stimuli\\puppy_28.jpg'), ('match', 1), ('corr_key', 'space')])
59.2329 	DATA 	Keypress: space
59.2432 	EXP 	go_plus: autoDraw = False
59.2432 	EXP 	go_image: autoDraw = False
59.2432 	EXP 	inter_stim_plus: autoDraw = True
63.2936 	EXP 	inter_stim_plus: autoDraw = False
63.2936 	EXP 	inter_stim_plus: autoDraw = False
63.2936 	EXP 	go_image: image = 'go_stimuli\\puppy_28.jpg'
63.2936 	EXP 	go_plus: autoDraw = True
63.2936 	EXP 	go_image: autoDraw = True
63.6809 	EXP 	New trial (rep=0, index=7): OrderedDict([('inter_stim_interval', 4.5), ('GNG_stim', 'go_stimuli\\puppy_30.jpg'), ('match', 1), ('corr_key', 'space')])
63.6831 	DATA 	Keypress: space
63.6933 	EXP 	go_plus: autoDraw = False
63.6933 	EXP 	go_image: autoDraw = False
63.6933 	EXP 	inter_stim_plus: autoDraw = True
68.2269 	EXP 	inter_stim_plus: autoDraw = False
68.2269 	EXP 	inter_stim_plus: autoDraw = False
68.2269 	EXP 	go_image: image = 'go_stimuli\\puppy_30.jpg'
68.2269 	EXP 	go_plus: autoDraw = True
68.2269 	EXP 	go_image: autoDraw = True
68.5476 	EXP 	New trial (rep=0, index=8): OrderedDict([('inter_stim_interval', 6.0), ('GNG_stim', 'go_stimuli\\puppy_17.jpeg'), ('match', 1), ('corr_key', 'space')])
68.5499 	DATA 	Keypress: space
68.5600 	EXP 	go_plus: autoDraw = False
68.5600 	EXP 	go_image: autoDraw = False
68.5600 	EXP 	inter_stim_plus: autoDraw = True
74.6104 	EXP 	inter_stim_plus: autoDraw = False
74.6104 	EXP 	inter_stim_plus: autoDraw = False
74.6104 	EXP 	go_image: image = 'go_stimuli\\puppy_17.jpeg'
74.6104 	EXP 	go_plus: autoDraw = True
74.6104 	EXP 	go_image: autoDraw = True
75.0308 	EXP 	New trial (rep=0, index=9): OrderedDict([('inter_stim_interval', 4.5), ('GNG_stim', 'go_stimuli\\puppy_1.jpg'), ('match', 1), ('corr_key', 'space')])
75.0330 	DATA 	Keypress: space
75.0435 	EXP 	go_plus: autoDraw = False
75.0435 	EXP 	go_image: autoDraw = False
75.0435 	EXP 	inter_stim_plus: autoDraw = True
79.5605 	EXP 	inter_stim_plus: autoDraw = False
79.5605 	EXP 	inter_stim_plus: autoDraw = False
79.5605 	EXP 	go_image: image = 'go_stimuli\\puppy_1.jpg'
79.5605 	EXP 	go_plus: autoDraw = True
79.5605 	EXP 	go_image: autoDraw = True
79.9311 	EXP 	New trial (rep=0, index=10): OrderedDict([('inter_stim_interval', 5.0), ('GNG_stim', 'go_stimuli\\puppy_19.jpeg'), ('match', 1), ('corr_key', 'space')])
79.9336 	DATA 	Keypress: space
79.9435 	EXP 	go_plus: autoDraw = False
79.9435 	EXP 	go_image: autoDraw = False
79.9435 	EXP 	inter_stim_plus: autoDraw = True
84.9939 	EXP 	inter_stim_plus: autoDraw = False
84.9939 	EXP 	inter_stim_plus: autoDraw = False
84.9939 	EXP 	go_image: image = 'go_stimuli\\puppy_19.jpeg'
84.9939 	EXP 	go_plus: autoDraw = True
84.9939 	EXP 	go_image: autoDraw = True
85.3816 	EXP 	New trial (rep=0, index=11): OrderedDict([('inter_stim_interval', 4.5), ('GNG_stim', 'go_stimuli\\puppy_29.jpg'), ('match', 1), ('corr_key', 'space')])
85.3838 	DATA 	Keypress: space
85.3936 	EXP 	go_plus: autoDraw = False
85.3936 	EXP 	go_image: autoDraw = False
85.3936 	EXP 	inter_stim_plus: autoDraw = True
89.9440 	EXP 	inter_stim_plus: autoDraw = False
89.9440 	EXP 	inter_stim_plus: autoDraw = False
89.9440 	EXP 	go_image: image = 'go_stimuli\\puppy_29.jpg'
89.9440 	EXP 	go_plus: autoDraw = True
89.9440 	EXP 	go_image: autoDraw = True
90.3978 	DATA 	Keypress: space
90.4144 	EXP 	New trial (rep=0, index=12): OrderedDict([('inter_stim_interval', 5.0), ('GNG_stim', 'go_stimuli\\puppy_24.jpeg'), ('match', 1), ('corr_key', 'space')])
90.4270 	EXP 	go_plus: autoDraw = False
90.4270 	EXP 	go_image: autoDraw = False
90.4270 	EXP 	inter_stim_plus: autoDraw = True
95.4441 	EXP 	inter_stim_plus: autoDraw = False
95.4441 	EXP 	inter_stim_plus: autoDraw = False
95.4441 	EXP 	go_image: image = 'go_stimuli\\puppy_24.jpeg'
95.4441 	EXP 	go_plus: autoDraw = True
95.4441 	EXP 	go_image: autoDraw = True
95.7980 	EXP 	New trial (rep=0, index=13): OrderedDict([('inter_stim_interval', 5.0), ('GNG_stim', 'go_stimuli\\puppy_8.jpg'), ('match', 1), ('corr_key', 'space')])
95.8002 	DATA 	Keypress: space
95.8104 	EXP 	go_plus: autoDraw = False
95.8104 	EXP 	go_image: autoDraw = False
95.8104 	EXP 	inter_stim_plus: autoDraw = True
100.8272 	EXP 	inter_stim_plus: autoDraw = False
100.8272 	EXP 	inter_stim_plus: autoDraw = False
100.8272 	EXP 	go_image: image = 'go_stimuli\\puppy_8.jpg'
100.8272 	EXP 	go_plus: autoDraw = True
100.8272 	EXP 	go_image: autoDraw = True
101.2315 	EXP 	New trial (rep=0, index=14): OrderedDict([('inter_stim_interval', 4.0), ('GNG_stim', 'go_stimuli\\puppy_10.jpg'), ('match', 1), ('corr_key', 'space')])
101.2337 	DATA 	Keypress: space
101.2438 	EXP 	go_plus: autoDraw = False
101.2438 	EXP 	go_image: autoDraw = False
101.2438 	EXP 	inter_stim_plus: autoDraw = True
105.2606 	EXP 	inter_stim_plus: autoDraw = False
105.2606 	EXP 	inter_stim_plus: autoDraw = False
105.2606 	EXP 	go_image: image = 'go_stimuli\\puppy_10.jpg'
105.2606 	EXP 	go_plus: autoDraw = True
105.2606 	EXP 	go_image: autoDraw = True
105.5982 	DATA 	Keypress: space
105.6148 	EXP 	New trial (rep=0, index=15): OrderedDict([('inter_stim_interval', 4.0), ('GNG_stim', 'go_stimuli\\puppy_12.jpeg'), ('match', 1), ('corr_key', 'space')])
105.6272 	EXP 	go_plus: autoDraw = False
105.6272 	EXP 	go_image: autoDraw = False
105.6272 	EXP 	inter_stim_plus: autoDraw = True
109.6776 	EXP 	inter_stim_plus: autoDraw = False
109.6776 	EXP 	inter_stim_plus: autoDraw = False
109.6776 	EXP 	go_image: image = 'go_stimuli\\puppy_12.jpeg'
109.6776 	EXP 	go_plus: autoDraw = True
109.6776 	EXP 	go_image: autoDraw = True
110.0313 	EXP 	New trial (rep=0, index=16): OrderedDict([('inter_stim_interval', 6.0), ('GNG_stim', 'go_stimuli\\puppy_2.jpg'), ('match', 1), ('corr_key', 'space')])
110.0334 	DATA 	Keypress: space
110.0440 	EXP 	go_plus: autoDraw = False
110.0440 	EXP 	go_image: autoDraw = False
110.0440 	EXP 	inter_stim_plus: autoDraw = True
116.0777 	EXP 	inter_stim_plus: autoDraw = False
116.0777 	EXP 	inter_stim_plus: autoDraw = False
116.0777 	EXP 	go_image: image = 'go_stimuli\\puppy_2.jpg'
116.0777 	EXP 	go_plus: autoDraw = True
116.0777 	EXP 	go_image: autoDraw = True
116.4812 	EXP 	New trial (rep=0, index=17): OrderedDict([('inter_stim_interval', 5.5), ('GNG_stim', 'go_stimuli\\puppy_21.jpeg'), ('match', 1), ('corr_key', 'space')])
116.4834 	DATA 	Keypress: space
116.4941 	EXP 	go_plus: autoDraw = False
116.4941 	EXP 	go_image: autoDraw = False
116.4941 	EXP 	inter_stim_plus: autoDraw = True
122.0111 	EXP 	inter_stim_plus: autoDraw = False
122.0111 	EXP 	inter_stim_plus: autoDraw = False
122.0111 	EXP 	go_image: image = 'go_stimuli\\puppy_21.jpeg'
122.0111 	EXP 	go_plus: autoDraw = True
122.0111 	EXP 	go_image: autoDraw = True
122.5108 	EXP 	go_image: autoDraw = False
122.5322 	EXP 	New trial (rep=0, index=18): OrderedDict([('inter_stim_interval', 5.0), ('GNG_stim', 'go_stimuli\\puppy_7.jpg'), ('match', 1), ('corr_key', 'space')])
122.5344 	DATA 	Keypress: space
122.5442 	EXP 	go_plus: autoDraw = False
122.5442 	EXP 	go_image: autoDraw = False
122.5442 	EXP 	inter_stim_plus: autoDraw = True
127.5613 	EXP 	inter_stim_plus: autoDraw = False
127.5613 	EXP 	inter_stim_plus: autoDraw = False
127.5613 	EXP 	go_image: image = 'go_stimuli\\puppy_7.jpg'
127.5613 	EXP 	go_plus: autoDraw = True
127.5613 	EXP 	go_image: autoDraw = True
128.0609 	EXP 	go_image: autoDraw = False
128.0655 	EXP 	New trial (rep=0, index=19): OrderedDict([('inter_stim_interval', 6.5), ('GNG_stim', 'go_stimuli\\puppy_18.jpeg'), ('match', 1), ('corr_key', 'space')])
128.0677 	DATA 	Keypress: space
128.0776 	EXP 	go_plus: autoDraw = False
128.0776 	EXP 	go_image: autoDraw = False
128.0776 	EXP 	inter_stim_plus: autoDraw = True
134.6280 	EXP 	inter_stim_plus: autoDraw = False
134.6280 	EXP 	inter_stim_plus: autoDraw = False
134.6280 	EXP 	go_image: image = 'go_stimuli\\puppy_18.jpeg'
134.6280 	EXP 	go_plus: autoDraw = True
134.6280 	EXP 	go_image: autoDraw = True
135.0511 	DATA 	Keypress: space
135.0610 	EXP 	go_plus: autoDraw = False
135.0610 	EXP 	go_image: autoDraw = False
135.0610 	EXP 	pause_cross: autoDraw = True
137.0461 	EXP 	New trial (rep=0, index=1): OrderedDict([('task_order', 'GNG_stims-16571317857832632.csv')])
137.0610 	EXP 	pause_cross: autoDraw = False
137.0610 	EXP 	pause_cross: autoDraw = False
137.0610 	EXP 	GNG_instructions_text: autoDraw = True
139.5493 	DATA 	Keypress: space
139.5680 	EXP 	Imported C:\Users\Sim\Desktop\KernelFlow_PsychoPy\participants\participant_03\go_no_go\go_no_go_conditions\GNG_stims-16571317857832632.csv as conditions, 20 conditions, 4 params
139.5683 	EXP 	Created sequence: sequential, trialTypes=20, nReps=1, seed=None
139.5685 	EXP 	New trial (rep=0, index=0): OrderedDict([('inter_stim_inverval', 5.5), ('GNG_stim', 'no_go_stimuli\\spider_1.jpeg'), ('match', 0), ('corr_key', 'None')])
139.5778 	EXP 	GNG_instructions_text: autoDraw = False
139.5778 	EXP 	inter_stim_plus: autoDraw = True
146.2615 	EXP 	inter_stim_plus: autoDraw = False
146.2615 	EXP 	inter_stim_plus: autoDraw = False
146.2615 	EXP 	go_image: image = 'no_go_stimuli\\spider_1.jpeg'
146.2615 	EXP 	go_plus: autoDraw = True
146.2615 	EXP 	go_image: autoDraw = True
146.7612 	EXP 	go_image: autoDraw = False
149.0787 	EXP 	New trial (rep=0, index=1): OrderedDict([('inter_stim_inverval', 5.5), ('GNG_stim', 'go_stimuli\\puppy_1.jpg'), ('match', 1), ('corr_key', 'space')])
149.0946 	EXP 	go_plus: autoDraw = False
149.0946 	EXP 	go_image: autoDraw = False
149.0946 	EXP 	inter_stim_plus: autoDraw = True
155.6283 	EXP 	inter_stim_plus: autoDraw = False
155.6283 	EXP 	inter_stim_plus: autoDraw = False
155.6283 	EXP 	go_image: image = 'go_stimuli\\puppy_1.jpg'
155.6283 	EXP 	go_plus: autoDraw = True
155.6283 	EXP 	go_image: autoDraw = True
156.0488 	EXP 	New trial (rep=0, index=2): OrderedDict([('inter_stim_inverval', 6.5), ('GNG_stim', 'go_stimuli\\puppy_26.jpeg'), ('match', 1), ('corr_key', 'space')])
156.0509 	DATA 	Keypress: space
156.0613 	EXP 	go_plus: autoDraw = False
156.0613 	EXP 	go_image: autoDraw = False
156.0613 	EXP 	inter_stim_plus: autoDraw = True
162.5951 	EXP 	inter_stim_plus: autoDraw = False
162.5951 	EXP 	inter_stim_plus: autoDraw = False
162.5951 	EXP 	go_image: image = 'go_stimuli\\puppy_26.jpeg'
162.5951 	EXP 	go_plus: autoDraw = True
162.5951 	EXP 	go_image: autoDraw = True
163.0155 	EXP 	New trial (rep=0, index=3): OrderedDict([('inter_stim_inverval', 6.0), ('GNG_stim', 'go_stimuli\\puppy_7.jpg'), ('match', 1), ('corr_key', 'space')])
163.0177 	DATA 	Keypress: space
163.0281 	EXP 	go_plus: autoDraw = False
163.0281 	EXP 	go_image: autoDraw = False
163.0281 	EXP 	inter_stim_plus: autoDraw = True
169.5449 	EXP 	inter_stim_plus: autoDraw = False
169.5449 	EXP 	inter_stim_plus: autoDraw = False
169.5449 	EXP 	go_image: image = 'go_stimuli\\puppy_7.jpg'
169.5449 	EXP 	go_plus: autoDraw = True
169.5449 	EXP 	go_image: autoDraw = True
169.9829 	EXP 	New trial (rep=0, index=4): OrderedDict([('inter_stim_inverval', 5.5), ('GNG_stim', 'no_go_stimuli\\spider_19.jpg'), ('match', 0), ('corr_key', 'None')])
169.9853 	DATA 	Keypress: space
169.9949 	EXP 	go_plus: autoDraw = False
169.9949 	EXP 	go_image: autoDraw = False
169.9949 	EXP 	inter_stim_plus: autoDraw = True
176.6953 	EXP 	inter_stim_plus: autoDraw = False
176.6953 	EXP 	inter_stim_plus: autoDraw = False
176.6953 	EXP 	go_image: image = 'no_go_stimuli\\spider_19.jpg'
176.6953 	EXP 	go_plus: autoDraw = True
176.6953 	EXP 	go_image: autoDraw = True
177.1950 	EXP 	go_image: autoDraw = False
179.4957 	EXP 	New trial (rep=0, index=5): OrderedDict([('inter_stim_inverval', 5.0), ('GNG_stim', 'no_go_stimuli\\spider_15.jpeg'), ('match', 0), ('corr_key', 'None')])
179.5118 	EXP 	go_plus: autoDraw = False
179.5118 	EXP 	go_image: autoDraw = False
179.5118 	EXP 	inter_stim_plus: autoDraw = True
186.0621 	EXP 	inter_stim_plus: autoDraw = False
186.0621 	EXP 	inter_stim_plus: autoDraw = False
186.0621 	EXP 	go_image: image = 'no_go_stimuli\\spider_15.jpeg'
186.0621 	EXP 	go_plus: autoDraw = True
186.0621 	EXP 	go_image: autoDraw = True
186.5619 	EXP 	go_image: autoDraw = False
189.0125 	EXP 	New trial (rep=0, index=6): OrderedDict([('inter_stim_inverval', 4.5), ('GNG_stim', 'go_stimuli\\puppy_14.jpeg'), ('match', 1), ('corr_key', 'space')])
189.0286 	EXP 	go_plus: autoDraw = False
189.0286 	EXP 	go_image: autoDraw = False
189.0286 	EXP 	inter_stim_plus: autoDraw = True
195.5624 	EXP 	inter_stim_plus: autoDraw = False
195.5624 	EXP 	inter_stim_plus: autoDraw = False
195.5624 	EXP 	go_image: image = 'go_stimuli\\puppy_14.jpeg'
195.5624 	EXP 	go_plus: autoDraw = True
195.5624 	EXP 	go_image: autoDraw = True
196.0620 	EXP 	go_image: autoDraw = False
196.1164 	EXP 	New trial (rep=0, index=7): OrderedDict([('inter_stim_inverval', 4.5), ('GNG_stim', 'no_go_stimuli\\spider_5.jpeg'), ('match', 0), ('corr_key', 'None')])
196.1187 	DATA 	Keypress: space
196.1287 	EXP 	go_plus: autoDraw = False
196.1287 	EXP 	go_image: autoDraw = False
196.1287 	EXP 	inter_stim_plus: autoDraw = True
202.7957 	EXP 	inter_stim_plus: autoDraw = False
202.7957 	EXP 	inter_stim_plus: autoDraw = False
202.7957 	EXP 	go_image: image = 'no_go_stimuli\\spider_5.jpeg'
202.7957 	EXP 	go_plus: autoDraw = True
202.7957 	EXP 	go_image: autoDraw = True
203.2955 	EXP 	go_image: autoDraw = False
205.6294 	EXP 	New trial (rep=0, index=8): OrderedDict([('inter_stim_inverval', 6.0), ('GNG_stim', 'no_go_stimuli\\spider_11.jpeg'), ('match', 0), ('corr_key', 'None')])
205.6455 	EXP 	go_plus: autoDraw = False
205.6455 	EXP 	go_image: autoDraw = False
205.6455 	EXP 	inter_stim_plus: autoDraw = True
212.1959 	EXP 	inter_stim_plus: autoDraw = False
212.1959 	EXP 	inter_stim_plus: autoDraw = False
212.1959 	EXP 	go_image: image = 'no_go_stimuli\\spider_11.jpeg'
212.1959 	EXP 	go_plus: autoDraw = True
212.1959 	EXP 	go_image: autoDraw = True
212.6956 	EXP 	go_image: autoDraw = False
215.1463 	EXP 	New trial (rep=0, index=9): OrderedDict([('inter_stim_inverval', 5.5), ('GNG_stim', 'go_stimuli\\puppy_10.jpg'), ('match', 1), ('corr_key', 'space')])
215.1623 	EXP 	go_plus: autoDraw = False
215.1623 	EXP 	go_image: autoDraw = False
215.1623 	EXP 	inter_stim_plus: autoDraw = True
221.6794 	EXP 	inter_stim_plus: autoDraw = False
221.6794 	EXP 	inter_stim_plus: autoDraw = False
221.6794 	EXP 	go_image: image = 'go_stimuli\\puppy_10.jpg'
221.6794 	EXP 	go_plus: autoDraw = True
221.6794 	EXP 	go_image: autoDraw = True
222.1790 	EXP 	go_image: autoDraw = False
222.1996 	EXP 	New trial (rep=0, index=10): OrderedDict([('inter_stim_inverval', 5.5), ('GNG_stim', 'no_go_stimuli\\spider_25.jpg'), ('match', 0), ('corr_key', 'None')])
222.2020 	DATA 	Keypress: space
222.2124 	EXP 	go_plus: autoDraw = False
222.2124 	EXP 	go_image: autoDraw = False
222.2124 	EXP 	inter_stim_plus: autoDraw = True
228.7295 	EXP 	inter_stim_plus: autoDraw = False
228.7295 	EXP 	inter_stim_plus: autoDraw = False
228.7295 	EXP 	go_image: image = 'no_go_stimuli\\spider_25.jpg'
228.7295 	EXP 	go_plus: autoDraw = True
228.7295 	EXP 	go_image: autoDraw = True
229.2292 	EXP 	go_image: autoDraw = False
231.7131 	EXP 	New trial (rep=0, index=11): OrderedDict([('inter_stim_inverval', 5.0), ('GNG_stim', 'no_go_stimuli\\spider_17.jpeg'), ('match', 0), ('corr_key', 'None')])
231.7292 	EXP 	go_plus: autoDraw = False
231.7292 	EXP 	go_image: autoDraw = False
231.7292 	EXP 	inter_stim_plus: autoDraw = True
238.2462 	EXP 	inter_stim_plus: autoDraw = False
238.2462 	EXP 	inter_stim_plus: autoDraw = False
238.2462 	EXP 	go_image: image = 'no_go_stimuli\\spider_17.jpeg'
238.2462 	EXP 	go_plus: autoDraw = True
238.2462 	EXP 	go_image: autoDraw = True
238.7460 	EXP 	go_image: autoDraw = False
241.2300 	EXP 	New trial (rep=0, index=12): OrderedDict([('inter_stim_inverval', 6.0), ('GNG_stim', 'go_stimuli\\puppy_3.jpg'), ('match', 1), ('corr_key', 'space')])
241.2460 	EXP 	go_plus: autoDraw = False
241.2460 	EXP 	go_image: autoDraw = False
241.2460 	EXP 	inter_stim_plus: autoDraw = True
247.7630 	EXP 	inter_stim_plus: autoDraw = False
247.7630 	EXP 	inter_stim_plus: autoDraw = False
247.7630 	EXP 	go_image: image = 'go_stimuli\\puppy_3.jpg'
247.7630 	EXP 	go_plus: autoDraw = True
247.7630 	EXP 	go_image: autoDraw = True
248.2628 	EXP 	go_image: autoDraw = False
248.3173 	DATA 	Keypress: space
248.3338 	EXP 	New trial (rep=0, index=13): OrderedDict([('inter_stim_inverval', 4.5), ('GNG_stim', 'go_stimuli\\puppy_17.jpeg'), ('match', 1), ('corr_key', 'space')])
248.3461 	EXP 	go_plus: autoDraw = False
248.3461 	EXP 	go_image: autoDraw = False
248.3461 	EXP 	inter_stim_plus: autoDraw = True
254.8965 	EXP 	inter_stim_plus: autoDraw = False
254.8965 	EXP 	inter_stim_plus: autoDraw = False
254.8965 	EXP 	go_image: image = 'go_stimuli\\puppy_17.jpeg'
254.8965 	EXP 	go_plus: autoDraw = True
254.8965 	EXP 	go_image: autoDraw = True
255.3962 	EXP 	go_image: autoDraw = False
255.4837 	EXP 	New trial (rep=0, index=14): OrderedDict([('inter_stim_inverval', 5.0), ('GNG_stim', 'go_stimuli\\puppy_21.jpeg'), ('match', 1), ('corr_key', 'space')])
255.4860 	DATA 	Keypress: space
255.4963 	EXP 	go_plus: autoDraw = False
255.4963 	EXP 	go_image: autoDraw = False
255.4963 	EXP 	inter_stim_plus: autoDraw = True
262.0300 	EXP 	inter_stim_plus: autoDraw = False
262.0300 	EXP 	inter_stim_plus: autoDraw = False
262.0300 	EXP 	go_image: image = 'go_stimuli\\puppy_21.jpeg'
262.0300 	EXP 	go_plus: autoDraw = True
262.0300 	EXP 	go_image: autoDraw = True
262.5297 	EXP 	go_image: autoDraw = False
262.6177 	EXP 	New trial (rep=0, index=15): OrderedDict([('inter_stim_inverval', 4.5), ('GNG_stim', 'no_go_stimuli\\spider_27.jpeg'), ('match', 0), ('corr_key', 'None')])
262.6200 	DATA 	Keypress: space
262.6297 	EXP 	go_plus: autoDraw = False
262.6297 	EXP 	go_image: autoDraw = False
262.6297 	EXP 	inter_stim_plus: autoDraw = True
269.5801 	EXP 	inter_stim_plus: autoDraw = False
269.5801 	EXP 	inter_stim_plus: autoDraw = False
269.5801 	EXP 	go_image: image = 'no_go_stimuli\\spider_27.jpeg'
269.5801 	EXP 	go_plus: autoDraw = True
269.5801 	EXP 	go_image: autoDraw = True
270.0798 	EXP 	go_image: autoDraw = False
272.1304 	EXP 	New trial (rep=0, index=16): OrderedDict([('inter_stim_inverval', 4.0), ('GNG_stim', 'go_stimuli\\puppy_16.jpeg'), ('match', 1), ('corr_key', 'space')])
272.1465 	EXP 	go_plus: autoDraw = False
272.1465 	EXP 	go_image: autoDraw = False
272.1465 	EXP 	inter_stim_plus: autoDraw = True
278.6969 	EXP 	inter_stim_plus: autoDraw = False
278.6969 	EXP 	inter_stim_plus: autoDraw = False
278.6969 	EXP 	go_image: image = 'go_stimuli\\puppy_16.jpeg'
278.6969 	EXP 	go_plus: autoDraw = True
278.6969 	EXP 	go_image: autoDraw = True
279.1966 	EXP 	go_image: autoDraw = False
279.2173 	EXP 	New trial (rep=0, index=17): OrderedDict([('inter_stim_inverval', 4.0), ('GNG_stim', 'no_go_stimuli\\spider_22.jpg'), ('match', 0), ('corr_key', 'None')])
279.2197 	DATA 	Keypress: space
279.2300 	EXP 	go_plus: autoDraw = False
279.2300 	EXP 	go_image: autoDraw = False
279.2300 	EXP 	inter_stim_plus: autoDraw = True
285.7470 	EXP 	inter_stim_plus: autoDraw = False
285.7470 	EXP 	inter_stim_plus: autoDraw = False
285.7470 	EXP 	go_image: image = 'no_go_stimuli\\spider_22.jpg'
285.7470 	EXP 	go_plus: autoDraw = True
285.7470 	EXP 	go_image: autoDraw = True
286.2467 	EXP 	go_image: autoDraw = False
288.7307 	EXP 	New trial (rep=0, index=18): OrderedDict([('inter_stim_inverval', 5.0), ('GNG_stim', 'no_go_stimuli\\spider_24.jpeg'), ('match', 0), ('corr_key', 'None')])
288.7467 	EXP 	go_plus: autoDraw = False
288.7467 	EXP 	go_image: autoDraw = False
288.7467 	EXP 	inter_stim_plus: autoDraw = True
295.3971 	EXP 	inter_stim_plus: autoDraw = False
295.3971 	EXP 	inter_stim_plus: autoDraw = False
295.3971 	EXP 	go_image: image = 'no_go_stimuli\\spider_24.jpeg'
295.3971 	EXP 	go_plus: autoDraw = True
295.3971 	EXP 	go_image: autoDraw = True
295.8969 	EXP 	go_image: autoDraw = False
298.2475 	EXP 	New trial (rep=0, index=19): OrderedDict([('inter_stim_inverval', 5.0), ('GNG_stim', 'go_stimuli\\puppy_11.jpeg'), ('match', 1), ('corr_key', 'space')])
298.2636 	EXP 	go_plus: autoDraw = False
298.2636 	EXP 	go_image: autoDraw = False
298.2636 	EXP 	inter_stim_plus: autoDraw = True
304.7972 	EXP 	inter_stim_plus: autoDraw = False
304.7972 	EXP 	inter_stim_plus: autoDraw = False
304.7972 	EXP 	go_image: image = 'go_stimuli\\puppy_11.jpeg'
304.7972 	EXP 	go_plus: autoDraw = True
304.7972 	EXP 	go_image: autoDraw = True
305.2970 	EXP 	go_image: autoDraw = False
305.3873 	DATA 	Keypress: space
305.3970 	EXP 	go_plus: autoDraw = False
305.3970 	EXP 	go_image: autoDraw = False
305.3970 	EXP 	pause_cross: autoDraw = True
307.3822 	EXP 	New trial (rep=0, index=2): OrderedDict([('task_order', 'go_stims-16571317857842567.csv')])
307.3970 	EXP 	pause_cross: autoDraw = False
307.3970 	EXP 	pause_cross: autoDraw = False
307.3970 	EXP 	GNG_instructions_text: autoDraw = True
309.0997 	DATA 	Keypress: space
309.3872 	EXP 	Imported C:\Users\Sim\Desktop\KernelFlow_PsychoPy\participants\participant_03\go_no_go\go_no_go_conditions\go_stims-16571317857842567.csv as conditions, 20 conditions, 4 params
309.3875 	EXP 	Created sequence: sequential, trialTypes=20, nReps=1, seed=None
309.3877 	EXP 	New trial (rep=0, index=0): OrderedDict([('inter_stim_interval', 6.5), ('GNG_stim', 'go_stimuli\\puppy_15.jpeg'), ('match', 1), ('corr_key', 'space')])
309.3971 	EXP 	GNG_instructions_text: autoDraw = False
309.3971 	EXP 	inter_stim_plus: autoDraw = True
315.9308 	EXP 	inter_stim_plus: autoDraw = False
315.9308 	EXP 	inter_stim_plus: autoDraw = False
315.9308 	EXP 	go_image: image = 'go_stimuli\\puppy_15.jpeg'
315.9308 	EXP 	go_plus: autoDraw = True
315.9308 	EXP 	go_image: autoDraw = True
316.4018 	EXP 	New trial (rep=0, index=1): OrderedDict([('inter_stim_interval', 4.0), ('GNG_stim', 'go_stimuli\\puppy_22.jpeg'), ('match', 1), ('corr_key', 'space')])
316.4049 	DATA 	Keypress: space
316.4138 	EXP 	go_plus: autoDraw = False
316.4138 	EXP 	go_image: autoDraw = False
316.4138 	EXP 	inter_stim_plus: autoDraw = True
320.4474 	EXP 	inter_stim_plus: autoDraw = False
320.4474 	EXP 	inter_stim_plus: autoDraw = False
320.4474 	EXP 	go_image: image = 'go_stimuli\\puppy_22.jpeg'
320.4474 	EXP 	go_plus: autoDraw = True
320.4474 	EXP 	go_image: autoDraw = True
320.9344 	EXP 	New trial (rep=0, index=2): OrderedDict([('inter_stim_interval', 6.5), ('GNG_stim', 'go_stimuli\\puppy_12.jpeg'), ('match', 1), ('corr_key', 'space')])
320.9367 	DATA 	Keypress: space
320.9472 	EXP 	go_image: autoDraw = False
320.9472 	EXP 	go_plus: autoDraw = False
320.9472 	EXP 	go_image: autoDraw = False
320.9472 	EXP 	inter_stim_plus: autoDraw = True
327.4976 	EXP 	inter_stim_plus: autoDraw = False
327.4976 	EXP 	inter_stim_plus: autoDraw = False
327.4976 	EXP 	go_image: image = 'go_stimuli\\puppy_12.jpeg'
327.4976 	EXP 	go_plus: autoDraw = True
327.4976 	EXP 	go_image: autoDraw = True
327.9845 	EXP 	New trial (rep=0, index=3): OrderedDict([('inter_stim_interval', 4.0), ('GNG_stim', 'go_stimuli\\puppy_19.jpeg'), ('match', 1), ('corr_key', 'space')])
327.9869 	DATA 	Keypress: space
327.9973 	EXP 	go_image: autoDraw = False
327.9973 	EXP 	go_plus: autoDraw = False
327.9973 	EXP 	go_image: autoDraw = False
327.9973 	EXP 	inter_stim_plus: autoDraw = True
332.0476 	EXP 	inter_stim_plus: autoDraw = False
332.0476 	EXP 	inter_stim_plus: autoDraw = False
332.0476 	EXP 	go_image: image = 'go_stimuli\\puppy_19.jpeg'
332.0476 	EXP 	go_plus: autoDraw = True
332.0476 	EXP 	go_image: autoDraw = True
332.5474 	EXP 	go_image: autoDraw = False
332.5513 	EXP 	New trial (rep=0, index=4): OrderedDict([('inter_stim_interval', 6.5), ('GNG_stim', 'go_stimuli\\puppy_24.jpeg'), ('match', 1), ('corr_key', 'space')])
332.5537 	DATA 	Keypress: space
332.5641 	EXP 	go_plus: autoDraw = False
332.5641 	EXP 	go_image: autoDraw = False
332.5641 	EXP 	inter_stim_plus: autoDraw = True
339.0812 	EXP 	inter_stim_plus: autoDraw = False
339.0812 	EXP 	inter_stim_plus: autoDraw = False
339.0812 	EXP 	go_image: image = 'go_stimuli\\puppy_24.jpeg'
339.0812 	EXP 	go_plus: autoDraw = True
339.0812 	EXP 	go_image: autoDraw = True
339.5516 	EXP 	New trial (rep=0, index=5): OrderedDict([('inter_stim_interval', 4.0), ('GNG_stim', 'go_stimuli\\puppy_20.jpeg'), ('match', 1), ('corr_key', 'space')])
339.5539 	DATA 	Keypress: space
339.5641 	EXP 	go_plus: autoDraw = False
339.5641 	EXP 	go_image: autoDraw = False
339.5641 	EXP 	inter_stim_plus: autoDraw = True
343.5811 	EXP 	inter_stim_plus: autoDraw = False
343.5811 	EXP 	inter_stim_plus: autoDraw = False
343.5811 	EXP 	go_image: image = 'go_stimuli\\puppy_20.jpeg'
343.5811 	EXP 	go_plus: autoDraw = True
343.5811 	EXP 	go_image: autoDraw = True
344.0516 	EXP 	New trial (rep=0, index=6): OrderedDict([('inter_stim_interval', 5.0), ('GNG_stim', 'go_stimuli\\puppy_9.jpg'), ('match', 1), ('corr_key', 'space')])
344.0539 	DATA 	Keypress: space
344.0643 	EXP 	go_plus: autoDraw = False
344.0643 	EXP 	go_image: autoDraw = False
344.0643 	EXP 	inter_stim_plus: autoDraw = True
349.0810 	EXP 	inter_stim_plus: autoDraw = False
349.0810 	EXP 	inter_stim_plus: autoDraw = False
349.0810 	EXP 	go_image: image = 'go_stimuli\\puppy_9.jpg'
349.0810 	EXP 	go_plus: autoDraw = True
349.0810 	EXP 	go_image: autoDraw = True
349.5190 	EXP 	New trial (rep=0, index=7): OrderedDict([('inter_stim_interval', 5.0), ('GNG_stim', 'go_stimuli\\puppy_13.jpg'), ('match', 1), ('corr_key', 'space')])
349.5213 	DATA 	Keypress: space
349.5310 	EXP 	go_plus: autoDraw = False
349.5310 	EXP 	go_image: autoDraw = False
349.5310 	EXP 	inter_stim_plus: autoDraw = True
354.5813 	EXP 	inter_stim_plus: autoDraw = False
354.5813 	EXP 	inter_stim_plus: autoDraw = False
354.5813 	EXP 	go_image: image = 'go_stimuli\\puppy_13.jpg'
354.5813 	EXP 	go_plus: autoDraw = True
354.5813 	EXP 	go_image: autoDraw = True
355.0023 	EXP 	New trial (rep=0, index=8): OrderedDict([('inter_stim_interval', 6.5), ('GNG_stim', 'go_stimuli\\puppy_6.jpg'), ('match', 1), ('corr_key', 'space')])
355.0047 	DATA 	Keypress: space
355.0144 	EXP 	go_plus: autoDraw = False
355.0144 	EXP 	go_image: autoDraw = False
355.0144 	EXP 	inter_stim_plus: autoDraw = True
361.5311 	EXP 	inter_stim_plus: autoDraw = False
361.5311 	EXP 	inter_stim_plus: autoDraw = False
361.5311 	EXP 	go_image: image = 'go_stimuli\\puppy_6.jpg'
361.5311 	EXP 	go_plus: autoDraw = True
361.5311 	EXP 	go_image: autoDraw = True
362.0312 	EXP 	go_image: autoDraw = False
362.1023 	EXP 	New trial (rep=0, index=9): OrderedDict([('inter_stim_interval', 4.5), ('GNG_stim', 'go_stimuli\\puppy_28.jpg'), ('match', 1), ('corr_key', 'space')])
362.1047 	DATA 	Keypress: space
362.1145 	EXP 	go_plus: autoDraw = False
362.1145 	EXP 	go_image: autoDraw = False
362.1145 	EXP 	inter_stim_plus: autoDraw = True
366.6648 	EXP 	inter_stim_plus: autoDraw = False
366.6648 	EXP 	inter_stim_plus: autoDraw = False
366.6648 	EXP 	go_image: image = 'go_stimuli\\puppy_28.jpg'
366.6648 	EXP 	go_plus: autoDraw = True
366.6648 	EXP 	go_image: autoDraw = True
367.0696 	DATA 	Keypress: space
367.0850 	EXP 	New trial (rep=0, index=10): OrderedDict([('inter_stim_interval', 5.0), ('GNG_stim', 'go_stimuli\\puppy_21.jpeg'), ('match', 1), ('corr_key', 'space')])
367.0979 	EXP 	go_plus: autoDraw = False
367.0979 	EXP 	go_image: autoDraw = False
367.0979 	EXP 	inter_stim_plus: autoDraw = True
372.1149 	EXP 	inter_stim_plus: autoDraw = False
372.1149 	EXP 	inter_stim_plus: autoDraw = False
372.1149 	EXP 	go_image: image = 'go_stimuli\\puppy_21.jpeg'
372.1149 	EXP 	go_plus: autoDraw = True
372.1149 	EXP 	go_image: autoDraw = True
372.5025 	EXP 	New trial (rep=0, index=11): OrderedDict([('inter_stim_interval', 4.5), ('GNG_stim', 'go_stimuli\\puppy_11.jpeg'), ('match', 1), ('corr_key', 'space')])
372.5048 	DATA 	Keypress: space
372.5146 	EXP 	go_plus: autoDraw = False
372.5146 	EXP 	go_image: autoDraw = False
372.5146 	EXP 	inter_stim_plus: autoDraw = True
377.0317 	EXP 	inter_stim_plus: autoDraw = False
377.0317 	EXP 	inter_stim_plus: autoDraw = False
377.0317 	EXP 	go_image: image = 'go_stimuli\\puppy_11.jpeg'
377.0317 	EXP 	go_plus: autoDraw = True
377.0317 	EXP 	go_image: autoDraw = True
377.4367 	DATA 	Keypress: space
377.4521 	EXP 	New trial (rep=0, index=12): OrderedDict([('inter_stim_interval', 4.5), ('GNG_stim', 'go_stimuli\\puppy_26.jpeg'), ('match', 1), ('corr_key', 'space')])
377.4647 	EXP 	go_plus: autoDraw = False
377.4647 	EXP 	go_image: autoDraw = False
377.4647 	EXP 	inter_stim_plus: autoDraw = True
381.9985 	EXP 	inter_stim_plus: autoDraw = False
381.9985 	EXP 	inter_stim_plus: autoDraw = False
381.9985 	EXP 	go_image: image = 'go_stimuli\\puppy_26.jpeg'
381.9985 	EXP 	go_plus: autoDraw = True
381.9985 	EXP 	go_image: autoDraw = True
382.4188 	EXP 	New trial (rep=0, index=13): OrderedDict([('inter_stim_interval', 4.0), ('GNG_stim', 'go_stimuli\\puppy_14.jpeg'), ('match', 1), ('corr_key', 'space')])
382.4211 	DATA 	Keypress: space
382.4315 	EXP 	go_plus: autoDraw = False
382.4315 	EXP 	go_image: autoDraw = False
382.4315 	EXP 	inter_stim_plus: autoDraw = True
386.4650 	EXP 	inter_stim_plus: autoDraw = False
386.4650 	EXP 	inter_stim_plus: autoDraw = False
386.4650 	EXP 	go_image: image = 'go_stimuli\\puppy_14.jpeg'
386.4650 	EXP 	go_plus: autoDraw = True
386.4650 	EXP 	go_image: autoDraw = True
386.9027 	EXP 	New trial (rep=0, index=14): OrderedDict([('inter_stim_interval', 6.0), ('GNG_stim', 'go_stimuli\\puppy_29.jpg'), ('match', 1), ('corr_key', 'space')])
386.9050 	DATA 	Keypress: space
386.9148 	EXP 	go_plus: autoDraw = False
386.9148 	EXP 	go_image: autoDraw = False
386.9148 	EXP 	inter_stim_plus: autoDraw = True
392.9652 	EXP 	inter_stim_plus: autoDraw = False
392.9652 	EXP 	inter_stim_plus: autoDraw = False
392.9652 	EXP 	go_image: image = 'go_stimuli\\puppy_29.jpg'
392.9652 	EXP 	go_plus: autoDraw = True
392.9652 	EXP 	go_image: autoDraw = True
393.4195 	EXP 	New trial (rep=0, index=15): OrderedDict([('inter_stim_interval', 6.5), ('GNG_stim', 'go_stimuli\\puppy_1.jpg'), ('match', 1), ('corr_key', 'space')])
393.4217 	DATA 	Keypress: space
393.4316 	EXP 	go_plus: autoDraw = False
393.4316 	EXP 	go_image: autoDraw = False
393.4316 	EXP 	inter_stim_plus: autoDraw = True
399.9484 	EXP 	inter_stim_plus: autoDraw = False
399.9484 	EXP 	inter_stim_plus: autoDraw = False
399.9484 	EXP 	go_image: image = 'go_stimuli\\puppy_1.jpg'
399.9484 	EXP 	go_plus: autoDraw = True
399.9484 	EXP 	go_image: autoDraw = True
400.3859 	EXP 	New trial (rep=0, index=16): OrderedDict([('inter_stim_interval', 6.5), ('GNG_stim', 'go_stimuli\\puppy_10.jpg'), ('match', 1), ('corr_key', 'space')])
400.3880 	DATA 	Keypress: space
400.3984 	EXP 	go_plus: autoDraw = False
400.3984 	EXP 	go_image: autoDraw = False
400.3984 	EXP 	inter_stim_plus: autoDraw = True
406.9154 	EXP 	inter_stim_plus: autoDraw = False
406.9154 	EXP 	inter_stim_plus: autoDraw = False
406.9154 	EXP 	go_image: image = 'go_stimuli\\puppy_10.jpg'
406.9154 	EXP 	go_plus: autoDraw = True
406.9154 	EXP 	go_image: autoDraw = True
407.3195 	EXP 	New trial (rep=0, index=17): OrderedDict([('inter_stim_interval', 4.0), ('GNG_stim', 'go_stimuli\\puppy_7.jpg'), ('match', 1), ('corr_key', 'space')])
407.3219 	DATA 	Keypress: space
407.3318 	EXP 	go_plus: autoDraw = False
407.3318 	EXP 	go_image: autoDraw = False
407.3318 	EXP 	inter_stim_plus: autoDraw = True
411.3486 	EXP 	inter_stim_plus: autoDraw = False
411.3486 	EXP 	inter_stim_plus: autoDraw = False
411.3486 	EXP 	go_image: image = 'go_stimuli\\puppy_7.jpg'
411.3486 	EXP 	go_plus: autoDraw = True
411.3486 	EXP 	go_image: autoDraw = True
411.7356 	EXP 	New trial (rep=0, index=18): OrderedDict([('inter_stim_interval', 5.5), ('GNG_stim', 'go_stimuli\\puppy_17.jpeg'), ('match', 1), ('corr_key', 'space')])
411.7380 	DATA 	Keypress: space
411.7485 	EXP 	go_plus: autoDraw = False
411.7485 	EXP 	go_image: autoDraw = False
411.7485 	EXP 	inter_stim_plus: autoDraw = True
417.2989 	EXP 	inter_stim_plus: autoDraw = False
417.2989 	EXP 	inter_stim_plus: autoDraw = False
417.2989 	EXP 	go_image: image = 'go_stimuli\\puppy_17.jpeg'
417.2989 	EXP 	go_plus: autoDraw = True
417.2989 	EXP 	go_image: autoDraw = True
417.7197 	EXP 	New trial (rep=0, index=19): OrderedDict([('inter_stim_interval', 5.0), ('GNG_stim', 'go_stimuli\\puppy_3.jpg'), ('match', 1), ('corr_key', 'space')])
417.7221 	DATA 	Keypress: space
417.7320 	EXP 	go_plus: autoDraw = False
417.7320 	EXP 	go_image: autoDraw = False
417.7320 	EXP 	inter_stim_plus: autoDraw = True
422.7490 	EXP 	inter_stim_plus: autoDraw = False
422.7490 	EXP 	inter_stim_plus: autoDraw = False
422.7490 	EXP 	go_image: image = 'go_stimuli\\puppy_3.jpg'
422.7490 	EXP 	go_plus: autoDraw = True
422.7490 	EXP 	go_image: autoDraw = True
423.1387 	DATA 	Keypress: space
423.1487 	EXP 	go_plus: autoDraw = False
423.1487 	EXP 	go_image: autoDraw = False
423.1487 	EXP 	pause_cross: autoDraw = True
425.1338 	EXP 	New trial (rep=0, index=3): OrderedDict([('task_order', 'GNG_stims-16571317857984877.csv')])
425.1488 	EXP 	pause_cross: autoDraw = False
425.1488 	EXP 	pause_cross: autoDraw = False
425.1488 	EXP 	GNG_instructions_text: autoDraw = True
426.3842 	DATA 	Keypress: space
427.1388 	EXP 	Imported C:\Users\Sim\Desktop\KernelFlow_PsychoPy\participants\participant_03\go_no_go\go_no_go_conditions\GNG_stims-16571317857984877.csv as conditions, 20 conditions, 4 params
427.1391 	EXP 	Created sequence: sequential, trialTypes=20, nReps=1, seed=None
427.1393 	EXP 	New trial (rep=0, index=0): OrderedDict([('inter_stim_inverval', 4.5), ('GNG_stim', 'go_stimuli\\puppy_22.jpeg'), ('match', 1), ('corr_key', 'space')])
427.1488 	EXP 	GNG_instructions_text: autoDraw = False
427.1488 	EXP 	inter_stim_plus: autoDraw = True
432.1658 	EXP 	inter_stim_plus: autoDraw = False
432.1658 	EXP 	inter_stim_plus: autoDraw = False
432.1658 	EXP 	go_image: image = 'go_stimuli\\puppy_22.jpeg'
432.1658 	EXP 	go_plus: autoDraw = True
432.1658 	EXP 	go_image: autoDraw = True
432.6205 	DATA 	Keypress: space
432.6363 	EXP 	New trial (rep=0, index=1): OrderedDict([('inter_stim_inverval', 6.5), ('GNG_stim', 'go_stimuli\\puppy_17.jpeg'), ('match', 1), ('corr_key', 'space')])
432.6488 	EXP 	go_plus: autoDraw = False
432.6488 	EXP 	go_image: autoDraw = False
432.6488 	EXP 	inter_stim_plus: autoDraw = True
437.6992 	EXP 	inter_stim_plus: autoDraw = False
437.6992 	EXP 	inter_stim_plus: autoDraw = False
437.6992 	EXP 	go_image: image = 'go_stimuli\\puppy_17.jpeg'
437.6992 	EXP 	go_plus: autoDraw = True
437.6992 	EXP 	go_image: autoDraw = True
438.1990 	EXP 	go_image: autoDraw = False
438.2207 	DATA 	Keypress: space
438.2362 	EXP 	New trial (rep=0, index=2): OrderedDict([('inter_stim_inverval', 5.5), ('GNG_stim', 'go_stimuli\\puppy_5.jpg'), ('match', 1), ('corr_key', 'space')])
438.2490 	EXP 	go_plus: autoDraw = False
438.2490 	EXP 	go_image: autoDraw = False
438.2490 	EXP 	inter_stim_plus: autoDraw = True
443.3493 	EXP 	inter_stim_plus: autoDraw = False
443.3493 	EXP 	inter_stim_plus: autoDraw = False
443.3493 	EXP 	go_image: image = 'go_stimuli\\puppy_5.jpg'
443.3493 	EXP 	go_plus: autoDraw = True
443.3493 	EXP 	go_image: autoDraw = True
443.7869 	EXP 	New trial (rep=0, index=3): OrderedDict([('inter_stim_inverval', 6.5), ('GNG_stim', 'go_stimuli\\puppy_29.jpg'), ('match', 1), ('corr_key', 'space')])
443.7891 	DATA 	Keypress: space
443.7990 	EXP 	go_plus: autoDraw = False
443.7990 	EXP 	go_image: autoDraw = False
443.7990 	EXP 	inter_stim_plus: autoDraw = True
448.8494 	EXP 	inter_stim_plus: autoDraw = False
448.8494 	EXP 	inter_stim_plus: autoDraw = False
448.8494 	EXP 	go_image: image = 'go_stimuli\\puppy_29.jpg'
448.8494 	EXP 	go_plus: autoDraw = True
448.8494 	EXP 	go_image: autoDraw = True
449.3036 	EXP 	New trial (rep=0, index=4): OrderedDict([('inter_stim_inverval', 5.0), ('GNG_stim', 'no_go_stimuli\\spider_21.jpg'), ('match', 0), ('corr_key', 'None')])
449.3059 	DATA 	Keypress: space
449.3158 	EXP 	go_plus: autoDraw = False
449.3158 	EXP 	go_image: autoDraw = False
449.3158 	EXP 	inter_stim_plus: autoDraw = True
454.3829 	EXP 	inter_stim_plus: autoDraw = False
454.3829 	EXP 	inter_stim_plus: autoDraw = False
454.3829 	EXP 	go_image: image = 'no_go_stimuli\\spider_21.jpg'
454.3829 	EXP 	go_plus: autoDraw = True
454.3829 	EXP 	go_image: autoDraw = True
454.8826 	EXP 	go_image: autoDraw = False
457.3165 	EXP 	New trial (rep=0, index=5): OrderedDict([('inter_stim_inverval', 4.0), ('GNG_stim', 'no_go_stimuli\\spider_19.jpg'), ('match', 0), ('corr_key', 'None')])
457.3326 	EXP 	go_plus: autoDraw = False
457.3326 	EXP 	go_image: autoDraw = False
457.3326 	EXP 	inter_stim_plus: autoDraw = True
462.5330 	EXP 	inter_stim_plus: autoDraw = False
462.5330 	EXP 	inter_stim_plus: autoDraw = False
462.5330 	EXP 	go_image: image = 'no_go_stimuli\\spider_19.jpg'
462.5330 	EXP 	go_plus: autoDraw = True
462.5330 	EXP 	go_image: autoDraw = True
463.0327 	EXP 	go_image: autoDraw = False
465.3333 	EXP 	New trial (rep=0, index=6): OrderedDict([('inter_stim_inverval', 4.5), ('GNG_stim', 'go_stimuli\\puppy_28.jpg'), ('match', 1), ('corr_key', 'space')])
465.3494 	EXP 	go_plus: autoDraw = False
465.3494 	EXP 	go_image: autoDraw = False
465.3494 	EXP 	inter_stim_plus: autoDraw = True
470.3996 	EXP 	inter_stim_plus: autoDraw = False
470.3996 	EXP 	inter_stim_plus: autoDraw = False
470.3996 	EXP 	go_image: image = 'go_stimuli\\puppy_28.jpg'
470.3996 	EXP 	go_plus: autoDraw = True
470.3996 	EXP 	go_image: autoDraw = True
470.8994 	EXP 	go_image: autoDraw = False
471.0371 	DATA 	Keypress: space
471.0538 	EXP 	New trial (rep=0, index=7): OrderedDict([('inter_stim_inverval', 5.5), ('GNG_stim', 'go_stimuli\\puppy_14.jpeg'), ('match', 1), ('corr_key', 'space')])
471.0661 	EXP 	go_plus: autoDraw = False
471.0661 	EXP 	go_image: autoDraw = False
471.0661 	EXP 	inter_stim_plus: autoDraw = True
476.0998 	EXP 	inter_stim_plus: autoDraw = False
476.0998 	EXP 	inter_stim_plus: autoDraw = False
476.0998 	EXP 	go_image: image = 'go_stimuli\\puppy_14.jpeg'
476.0998 	EXP 	go_plus: autoDraw = True
476.0998 	EXP 	go_image: autoDraw = True
476.5995 	EXP 	go_image: autoDraw = False
476.6040 	EXP 	New trial (rep=0, index=8): OrderedDict([('inter_stim_inverval', 4.5), ('GNG_stim', 'go_stimuli\\puppy_12.jpeg'), ('match', 1), ('corr_key', 'space')])
476.6063 	DATA 	Keypress: space
476.6162 	EXP 	go_plus: autoDraw = False
476.6162 	EXP 	go_image: autoDraw = False
476.6162 	EXP 	inter_stim_plus: autoDraw = True
481.6665 	EXP 	inter_stim_plus: autoDraw = False
481.6665 	EXP 	inter_stim_plus: autoDraw = False
481.6665 	EXP 	go_image: image = 'go_stimuli\\puppy_12.jpeg'
481.6665 	EXP 	go_plus: autoDraw = True
481.6665 	EXP 	go_image: autoDraw = True
482.1372 	EXP 	New trial (rep=0, index=9): OrderedDict([('inter_stim_inverval', 6.0), ('GNG_stim', 'go_stimuli\\puppy_26.jpeg'), ('match', 1), ('corr_key', 'space')])
482.1394 	DATA 	Keypress: space
482.1496 	EXP 	go_plus: autoDraw = False
482.1496 	EXP 	go_image: autoDraw = False
482.1496 	EXP 	inter_stim_plus: autoDraw = True
487.1833 	EXP 	inter_stim_plus: autoDraw = False
487.1833 	EXP 	inter_stim_plus: autoDraw = False
487.1833 	EXP 	go_image: image = 'go_stimuli\\puppy_26.jpeg'
487.1833 	EXP 	go_plus: autoDraw = True
487.1833 	EXP 	go_image: autoDraw = True
487.6535 	EXP 	New trial (rep=0, index=10): OrderedDict([('inter_stim_inverval', 4.0), ('GNG_stim', 'no_go_stimuli\\spider_7.jpeg'), ('match', 0), ('corr_key', 'None')])
487.6557 	DATA 	Keypress: space
487.6663 	EXP 	go_plus: autoDraw = False
487.6663 	EXP 	go_image: autoDraw = False
487.6663 	EXP 	inter_stim_plus: autoDraw = True
492.8335 	EXP 	inter_stim_plus: autoDraw = False
492.8335 	EXP 	inter_stim_plus: autoDraw = False
492.8335 	EXP 	go_image: image = 'no_go_stimuli\\spider_7.jpeg'
492.8335 	EXP 	go_plus: autoDraw = True
492.8335 	EXP 	go_image: autoDraw = True
493.3331 	EXP 	go_image: autoDraw = False
495.6670 	EXP 	New trial (rep=0, index=11): OrderedDict([('inter_stim_inverval', 4.0), ('GNG_stim', 'no_go_stimuli\\spider_9.jpeg'), ('match', 0), ('corr_key', 'None')])
495.6832 	EXP 	go_plus: autoDraw = False
495.6832 	EXP 	go_image: autoDraw = False
495.6832 	EXP 	inter_stim_plus: autoDraw = True
500.8836 	EXP 	inter_stim_plus: autoDraw = False
500.8836 	EXP 	inter_stim_plus: autoDraw = False
500.8836 	EXP 	go_image: image = 'no_go_stimuli\\spider_9.jpeg'
500.8836 	EXP 	go_plus: autoDraw = True
500.8836 	EXP 	go_image: autoDraw = True
501.3833 	EXP 	go_image: autoDraw = False
503.6840 	EXP 	New trial (rep=0, index=12): OrderedDict([('inter_stim_inverval', 6.5), ('GNG_stim', 'no_go_stimuli\\spider_18.jpg'), ('match', 0), ('corr_key', 'None')])
503.7000 	EXP 	go_plus: autoDraw = False
503.7000 	EXP 	go_image: autoDraw = False
503.7000 	EXP 	inter_stim_plus: autoDraw = True
508.7503 	EXP 	inter_stim_plus: autoDraw = False
508.7503 	EXP 	inter_stim_plus: autoDraw = False
508.7503 	EXP 	go_image: image = 'no_go_stimuli\\spider_18.jpg'
508.7503 	EXP 	go_plus: autoDraw = True
508.7503 	EXP 	go_image: autoDraw = True
509.2501 	EXP 	go_image: autoDraw = False
511.7007 	EXP 	New trial (rep=0, index=13): OrderedDict([('inter_stim_inverval', 4.5), ('GNG_stim', 'no_go_stimuli\\spider_11.jpeg'), ('match', 0), ('corr_key', 'None')])
511.7168 	EXP 	go_plus: autoDraw = False
511.7168 	EXP 	go_image: autoDraw = False
511.7168 	EXP 	inter_stim_plus: autoDraw = True
516.7672 	EXP 	inter_stim_plus: autoDraw = False
516.7672 	EXP 	inter_stim_plus: autoDraw = False
516.7672 	EXP 	go_image: image = 'no_go_stimuli\\spider_11.jpeg'
516.7672 	EXP 	go_plus: autoDraw = True
516.7672 	EXP 	go_image: autoDraw = True
517.2669 	EXP 	go_image: autoDraw = False
519.7176 	EXP 	New trial (rep=0, index=14): OrderedDict([('inter_stim_inverval', 5.5), ('GNG_stim', 'no_go_stimuli\\spider_20.jpg'), ('match', 0), ('corr_key', 'None')])
519.7336 	EXP 	go_plus: autoDraw = False
519.7336 	EXP 	go_image: autoDraw = False
519.7336 	EXP 	inter_stim_plus: autoDraw = True
525.0505 	EXP 	inter_stim_plus: autoDraw = False
525.0505 	EXP 	inter_stim_plus: autoDraw = False
525.0505 	EXP 	go_image: image = 'no_go_stimuli\\spider_20.jpg'
525.0505 	EXP 	go_plus: autoDraw = True
525.0505 	EXP 	go_image: autoDraw = True
525.5503 	EXP 	go_image: autoDraw = False
527.7343 	EXP 	New trial (rep=0, index=15): OrderedDict([('inter_stim_inverval', 5.0), ('GNG_stim', 'go_stimuli\\puppy_2.jpg'), ('match', 1), ('corr_key', 'space')])
527.7503 	EXP 	go_plus: autoDraw = False
527.7503 	EXP 	go_image: autoDraw = False
527.7503 	EXP 	inter_stim_plus: autoDraw = True
532.8007 	EXP 	inter_stim_plus: autoDraw = False
532.8007 	EXP 	inter_stim_plus: autoDraw = False
532.8007 	EXP 	go_image: image = 'go_stimuli\\puppy_2.jpg'
532.8007 	EXP 	go_plus: autoDraw = True
532.8007 	EXP 	go_image: autoDraw = True
533.3004 	EXP 	go_image: autoDraw = False
533.3383 	EXP 	New trial (rep=0, index=16): OrderedDict([('inter_stim_inverval', 5.0), ('GNG_stim', 'no_go_stimuli\\spider_6.jpeg'), ('match', 0), ('corr_key', 'None')])
533.3407 	DATA 	Keypress: space
533.3504 	EXP 	go_plus: autoDraw = False
533.3504 	EXP 	go_image: autoDraw = False
533.3504 	EXP 	inter_stim_plus: autoDraw = True
538.5342 	EXP 	inter_stim_plus: autoDraw = False
538.5342 	EXP 	inter_stim_plus: autoDraw = False
538.5342 	EXP 	go_image: image = 'no_go_stimuli\\spider_6.jpeg'
538.5342 	EXP 	go_plus: autoDraw = True
538.5342 	EXP 	go_image: autoDraw = True
539.0339 	EXP 	go_image: autoDraw = False
541.3511 	EXP 	New trial (rep=0, index=17): OrderedDict([('inter_stim_inverval', 4.0), ('GNG_stim', 'no_go_stimuli\\spider_3.jpeg'), ('match', 0), ('corr_key', 'None')])
541.3672 	EXP 	go_plus: autoDraw = False
541.3672 	EXP 	go_image: autoDraw = False
541.3672 	EXP 	inter_stim_plus: autoDraw = True
546.4340 	EXP 	inter_stim_plus: autoDraw = False
546.4340 	EXP 	inter_stim_plus: autoDraw = False
546.4340 	EXP 	go_image: image = 'no_go_stimuli\\spider_3.jpeg'
546.4340 	EXP 	go_plus: autoDraw = True
546.4340 	EXP 	go_image: autoDraw = True
546.9339 	EXP 	go_image: autoDraw = False
549.3680 	EXP 	New trial (rep=0, index=18): OrderedDict([('inter_stim_inverval', 6.5), ('GNG_stim', 'go_stimuli\\puppy_7.jpg'), ('match', 1), ('corr_key', 'space')])
549.3840 	EXP 	go_plus: autoDraw = False
549.3840 	EXP 	go_image: autoDraw = False
549.3840 	EXP 	inter_stim_plus: autoDraw = True
554.4176 	EXP 	inter_stim_plus: autoDraw = False
554.4176 	EXP 	inter_stim_plus: autoDraw = False
554.4176 	EXP 	go_image: image = 'go_stimuli\\puppy_7.jpg'
554.4176 	EXP 	go_plus: autoDraw = True
554.4176 	EXP 	go_image: autoDraw = True
554.9174 	EXP 	go_image: autoDraw = False
555.0882 	EXP 	New trial (rep=0, index=19): OrderedDict([('inter_stim_inverval', 4.5), ('GNG_stim', 'no_go_stimuli\\spider_12.jpeg'), ('match', 0), ('corr_key', 'None')])
555.0906 	DATA 	Keypress: space
555.1007 	EXP 	go_plus: autoDraw = False
555.1007 	EXP 	go_image: autoDraw = False
555.1007 	EXP 	inter_stim_plus: autoDraw = True
560.1510 	EXP 	inter_stim_plus: autoDraw = False
560.1510 	EXP 	inter_stim_plus: autoDraw = False
560.1510 	EXP 	go_image: image = 'no_go_stimuli\\spider_12.jpeg'
560.1510 	EXP 	go_plus: autoDraw = True
560.1510 	EXP 	go_image: autoDraw = True
560.6508 	EXP 	go_image: autoDraw = False
563.1175 	EXP 	go_plus: autoDraw = False
563.1175 	EXP 	go_image: autoDraw = False
563.1175 	EXP 	pause_cross: autoDraw = True
565.1176 	EXP 	pause_cross: autoDraw = False
565.1176 	EXP 	done_text: autoDraw = True
568.4823 	EXP 	window1: mouseVisible = True
