8.3857 	EXP 	Created window1 = Window(allowGUI=False, allowStencil=False, autoLog=True, backendConf=UNKNOWN, bitsMode=UNKNOWN, blendMode='avg', bpc=(8, 8, 8), color=array([-0.7, -0.7, -0.7]), colorSpace='rgb', depthBits=8, fullscr=<method-wrapper '__getattribute__' of attributeSetter object at 0x000001D15756F8D0>, gamma=None, gammaErrorPolicy='raise', lms=UNKNOWN, monitor=<psychopy.monitors.calibTools.Monitor object at 0x000001D157512D30>, multiSample=False, name='window1', numSamples=2, pos=[0.0, 0.0], screen=0, size=array([1920, 1080]), stencilBits=0, stereo=False, units='height', useFBO=True, useRetina=False, viewOri=0.0, viewPos=None, viewScale=None, waitBlanking=True, winType='pyglet')
8.3860 	EXP 	window1: mouseVisible = True
8.3861 	EXP 	window1: recordFrameIntervals = False
8.5519 	EXP 	window1: recordFrameIntervals = True
8.7354 	EXP 	window1: recordFrameIntervals = False
8.9976 	EXP 	window1: mouseVisible = False
9.0030 	EXP 	UDP Sent: marker_ID=15, marker_value=31, marker_string=king_devick_start, timestamp=1657139325612812800
9.0899 	EXP 	Created instructions_text = TextStim(__class__=<class 'psychopy.visual.text.TextStim'>, alignHoriz=method-wrapper(...), alignText='center', alignVert=method-wrapper(...), anchorHoriz='center', anchorVert='center', antialias=True, autoLog=True, bold=False, color=array([1., 1., 1.]), colorSpace='rgb', contrast=1.0, depth=0.0, flipHoriz=False, flipVert=False, font='Open Sans', fontFiles=[], height=0.05, italic=False, languageStyle='LTR', name='instructions_text', opacity=1, ori=0.0, pos=array([0., 0.]), rgb=UNKNOWN, text=str(...), units='height', win=Window(...), wrapWidth=1)
9.1204 	EXP 	Created demo_instructions_text = TextStim(__class__=<class 'psychopy.visual.text.TextStim'>, alignHoriz=method-wrapper(...), alignText='center', alignVert=method-wrapper(...), anchorHoriz='center', anchorVert='center', antialias=True, autoLog=True, bold=False, color=array([1., 1., 1.]), colorSpace='rgb', contrast=1.0, depth=0.0, flipHoriz=False, flipVert=False, font='Open Sans', fontFiles=[], height=0.06, italic=False, languageStyle='LTR', name='demo_instructions_text', opacity=1, ori=0.0, pos=array([0., 0.]), rgb=UNKNOWN, text=str(...), units='height', win=Window(...), wrapWidth=1)
9.2463 	EXP 	Created demo_image = ImageStim(__class__=<class 'psychopy.visual.image.ImageStim'>, autoLog=True, color=array([1., 1., 1.]), colorSpace='rgb', contrast=1.0, depth=0.0, flipHoriz=False, flipVert=False, image='king_devick_stimuli/demo_card.jpg', interpolate=True, mask=None, maskParams=None, name='demo_image', opacity=1, ori=0.0, pos=array([0., 0.]), size=array([0.85, 0.85]), texRes=128.0, units='height', win=Window(...))
9.2635 	EXP 	Created card_instructions_text = TextStim(__class__=<class 'psychopy.visual.text.TextStim'>, alignHoriz=method-wrapper(...), alignText='center', alignVert=method-wrapper(...), anchorHoriz='center', anchorVert='center', antialias=True, autoLog=True, bold=False, color=array([1., 1., 1.]), colorSpace='rgb', contrast=1.0, depth=0.0, flipHoriz=False, flipVert=False, font='Open Sans', fontFiles=[], height=0.06, italic=False, languageStyle='LTR', name='card_instructions_text', opacity=1, ori=0.0, pos=array([0., 0.]), rgb=UNKNOWN, text=str(...), units='height', win=Window(...), wrapWidth=1)
9.2690 	EXP 	Created card_image = ImageStim(__class__=<class 'psychopy.visual.image.ImageStim'>, autoLog=True, color=array([1., 1., 1.]), colorSpace='rgb', contrast=1.0, depth=0.0, flipHoriz=False, flipVert=False, image='sin', interpolate=True, mask=None, maskParams=None, name='card_image', opacity=1, ori=0.0, pos=array([0., 0.]), size=array([0.85, 0.85]), texRes=128.0, units='height', win=Window(...))
9.2889 	EXP 	Created done_text = TextStim(__class__=<class 'psychopy.visual.text.TextStim'>, alignHoriz=method-wrapper(...), alignText='center', alignVert=method-wrapper(...), anchorHoriz='center', anchorVert='center', antialias=True, autoLog=True, bold=False, color=array([1., 1., 1.]), colorSpace='rgb', contrast=1.0, depth=0.0, flipHoriz=False, flipVert=False, font='Open Sans', fontFiles=[], height=0.1, italic=False, languageStyle='LTR', name='done_text', opacity=1, ori=0.0, pos=array([0., 0.]), rgb=UNKNOWN, text='The King Devick task is now complete.', units='height', win=Window(...), wrapWidth=1)
9.3707 	EXP 	instructions_text: autoDraw = True
10.9560 	DATA 	Keypress: space
10.9853 	EXP 	instructions_text: autoDraw = False
10.9853 	EXP 	demo_instructions_text: autoDraw = True
12.2934 	DATA 	Keypress: space
12.3020 	EXP 	demo_instructions_text: autoDraw = False
12.3020 	EXP 	demo_image: autoDraw = True
35.9430 	EXP 	Imported king_devick_TO.csv as conditions, 3 conditions, 1 params
35.9433 	EXP 	Created sequence: sequential, trialTypes=3, nReps=1, seed=None
35.9435 	EXP 	New trial (rep=0, index=0): OrderedDict([('task_order', 'card_1.jpg')])
35.9478 	DATA 	Keypress: space
35.9524 	EXP 	demo_image: autoDraw = False
35.9524 	EXP 	card_instructions_text: autoDraw = True
43.5167 	DATA 	Keypress: space
43.5358 	EXP 	card_instructions_text: autoDraw = False
43.5358 	EXP 	card_image: image = 'C:\\Users\\Sim\\Desktop\\KernelFlow_PsychoPy\\king_devick\\king_devick_stimuli\\card_1.jpg'
43.5358 	EXP 	card_image: autoDraw = True
57.6570 	EXP 	New trial (rep=0, index=1): OrderedDict([('task_order', 'card_2.jpg')])
57.6611 	DATA 	Keypress: space
57.6694 	EXP 	card_image: autoDraw = False
57.6694 	EXP 	card_instructions_text: autoDraw = True
66.5347 	DATA 	Keypress: space
66.5531 	EXP 	card_instructions_text: autoDraw = False
66.5531 	EXP 	card_image: image = 'C:\\Users\\Sim\\Desktop\\KernelFlow_PsychoPy\\king_devick\\king_devick_stimuli\\card_2.jpg'
66.5531 	EXP 	card_image: autoDraw = True
79.0734 	EXP 	New trial (rep=0, index=2): OrderedDict([('task_order', 'card_3.jpg')])
79.0779 	DATA 	Keypress: space
79.0863 	EXP 	card_image: autoDraw = False
79.0863 	EXP 	card_instructions_text: autoDraw = True
82.1699 	DATA 	Keypress: space
82.1864 	EXP 	card_instructions_text: autoDraw = False
82.1864 	EXP 	card_image: image = 'C:\\Users\\Sim\\Desktop\\KernelFlow_PsychoPy\\king_devick\\king_devick_stimuli\\card_3.jpg'
82.1864 	EXP 	card_image: autoDraw = True
94.6264 	DATA 	Keypress: space
94.6366 	EXP 	card_image: autoDraw = False
94.6366 	EXP 	done_text: autoDraw = True
97.6214 	EXP 	UDP Sent: marker_ID=16, marker_value=32, marker_string=king_devick_end, timestamp=1657139419397911040
97.6366 	EXP 	done_text: autoDraw = False
97.6366 	EXP 	done_text: autoDraw = False
98.0258 	EXP 	window1: mouseVisible = True
