10.0353 	EXP 	Created window1 = Window(allowGUI=False, allowStencil=False, autoLog=True, backendConf=UNKNOWN, bitsMode=UNKNOWN, blendMode='avg', bpc=(8, 8, 8), color=array([-0.7, -0.7, -0.7]), colorSpace='rgb', depthBits=8, fullscr=<method-wrapper '__getattribute__' of attributeSetter object at 0x000002A595FDC4E0>, gamma=None, gammaErrorPolicy='raise', lms=UNKNOWN, monitor=<psychopy.monitors.calibTools.Monitor object at 0x000002A595FF3940>, multiSample=False, name='window1', numSamples=2, pos=[0.0, 0.0], screen=0, size=array([1920, 1080]), stencilBits=0, stereo=False, units='height', useFBO=True, useRetina=False, viewOri=0.0, viewPos=None, viewScale=None, waitBlanking=True, winType='pyglet')
10.0357 	EXP 	window1: mouseVisible = True
10.0357 	EXP 	window1: recordFrameIntervals = False
10.2015 	EXP 	window1: recordFrameIntervals = True
10.3850 	EXP 	window1: recordFrameIntervals = False
10.6489 	EXP 	window1: mouseVisible = False
10.6554 	EXP 	UDP Sent: marker_ID=11, marker_value=71, marker_string=video_narrative_cmiyc_start, timestamp=1657138243829566464
10.7478 	EXP 	Created catchme_instructions_text = TextStim(__class__=<class 'psychopy.visual.text.TextStim'>, alignHoriz=method-wrapper(...), alignText='center', alignVert=method-wrapper(...), anchorHoriz='center', anchorVert='center', antialias=True, autoLog=True, bold=False, color=array([1., 1., 1.]), colorSpace='rgb', contrast=1.0, depth=0.0, flipHoriz=False, flipVert=False, font='Open Sans', fontFiles=[], height=0.05, italic=False, languageStyle='LTR', name='catchme_instructions_text', opacity=1, ori=0.0, pos=array([0., 0.]), rgb=UNKNOWN, text=str(...), units='height', win=Window(...), wrapWidth=1)
10.8748 	EXP 	Created catchme_clip = MovieStim3(__class__=<class 'psychopy.visual.movie3.MovieStim3'>, autoLog=True, color=UNKNOWN, colorSpace=UNKNOWN, depth=0.0, filename='video_clips/CMIYC_clip.mov', flipHoriz=False, flipVert=False, fps=UNKNOWN, interpolate=True, loop=False, name='catchme_clip', noAudio=False, opacity=1, ori=method-wrapper(...), pos=array([0., 0.]), size=method-wrapper(...), units='pix', vframe_callback=UNKNOWN, volume=UNKNOWN, win=Window(...))
13.4750 	EXP 	Created catchme_details_text = TextStim(__class__=<class 'psychopy.visual.text.TextStim'>, alignHoriz=method-wrapper(...), alignText='center', alignVert=method-wrapper(...), anchorHoriz='center', anchorVert='center', antialias=True, autoLog=True, bold=False, color=array([1., 1., 1.]), colorSpace='rgb', contrast=1.0, depth=0.0, flipHoriz=False, flipVert=False, font='Open Sans', fontFiles=[], height=0.05, italic=False, languageStyle='LTR', name='catchme_details_text', opacity=1, ori=0.0, pos=array([0., 0.]), rgb=UNKNOWN, text=str(...), units='height', win=Window(...), wrapWidth=1)
13.4970 	EXP 	Created done_text = TextStim(__class__=<class 'psychopy.visual.text.TextStim'>, alignHoriz=method-wrapper(...), alignText='center', alignVert=method-wrapper(...), anchorHoriz='center', anchorVert='center', antialias=True, autoLog=True, bold=False, color=array([1., 1., 1.]), colorSpace='rgb', contrast=1.0, depth=0.0, flipHoriz=False, flipVert=False, font='Open Sans', fontFiles=[], height=0.1, italic=False, languageStyle='LTR', name='done_text', opacity=1, ori=0.0, pos=array([0., 0.]), rgb=UNKNOWN, text='The Video Narrative task is now complete.', units='height', win=Window(...), wrapWidth=1)
13.5764 	EXP 	catchme_clip: autoLog = True
13.5764 	EXP 	catchme_clip: movie = 'video_clips/CMIYC_clip.mov'
13.5764 	EXP 	catchme_clip: size = array([1920., 1080.])
13.5764 	EXP 	catchme_clip: ori = 0.0
13.5764 	EXP 	catchme_participant_response: autoLog = True
13.5764 	EXP 	catchme_instructions_text: autoDraw = True
18.7891 	DATA 	Keypress: space
18.8053 	EXP 	Sound  started
18.8183 	EXP 	catchme_instructions_text: autoDraw = False
18.8183 	EXP 	catchme_clip: autoDraw = True
318.8730 	EXP 	Set catchme_clip finished
318.8896 	EXP 	catchme_clip: autoDraw = False
318.8896 	EXP 	catchme_details_text: autoDraw = True
326.2272 	DATA 	Keypress: space
326.2564 	EXP 	catchme_details_text: autoDraw = False
326.2564 	EXP 	catchme_participant_response: autoDraw = True
327.0270 	DATA 	Keypress: capslock
327.4592 	DATA 	Keypress: lshift
327.8268 	DATA 	Keypress: f
328.0595 	DATA 	Keypress: r
328.1933 	DATA 	Keypress: a
328.2426 	DATA 	Keypress: n
328.3102 	DATA 	Keypress: k
328.5266 	DATA 	Keypress: space
328.7259 	DATA 	Keypress: lshift
329.2596 	DATA 	Keypress: a
329.4092 	DATA 	Keypress: b
329.9925 	DATA 	Keypress: a
330.2599 	DATA 	Keypress: g
330.2761 	DATA 	Keypress: f
330.3928 	DATA 	Keypress: n
330.5762 	DATA 	Keypress: a
330.7099 	DATA 	Keypress: l
330.8593 	DATA 	Keypress: e
331.1596 	DATA 	Keypress: backspace
331.9925 	DATA 	Keypress: capslock
332.6595 	DATA 	Keypress: backspace
332.8760 	DATA 	Keypress: backspace
333.0268 	DATA 	Keypress: backspace
333.2091 	DATA 	Keypress: backspace
333.7595 	DATA 	Keypress: n
333.8597 	DATA 	Keypress: a
334.0101 	DATA 	Keypress: l
334.1766 	DATA 	Keypress: e
334.3431 	DATA 	Keypress: space
335.4930 	DATA 	Keypress: w
336.0929 	DATA 	Keypress: backspace
336.4599 	DATA 	Keypress: w
336.5595 	DATA 	Keypress: a
336.7100 	DATA 	Keypress: s
336.8597 	DATA 	Keypress: space
336.9594 	DATA 	Keypress: a
337.0434 	DATA 	Keypress: space
337.2597 	DATA 	Keypress: p
337.4093 	DATA 	Keypress: r
337.5430 	DATA 	Keypress: o
337.7593 	DATA 	Keypress: f
337.8431 	DATA 	Keypress: e
338.0766 	DATA 	Keypress: s
338.2262 	DATA 	Keypress: s
338.2759 	DATA 	Keypress: i
338.3270 	DATA 	Keypress: o
338.5263 	DATA 	Keypress: n
338.6268 	DATA 	Keypress: a
338.7258 	DATA 	Keypress: l
338.8933 	DATA 	Keypress: space
339.0101 	DATA 	Keypress: i
339.1100 	DATA 	Keypress: m
339.2435 	DATA 	Keypress: p
339.4432 	DATA 	Keypress: o
339.5427 	DATA 	Keypress: s
339.7928 	DATA 	Keypress: t
339.8429 	DATA 	Keypress: e
340.1102 	DATA 	Keypress: r
340.2926 	DATA 	Keypress: space
341.2431 	DATA 	Keypress: i
341.3100 	DATA 	Keypress: n
341.4765 	DATA 	Keypress: space
341.5763 	DATA 	Keypress: t
341.6760 	DATA 	Keypress: h
341.7768 	DATA 	Keypress: e
341.8933 	DATA 	Keypress: space
342.2265 	DATA 	Keypress: 1
342.4599 	DATA 	Keypress: 9
342.4770 	DATA 	Keypress: 0
343.7933 	DATA 	Keypress: backspace
344.1095 	DATA 	Keypress: 6
344.2600 	DATA 	Keypress: 0
344.9593 	DATA 	Keypress: s
346.2600 	DATA 	Keypress: comma
346.4933 	DATA 	Keypress: space
346.6429 	DATA 	Keypress: w
346.7265 	DATA 	Keypress: o
346.9101 	DATA 	Keypress: r
346.9599 	DATA 	Keypress: k
347.1595 	DATA 	Keypress: i
347.2264 	DATA 	Keypress: n
347.3770 	DATA 	Keypress: g
347.5435 	DATA 	Keypress: space
347.7099 	DATA 	Keypress: a
347.9264 	DATA 	Keypress: t
348.2436 	DATA 	Keypress: backspace
348.3434 	DATA 	Keypress: s
348.5598 	DATA 	Keypress: space
348.6763 	DATA 	Keypress: a
348.8431 	DATA 	Keypress: space
350.7768 	DATA 	Keypress: d
350.9264 	DATA 	Keypress: o
351.0270 	DATA 	Keypress: c
351.7264 	DATA 	Keypress: backspace
351.9100 	DATA 	Keypress: backspace
352.0766 	DATA 	Keypress: backspace
352.5932 	DATA 	Keypress: p
352.8434 	DATA 	Keypress: i
353.0600 	DATA 	Keypress: l
353.2766 	DATA 	Keypress: o
353.3931 	DATA 	Keypress: t
353.5429 	DATA 	Keypress: comma
353.5600 	DATA 	Keypress: l
353.8770 	DATA 	Keypress: space
354.6767 	DATA 	Keypress: backspace
355.3770 	DATA 	Keypress: backspace
355.7270 	DATA 	Keypress: space
356.0103 	DATA 	Keypress: d
356.1429 	DATA 	Keypress: o
356.2768 	DATA 	Keypress: c
356.4770 	DATA 	Keypress: t
356.5769 	DATA 	Keypress: o
356.6764 	DATA 	Keypress: r
356.8100 	DATA 	Keypress: comma
357.0604 	DATA 	Keypress: space
357.3596 	DATA 	Keypress: a
357.4765 	DATA 	Keypress: n
357.6100 	DATA 	Keypress: d
357.7765 	DATA 	Keypress: space
358.3263 	DATA 	Keypress: a
358.5266 	DATA 	Keypress: t
358.6602 	DATA 	Keypress: t
358.7600 	DATA 	Keypress: o
358.8766 	DATA 	Keypress: r
359.0104 	DATA 	Keypress: n
359.1101 	DATA 	Keypress: e
359.2269 	DATA 	Keypress: y
359.4602 	DATA 	Keypress: space
359.8101 	DATA 	Keypress: backspace
361.1098 	DATA 	Keypress: backspace
361.3103 	DATA 	Keypress: backspace
361.4770 	DATA 	Keypress: backspace
362.1271 	DATA 	Keypress: s
362.2769 	DATA 	Keypress: u
362.4434 	DATA 	Keypress: r
362.6437 	DATA 	Keypress: g
362.7434 	DATA 	Keypress: e
362.7934 	DATA 	Keypress: o
362.9769 	DATA 	Keypress: n
363.1765 	DATA 	Keypress: comma
363.3600 	DATA 	Keypress: space
363.4439 	DATA 	Keypress: a
363.5764 	DATA 	Keypress: n
363.6604 	DATA 	Keypress: d
363.8267 	DATA 	Keypress: space
364.1599 	DATA 	Keypress: a
364.4431 	DATA 	Keypress: t
364.6095 	DATA 	Keypress: t
364.6934 	DATA 	Keypress: o
364.8271 	DATA 	Keypress: r
365.3098 	DATA 	Keypress: n
365.4268 	DATA 	Keypress: e
365.5439 	DATA 	Keypress: y
365.7771 	DATA 	Keypress: space
365.9767 	DATA 	Keypress: g
366.0764 	DATA 	Keypress: e
366.2101 	DATA 	Keypress: n
366.3099 	DATA 	Keypress: e
366.3935 	DATA 	Keypress: r
366.7266 	DATA 	Keypress: a
366.8772 	DATA 	Keypress: l
367.1604 	DATA 	Keypress: space
367.4270 	DATA 	Keypress: i
367.5266 	DATA 	Keypress: n
367.6600 	DATA 	Keypress: space
367.8096 	DATA 	Keypress: lshift
367.9103 	DATA 	Keypress: l
368.1598 	DATA 	Keypress: o
368.3772 	DATA 	Keypress: u
368.4939 	DATA 	Keypress: s
368.6268 	DATA 	Keypress: i
370.0933 	DATA 	Keypress: a
370.2271 	DATA 	Keypress: n
370.6766 	DATA 	Keypress: a
370.8931 	DATA 	Keypress: slash
371.2273 	DATA 	Keypress: space
371.5105 	DATA 	Keypress: backspace
371.6929 	DATA 	Keypress: backspace
372.3274 	DATA 	Keypress: period
372.5598 	DATA 	Keypress: space
372.7768 	DATA 	Keypress: lshift
372.7937 	DATA 	Keypress: h
373.6265 	DATA 	Keypress: e
373.7772 	DATA 	Keypress: space
373.9267 	DATA 	Keypress: a
374.0607 	DATA 	Keypress: p
374.2272 	DATA 	Keypress: p
374.3607 	DATA 	Keypress: e
374.4265 	DATA 	Keypress: a
374.6941 	DATA 	Keypress: r
374.8596 	DATA 	Keypress: s
375.0932 	DATA 	Keypress: space
375.2607 	DATA 	Keypress: t
375.3435 	DATA 	Keypress: o
375.4941 	DATA 	Keypress: space
375.6934 	DATA 	Keypress: h
375.7773 	DATA 	Keypress: a
375.8769 	DATA 	Keypress: v
376.0107 	DATA 	Keypress: e
376.1105 	DATA 	Keypress: space
376.2600 	DATA 	Keypress: b
376.3937 	DATA 	Keypress: e
376.5772 	DATA 	Keypress: e
376.6768 	DATA 	Keypress: n
376.9101 	DATA 	Keypress: space
377.2602 	DATA 	Keypress: c
377.4098 	DATA 	Keypress: a
377.5774 	DATA 	Keypress: u
377.7598 	DATA 	Keypress: g
377.8435 	DATA 	Keypress: h
377.9432 	DATA 	Keypress: t
378.0601 	DATA 	Keypress: space
378.2107 	DATA 	Keypress: i
378.2605 	DATA 	Keypress: n
378.4273 	DATA 	Keypress: space
378.5270 	DATA 	Keypress: lshift
378.6270 	DATA 	Keypress: m
378.8768 	DATA 	Keypress: a
379.1271 	DATA 	Keypress: r
379.4274 	DATA 	Keypress: s
379.6098 	DATA 	Keypress: e
379.7764 	DATA 	Keypress: i
380.0268 	DATA 	Keypress: l
380.1774 	DATA 	Keypress: l
380.3101 	DATA 	Keypress: e
380.4438 	DATA 	Keypress: space
380.5107 	DATA 	Keypress: lshift
380.6271 	DATA 	Keypress: f
380.8435 	DATA 	Keypress: r
380.9104 	DATA 	Keypress: a
381.0104 	DATA 	Keypress: n
381.0943 	DATA 	Keypress: c
381.2108 	DATA 	Keypress: e
381.2935 	DATA 	Keypress: space
381.7272 	DATA 	Keypress: w
381.8107 	DATA 	Keypress: h
382.0107 	DATA 	Keypress: e
382.0775 	DATA 	Keypress: r
382.2272 	DATA 	Keypress: e
382.3600 	DATA 	Keypress: space
382.5434 	DATA 	Keypress: lshift
382.6769 	DATA 	Keypress: a
382.8774 	DATA 	Keypress: m
382.9771 	DATA 	Keypress: e
383.0442 	DATA 	Keypress: r
383.2435 	DATA 	Keypress: i
383.3431 	DATA 	Keypress: c
383.4439 	DATA 	Keypress: a
383.6105 	DATA 	Keypress: n
383.8269 	DATA 	Keypress: space
383.9935 	DATA 	Keypress: lshift
384.5440 	DATA 	Keypress: f
384.6602 	DATA 	Keypress: b
384.7100 	DATA 	Keypress: i
385.0274 	DATA 	Keypress: space
385.2937 	DATA 	Keypress: a
385.4943 	DATA 	Keypress: g
385.5770 	DATA 	Keypress: e
385.7264 	DATA 	Keypress: n
385.8113 	DATA 	Keypress: t
385.9270 	DATA 	Keypress: space
387.0940 	DATA 	Keypress: lshift
387.2276 	DATA 	Keypress: c
387.3602 	DATA 	Keypress: a
387.5108 	DATA 	Keypress: r
387.6274 	DATA 	Keypress: l
388.3774 	DATA 	Keypress: space
389.3609 	DATA 	Keypress: backspace
389.6270 	DATA 	Keypress: comma
389.8275 	DATA 	Keypress: space
389.9601 	DATA 	Keypress: w
389.9772 	DATA 	Keypress: e
390.0271 	DATA 	Keypress: h
390.0939 	DATA 	Keypress: o
390.2604 	DATA 	Keypress: space
390.5776 	DATA 	Keypress: backspace
390.7599 	DATA 	Keypress: backspace
390.9434 	DATA 	Keypress: backspace
391.1102 	DATA 	Keypress: backspace
391.6266 	DATA 	Keypress: h
391.6935 	DATA 	Keypress: o
391.8770 	DATA 	Keypress: space
392.0776 	DATA 	Keypress: h
392.1775 	DATA 	Keypress: a
392.2771 	DATA 	Keypress: s
392.4436 	DATA 	Keypress: space
392.8274 	DATA 	Keypress: b
392.9601 	DATA 	Keypress: e
393.1108 	DATA 	Keypress: e
393.2108 	DATA 	Keypress: n
393.3771 	DATA 	Keypress: space
393.4441 	DATA 	Keypress: c
393.5936 	DATA 	Keypress: h
393.6602 	DATA 	Keypress: a
393.7611 	DATA 	Keypress: s
394.0775 	DATA 	Keypress: i
394.1771 	DATA 	Keypress: n
394.2937 	DATA 	Keypress: g
394.4103 	DATA 	Keypress: space
394.6109 	DATA 	Keypress: h
394.6436 	DATA 	Keypress: i
394.8600 	DATA 	Keypress: m
395.0777 	DATA 	Keypress: space
395.2941 	DATA 	Keypress: f
395.4116 	DATA 	Keypress: o
395.5443 	DATA 	Keypress: r
395.6271 	DATA 	Keypress: space
395.8105 	DATA 	Keypress: m
395.9102 	DATA 	Keypress: a
396.0770 	DATA 	Keypress: n
396.3273 	DATA 	Keypress: y
396.5436 	DATA 	Keypress: space
396.8437 	DATA 	Keypress: y
396.9604 	DATA 	Keypress: e
397.0942 	DATA 	Keypress: a
397.1442 	DATA 	Keypress: r
397.3107 	DATA 	Keypress: s
398.2612 	DATA 	Keypress: comma
398.5602 	DATA 	Keypress: space
400.8769 	DATA 	Keypress: c
400.9935 	DATA 	Keypress: o
401.1104 	DATA 	Keypress: m
401.2112 	DATA 	Keypress: e
401.4275 	DATA 	Keypress: s
401.5274 	DATA 	Keypress: space
401.6270 	DATA 	Keypress: t
401.7606 	DATA 	Keypress: o
401.9272 	DATA 	Keypress: space
402.1109 	DATA 	Keypress: r
402.1609 	DATA 	Keypress: e
402.2606 	DATA 	Keypress: a
402.4111 	DATA 	Keypress: d
402.5108 	DATA 	Keypress: space
402.7101 	DATA 	Keypress: h
402.7610 	DATA 	Keypress: i
402.9436 	DATA 	Keypress: m
403.1112 	DATA 	Keypress: space
403.2779 	DATA 	Keypress: h
403.3276 	DATA 	Keypress: i
403.4278 	DATA 	Keypress: s
403.5111 	DATA 	Keypress: space
403.8944 	DATA 	Keypress: e
404.1111 	DATA 	Keypress: x
404.3275 	DATA 	Keypress: t
404.4940 	DATA 	Keypress: r
404.5938 	DATA 	Keypress: a
404.6940 	DATA 	Keypress: d
404.8277 	DATA 	Keypress: i
404.9603 	DATA 	Keypress: t
405.0274 	DATA 	Keypress: i
405.0774 	DATA 	Keypress: o
405.2777 	DATA 	Keypress: n
405.4273 	DATA 	Keypress: space
405.5608 	DATA 	Keypress: r
405.6606 	DATA 	Keypress: i
405.7940 	DATA 	Keypress: g
405.8939 	DATA 	Keypress: h
406.0446 	DATA 	Keypress: t
406.5273 	DATA 	Keypress: s
406.6937 	DATA 	Keypress: slash
406.9769 	DATA 	Keypress: space
407.2612 	DATA 	Keypress: backspace
407.4279 	DATA 	Keypress: backspace
407.8109 	DATA 	Keypress: period
408.0272 	DATA 	Keypress: space
408.0612 	DATA 	Keypress: lshift
408.2110 	DATA 	Keypress: i
408.2603 	DATA 	Keypress: n
408.4438 	DATA 	Keypress: space
408.5605 	DATA 	Keypress: t
408.6770 	DATA 	Keypress: h
408.7439 	DATA 	Keypress: i
408.8945 	DATA 	Keypress: s
409.0276 	DATA 	Keypress: space
409.2447 	DATA 	Keypress: p
409.3942 	DATA 	Keypress: r
409.4782 	DATA 	Keypress: o
409.6106 	DATA 	Keypress: c
409.6943 	DATA 	Keypress: e
409.9775 	DATA 	Keypress: s
410.1612 	DATA 	Keypress: s
410.2779 	DATA 	Keypress: comma
410.4775 	DATA 	Keypress: space
410.6111 	DATA 	Keypress: lshift
410.7436 	DATA 	Keypress: f
411.0110 	DATA 	Keypress: r
411.0938 	DATA 	Keypress: a
411.2105 	DATA 	Keypress: n
411.7110 	DATA 	Keypress: k
411.9943 	DATA 	Keypress: space
412.6110 	DATA 	Keypress: f
412.7111 	DATA 	Keypress: e
412.8438 	DATA 	Keypress: i
412.9944 	DATA 	Keypress: g
413.0944 	DATA 	Keypress: n
413.2608 	DATA 	Keypress: s
413.3948 	DATA 	Keypress: space
414.3280 	DATA 	Keypress: a
414.4947 	DATA 	Keypress: n
414.6610 	DATA 	Keypress: space
414.8108 	DATA 	Keypress: i
415.0442 	DATA 	Keypress: l
415.1948 	DATA 	Keypress: l
415.3945 	DATA 	Keypress: n
415.4612 	DATA 	Keypress: e
415.6943 	DATA 	Keypress: s
415.8278 	DATA 	Keypress: s
415.9447 	DATA 	Keypress: space
416.0446 	DATA 	Keypress: c
416.1442 	DATA 	Keypress: a
416.2280 	DATA 	Keypress: u
416.3606 	DATA 	Keypress: s
416.5272 	DATA 	Keypress: i
416.6111 	DATA 	Keypress: n
416.7270 	DATA 	Keypress: g
416.8439 	DATA 	Keypress: space
417.0445 	DATA 	Keypress: lshift
417.2279 	DATA 	Keypress: c
417.3278 	DATA 	Keypress: a
417.5112 	DATA 	Keypress: r
417.6278 	DATA 	Keypress: l
417.7949 	DATA 	Keypress: space
417.9279 	DATA 	Keypress: t
417.9937 	DATA 	Keypress: o
418.1614 	DATA 	Keypress: space
420.3446 	DATA 	Keypress: c
420.4445 	DATA 	Keypress: a
420.5281 	DATA 	Keypress: l
420.6781 	DATA 	Keypress: l
420.8277 	DATA 	Keypress: space
420.9444 	DATA 	Keypress: f
421.0612 	DATA 	Keypress: o
421.1440 	DATA 	Keypress: r
421.2607 	DATA 	Keypress: space
421.3774 	DATA 	Keypress: a
421.4941 	DATA 	Keypress: space
421.8938 	DATA 	Keypress: d
421.9776 	DATA 	Keypress: o
422.1115 	DATA 	Keypress: c
422.3109 	DATA 	Keypress: t
422.4107 	DATA 	Keypress: o
422.4945 	DATA 	Keypress: r
424.4274 	DATA 	Keypress: semicolon
424.6277 	DATA 	Keypress: space
424.7773 	DATA 	Keypress: t
424.8781 	DATA 	Keypress: h
424.9438 	DATA 	Keypress: i
425.0613 	DATA 	Keypress: s
425.1780 	DATA 	Keypress: space
425.3948 	DATA 	Keypress: i
425.5111 	DATA 	Keypress: s
425.9278 	DATA 	Keypress: space
426.0946 	DATA 	Keypress: a
426.1948 	DATA 	Keypress: l
426.3109 	DATA 	Keypress: s
426.4277 	DATA 	Keypress: o
426.6112 	DATA 	Keypress: space
426.6938 	DATA 	Keypress: a
427.5108 	DATA 	Keypress: space
427.7110 	DATA 	Keypress: p
427.9275 	DATA 	Keypress: l
428.0784 	DATA 	Keypress: o
428.2608 	DATA 	Keypress: y
428.4612 	DATA 	Keypress: space
428.6944 	DATA 	Keypress: t
428.7772 	DATA 	Keypress: o
428.9448 	DATA 	Keypress: space
429.0277 	DATA 	Keypress: a
429.2610 	DATA 	Keypress: t
429.4109 	DATA 	Keypress: t
429.4775 	DATA 	Keypress: e
429.5942 	DATA 	Keypress: m
429.6948 	DATA 	Keypress: p
429.8114 	DATA 	Keypress: t
429.9940 	DATA 	Keypress: space
430.1949 	DATA 	Keypress: a
430.3442 	DATA 	Keypress: n
430.5775 	DATA 	Keypress: space
430.7279 	DATA 	Keypress: e
430.9773 	DATA 	Keypress: x
431.2776 	DATA 	Keypress: backspace
431.3614 	DATA 	Keypress: s
431.4444 	DATA 	Keypress: c
431.6447 	DATA 	Keypress: p
431.9609 	DATA 	Keypress: backspace
432.0779 	DATA 	Keypress: a
432.1777 	DATA 	Keypress: p
432.3780 	DATA 	Keypress: e
432.6611 	DATA 	Keypress: m
432.6649 	DATA 	Keypress: space
432.7608 	DATA 	Keypress: f
433.2108 	DATA 	Keypress: backspace
433.3950 	DATA 	Keypress: backspace
433.6776 	DATA 	Keypress: space
433.9280 	DATA 	Keypress: backspace
434.0948 	DATA 	Keypress: backspace
434.2782 	DATA 	Keypress: space
434.4448 	DATA 	Keypress: f
434.6281 	DATA 	Keypress: r
434.6781 	DATA 	Keypress: o
434.7440 	DATA 	Keypress: m
434.9274 	DATA 	Keypress: space
435.0115 	DATA 	Keypress: t
435.1281 	DATA 	Keypress: h
435.1949 	DATA 	Keypress: e
435.3616 	DATA 	Keypress: lshift
435.3617 	DATA 	Keypress: space
435.4450 	DATA 	Keypress: f
435.6442 	DATA 	Keypress: r
435.6782 	DATA 	Keypress: e
435.7950 	DATA 	Keypress: n
435.8780 	DATA 	Keypress: c
435.9775 	DATA 	Keypress: h
436.1451 	DATA 	Keypress: space
436.3116 	DATA 	Keypress: p
436.3775 	DATA 	Keypress: r
436.5611 	DATA 	Keypress: i
436.6775 	DATA 	Keypress: s
436.7613 	DATA 	Keypress: o
436.9608 	DATA 	Keypress: n
437.1115 	DATA 	Keypress: space
437.2611 	DATA 	Keypress: w
437.3947 	DATA 	Keypress: h
437.4616 	DATA 	Keypress: i
437.5613 	DATA 	Keypress: c
437.6779 	DATA 	Keypress: h
437.8444 	DATA 	Keypress: space
437.9112 	DATA 	Keypress: w
438.0110 	DATA 	Keypress: e
438.4280 	DATA 	Keypress: space
438.7282 	DATA 	Keypress: d
438.8608 	DATA 	Keypress: o
439.0115 	DATA 	Keypress: space
439.1780 	DATA 	Keypress: n
439.2278 	DATA 	Keypress: o
439.3785 	DATA 	Keypress: t
439.4779 	DATA 	Keypress: space
440.1114 	DATA 	Keypress: k
440.2113 	DATA 	Keypress: n
440.3449 	DATA 	Keypress: o
440.4946 	DATA 	Keypress: w
440.5794 	DATA 	Keypress: space
441.1110 	DATA 	Keypress: i
442.0276 	DATA 	Keypress: backspace
442.2112 	DATA 	Keypress: w
442.3449 	DATA 	Keypress: h
442.8114 	DATA 	Keypress: backspace
443.0448 	DATA 	Keypress: backspace
445.4285 	DATA 	Keypress: i
445.5283 	DATA 	Keypress: f
445.7116 	DATA 	Keypress: space
445.8442 	DATA 	Keypress: s
445.9948 	DATA 	Keypress: u
446.3450 	DATA 	Keypress: c
446.4776 	DATA 	Keypress: c
446.5784 	DATA 	Keypress: e
447.4949 	DATA 	Keypress: s
447.6615 	DATA 	Keypress: s
447.8111 	DATA 	Keypress: f
447.9277 	DATA 	Keypress: u
448.0446 	DATA 	Keypress: l
448.3117 	DATA 	Keypress: period
448.5943 	DATA 	Keypress: space
449.1280 	DATA 	Keypress: lshift
449.4112 	DATA 	Keypress: t
449.4949 	DATA 	Keypress: h
449.6284 	DATA 	Keypress: e
449.7283 	DATA 	Keypress: space
449.8279 	DATA 	Keypress: s
449.9945 	DATA 	Keypress: c
450.0784 	DATA 	Keypress: e
450.2282 	DATA 	Keypress: n
450.5452 	DATA 	Keypress: e
450.7118 	DATA 	Keypress: space
451.0112 	DATA 	Keypress: o
451.1278 	DATA 	Keypress: p
451.2614 	DATA 	Keypress: e
451.3953 	DATA 	Keypress: n
451.5119 	DATA 	Keypress: s
451.6444 	DATA 	Keypress: space
451.8618 	DATA 	Keypress: o
452.0285 	DATA 	Keypress: n
452.1951 	DATA 	Keypress: space
452.3117 	DATA 	Keypress: a
452.4444 	DATA 	Keypress: space
452.8781 	DATA 	Keypress: g
453.0119 	DATA 	Keypress: a
453.1446 	DATA 	Keypress: m
453.3111 	DATA 	Keypress: e
453.4786 	DATA 	Keypress: space
454.0783 	DATA 	Keypress: s
454.1795 	DATA 	Keypress: h
454.2622 	DATA 	Keypress: o
454.4118 	DATA 	Keypress: w
455.0450 	DATA 	Keypress: space
455.2117 	DATA 	Keypress: lshift
455.3282 	DATA 	Keypress: apostrophe
455.7285 	DATA 	Keypress: lshift
455.8281 	DATA 	Keypress: t
455.9449 	DATA 	Keypress: o
456.1783 	DATA 	Keypress: space
456.6779 	DATA 	Keypress: lshift
456.8114 	DATA 	Keypress: t
456.9281 	DATA 	Keypress: e
457.0452 	DATA 	Keypress: l
457.1946 	DATA 	Keypress: l
457.3452 	DATA 	Keypress: space
457.4619 	DATA 	Keypress: t
457.5785 	DATA 	Keypress: h
457.6282 	DATA 	Keypress: e
457.7952 	DATA 	Keypress: lshift
457.7957 	DATA 	Keypress: space
457.9284 	DATA 	Keypress: t
458.1121 	DATA 	Keypress: r
458.2948 	DATA 	Keypress: u
458.7445 	DATA 	Keypress: t
458.8452 	DATA 	Keypress: h
459.2618 	DATA 	Keypress: lshift
459.7114 	DATA 	Keypress: apostrophe
459.9278 	DATA 	Keypress: space
460.0786 	DATA 	Keypress: i
460.1455 	DATA 	Keypress: n
460.3113 	DATA 	Keypress: space
460.3781 	DATA 	Keypress: w
460.5117 	DATA 	Keypress: h
460.5787 	DATA 	Keypress: i
460.6611 	DATA 	Keypress: c
460.8616 	DATA 	Keypress: h
461.9786 	DATA 	Keypress: space
462.2122 	DATA 	Keypress: p
462.3618 	DATA 	Keypress: a
462.4615 	DATA 	Keypress: r
462.6118 	DATA 	Keypress: t
462.7117 	DATA 	Keypress: i
462.8614 	DATA 	Keypress: c
462.9619 	DATA 	Keypress: i
463.0948 	DATA 	Keypress: p
463.1945 	DATA 	Keypress: a
463.3951 	DATA 	Keypress: n
463.5615 	DATA 	Keypress: t
463.6452 	DATA 	Keypress: s
463.7619 	DATA 	Keypress: space
464.1286 	DATA 	Keypress: g
464.2623 	DATA 	Keypress: u
464.3949 	DATA 	Keypress: e
464.5954 	DATA 	Keypress: s
464.7618 	DATA 	Keypress: s
464.8616 	DATA 	Keypress: space
464.9613 	DATA 	Keypress: w
465.0453 	DATA 	Keypress: h
465.1120 	DATA 	Keypress: i
465.1948 	DATA 	Keypress: c
465.3284 	DATA 	Keypress: h
465.4948 	DATA 	Keypress: space
465.6781 	DATA 	Keypress: o
465.9286 	DATA 	Keypress: f
466.1281 	DATA 	Keypress: space
466.2289 	DATA 	Keypress: t
466.3616 	DATA 	Keypress: h
466.4453 	DATA 	Keypress: e
466.5790 	DATA 	Keypress: space
470.1953 	DATA 	Keypress: p
470.5622 	DATA 	Keypress: e
470.6623 	DATA 	Keypress: o
470.7281 	DATA 	Keypress: p
470.9286 	DATA 	Keypress: l
471.0116 	DATA 	Keypress: e
471.1453 	DATA 	Keypress: space
471.2789 	DATA 	Keypress: a
471.4114 	DATA 	Keypress: r
471.5281 	DATA 	Keypress: e
473.3622 	DATA 	Keypress: backspace
473.5457 	DATA 	Keypress: backspace
473.7121 	DATA 	Keypress: backspace
474.2956 	DATA 	Keypress: i
474.3952 	DATA 	Keypress: s
474.5450 	DATA 	Keypress: space
474.6624 	DATA 	Keypress: t
474.7621 	DATA 	Keypress: h
474.8449 	DATA 	Keypress: e
474.9787 	DATA 	Keypress: space
475.0784 	DATA 	Keypress: a
475.3118 	DATA 	Keypress: c
475.5281 	DATA 	Keypress: t
475.7952 	DATA 	Keypress: u
475.9787 	DATA 	Keypress: a
476.0787 	DATA 	Keypress: l
476.3120 	DATA 	Keypress: space
476.6624 	DATA 	Keypress: lshift
476.8290 	DATA 	Keypress: f
477.0284 	DATA 	Keypress: r
477.1282 	DATA 	Keypress: a
477.2290 	DATA 	Keypress: n
477.5452 	DATA 	Keypress: k
477.5504 	DATA 	Keypress: l
478.0958 	DATA 	Keypress: backspace
478.6621 	DATA 	Keypress: space
478.7789 	DATA 	Keypress: a
478.9286 	DATA 	Keypress: n
479.0282 	DATA 	Keypress: d
479.2617 	DATA 	Keypress: space
479.3955 	DATA 	Keypress: w
479.5292 	DATA 	Keypress: h
479.5950 	DATA 	Keypress: i
479.6456 	DATA 	Keypress: c
479.7782 	DATA 	Keypress: h
479.9451 	DATA 	Keypress: space
480.0119 	DATA 	Keypress: a
480.1615 	DATA 	Keypress: r
480.2124 	DATA 	Keypress: e
480.2952 	DATA 	Keypress: space
480.4457 	DATA 	Keypress: a
480.5629 	DATA 	Keypress: c
480.7949 	DATA 	Keypress: t
480.8958 	DATA 	Keypress: o
481.0282 	DATA 	Keypress: r
481.0792 	DATA 	Keypress: s
481.2119 	DATA 	Keypress: period
481.4290 	DATA 	Keypress: space
481.4625 	DATA 	Keypress: lshift
481.6448 	DATA 	Keypress: t
481.7117 	DATA 	Keypress: h
481.8450 	DATA 	Keypress: e
481.9618 	DATA 	Keypress: space
482.7783 	DATA 	Keypress: l
482.8950 	DATA 	Keypress: a
483.0458 	DATA 	Keypress: b
483.3789 	DATA 	Keypress: backspace
483.4118 	DATA 	Keypress: d
483.6620 	DATA 	Keypress: y
483.7957 	DATA 	Keypress: space
484.5790 	DATA 	Keypress: d
484.5847 	DATA 	Keypress: f
484.9615 	DATA 	Keypress: backspace
485.1622 	DATA 	Keypress: backspace
485.2789 	DATA 	Keypress: f
485.3957 	DATA 	Keypress: i
485.4012 	DATA 	Keypress: o
485.4954 	DATA 	Keypress: r
485.6288 	DATA 	Keypress: s
485.7954 	DATA 	Keypress: backspace
485.9960 	DATA 	Keypress: backspace
486.1626 	DATA 	Keypress: backspace
486.3450 	DATA 	Keypress: r
486.4787 	DATA 	Keypress: s
486.6281 	DATA 	Keypress: t
486.8456 	DATA 	Keypress: space
487.0621 	DATA 	Keypress: p
487.2625 	DATA 	Keypress: o
487.3793 	DATA 	Keypress: s
487.5626 	DATA 	Keypress: e
487.7449 	DATA 	Keypress: s
487.8456 	DATA 	Keypress: space
487.9284 	DATA 	Keypress: a
488.0784 	DATA 	Keypress: space
488.2290 	DATA 	Keypress: q
488.4283 	DATA 	Keypress: u
488.8124 	DATA 	Keypress: backspace
489.4787 	DATA 	Keypress: u
489.6453 	DATA 	Keypress: e
489.8287 	DATA 	Keypress: s
489.9124 	DATA 	Keypress: t
490.0126 	DATA 	Keypress: i
490.0791 	DATA 	Keypress: p
490.0847 	DATA 	Keypress: o
490.8290 	DATA 	Keypress: backspace
490.9955 	DATA 	Keypress: backspace
491.2291 	DATA 	Keypress: o
491.4456 	DATA 	Keypress: n
491.6289 	DATA 	Keypress: space
491.7286 	DATA 	Keypress: t
491.8460 	DATA 	Keypress: o
492.0626 	DATA 	Keypress: space
492.7625 	DATA 	Keypress: a
492.9291 	DATA 	Keypress: c
493.1786 	DATA 	Keypress: t
493.2796 	DATA 	Keypress: o
493.4120 	DATA 	Keypress: r
494.6455 	DATA 	Keypress: space
494.8291 	DATA 	Keypress: 1
495.3121 	DATA 	Keypress: space
495.4786 	DATA 	Keypress: t
495.5793 	DATA 	Keypress: h
495.6790 	DATA 	Keypress: e
495.7795 	DATA 	Keypress: n
495.9620 	DATA 	Keypress: space
496.0959 	DATA 	Keypress: t
496.1958 	DATA 	Keypress: o
496.3791 	DATA 	Keypress: space
497.4791 	DATA 	Keypress: n
497.5621 	DATA 	Keypress: u
497.7452 	DATA 	Keypress: m
497.9118 	DATA 	Keypress: b
497.9786 	DATA 	Keypress: e
498.0625 	DATA 	Keypress: r
498.1792 	DATA 	Keypress: space
498.4953 	DATA 	Keypress: 2
498.6459 	DATA 	Keypress: space
498.7953 	DATA 	Keypress: lshift
498.9461 	DATA 	Keypress: 9
499.3121 	DATA 	Keypress: r
499.3619 	DATA 	Keypress: e
499.4786 	DATA 	Keypress: a
499.5794 	DATA 	Keypress: l
499.7618 	DATA 	Keypress: space
499.8127 	DATA 	Keypress: lshift
499.9622 	DATA 	Keypress: f
500.1957 	DATA 	Keypress: r
500.2785 	DATA 	Keypress: a
500.3794 	DATA 	Keypress: n
500.4619 	DATA 	Keypress: k
500.6126 	DATA 	Keypress: lshift
500.8458 	DATA 	Keypress: 0
501.1960 	DATA 	Keypress: space
501.3456 	DATA 	Keypress: w
501.4952 	DATA 	Keypress: h
501.7953 	DATA 	Keypress: o
502.0956 	DATA 	Keypress: space
502.6626 	DATA 	Keypress: i
502.7285 	DATA 	Keypress: n
502.8622 	DATA 	Keypress: f
502.9789 	DATA 	Keypress: o
503.0788 	DATA 	Keypress: r
503.1796 	DATA 	Keypress: m
503.3460 	DATA 	Keypress: a
503.6789 	DATA 	Keypress: backspace
503.7793 	DATA 	Keypress: s
503.9618 	DATA 	Keypress: space
504.1953 	DATA 	Keypress: h
504.2962 	DATA 	Keypress: e
504.4127 	DATA 	Keypress: r
504.5453 	DATA 	Keypress: space
504.6788 	DATA 	Keypress: t
504.7785 	DATA 	Keypress: h
504.9460 	DATA 	Keypress: a
505.0628 	DATA 	Keypress: n
505.4628 	DATA 	Keypress: backspace
505.5626 	DATA 	Keypress: t
505.7289 	DATA 	Keypress: space
505.9293 	DATA 	Keypress: h
506.0123 	DATA 	Keypress: e
506.1630 	DATA 	Keypress: space
506.2592 	EXP 	catchme_participant_response: autoDraw = False
506.2592 	EXP 	catchme_participant_response: autoDraw = False
506.2592 	EXP 	done_text: autoDraw = True
506.3289 	DATA 	Keypress: w
506.4615 	DATA 	Keypress: a
506.6291 	DATA 	Keypress: s
509.2443 	EXP 	UDP Sent: marker_ID=12, marker_value=72, marker_string=video_narrative_cmiyc_end, timestamp=1657138749180983296
509.2592 	EXP 	done_text: autoDraw = False
509.2592 	EXP 	done_text: autoDraw = False
509.6947 	EXP 	window1: mouseVisible = True
