8.7892 	EXP 	Created window1 = Window(allowGUI=False, allowStencil=False, autoLog=True, backendConf=UNKNOWN, bitsMode=UNKNOWN, blendMode='avg', bpc=(8, 8, 8), color=array([-0.7, -0.7, -0.7]), colorSpace='rgb', depthBits=8, fullscr=<method-wrapper '__getattribute__' of attributeSetter object at 0x000001DC70ABF978>, gamma=None, gammaErrorPolicy='raise', lms=UNKNOWN, monitor=<psychopy.monitors.calibTools.Monitor object at 0x000001DC70A65C88>, multiSample=False, name='window1', numSamples=2, pos=[0.0, 0.0], screen=0, size=array([1920, 1080]), stencilBits=0, stereo=False, units='height', useFBO=True, useRetina=False, viewOri=0.0, viewPos=None, viewScale=None, waitBlanking=True, winType='pyglet')
8.7897 	EXP 	window1: mouseVisible = True
8.7897 	EXP 	window1: recordFrameIntervals = False
8.9554 	EXP 	window1: recordFrameIntervals = True
9.1388 	EXP 	window1: recordFrameIntervals = False
9.3956 	EXP 	window1: mouseVisible = False
9.4005 	EXP 	UDP Sent: marker_ID=9, marker_value=41, marker_string=n_back_start, timestamp=1657137523681421568
9.4847 	EXP 	Created instructions_text = TextStim(__class__=<class 'psychopy.visual.text.TextStim'>, alignHoriz=method-wrapper(...), alignText='center', alignVert=method-wrapper(...), anchorHoriz='center', anchorVert='center', antialias=True, autoLog=True, bold=False, color=array([1., 1., 1.]), colorSpace='rgb', contrast=1.0, depth=0.0, flipHoriz=False, flipVert=False, font='Open Sans', fontFiles=[], height=0.1, italic=False, languageStyle='LTR', name='instructions_text', opacity=1, ori=0.0, pos=array([0., 0.]), rgb=UNKNOWN, text=str(...), units='height', win=Window(...), wrapWidth=1)
9.4862 	EXP 	Created exp_zero_back_text = TextStim(__class__=<class 'psychopy.visual.text.TextStim'>, alignHoriz=method-wrapper(...), alignText='center', alignVert=method-wrapper(...), anchorHoriz='center', anchorVert='center', antialias=True, autoLog=True, bold=False, color=array([1., 1., 1.]), colorSpace='rgb', contrast=1.0, depth=0.0, flipHoriz=False, flipVert=False, font='Open Sans', fontFiles=[], height=0.05, italic=False, languageStyle='LTR', name='exp_zero_back_text', opacity=1.0, ori=0.0, pos=array([0., 0.]), rgb=UNKNOWN, text='', units='height', win=Window(...), wrapWidth=1)
9.5144 	EXP 	Created exp_one_back_text = TextStim(__class__=<class 'psychopy.visual.text.TextStim'>, alignHoriz=method-wrapper(...), alignText='center', alignVert=method-wrapper(...), anchorHoriz='center', anchorVert='center', antialias=True, autoLog=True, bold=False, color=array([1., 1., 1.]), colorSpace='rgb', contrast=1.0, depth=-1.0, flipHoriz=False, flipVert=False, font='Open Sans', fontFiles=[], height=0.05, italic=False, languageStyle='LTR', name='exp_one_back_text', opacity=1.0, ori=0.0, pos=array([0., 0.]), rgb=UNKNOWN, text=str(...), units='height', win=Window(...), wrapWidth=1)
9.5250 	EXP 	Created exp_two_back_text = TextStim(__class__=<class 'psychopy.visual.text.TextStim'>, alignHoriz=method-wrapper(...), alignText='center', alignVert=method-wrapper(...), anchorHoriz='center', anchorVert='center', antialias=True, autoLog=True, bold=False, color=array([1., 1., 1.]), colorSpace='rgb', contrast=1.0, depth=-2.0, flipHoriz=False, flipVert=False, font='Open Sans', fontFiles=[], height=0.05, italic=False, languageStyle='LTR', name='exp_two_back_text', opacity=1.0, ori=0.0, pos=array([0., 0.]), rgb=UNKNOWN, text=str(...), units='height', win=Window(...), wrapWidth=1)
9.5279 	EXP 	Created pause_cross = ShapeStim(__class__=<class 'psychopy.visual.shape.ShapeStim'>, autoDraw=False, autoLog=True, closeShape=True, color=method-wrapper(...), colorSpace='rgb', contrast=None, depth=0.0, fillColor=array([1, 1, 1]), fillColorSpace='rgb', fillRGB=array([1, 1, 1]), interpolate=True, lineColor=array([1., 1., 1.]), lineColorSpace='rgb', lineRGB=array([1, 1, 1]), lineWidth=1.0, name='pause_cross', opacity=1, ori=0.0, pos=array([0., 0.]), size=array([0.05, 0.05]), units='height', vertices=ndarray(...), win=Window(...), windingRule=None)
9.5295 	EXP 	Created stim_text = TextStim(__class__=<class 'psychopy.visual.text.TextStim'>, alignHoriz=method-wrapper(...), alignText='center', alignVert=method-wrapper(...), anchorHoriz='center', anchorVert='center', antialias=True, autoLog=True, bold=False, color=array([1., 1., 1.]), colorSpace='rgb', contrast=1.0, depth=0.0, flipHoriz=False, flipVert=False, font='Open Sans', fontFiles=[], height=0.3, italic=False, languageStyle='LTR', name='stim_text', opacity=1, ori=0.0, pos=array([0., 0.]), rgb=UNKNOWN, text='', units='height', win=Window(...), wrapWidth=1)
9.5315 	EXP 	Created stim_cross = ShapeStim(__class__=<class 'psychopy.visual.shape.ShapeStim'>, autoDraw=False, autoLog=True, closeShape=True, color=method-wrapper(...), colorSpace='rgb', contrast=None, depth=-2.0, fillColor=array([1, 1, 1]), fillColorSpace='rgb', fillRGB=array([1, 1, 1]), interpolate=True, lineColor=array([1., 1., 1.]), lineColorSpace='rgb', lineRGB=array([1, 1, 1]), lineWidth=1.0, name='stim_cross', opacity=1, ori=0.0, pos=array([0., 0.]), size=array([0.05, 0.05]), units='height', vertices=ndarray(...), win=Window(...), windingRule=None)
9.5481 	EXP 	Created done_text = TextStim(__class__=<class 'psychopy.visual.text.TextStim'>, alignHoriz=method-wrapper(...), alignText='center', alignVert=method-wrapper(...), anchorHoriz='center', anchorVert='center', antialias=True, autoLog=True, bold=False, color=array([1., 1., 1.]), colorSpace='rgb', contrast=1.0, depth=0.0, flipHoriz=False, flipVert=False, font='Open Sans', fontFiles=[], height=0.1, italic=False, languageStyle='LTR', name='done_text', opacity=1, ori=0.0, pos=array([0., 0.]), rgb=UNKNOWN, text='The N-Back task is now complete.', units='height', win=Window(...), wrapWidth=1)
9.6276 	EXP 	instructions_text: autoDraw = True
12.8457 	EXP 	Imported C:\Users\Sim\Desktop\KernelFlow_PsychoPy\participants\participant_03\n_back\NB_TO-1657131787789022.csv as conditions, 9 conditions, 1 params
12.8460 	EXP 	Created sequence: sequential, trialTypes=9, nReps=1, seed=None
12.8462 	EXP 	New trial (rep=0, index=0): OrderedDict([('task_order', 'TB-16571317872280922.csv')])
12.8774 	DATA 	Keypress: space
12.8889 	EXP 	instructions_text: autoDraw = False
12.8889 	EXP 	exp_zero_back_text: text = 'This is a 0-back trial. \n\nPress RIGHT if the number is: \nOtherwise, press LEFT. \n\nPress SPACE when you are ready to begin.'
12.8889 	EXP 	exp_zero_back_text: autoDraw = True
12.8889 	EXP 	exp_one_back_text: autoDraw = True
12.8889 	EXP 	exp_two_back_text: autoDraw = True
20.2793 	DATA 	Keypress: space
20.2890 	EXP 	exp_zero_back_text: autoDraw = False
20.2890 	EXP 	exp_one_back_text: autoDraw = False
20.2890 	EXP 	exp_two_back_text: autoDraw = False
20.2890 	EXP 	pause_cross: autoDraw = True
22.2772 	EXP 	Imported C:\Users\Sim\Desktop\KernelFlow_PsychoPy\participants\participant_03\n_back\n_back_conditions\TB-16571317872280922.csv as conditions, 20 conditions, 3 params
22.2775 	EXP 	Created sequence: sequential, trialTypes=20, nReps=1, seed=None
22.2777 	EXP 	New trial (rep=0, index=0): OrderedDict([('num_stim', 0), ('match', 0), ('corr_key', 'left')])
22.3057 	EXP 	pause_cross: autoDraw = False
22.3057 	EXP 	pause_cross: autoDraw = False
22.3057 	EXP 	stim_text: text = 0
22.3057 	EXP 	stim_text: autoDraw = True
22.7890 	EXP 	stim_cross: autoDraw = True
22.8057 	EXP 	stim_text: autoDraw = False
25.7891 	EXP 	stim_cross: autoDraw = False
25.7899 	EXP 	New trial (rep=0, index=1): OrderedDict([('num_stim', 9), ('match', 0), ('corr_key', 'left')])
25.8058 	EXP 	stim_text: autoDraw = False
25.8058 	EXP 	stim_cross: autoDraw = False
25.8058 	EXP 	stim_text: text = 9
25.8058 	EXP 	stim_text: autoDraw = True
26.2891 	EXP 	stim_cross: autoDraw = True
26.3058 	EXP 	stim_text: autoDraw = False
29.2891 	EXP 	stim_cross: autoDraw = False
29.2898 	EXP 	New trial (rep=0, index=2): OrderedDict([('num_stim', 3), ('match', 0), ('corr_key', 'left')])
29.3058 	EXP 	stim_text: autoDraw = False
29.3058 	EXP 	stim_cross: autoDraw = False
29.3058 	EXP 	stim_text: text = 3
29.3058 	EXP 	stim_text: autoDraw = True
29.7891 	EXP 	stim_cross: autoDraw = True
29.8058 	EXP 	stim_text: autoDraw = False
30.1268 	DATA 	Keypress: left
32.7891 	EXP 	stim_cross: autoDraw = False
32.7898 	EXP 	New trial (rep=0, index=3): OrderedDict([('num_stim', 1), ('match', 0), ('corr_key', 'left')])
32.8059 	EXP 	stim_text: autoDraw = False
32.8059 	EXP 	stim_cross: autoDraw = False
32.8059 	EXP 	stim_text: text = 1
32.8059 	EXP 	stim_text: autoDraw = True
33.2892 	EXP 	stim_cross: autoDraw = True
33.3059 	EXP 	stim_text: autoDraw = False
33.5270 	DATA 	Keypress: left
36.2892 	EXP 	stim_cross: autoDraw = False
36.2898 	EXP 	New trial (rep=0, index=4): OrderedDict([('num_stim', 3), ('match', 1), ('corr_key', 'right')])
36.3059 	EXP 	stim_text: autoDraw = False
36.3059 	EXP 	stim_cross: autoDraw = False
36.3059 	EXP 	stim_text: text = 3
36.3059 	EXP 	stim_text: autoDraw = True
36.7892 	EXP 	stim_cross: autoDraw = True
36.8059 	EXP 	stim_text: autoDraw = False
37.2941 	DATA 	Keypress: right
39.7893 	EXP 	stim_cross: autoDraw = False
39.7899 	EXP 	New trial (rep=0, index=5): OrderedDict([('num_stim', 9), ('match', 0), ('corr_key', 'left')])
39.8060 	EXP 	stim_text: autoDraw = False
39.8060 	EXP 	stim_cross: autoDraw = False
39.8060 	EXP 	stim_text: text = 9
39.8060 	EXP 	stim_text: autoDraw = True
40.2893 	EXP 	stim_cross: autoDraw = True
40.3059 	EXP 	stim_text: autoDraw = False
40.4267 	DATA 	Keypress: left
43.2894 	EXP 	stim_cross: autoDraw = False
43.2900 	EXP 	New trial (rep=0, index=6): OrderedDict([('num_stim', 6), ('match', 0), ('corr_key', 'left')])
43.3060 	EXP 	stim_text: autoDraw = False
43.3060 	EXP 	stim_cross: autoDraw = False
43.3060 	EXP 	stim_text: text = 6
43.3060 	EXP 	stim_text: autoDraw = True
43.7894 	EXP 	stim_cross: autoDraw = True
43.8060 	EXP 	stim_text: autoDraw = False
43.9775 	DATA 	Keypress: left
46.7894 	EXP 	stim_cross: autoDraw = False
46.7901 	EXP 	New trial (rep=0, index=7): OrderedDict([('num_stim', 9), ('match', 1), ('corr_key', 'right')])
46.8061 	EXP 	stim_text: autoDraw = False
46.8061 	EXP 	stim_cross: autoDraw = False
46.8061 	EXP 	stim_text: text = 9
46.8061 	EXP 	stim_text: autoDraw = True
47.2894 	EXP 	stim_cross: autoDraw = True
47.3061 	EXP 	stim_text: autoDraw = False
47.4604 	DATA 	Keypress: right
50.2895 	EXP 	stim_cross: autoDraw = False
50.2901 	EXP 	New trial (rep=0, index=8): OrderedDict([('num_stim', 9), ('match', 0), ('corr_key', 'left')])
50.3061 	EXP 	stim_text: autoDraw = False
50.3061 	EXP 	stim_cross: autoDraw = False
50.3061 	EXP 	stim_text: text = 9
50.3061 	EXP 	stim_text: autoDraw = True
50.7895 	EXP 	stim_cross: autoDraw = True
50.8062 	EXP 	stim_text: autoDraw = False
51.2101 	DATA 	Keypress: left
53.7895 	EXP 	stim_cross: autoDraw = False
53.7901 	EXP 	New trial (rep=0, index=9): OrderedDict([('num_stim', 9), ('match', 1), ('corr_key', 'right')])
53.8062 	EXP 	stim_text: autoDraw = False
53.8062 	EXP 	stim_cross: autoDraw = False
53.8062 	EXP 	stim_text: text = 9
53.8062 	EXP 	stim_text: autoDraw = True
54.1602 	DATA 	Keypress: right
54.2895 	EXP 	stim_cross: autoDraw = True
54.3062 	EXP 	stim_text: autoDraw = False
57.2896 	EXP 	stim_cross: autoDraw = False
57.2902 	EXP 	New trial (rep=0, index=10): OrderedDict([('num_stim', 3), ('match', 0), ('corr_key', 'left')])
57.3062 	EXP 	stim_text: autoDraw = False
57.3062 	EXP 	stim_cross: autoDraw = False
57.3062 	EXP 	stim_text: text = 3
57.3062 	EXP 	stim_text: autoDraw = True
57.6940 	DATA 	Keypress: left
57.7896 	EXP 	stim_cross: autoDraw = True
57.8063 	EXP 	stim_text: autoDraw = False
60.7896 	EXP 	stim_cross: autoDraw = False
60.7903 	EXP 	New trial (rep=0, index=11): OrderedDict([('num_stim', 9), ('match', 1), ('corr_key', 'right')])
60.8063 	EXP 	stim_text: autoDraw = False
60.8063 	EXP 	stim_cross: autoDraw = False
60.8063 	EXP 	stim_text: text = 9
60.8063 	EXP 	stim_text: autoDraw = True
61.1940 	DATA 	Keypress: right
61.2897 	EXP 	stim_cross: autoDraw = True
61.3063 	EXP 	stim_text: autoDraw = False
64.2897 	EXP 	stim_cross: autoDraw = False
64.2903 	EXP 	New trial (rep=0, index=12): OrderedDict([('num_stim', 3), ('match', 1), ('corr_key', 'right')])
64.3063 	EXP 	stim_text: autoDraw = False
64.3063 	EXP 	stim_cross: autoDraw = False
64.3063 	EXP 	stim_text: text = 3
64.3063 	EXP 	stim_text: autoDraw = True
64.7897 	EXP 	stim_cross: autoDraw = True
64.8064 	EXP 	stim_text: autoDraw = False
64.8108 	DATA 	Keypress: right
67.7897 	EXP 	stim_cross: autoDraw = False
67.7903 	EXP 	New trial (rep=0, index=13): OrderedDict([('num_stim', 5), ('match', 0), ('corr_key', 'left')])
67.8064 	EXP 	stim_text: autoDraw = False
67.8064 	EXP 	stim_cross: autoDraw = False
67.8064 	EXP 	stim_text: text = 5
67.8064 	EXP 	stim_text: autoDraw = True
68.2605 	DATA 	Keypress: left
68.2897 	EXP 	stim_cross: autoDraw = True
68.3064 	EXP 	stim_text: autoDraw = False
71.2898 	EXP 	stim_cross: autoDraw = False
71.2904 	EXP 	New trial (rep=0, index=14): OrderedDict([('num_stim', 0), ('match', 0), ('corr_key', 'left')])
71.3064 	EXP 	stim_text: autoDraw = False
71.3064 	EXP 	stim_cross: autoDraw = False
71.3064 	EXP 	stim_text: text = 0
71.3064 	EXP 	stim_text: autoDraw = True
71.7898 	EXP 	stim_cross: autoDraw = True
71.8064 	EXP 	stim_text: autoDraw = False
71.8444 	DATA 	Keypress: left
74.7899 	EXP 	stim_cross: autoDraw = False
74.7904 	EXP 	New trial (rep=0, index=15): OrderedDict([('num_stim', 3), ('match', 0), ('corr_key', 'left')])
74.8065 	EXP 	stim_text: autoDraw = False
74.8065 	EXP 	stim_cross: autoDraw = False
74.8065 	EXP 	stim_text: text = 3
74.8065 	EXP 	stim_text: autoDraw = True
75.2899 	EXP 	stim_cross: autoDraw = True
75.3065 	EXP 	stim_text: autoDraw = False
75.3271 	DATA 	Keypress: left
78.2899 	EXP 	stim_cross: autoDraw = False
78.2905 	EXP 	New trial (rep=0, index=16): OrderedDict([('num_stim', 6), ('match', 0), ('corr_key', 'left')])
78.3066 	EXP 	stim_text: autoDraw = False
78.3066 	EXP 	stim_cross: autoDraw = False
78.3066 	EXP 	stim_text: text = 6
78.3066 	EXP 	stim_text: autoDraw = True
78.7786 	DATA 	Keypress: left
78.7899 	EXP 	stim_cross: autoDraw = True
78.8066 	EXP 	stim_text: autoDraw = False
81.7900 	EXP 	stim_cross: autoDraw = False
81.7906 	EXP 	New trial (rep=0, index=17): OrderedDict([('num_stim', 3), ('match', 1), ('corr_key', 'right')])
81.8066 	EXP 	stim_text: autoDraw = False
81.8066 	EXP 	stim_cross: autoDraw = False
81.8066 	EXP 	stim_text: text = 3
81.8066 	EXP 	stim_text: autoDraw = True
82.2900 	EXP 	stim_cross: autoDraw = True
82.3066 	EXP 	stim_text: autoDraw = False
82.3277 	DATA 	Keypress: right
85.2900 	EXP 	stim_cross: autoDraw = False
85.2906 	EXP 	New trial (rep=0, index=18): OrderedDict([('num_stim', 6), ('match', 1), ('corr_key', 'right')])
85.3067 	EXP 	stim_text: autoDraw = False
85.3067 	EXP 	stim_cross: autoDraw = False
85.3067 	EXP 	stim_text: text = 6
85.3067 	EXP 	stim_text: autoDraw = True
85.7900 	EXP 	stim_cross: autoDraw = True
85.8067 	EXP 	stim_text: autoDraw = False
85.9781 	DATA 	Keypress: right
88.7901 	EXP 	stim_cross: autoDraw = False
88.7906 	EXP 	New trial (rep=0, index=19): OrderedDict([('num_stim', 3), ('match', 1), ('corr_key', 'right')])
88.8067 	EXP 	stim_text: autoDraw = False
88.8067 	EXP 	stim_cross: autoDraw = False
88.8067 	EXP 	stim_text: text = 3
88.8067 	EXP 	stim_text: autoDraw = True
89.2900 	EXP 	stim_cross: autoDraw = True
89.3067 	EXP 	stim_text: autoDraw = False
89.5116 	DATA 	Keypress: right
92.2901 	EXP 	stim_cross: autoDraw = False
92.2907 	EXP 	New trial (rep=0, index=1): OrderedDict([('task_order', 'ZB-match_1-16571317862935221.csv')])
92.3401 	EXP 	stim_text: autoDraw = False
92.3401 	EXP 	stim_cross: autoDraw = False
92.3401 	EXP 	exp_zero_back_text: text = 'This is a 0-back trial. \n\nPress RIGHT if the number is: 1\nOtherwise, press LEFT. \n\nPress SPACE when you are ready to begin.'
92.3401 	EXP 	exp_zero_back_text: autoDraw = True
92.3401 	EXP 	exp_one_back_text: autoDraw = True
92.3401 	EXP 	exp_two_back_text: autoDraw = True
95.7630 	DATA 	Keypress: space
95.7735 	EXP 	exp_zero_back_text: autoDraw = False
95.7735 	EXP 	exp_one_back_text: autoDraw = False
95.7735 	EXP 	exp_two_back_text: autoDraw = False
95.7735 	EXP 	pause_cross: autoDraw = True
97.7623 	EXP 	Imported C:\Users\Sim\Desktop\KernelFlow_PsychoPy\participants\participant_03\n_back\n_back_conditions\ZB-match_1-16571317862935221.csv as conditions, 20 conditions, 4 params
97.7625 	EXP 	Created sequence: sequential, trialTypes=20, nReps=1, seed=None
97.7628 	EXP 	New trial (rep=0, index=0): OrderedDict([('num_stim', 0), ('match_num', 1), ('match', 0), ('corr_key', 'left')])
97.7736 	EXP 	pause_cross: autoDraw = False
97.7736 	EXP 	pause_cross: autoDraw = False
97.7736 	EXP 	stim_text: text = 0
97.7736 	EXP 	stim_text: autoDraw = True
98.2569 	EXP 	stim_cross: autoDraw = True
98.2735 	EXP 	stim_text: autoDraw = False
98.3280 	DATA 	Keypress: left
101.2570 	EXP 	stim_cross: autoDraw = False
101.2593 	EXP 	New trial (rep=0, index=1): OrderedDict([('num_stim', 6), ('match_num', 1), ('match', 0), ('corr_key', 'left')])
101.2736 	EXP 	stim_text: autoDraw = False
101.2736 	EXP 	stim_cross: autoDraw = False
101.2736 	EXP 	stim_text: text = 6
101.2736 	EXP 	stim_text: autoDraw = True
101.6781 	DATA 	Keypress: left
101.7570 	EXP 	stim_cross: autoDraw = True
101.7736 	EXP 	stim_text: autoDraw = False
104.7570 	EXP 	stim_cross: autoDraw = False
104.7589 	EXP 	New trial (rep=0, index=2): OrderedDict([('num_stim', 4), ('match_num', 1), ('match', 0), ('corr_key', 'left')])
104.7737 	EXP 	stim_text: autoDraw = False
104.7737 	EXP 	stim_cross: autoDraw = False
104.7737 	EXP 	stim_text: text = 4
104.7737 	EXP 	stim_text: autoDraw = True
105.1780 	DATA 	Keypress: left
105.2570 	EXP 	stim_cross: autoDraw = True
105.2737 	EXP 	stim_text: autoDraw = False
108.2570 	EXP 	stim_cross: autoDraw = False
108.2595 	EXP 	New trial (rep=0, index=3): OrderedDict([('num_stim', 6), ('match_num', 1), ('match', 0), ('corr_key', 'left')])
108.2737 	EXP 	stim_text: autoDraw = False
108.2737 	EXP 	stim_cross: autoDraw = False
108.2737 	EXP 	stim_text: text = 6
108.2737 	EXP 	stim_text: autoDraw = True
108.6617 	DATA 	Keypress: left
108.7570 	EXP 	stim_cross: autoDraw = True
108.7737 	EXP 	stim_text: autoDraw = False
111.7571 	EXP 	stim_cross: autoDraw = False
111.7592 	EXP 	New trial (rep=0, index=4): OrderedDict([('num_stim', 1), ('match_num', 1), ('match', 1), ('corr_key', 'right')])
111.7738 	EXP 	stim_text: autoDraw = False
111.7738 	EXP 	stim_cross: autoDraw = False
111.7738 	EXP 	stim_text: text = 1
111.7738 	EXP 	stim_text: autoDraw = True
112.1115 	DATA 	Keypress: right
112.2571 	EXP 	stim_cross: autoDraw = True
112.2738 	EXP 	stim_text: autoDraw = False
115.2572 	EXP 	stim_cross: autoDraw = False
115.2598 	EXP 	New trial (rep=0, index=5): OrderedDict([('num_stim', 3), ('match_num', 1), ('match', 0), ('corr_key', 'left')])
115.2738 	EXP 	stim_text: autoDraw = False
115.2738 	EXP 	stim_cross: autoDraw = False
115.2738 	EXP 	stim_text: text = 3
115.2738 	EXP 	stim_text: autoDraw = True
115.6451 	DATA 	Keypress: left
115.7572 	EXP 	stim_cross: autoDraw = True
115.7738 	EXP 	stim_text: autoDraw = False
118.7572 	EXP 	stim_cross: autoDraw = False
118.7595 	EXP 	New trial (rep=0, index=6): OrderedDict([('num_stim', 8), ('match_num', 1), ('match', 0), ('corr_key', 'left')])
118.7739 	EXP 	stim_text: autoDraw = False
118.7739 	EXP 	stim_cross: autoDraw = False
118.7739 	EXP 	stim_text: text = 8
118.7739 	EXP 	stim_text: autoDraw = True
119.1447 	DATA 	Keypress: left
119.2572 	EXP 	stim_cross: autoDraw = True
119.2739 	EXP 	stim_text: autoDraw = False
122.2573 	EXP 	stim_cross: autoDraw = False
122.2591 	EXP 	New trial (rep=0, index=7): OrderedDict([('num_stim', 1), ('match_num', 1), ('match', 1), ('corr_key', 'right')])
122.2739 	EXP 	stim_text: autoDraw = False
122.2739 	EXP 	stim_cross: autoDraw = False
122.2739 	EXP 	stim_text: text = 1
122.2739 	EXP 	stim_text: autoDraw = True
122.5954 	DATA 	Keypress: right
122.7573 	EXP 	stim_cross: autoDraw = True
122.7739 	EXP 	stim_text: autoDraw = False
125.7573 	EXP 	stim_cross: autoDraw = False
125.7599 	EXP 	New trial (rep=0, index=8): OrderedDict([('num_stim', 1), ('match_num', 1), ('match', 1), ('corr_key', 'right')])
125.7739 	EXP 	stim_text: autoDraw = False
125.7739 	EXP 	stim_cross: autoDraw = False
125.7739 	EXP 	stim_text: text = 1
125.7739 	EXP 	stim_text: autoDraw = True
126.1950 	DATA 	Keypress: right
126.2573 	EXP 	stim_cross: autoDraw = True
126.2740 	EXP 	stim_text: autoDraw = False
129.2574 	EXP 	stim_cross: autoDraw = False
129.2597 	EXP 	New trial (rep=0, index=9): OrderedDict([('num_stim', 5), ('match_num', 1), ('match', 0), ('corr_key', 'left')])
129.2740 	EXP 	stim_text: autoDraw = False
129.2740 	EXP 	stim_cross: autoDraw = False
129.2740 	EXP 	stim_text: text = 5
129.2740 	EXP 	stim_text: autoDraw = True
129.7574 	EXP 	stim_cross: autoDraw = True
129.7616 	DATA 	Keypress: left
129.7740 	EXP 	stim_text: autoDraw = False
132.7574 	EXP 	stim_cross: autoDraw = False
132.7593 	EXP 	New trial (rep=0, index=10): OrderedDict([('num_stim', 1), ('match_num', 1), ('match', 1), ('corr_key', 'right')])
132.7741 	EXP 	stim_text: autoDraw = False
132.7741 	EXP 	stim_cross: autoDraw = False
132.7741 	EXP 	stim_text: text = 1
132.7741 	EXP 	stim_text: autoDraw = True
133.1786 	DATA 	Keypress: right
133.2574 	EXP 	stim_cross: autoDraw = True
133.2741 	EXP 	stim_text: autoDraw = False
136.2575 	EXP 	stim_cross: autoDraw = False
136.2602 	EXP 	New trial (rep=0, index=11): OrderedDict([('num_stim', 7), ('match_num', 1), ('match', 0), ('corr_key', 'left')])
136.2742 	EXP 	stim_text: autoDraw = False
136.2742 	EXP 	stim_cross: autoDraw = False
136.2742 	EXP 	stim_text: text = 7
136.2742 	EXP 	stim_text: autoDraw = True
136.6623 	DATA 	Keypress: left
136.7575 	EXP 	stim_cross: autoDraw = True
136.7742 	EXP 	stim_text: autoDraw = False
139.7575 	EXP 	stim_cross: autoDraw = False
139.7598 	EXP 	New trial (rep=0, index=12): OrderedDict([('num_stim', 8), ('match_num', 1), ('match', 0), ('corr_key', 'left')])
139.7742 	EXP 	stim_text: autoDraw = False
139.7742 	EXP 	stim_cross: autoDraw = False
139.7742 	EXP 	stim_text: text = 8
139.7742 	EXP 	stim_text: autoDraw = True
140.1950 	DATA 	Keypress: left
140.2575 	EXP 	stim_cross: autoDraw = True
140.2742 	EXP 	stim_text: autoDraw = False
143.2576 	EXP 	stim_cross: autoDraw = False
143.2594 	EXP 	New trial (rep=0, index=13): OrderedDict([('num_stim', 5), ('match_num', 1), ('match', 0), ('corr_key', 'left')])
143.2743 	EXP 	stim_text: autoDraw = False
143.2743 	EXP 	stim_cross: autoDraw = False
143.2743 	EXP 	stim_text: text = 5
143.2743 	EXP 	stim_text: autoDraw = True
143.6786 	DATA 	Keypress: left
143.7576 	EXP 	stim_cross: autoDraw = True
143.7743 	EXP 	stim_text: autoDraw = False
146.7576 	EXP 	stim_cross: autoDraw = False
146.7600 	EXP 	New trial (rep=0, index=14): OrderedDict([('num_stim', 1), ('match_num', 1), ('match', 1), ('corr_key', 'right')])
146.7743 	EXP 	stim_text: autoDraw = False
146.7743 	EXP 	stim_cross: autoDraw = False
146.7743 	EXP 	stim_text: text = 1
146.7743 	EXP 	stim_text: autoDraw = True
147.1792 	DATA 	Keypress: right
147.2577 	EXP 	stim_cross: autoDraw = True
147.2743 	EXP 	stim_text: autoDraw = False
150.2577 	EXP 	stim_cross: autoDraw = False
150.2597 	EXP 	New trial (rep=0, index=15): OrderedDict([('num_stim', 1), ('match_num', 1), ('match', 1), ('corr_key', 'right')])
150.2744 	EXP 	stim_text: autoDraw = False
150.2744 	EXP 	stim_cross: autoDraw = False
150.2744 	EXP 	stim_text: text = 1
150.2744 	EXP 	stim_text: autoDraw = True
150.7120 	DATA 	Keypress: right
150.7577 	EXP 	stim_cross: autoDraw = True
150.7744 	EXP 	stim_text: autoDraw = False
153.7578 	EXP 	stim_cross: autoDraw = False
153.7597 	EXP 	New trial (rep=0, index=16): OrderedDict([('num_stim', 1), ('match_num', 1), ('match', 1), ('corr_key', 'right')])
153.7744 	EXP 	stim_text: autoDraw = False
153.7744 	EXP 	stim_cross: autoDraw = False
153.7744 	EXP 	stim_text: text = 1
153.7744 	EXP 	stim_text: autoDraw = True
154.1619 	DATA 	Keypress: right
154.2578 	EXP 	stim_cross: autoDraw = True
154.2744 	EXP 	stim_text: autoDraw = False
155.8958 	DATA 	Keypress: right
157.2578 	EXP 	stim_cross: autoDraw = False
157.2596 	EXP 	New trial (rep=0, index=17): OrderedDict([('num_stim', 1), ('match_num', 1), ('match', 1), ('corr_key', 'right')])
157.2745 	EXP 	stim_text: autoDraw = False
157.2745 	EXP 	stim_cross: autoDraw = False
157.2745 	EXP 	stim_text: text = 1
157.2745 	EXP 	stim_text: autoDraw = True
157.6788 	DATA 	Keypress: right
157.7578 	EXP 	stim_cross: autoDraw = True
157.7745 	EXP 	stim_text: autoDraw = False
160.7578 	EXP 	stim_cross: autoDraw = False
160.7603 	EXP 	New trial (rep=0, index=18): OrderedDict([('num_stim', 9), ('match_num', 1), ('match', 0), ('corr_key', 'left')])
160.7745 	EXP 	stim_text: autoDraw = False
160.7745 	EXP 	stim_cross: autoDraw = False
160.7745 	EXP 	stim_text: text = 9
160.7745 	EXP 	stim_text: autoDraw = True
161.2124 	DATA 	Keypress: left
161.2579 	EXP 	stim_cross: autoDraw = True
161.2745 	EXP 	stim_text: autoDraw = False
164.2579 	EXP 	stim_cross: autoDraw = False
164.2599 	EXP 	New trial (rep=0, index=19): OrderedDict([('num_stim', 7), ('match_num', 1), ('match', 0), ('corr_key', 'left')])
164.2746 	EXP 	stim_text: autoDraw = False
164.2746 	EXP 	stim_cross: autoDraw = False
164.2746 	EXP 	stim_text: text = 7
164.2746 	EXP 	stim_text: autoDraw = True
164.6791 	DATA 	Keypress: left
164.7579 	EXP 	stim_cross: autoDraw = True
164.7746 	EXP 	stim_text: autoDraw = False
167.7580 	EXP 	stim_cross: autoDraw = False
167.7606 	EXP 	New trial (rep=0, index=2): OrderedDict([('task_order', 'OB-1657131786840452.csv')])
167.8080 	EXP 	stim_text: autoDraw = False
167.8080 	EXP 	stim_cross: autoDraw = False
167.8080 	EXP 	exp_zero_back_text: text = 'This is a 0-back trial. \n\nPress RIGHT if the number is: \nOtherwise, press LEFT. \n\nPress SPACE when you are ready to begin.'
167.8080 	EXP 	exp_zero_back_text: autoDraw = True
167.8080 	EXP 	exp_one_back_text: autoDraw = True
167.8080 	EXP 	exp_two_back_text: autoDraw = True
169.7974 	DATA 	Keypress: space
169.8080 	EXP 	exp_zero_back_text: autoDraw = False
169.8080 	EXP 	exp_one_back_text: autoDraw = False
169.8080 	EXP 	exp_two_back_text: autoDraw = False
169.8080 	EXP 	pause_cross: autoDraw = True
171.7967 	EXP 	Imported C:\Users\Sim\Desktop\KernelFlow_PsychoPy\participants\participant_03\n_back\n_back_conditions\OB-1657131786840452.csv as conditions, 20 conditions, 3 params
171.7969 	EXP 	Created sequence: sequential, trialTypes=20, nReps=1, seed=None
171.7971 	EXP 	New trial (rep=0, index=0): OrderedDict([('num_stim', 6), ('match', 0), ('corr_key', 'left')])
171.8080 	EXP 	pause_cross: autoDraw = False
171.8080 	EXP 	pause_cross: autoDraw = False
171.8080 	EXP 	stim_text: text = 6
171.8080 	EXP 	stim_text: autoDraw = True
172.2914 	EXP 	stim_cross: autoDraw = True
172.3080 	EXP 	stim_text: autoDraw = False
175.2914 	EXP 	stim_cross: autoDraw = False
175.2938 	EXP 	New trial (rep=0, index=1): OrderedDict([('num_stim', 1), ('match', 0), ('corr_key', 'left')])
175.3081 	EXP 	stim_text: autoDraw = False
175.3081 	EXP 	stim_cross: autoDraw = False
175.3081 	EXP 	stim_text: text = 1
175.3081 	EXP 	stim_text: autoDraw = True
175.7457 	DATA 	Keypress: left
175.7914 	EXP 	stim_cross: autoDraw = True
175.8081 	EXP 	stim_text: autoDraw = False
178.7915 	EXP 	stim_cross: autoDraw = False
178.7933 	EXP 	New trial (rep=0, index=2): OrderedDict([('num_stim', 3), ('match', 0), ('corr_key', 'left')])
178.8081 	EXP 	stim_text: autoDraw = False
178.8081 	EXP 	stim_cross: autoDraw = False
178.8081 	EXP 	stim_text: text = 3
178.8081 	EXP 	stim_text: autoDraw = True
179.2625 	DATA 	Keypress: left
179.2915 	EXP 	stim_cross: autoDraw = True
179.3082 	EXP 	stim_text: autoDraw = False
182.2915 	EXP 	stim_cross: autoDraw = False
182.2939 	EXP 	New trial (rep=0, index=3): OrderedDict([('num_stim', 9), ('match', 0), ('corr_key', 'left')])
182.3082 	EXP 	stim_text: autoDraw = False
182.3082 	EXP 	stim_cross: autoDraw = False
182.3082 	EXP 	stim_text: text = 9
182.3082 	EXP 	stim_text: autoDraw = True
182.7629 	DATA 	Keypress: left
182.7915 	EXP 	stim_cross: autoDraw = True
182.8082 	EXP 	stim_text: autoDraw = False
185.7916 	EXP 	stim_cross: autoDraw = False
185.7935 	EXP 	New trial (rep=0, index=4): OrderedDict([('num_stim', 9), ('match', 1), ('corr_key', 'right')])
185.8083 	EXP 	stim_text: autoDraw = False
185.8083 	EXP 	stim_cross: autoDraw = False
185.8083 	EXP 	stim_text: text = 9
185.8083 	EXP 	stim_text: autoDraw = True
186.2800 	DATA 	Keypress: right
186.2916 	EXP 	stim_cross: autoDraw = True
186.3083 	EXP 	stim_text: autoDraw = False
189.2916 	EXP 	stim_cross: autoDraw = False
189.2942 	EXP 	New trial (rep=0, index=5): OrderedDict([('num_stim', 3), ('match', 0), ('corr_key', 'left')])
189.3083 	EXP 	stim_text: autoDraw = False
189.3083 	EXP 	stim_cross: autoDraw = False
189.3083 	EXP 	stim_text: text = 3
189.3083 	EXP 	stim_text: autoDraw = True
189.7916 	EXP 	stim_cross: autoDraw = True
189.8083 	EXP 	stim_text: autoDraw = False
189.8130 	DATA 	Keypress: left
192.7917 	EXP 	stim_cross: autoDraw = False
192.7938 	EXP 	New trial (rep=0, index=6): OrderedDict([('num_stim', 0), ('match', 0), ('corr_key', 'left')])
192.8084 	EXP 	stim_text: autoDraw = False
192.8084 	EXP 	stim_cross: autoDraw = False
192.8084 	EXP 	stim_text: text = 0
192.8084 	EXP 	stim_text: autoDraw = True
193.1960 	DATA 	Keypress: left
193.2917 	EXP 	stim_cross: autoDraw = True
193.3084 	EXP 	stim_text: autoDraw = False
196.2918 	EXP 	stim_cross: autoDraw = False
196.2944 	EXP 	New trial (rep=0, index=7): OrderedDict([('num_stim', 0), ('match', 1), ('corr_key', 'right')])
196.3084 	EXP 	stim_text: autoDraw = False
196.3084 	EXP 	stim_cross: autoDraw = False
196.3084 	EXP 	stim_text: text = 0
196.3084 	EXP 	stim_text: autoDraw = True
196.7918 	EXP 	stim_cross: autoDraw = True
196.8084 	EXP 	stim_text: autoDraw = False
196.8462 	DATA 	Keypress: right
199.7918 	EXP 	stim_cross: autoDraw = False
199.7943 	EXP 	New trial (rep=0, index=8): OrderedDict([('num_stim', 6), ('match', 0), ('corr_key', 'left')])
199.8085 	EXP 	stim_text: autoDraw = False
199.8085 	EXP 	stim_cross: autoDraw = False
199.8085 	EXP 	stim_text: text = 6
199.8085 	EXP 	stim_text: autoDraw = True
200.2918 	EXP 	stim_cross: autoDraw = True
200.3085 	EXP 	stim_text: autoDraw = False
200.3132 	DATA 	Keypress: left
203.2919 	EXP 	stim_cross: autoDraw = False
203.2940 	EXP 	New trial (rep=0, index=9): OrderedDict([('num_stim', 5), ('match', 0), ('corr_key', 'left')])
203.3085 	EXP 	stim_text: autoDraw = False
203.3085 	EXP 	stim_cross: autoDraw = False
203.3085 	EXP 	stim_text: text = 5
203.3085 	EXP 	stim_text: autoDraw = True
203.7919 	EXP 	stim_cross: autoDraw = True
203.8085 	EXP 	stim_text: autoDraw = False
203.8468 	DATA 	Keypress: left
206.7919 	EXP 	stim_cross: autoDraw = False
206.7936 	EXP 	New trial (rep=0, index=10): OrderedDict([('num_stim', 5), ('match', 1), ('corr_key', 'right')])
206.8086 	EXP 	stim_text: autoDraw = False
206.8086 	EXP 	stim_cross: autoDraw = False
206.8086 	EXP 	stim_text: text = 5
206.8086 	EXP 	stim_text: autoDraw = True
207.2919 	EXP 	stim_cross: autoDraw = True
207.3086 	EXP 	stim_text: autoDraw = False
207.3962 	DATA 	Keypress: right
210.2919 	EXP 	stim_cross: autoDraw = False
210.2943 	EXP 	New trial (rep=0, index=11): OrderedDict([('num_stim', 5), ('match', 1), ('corr_key', 'right')])
210.3087 	EXP 	stim_text: autoDraw = False
210.3087 	EXP 	stim_cross: autoDraw = False
210.3087 	EXP 	stim_text: text = 5
210.3087 	EXP 	stim_text: autoDraw = True
210.6796 	DATA 	Keypress: right
210.7920 	EXP 	stim_cross: autoDraw = True
210.8087 	EXP 	stim_text: autoDraw = False
213.7920 	EXP 	stim_cross: autoDraw = False
213.7940 	EXP 	New trial (rep=0, index=12): OrderedDict([('num_stim', 6), ('match', 0), ('corr_key', 'left')])
213.8087 	EXP 	stim_text: autoDraw = False
213.8087 	EXP 	stim_cross: autoDraw = False
213.8087 	EXP 	stim_text: text = 6
213.8087 	EXP 	stim_text: autoDraw = True
214.2460 	DATA 	Keypress: left
214.2920 	EXP 	stim_cross: autoDraw = True
214.3087 	EXP 	stim_text: autoDraw = False
217.2921 	EXP 	stim_cross: autoDraw = False
217.2939 	EXP 	New trial (rep=0, index=13): OrderedDict([('num_stim', 6), ('match', 1), ('corr_key', 'right')])
217.3087 	EXP 	stim_text: autoDraw = False
217.3087 	EXP 	stim_cross: autoDraw = False
217.3087 	EXP 	stim_text: text = 6
217.3087 	EXP 	stim_text: autoDraw = True
217.7469 	DATA 	Keypress: right
217.7921 	EXP 	stim_cross: autoDraw = True
217.8088 	EXP 	stim_text: autoDraw = False
220.7921 	EXP 	stim_cross: autoDraw = False
220.7945 	EXP 	New trial (rep=0, index=14): OrderedDict([('num_stim', 6), ('match', 1), ('corr_key', 'right')])
220.8088 	EXP 	stim_text: autoDraw = False
220.8088 	EXP 	stim_cross: autoDraw = False
220.8088 	EXP 	stim_text: text = 6
220.8088 	EXP 	stim_text: autoDraw = True
221.2296 	DATA 	Keypress: right
221.2921 	EXP 	stim_cross: autoDraw = True
221.3088 	EXP 	stim_text: autoDraw = False
224.2922 	EXP 	stim_cross: autoDraw = False
224.2942 	EXP 	New trial (rep=0, index=15): OrderedDict([('num_stim', 6), ('match', 1), ('corr_key', 'right')])
224.3088 	EXP 	stim_text: autoDraw = False
224.3088 	EXP 	stim_cross: autoDraw = False
224.3088 	EXP 	stim_text: text = 6
224.3088 	EXP 	stim_text: autoDraw = True
224.6804 	DATA 	Keypress: right
224.7922 	EXP 	stim_cross: autoDraw = True
224.8089 	EXP 	stim_text: autoDraw = False
227.7922 	EXP 	stim_cross: autoDraw = False
227.7940 	EXP 	New trial (rep=0, index=16): OrderedDict([('num_stim', 8), ('match', 0), ('corr_key', 'left')])
227.8089 	EXP 	stim_text: autoDraw = False
227.8089 	EXP 	stim_cross: autoDraw = False
227.8089 	EXP 	stim_text: text = 8
227.8089 	EXP 	stim_text: autoDraw = True
228.2922 	EXP 	stim_cross: autoDraw = True
228.2969 	DATA 	Keypress: left
228.3089 	EXP 	stim_text: autoDraw = False
231.2923 	EXP 	stim_cross: autoDraw = False
231.2947 	EXP 	New trial (rep=0, index=17): OrderedDict([('num_stim', 4), ('match', 0), ('corr_key', 'left')])
231.3090 	EXP 	stim_text: autoDraw = False
231.3090 	EXP 	stim_cross: autoDraw = False
231.3090 	EXP 	stim_text: text = 4
231.3090 	EXP 	stim_text: autoDraw = True
231.6800 	DATA 	Keypress: left
231.7923 	EXP 	stim_cross: autoDraw = True
231.8090 	EXP 	stim_text: autoDraw = False
234.7924 	EXP 	stim_cross: autoDraw = False
234.7944 	EXP 	New trial (rep=0, index=18): OrderedDict([('num_stim', 4), ('match', 1), ('corr_key', 'right')])
234.8090 	EXP 	stim_text: autoDraw = False
234.8090 	EXP 	stim_cross: autoDraw = False
234.8090 	EXP 	stim_text: text = 4
234.8090 	EXP 	stim_text: autoDraw = True
235.2465 	DATA 	Keypress: right
235.2924 	EXP 	stim_cross: autoDraw = True
235.3090 	EXP 	stim_text: autoDraw = False
238.2924 	EXP 	stim_cross: autoDraw = False
238.2951 	EXP 	New trial (rep=0, index=19): OrderedDict([('num_stim', 9), ('match', 0), ('corr_key', 'left')])
238.3091 	EXP 	stim_text: autoDraw = False
238.3091 	EXP 	stim_cross: autoDraw = False
238.3091 	EXP 	stim_text: text = 9
238.3091 	EXP 	stim_text: autoDraw = True
238.7471 	DATA 	Keypress: left
238.7924 	EXP 	stim_cross: autoDraw = True
238.8091 	EXP 	stim_text: autoDraw = False
241.7925 	EXP 	stim_cross: autoDraw = False
241.7943 	EXP 	New trial (rep=0, index=3): OrderedDict([('task_order', 'OB-16571317868141544.csv')])
241.8258 	EXP 	stim_text: autoDraw = False
241.8258 	EXP 	stim_cross: autoDraw = False
241.8258 	EXP 	exp_zero_back_text: text = 'This is a 0-back trial. \n\nPress RIGHT if the number is: \nOtherwise, press LEFT. \n\nPress SPACE when you are ready to begin.'
241.8258 	EXP 	exp_zero_back_text: autoDraw = True
241.8258 	EXP 	exp_one_back_text: autoDraw = True
241.8258 	EXP 	exp_two_back_text: autoDraw = True
243.4294 	DATA 	Keypress: space
243.8258 	EXP 	exp_zero_back_text: autoDraw = False
243.8258 	EXP 	exp_one_back_text: autoDraw = False
243.8258 	EXP 	exp_two_back_text: autoDraw = False
243.8258 	EXP 	pause_cross: autoDraw = True
245.8142 	EXP 	Imported C:\Users\Sim\Desktop\KernelFlow_PsychoPy\participants\participant_03\n_back\n_back_conditions\OB-16571317868141544.csv as conditions, 20 conditions, 3 params
245.8145 	EXP 	Created sequence: sequential, trialTypes=20, nReps=1, seed=None
245.8147 	EXP 	New trial (rep=0, index=0): OrderedDict([('num_stim', 7), ('match', 0), ('corr_key', 'left')])
245.8259 	EXP 	pause_cross: autoDraw = False
245.8259 	EXP 	pause_cross: autoDraw = False
245.8259 	EXP 	stim_text: text = 7
245.8259 	EXP 	stim_text: autoDraw = True
246.3092 	EXP 	stim_cross: autoDraw = True
246.3259 	EXP 	stim_text: autoDraw = False
249.3092 	EXP 	stim_cross: autoDraw = False
249.3113 	EXP 	New trial (rep=0, index=1): OrderedDict([('num_stim', 1), ('match', 0), ('corr_key', 'left')])
249.3259 	EXP 	stim_text: autoDraw = False
249.3259 	EXP 	stim_cross: autoDraw = False
249.3259 	EXP 	stim_text: text = 1
249.3259 	EXP 	stim_text: autoDraw = True
249.7977 	DATA 	Keypress: left
249.8093 	EXP 	stim_cross: autoDraw = True
249.8259 	EXP 	stim_text: autoDraw = False
252.8093 	EXP 	stim_cross: autoDraw = False
252.8118 	EXP 	New trial (rep=0, index=2): OrderedDict([('num_stim', 1), ('match', 1), ('corr_key', 'right')])
252.8260 	EXP 	stim_text: autoDraw = False
252.8260 	EXP 	stim_cross: autoDraw = False
252.8260 	EXP 	stim_text: text = 1
252.8260 	EXP 	stim_text: autoDraw = True
253.1302 	DATA 	Keypress: right
253.3093 	EXP 	stim_cross: autoDraw = True
253.3260 	EXP 	stim_text: autoDraw = False
256.3094 	EXP 	stim_cross: autoDraw = False
256.3114 	EXP 	New trial (rep=0, index=3): OrderedDict([('num_stim', 7), ('match', 0), ('corr_key', 'left')])
256.3261 	EXP 	stim_text: autoDraw = False
256.3261 	EXP 	stim_cross: autoDraw = False
256.3261 	EXP 	stim_text: text = 7
256.3261 	EXP 	stim_text: autoDraw = True
256.8094 	EXP 	stim_cross: autoDraw = True
256.8260 	EXP 	stim_text: autoDraw = False
258.2969 	DATA 	Keypress: left
259.8094 	EXP 	stim_cross: autoDraw = False
259.8114 	EXP 	New trial (rep=0, index=4): OrderedDict([('num_stim', 7), ('match', 1), ('corr_key', 'right')])
259.8261 	EXP 	stim_text: autoDraw = False
259.8261 	EXP 	stim_cross: autoDraw = False
259.8261 	EXP 	stim_text: text = 7
259.8261 	EXP 	stim_text: autoDraw = True
260.3094 	EXP 	stim_cross: autoDraw = True
260.3261 	EXP 	stim_text: autoDraw = False
260.3970 	DATA 	Keypress: right
263.3095 	EXP 	stim_cross: autoDraw = False
263.3121 	EXP 	New trial (rep=0, index=5): OrderedDict([('num_stim', 7), ('match', 1), ('corr_key', 'right')])
263.3261 	EXP 	stim_text: autoDraw = False
263.3261 	EXP 	stim_cross: autoDraw = False
263.3261 	EXP 	stim_text: text = 7
263.3261 	EXP 	stim_text: autoDraw = True
263.7144 	DATA 	Keypress: right
263.8095 	EXP 	stim_cross: autoDraw = True
263.8261 	EXP 	stim_text: autoDraw = False
266.8095 	EXP 	stim_cross: autoDraw = False
266.8112 	EXP 	New trial (rep=0, index=6): OrderedDict([('num_stim', 8), ('match', 0), ('corr_key', 'left')])
266.8262 	EXP 	stim_text: autoDraw = False
266.8262 	EXP 	stim_cross: autoDraw = False
266.8262 	EXP 	stim_text: text = 8
266.8262 	EXP 	stim_text: autoDraw = True
267.2977 	DATA 	Keypress: left
267.3095 	EXP 	stim_cross: autoDraw = True
267.3262 	EXP 	stim_text: autoDraw = False
270.3096 	EXP 	stim_cross: autoDraw = False
270.3113 	EXP 	New trial (rep=0, index=7): OrderedDict([('num_stim', 8), ('match', 1), ('corr_key', 'right')])
270.3262 	EXP 	stim_text: autoDraw = False
270.3262 	EXP 	stim_cross: autoDraw = False
270.3262 	EXP 	stim_text: text = 8
270.3262 	EXP 	stim_text: autoDraw = True
270.7645 	DATA 	Keypress: right
270.8096 	EXP 	stim_cross: autoDraw = True
270.8262 	EXP 	stim_text: autoDraw = False
273.8096 	EXP 	stim_cross: autoDraw = False
273.8121 	EXP 	New trial (rep=0, index=8): OrderedDict([('num_stim', 0), ('match', 0), ('corr_key', 'left')])
273.8263 	EXP 	stim_text: autoDraw = False
273.8263 	EXP 	stim_cross: autoDraw = False
273.8263 	EXP 	stim_text: text = 0
273.8263 	EXP 	stim_text: autoDraw = True
274.2478 	DATA 	Keypress: left
274.3096 	EXP 	stim_cross: autoDraw = True
274.3263 	EXP 	stim_text: autoDraw = False
277.3097 	EXP 	stim_cross: autoDraw = False
277.3122 	EXP 	New trial (rep=0, index=9): OrderedDict([('num_stim', 0), ('match', 1), ('corr_key', 'right')])
277.3263 	EXP 	stim_text: autoDraw = False
277.3263 	EXP 	stim_cross: autoDraw = False
277.3263 	EXP 	stim_text: text = 0
277.3263 	EXP 	stim_text: autoDraw = True
277.8097 	EXP 	stim_cross: autoDraw = True
277.8264 	EXP 	stim_text: autoDraw = False
277.9139 	DATA 	Keypress: right
280.8097 	EXP 	stim_cross: autoDraw = False
280.8118 	EXP 	New trial (rep=0, index=10): OrderedDict([('num_stim', 8), ('match', 0), ('corr_key', 'left')])
280.8264 	EXP 	stim_text: autoDraw = False
280.8264 	EXP 	stim_cross: autoDraw = False
280.8264 	EXP 	stim_text: text = 8
280.8264 	EXP 	stim_text: autoDraw = True
281.3097 	EXP 	stim_cross: autoDraw = True
281.3264 	EXP 	stim_text: autoDraw = False
281.4972 	DATA 	Keypress: left
284.3098 	EXP 	stim_cross: autoDraw = False
284.3116 	EXP 	New trial (rep=0, index=11): OrderedDict([('num_stim', 8), ('match', 1), ('corr_key', 'right')])
284.3265 	EXP 	stim_text: autoDraw = False
284.3265 	EXP 	stim_cross: autoDraw = False
284.3265 	EXP 	stim_text: text = 8
284.3265 	EXP 	stim_text: autoDraw = True
284.8098 	EXP 	stim_cross: autoDraw = True
284.8265 	EXP 	stim_text: autoDraw = False
284.9472 	DATA 	Keypress: right
287.8098 	EXP 	stim_cross: autoDraw = False
287.8123 	EXP 	New trial (rep=0, index=12): OrderedDict([('num_stim', 8), ('match', 1), ('corr_key', 'right')])
287.8265 	EXP 	stim_text: autoDraw = False
287.8265 	EXP 	stim_cross: autoDraw = False
287.8265 	EXP 	stim_text: text = 8
287.8265 	EXP 	stim_text: autoDraw = True
288.2477 	DATA 	Keypress: right
288.3098 	EXP 	stim_cross: autoDraw = True
288.3265 	EXP 	stim_text: autoDraw = False
291.3099 	EXP 	stim_cross: autoDraw = False
291.3122 	EXP 	New trial (rep=0, index=13): OrderedDict([('num_stim', 9), ('match', 0), ('corr_key', 'left')])
291.3266 	EXP 	stim_text: autoDraw = False
291.3266 	EXP 	stim_cross: autoDraw = False
291.3266 	EXP 	stim_text: text = 9
291.3266 	EXP 	stim_text: autoDraw = True
291.8099 	EXP 	stim_cross: autoDraw = True
291.8266 	EXP 	stim_text: autoDraw = False
291.8480 	DATA 	Keypress: left
294.8100 	EXP 	stim_cross: autoDraw = False
294.8120 	EXP 	New trial (rep=0, index=14): OrderedDict([('num_stim', 8), ('match', 0), ('corr_key', 'left')])
294.8266 	EXP 	stim_text: autoDraw = False
294.8266 	EXP 	stim_cross: autoDraw = False
294.8266 	EXP 	stim_text: text = 8
294.8266 	EXP 	stim_text: autoDraw = True
295.2642 	DATA 	Keypress: right
295.3100 	EXP 	stim_cross: autoDraw = True
295.3266 	EXP 	stim_text: autoDraw = False
298.3100 	EXP 	stim_cross: autoDraw = False
298.3118 	EXP 	New trial (rep=0, index=15): OrderedDict([('num_stim', 6), ('match', 0), ('corr_key', 'left')])
298.3267 	EXP 	stim_text: autoDraw = False
298.3267 	EXP 	stim_cross: autoDraw = False
298.3267 	EXP 	stim_text: text = 6
298.3267 	EXP 	stim_text: autoDraw = True
298.8100 	EXP 	stim_cross: autoDraw = True
298.8267 	EXP 	stim_text: autoDraw = False
298.8975 	DATA 	Keypress: left
301.8100 	EXP 	stim_cross: autoDraw = False
301.8125 	EXP 	New trial (rep=0, index=16): OrderedDict([('num_stim', 3), ('match', 0), ('corr_key', 'left')])
301.8267 	EXP 	stim_text: autoDraw = False
301.8267 	EXP 	stim_cross: autoDraw = False
301.8267 	EXP 	stim_text: text = 3
301.8267 	EXP 	stim_text: autoDraw = True
302.3101 	EXP 	stim_cross: autoDraw = True
302.3267 	EXP 	stim_text: autoDraw = False
302.3643 	DATA 	Keypress: left
305.3101 	EXP 	stim_cross: autoDraw = False
305.3122 	EXP 	New trial (rep=0, index=17): OrderedDict([('num_stim', 6), ('match', 0), ('corr_key', 'left')])
305.3268 	EXP 	stim_text: autoDraw = False
305.3268 	EXP 	stim_cross: autoDraw = False
305.3268 	EXP 	stim_text: text = 6
305.3268 	EXP 	stim_text: autoDraw = True
305.8101 	EXP 	stim_cross: autoDraw = True
305.8268 	EXP 	stim_text: autoDraw = False
305.9483 	DATA 	Keypress: left
308.8102 	EXP 	stim_cross: autoDraw = False
308.8124 	EXP 	New trial (rep=0, index=18): OrderedDict([('num_stim', 6), ('match', 1), ('corr_key', 'right')])
308.8269 	EXP 	stim_text: autoDraw = False
308.8269 	EXP 	stim_cross: autoDraw = False
308.8269 	EXP 	stim_text: text = 6
308.8269 	EXP 	stim_text: autoDraw = True
309.3102 	EXP 	stim_cross: autoDraw = True
309.3144 	DATA 	Keypress: right
309.3268 	EXP 	stim_text: autoDraw = False
312.3102 	EXP 	stim_cross: autoDraw = False
312.3121 	EXP 	New trial (rep=0, index=19): OrderedDict([('num_stim', 0), ('match', 0), ('corr_key', 'left')])
312.3269 	EXP 	stim_text: autoDraw = False
312.3269 	EXP 	stim_cross: autoDraw = False
312.3269 	EXP 	stim_text: text = 0
312.3269 	EXP 	stim_text: autoDraw = True
312.8102 	EXP 	stim_cross: autoDraw = True
312.8150 	DATA 	Keypress: left
312.8269 	EXP 	stim_text: autoDraw = False
315.8103 	EXP 	stim_cross: autoDraw = False
315.8128 	EXP 	New trial (rep=0, index=4): OrderedDict([('task_order', 'TB-1657131787163465.csv')])
315.8436 	EXP 	stim_text: autoDraw = False
315.8436 	EXP 	stim_cross: autoDraw = False
315.8436 	EXP 	exp_zero_back_text: text = 'This is a 0-back trial. \n\nPress RIGHT if the number is: \nOtherwise, press LEFT. \n\nPress SPACE when you are ready to begin.'
315.8436 	EXP 	exp_zero_back_text: autoDraw = True
315.8436 	EXP 	exp_one_back_text: autoDraw = True
315.8436 	EXP 	exp_two_back_text: autoDraw = True
318.3503 	DATA 	Keypress: space
318.3603 	EXP 	exp_zero_back_text: autoDraw = False
318.3603 	EXP 	exp_one_back_text: autoDraw = False
318.3603 	EXP 	exp_two_back_text: autoDraw = False
318.3603 	EXP 	pause_cross: autoDraw = True
320.3484 	EXP 	Imported C:\Users\Sim\Desktop\KernelFlow_PsychoPy\participants\participant_03\n_back\n_back_conditions\TB-1657131787163465.csv as conditions, 20 conditions, 3 params
320.3487 	EXP 	Created sequence: sequential, trialTypes=20, nReps=1, seed=None
320.3489 	EXP 	New trial (rep=0, index=0): OrderedDict([('num_stim', 3), ('match', 0), ('corr_key', 'left')])
320.3604 	EXP 	pause_cross: autoDraw = False
320.3604 	EXP 	pause_cross: autoDraw = False
320.3604 	EXP 	stim_text: text = 3
320.3604 	EXP 	stim_text: autoDraw = True
320.8437 	EXP 	stim_cross: autoDraw = True
320.8603 	EXP 	stim_text: autoDraw = False
323.8437 	EXP 	stim_cross: autoDraw = False
323.8464 	EXP 	New trial (rep=0, index=1): OrderedDict([('num_stim', 2), ('match', 0), ('corr_key', 'left')])
323.8604 	EXP 	stim_text: autoDraw = False
323.8604 	EXP 	stim_cross: autoDraw = False
323.8604 	EXP 	stim_text: text = 2
323.8604 	EXP 	stim_text: autoDraw = True
324.3437 	EXP 	stim_cross: autoDraw = True
324.3604 	EXP 	stim_text: autoDraw = False
327.3438 	EXP 	stim_cross: autoDraw = False
327.3455 	EXP 	New trial (rep=0, index=2): OrderedDict([('num_stim', 7), ('match', 0), ('corr_key', 'left')])
327.3605 	EXP 	stim_text: autoDraw = False
327.3605 	EXP 	stim_cross: autoDraw = False
327.3605 	EXP 	stim_text: text = 7
327.3605 	EXP 	stim_text: autoDraw = True
327.8438 	EXP 	stim_cross: autoDraw = True
327.8605 	EXP 	stim_text: autoDraw = False
327.8982 	DATA 	Keypress: left
330.8438 	EXP 	stim_cross: autoDraw = False
330.8462 	EXP 	New trial (rep=0, index=3): OrderedDict([('num_stim', 4), ('match', 0), ('corr_key', 'left')])
330.8605 	EXP 	stim_text: autoDraw = False
330.8605 	EXP 	stim_cross: autoDraw = False
330.8605 	EXP 	stim_text: text = 4
330.8605 	EXP 	stim_text: autoDraw = True
331.3438 	EXP 	stim_cross: autoDraw = True
331.3605 	EXP 	stim_text: autoDraw = False
331.4318 	DATA 	Keypress: left
334.3439 	EXP 	stim_cross: autoDraw = False
334.3458 	EXP 	New trial (rep=0, index=4): OrderedDict([('num_stim', 7), ('match', 1), ('corr_key', 'right')])
334.3606 	EXP 	stim_text: autoDraw = False
334.3606 	EXP 	stim_cross: autoDraw = False
334.3606 	EXP 	stim_text: text = 7
334.3606 	EXP 	stim_text: autoDraw = True
334.8439 	EXP 	stim_cross: autoDraw = True
334.8606 	EXP 	stim_text: autoDraw = False
334.9484 	DATA 	Keypress: right
337.8440 	EXP 	stim_cross: autoDraw = False
337.8464 	EXP 	New trial (rep=0, index=5): OrderedDict([('num_stim', 4), ('match', 1), ('corr_key', 'right')])
337.8606 	EXP 	stim_text: autoDraw = False
337.8606 	EXP 	stim_cross: autoDraw = False
337.8606 	EXP 	stim_text: text = 4
337.8606 	EXP 	stim_text: autoDraw = True
338.3440 	EXP 	stim_cross: autoDraw = True
338.3606 	EXP 	stim_text: autoDraw = False
338.3982 	DATA 	Keypress: right
341.3440 	EXP 	stim_cross: autoDraw = False
341.3461 	EXP 	New trial (rep=0, index=6): OrderedDict([('num_stim', 3), ('match', 0), ('corr_key', 'left')])
341.3607 	EXP 	stim_text: autoDraw = False
341.3607 	EXP 	stim_cross: autoDraw = False
341.3607 	EXP 	stim_text: text = 3
341.3607 	EXP 	stim_text: autoDraw = True
341.8440 	EXP 	stim_cross: autoDraw = True
341.8607 	EXP 	stim_text: autoDraw = False
341.9148 	DATA 	Keypress: left
344.8441 	EXP 	stim_cross: autoDraw = False
344.8467 	EXP 	New trial (rep=0, index=7): OrderedDict([('num_stim', 2), ('match', 0), ('corr_key', 'left')])
344.8607 	EXP 	stim_text: autoDraw = False
344.8607 	EXP 	stim_cross: autoDraw = False
344.8607 	EXP 	stim_text: text = 2
344.8607 	EXP 	stim_text: autoDraw = True
345.3441 	EXP 	stim_cross: autoDraw = True
345.3607 	EXP 	stim_text: autoDraw = False
345.4483 	DATA 	Keypress: left
348.3441 	EXP 	stim_cross: autoDraw = False
348.3463 	EXP 	New trial (rep=0, index=8): OrderedDict([('num_stim', 3), ('match', 1), ('corr_key', 'right')])
348.3608 	EXP 	stim_text: autoDraw = False
348.3608 	EXP 	stim_cross: autoDraw = False
348.3608 	EXP 	stim_text: text = 3
348.3608 	EXP 	stim_text: autoDraw = True
348.8441 	EXP 	stim_cross: autoDraw = True
348.8608 	EXP 	stim_text: autoDraw = False
349.1654 	DATA 	Keypress: right
351.8442 	EXP 	stim_cross: autoDraw = False
351.8460 	EXP 	New trial (rep=0, index=9): OrderedDict([('num_stim', 2), ('match', 1), ('corr_key', 'right')])
351.8608 	EXP 	stim_text: autoDraw = False
351.8608 	EXP 	stim_cross: autoDraw = False
351.8608 	EXP 	stim_text: text = 2
351.8608 	EXP 	stim_text: autoDraw = True
352.3150 	DATA 	Keypress: right
352.3442 	EXP 	stim_cross: autoDraw = True
352.3608 	EXP 	stim_text: autoDraw = False
355.3442 	EXP 	stim_cross: autoDraw = False
355.3466 	EXP 	New trial (rep=0, index=10): OrderedDict([('num_stim', 3), ('match', 1), ('corr_key', 'right')])
355.3609 	EXP 	stim_text: autoDraw = False
355.3609 	EXP 	stim_cross: autoDraw = False
355.3609 	EXP 	stim_text: text = 3
355.3609 	EXP 	stim_text: autoDraw = True
355.7658 	DATA 	Keypress: right
355.8442 	EXP 	stim_cross: autoDraw = True
355.8609 	EXP 	stim_text: autoDraw = False
358.8443 	EXP 	stim_cross: autoDraw = False
358.8463 	EXP 	New trial (rep=0, index=11): OrderedDict([('num_stim', 3), ('match', 0), ('corr_key', 'left')])
358.8609 	EXP 	stim_text: autoDraw = False
358.8609 	EXP 	stim_cross: autoDraw = False
358.8609 	EXP 	stim_text: text = 3
358.8609 	EXP 	stim_text: autoDraw = True
359.2984 	DATA 	Keypress: right
359.3443 	EXP 	stim_cross: autoDraw = True
359.3610 	EXP 	stim_text: autoDraw = False
362.3444 	EXP 	stim_cross: autoDraw = False
362.3470 	EXP 	New trial (rep=0, index=12): OrderedDict([('num_stim', 6), ('match', 0), ('corr_key', 'left')])
362.3610 	EXP 	stim_text: autoDraw = False
362.3610 	EXP 	stim_cross: autoDraw = False
362.3610 	EXP 	stim_text: text = 6
362.3610 	EXP 	stim_text: autoDraw = True
362.8444 	EXP 	stim_cross: autoDraw = True
362.8610 	EXP 	stim_text: autoDraw = False
363.6988 	DATA 	Keypress: left
365.8444 	EXP 	stim_cross: autoDraw = False
365.8467 	EXP 	New trial (rep=0, index=13): OrderedDict([('num_stim', 7), ('match', 0), ('corr_key', 'left')])
365.8610 	EXP 	stim_text: autoDraw = False
365.8610 	EXP 	stim_cross: autoDraw = False
365.8610 	EXP 	stim_text: text = 7
365.8610 	EXP 	stim_text: autoDraw = True
366.3444 	EXP 	stim_cross: autoDraw = True
366.3610 	EXP 	stim_text: autoDraw = False
366.5491 	DATA 	Keypress: left
369.3444 	EXP 	stim_cross: autoDraw = False
369.3464 	EXP 	New trial (rep=0, index=14): OrderedDict([('num_stim', 2), ('match', 0), ('corr_key', 'left')])
369.3611 	EXP 	stim_text: autoDraw = False
369.3611 	EXP 	stim_cross: autoDraw = False
369.3611 	EXP 	stim_text: text = 2
369.3611 	EXP 	stim_text: autoDraw = True
369.8445 	EXP 	stim_cross: autoDraw = True
369.8611 	EXP 	stim_text: autoDraw = False
369.9490 	DATA 	Keypress: left
372.8445 	EXP 	stim_cross: autoDraw = False
372.8470 	EXP 	New trial (rep=0, index=15): OrderedDict([('num_stim', 3), ('match', 0), ('corr_key', 'left')])
372.8612 	EXP 	stim_text: autoDraw = False
372.8612 	EXP 	stim_cross: autoDraw = False
372.8612 	EXP 	stim_text: text = 3
372.8612 	EXP 	stim_text: autoDraw = True
373.3445 	EXP 	stim_cross: autoDraw = True
373.3612 	EXP 	stim_text: autoDraw = False
373.4158 	DATA 	Keypress: left
376.3445 	EXP 	stim_cross: autoDraw = False
376.3469 	EXP 	New trial (rep=0, index=16): OrderedDict([('num_stim', 6), ('match', 0), ('corr_key', 'left')])
376.3612 	EXP 	stim_text: autoDraw = False
376.3612 	EXP 	stim_cross: autoDraw = False
376.3612 	EXP 	stim_text: text = 6
376.3612 	EXP 	stim_text: autoDraw = True
376.8445 	EXP 	stim_cross: autoDraw = True
376.8612 	EXP 	stim_text: autoDraw = False
377.2656 	DATA 	Keypress: left
379.8446 	EXP 	stim_cross: autoDraw = False
379.8464 	EXP 	New trial (rep=0, index=17): OrderedDict([('num_stim', 3), ('match', 1), ('corr_key', 'right')])
379.8613 	EXP 	stim_text: autoDraw = False
379.8613 	EXP 	stim_cross: autoDraw = False
379.8613 	EXP 	stim_text: text = 3
379.8613 	EXP 	stim_text: autoDraw = True
380.2157 	DATA 	Keypress: right
380.3446 	EXP 	stim_cross: autoDraw = True
380.3612 	EXP 	stim_text: autoDraw = False
383.3446 	EXP 	stim_cross: autoDraw = False
383.3471 	EXP 	New trial (rep=0, index=18): OrderedDict([('num_stim', 6), ('match', 1), ('corr_key', 'right')])
383.3613 	EXP 	stim_text: autoDraw = False
383.3613 	EXP 	stim_cross: autoDraw = False
383.3613 	EXP 	stim_text: text = 6
383.3613 	EXP 	stim_text: autoDraw = True
383.7993 	DATA 	Keypress: right
383.8446 	EXP 	stim_cross: autoDraw = True
383.8613 	EXP 	stim_text: autoDraw = False
386.8447 	EXP 	stim_cross: autoDraw = False
386.8467 	EXP 	New trial (rep=0, index=19): OrderedDict([('num_stim', 3), ('match', 1), ('corr_key', 'right')])
386.8613 	EXP 	stim_text: autoDraw = False
386.8613 	EXP 	stim_cross: autoDraw = False
386.8613 	EXP 	stim_text: text = 3
386.8613 	EXP 	stim_text: autoDraw = True
387.2489 	DATA 	Keypress: right
387.3447 	EXP 	stim_cross: autoDraw = True
387.3614 	EXP 	stim_text: autoDraw = False
390.3448 	EXP 	stim_cross: autoDraw = False
390.3474 	EXP 	New trial (rep=0, index=5): OrderedDict([('task_order', 'OB-16571317867791038.csv')])
390.3782 	EXP 	stim_text: autoDraw = False
390.3782 	EXP 	stim_cross: autoDraw = False
390.3782 	EXP 	exp_zero_back_text: text = 'This is a 0-back trial. \n\nPress RIGHT if the number is: \nOtherwise, press LEFT. \n\nPress SPACE when you are ready to begin.'
390.3782 	EXP 	exp_zero_back_text: autoDraw = True
390.3782 	EXP 	exp_one_back_text: autoDraw = True
390.3782 	EXP 	exp_two_back_text: autoDraw = True
391.8648 	DATA 	Keypress: space
392.3781 	EXP 	exp_zero_back_text: autoDraw = False
392.3781 	EXP 	exp_one_back_text: autoDraw = False
392.3781 	EXP 	exp_two_back_text: autoDraw = False
392.3781 	EXP 	pause_cross: autoDraw = True
394.3664 	EXP 	Imported C:\Users\Sim\Desktop\KernelFlow_PsychoPy\participants\participant_03\n_back\n_back_conditions\OB-16571317867791038.csv as conditions, 20 conditions, 3 params
394.3666 	EXP 	Created sequence: sequential, trialTypes=20, nReps=1, seed=None
394.3668 	EXP 	New trial (rep=0, index=0): OrderedDict([('num_stim', 2), ('match', 0), ('corr_key', 'left')])
394.3782 	EXP 	pause_cross: autoDraw = False
394.3782 	EXP 	pause_cross: autoDraw = False
394.3782 	EXP 	stim_text: text = 2
394.3782 	EXP 	stim_text: autoDraw = True
394.8615 	EXP 	stim_cross: autoDraw = True
394.8782 	EXP 	stim_text: autoDraw = False
397.8616 	EXP 	stim_cross: autoDraw = False
397.8634 	EXP 	New trial (rep=0, index=1): OrderedDict([('num_stim', 2), ('match', 1), ('corr_key', 'right')])
397.8782 	EXP 	stim_text: autoDraw = False
397.8782 	EXP 	stim_cross: autoDraw = False
397.8782 	EXP 	stim_text: text = 2
397.8782 	EXP 	stim_text: autoDraw = True
398.3616 	EXP 	stim_cross: autoDraw = True
398.3782 	EXP 	stim_text: autoDraw = False
398.3832 	DATA 	Keypress: right
401.3616 	EXP 	stim_cross: autoDraw = False
401.3640 	EXP 	New trial (rep=0, index=2): OrderedDict([('num_stim', 5), ('match', 0), ('corr_key', 'left')])
401.3783 	EXP 	stim_text: autoDraw = False
401.3783 	EXP 	stim_cross: autoDraw = False
401.3783 	EXP 	stim_text: text = 5
401.3783 	EXP 	stim_text: autoDraw = True
401.8616 	EXP 	stim_cross: autoDraw = True
401.8783 	EXP 	stim_text: autoDraw = False
401.9657 	DATA 	Keypress: left
404.8616 	EXP 	stim_cross: autoDraw = False
404.8636 	EXP 	New trial (rep=0, index=3): OrderedDict([('num_stim', 5), ('match', 1), ('corr_key', 'right')])
404.8783 	EXP 	stim_text: autoDraw = False
404.8783 	EXP 	stim_cross: autoDraw = False
404.8783 	EXP 	stim_text: text = 5
404.8783 	EXP 	stim_text: autoDraw = True
405.3502 	DATA 	Keypress: right
405.3617 	EXP 	stim_cross: autoDraw = True
405.3783 	EXP 	stim_text: autoDraw = False
408.3617 	EXP 	stim_cross: autoDraw = False
408.3642 	EXP 	New trial (rep=0, index=4): OrderedDict([('num_stim', 5), ('match', 1), ('corr_key', 'right')])
408.3784 	EXP 	stim_text: autoDraw = False
408.3784 	EXP 	stim_cross: autoDraw = False
408.3784 	EXP 	stim_text: text = 5
408.3784 	EXP 	stim_text: autoDraw = True
408.8499 	DATA 	Keypress: right
408.8617 	EXP 	stim_cross: autoDraw = True
408.8784 	EXP 	stim_text: autoDraw = False
411.8618 	EXP 	stim_cross: autoDraw = False
411.8643 	EXP 	New trial (rep=0, index=5): OrderedDict([('num_stim', 9), ('match', 0), ('corr_key', 'left')])
411.8784 	EXP 	stim_text: autoDraw = False
411.8784 	EXP 	stim_cross: autoDraw = False
411.8784 	EXP 	stim_text: text = 9
411.8784 	EXP 	stim_text: autoDraw = True
412.3001 	DATA 	Keypress: left
412.3618 	EXP 	stim_cross: autoDraw = True
412.3784 	EXP 	stim_text: autoDraw = False
415.3618 	EXP 	stim_cross: autoDraw = False
415.3638 	EXP 	New trial (rep=0, index=6): OrderedDict([('num_stim', 7), ('match', 0), ('corr_key', 'left')])
415.3785 	EXP 	stim_text: autoDraw = False
415.3785 	EXP 	stim_cross: autoDraw = False
415.3785 	EXP 	stim_text: text = 7
415.3785 	EXP 	stim_text: autoDraw = True
415.8618 	EXP 	stim_cross: autoDraw = True
415.8785 	EXP 	stim_text: autoDraw = False
415.9326 	DATA 	Keypress: left
418.8619 	EXP 	stim_cross: autoDraw = False
418.8637 	EXP 	New trial (rep=0, index=7): OrderedDict([('num_stim', 0), ('match', 0), ('corr_key', 'left')])
418.8785 	EXP 	stim_text: autoDraw = False
418.8785 	EXP 	stim_cross: autoDraw = False
418.8785 	EXP 	stim_text: text = 0
418.8785 	EXP 	stim_text: autoDraw = True
419.3167 	DATA 	Keypress: left
419.3618 	EXP 	stim_cross: autoDraw = True
419.3785 	EXP 	stim_text: autoDraw = False
422.3619 	EXP 	stim_cross: autoDraw = False
422.3643 	EXP 	New trial (rep=0, index=8): OrderedDict([('num_stim', 8), ('match', 0), ('corr_key', 'left')])
422.3786 	EXP 	stim_text: autoDraw = False
422.3786 	EXP 	stim_cross: autoDraw = False
422.3786 	EXP 	stim_text: text = 8
422.3786 	EXP 	stim_text: autoDraw = True
422.8619 	EXP 	stim_cross: autoDraw = True
422.8786 	EXP 	stim_text: autoDraw = False
422.8831 	DATA 	Keypress: left
425.8620 	EXP 	stim_cross: autoDraw = False
425.8639 	EXP 	New trial (rep=0, index=9): OrderedDict([('num_stim', 8), ('match', 1), ('corr_key', 'right')])
425.8786 	EXP 	stim_text: autoDraw = False
425.8786 	EXP 	stim_cross: autoDraw = False
425.8786 	EXP 	stim_text: text = 8
425.8786 	EXP 	stim_text: autoDraw = True
426.3620 	EXP 	stim_cross: autoDraw = True
426.3787 	EXP 	stim_text: autoDraw = False
426.4835 	DATA 	Keypress: right
429.3620 	EXP 	stim_cross: autoDraw = False
429.3647 	EXP 	New trial (rep=0, index=10): OrderedDict([('num_stim', 8), ('match', 1), ('corr_key', 'right')])
429.3787 	EXP 	stim_text: autoDraw = False
429.3787 	EXP 	stim_cross: autoDraw = False
429.3787 	EXP 	stim_text: text = 8
429.3787 	EXP 	stim_text: autoDraw = True
429.7674 	DATA 	Keypress: right
429.8620 	EXP 	stim_cross: autoDraw = True
429.8787 	EXP 	stim_text: autoDraw = False
432.8621 	EXP 	stim_cross: autoDraw = False
432.8647 	EXP 	New trial (rep=0, index=11): OrderedDict([('num_stim', 4), ('match', 0), ('corr_key', 'left')])
432.8788 	EXP 	stim_text: autoDraw = False
432.8788 	EXP 	stim_cross: autoDraw = False
432.8788 	EXP 	stim_text: text = 4
432.8788 	EXP 	stim_text: autoDraw = True
433.3337 	DATA 	Keypress: left
433.3621 	EXP 	stim_cross: autoDraw = True
433.3788 	EXP 	stim_text: autoDraw = False
436.3621 	EXP 	stim_cross: autoDraw = False
436.3646 	EXP 	New trial (rep=0, index=12): OrderedDict([('num_stim', 6), ('match', 0), ('corr_key', 'left')])
436.3788 	EXP 	stim_text: autoDraw = False
436.3788 	EXP 	stim_cross: autoDraw = False
436.3788 	EXP 	stim_text: text = 6
436.3788 	EXP 	stim_text: autoDraw = True
436.8621 	EXP 	stim_cross: autoDraw = True
436.8788 	EXP 	stim_text: autoDraw = False
437.0500 	DATA 	Keypress: left
439.8622 	EXP 	stim_cross: autoDraw = False
439.8642 	EXP 	New trial (rep=0, index=13): OrderedDict([('num_stim', 9), ('match', 0), ('corr_key', 'left')])
439.8789 	EXP 	stim_text: autoDraw = False
439.8789 	EXP 	stim_cross: autoDraw = False
439.8789 	EXP 	stim_text: text = 9
439.8789 	EXP 	stim_text: autoDraw = True
440.3622 	EXP 	stim_cross: autoDraw = True
440.3789 	EXP 	stim_text: autoDraw = False
440.4500 	DATA 	Keypress: left
443.3623 	EXP 	stim_cross: autoDraw = False
443.3643 	EXP 	New trial (rep=0, index=14): OrderedDict([('num_stim', 9), ('match', 1), ('corr_key', 'right')])
443.3789 	EXP 	stim_text: autoDraw = False
443.3789 	EXP 	stim_cross: autoDraw = False
443.3789 	EXP 	stim_text: text = 9
443.3789 	EXP 	stim_text: autoDraw = True
443.7834 	DATA 	Keypress: right
443.8623 	EXP 	stim_cross: autoDraw = True
443.8789 	EXP 	stim_text: autoDraw = False
446.8623 	EXP 	stim_cross: autoDraw = False
446.8649 	EXP 	New trial (rep=0, index=15): OrderedDict([('num_stim', 9), ('match', 1), ('corr_key', 'right')])
446.8789 	EXP 	stim_text: autoDraw = False
446.8789 	EXP 	stim_cross: autoDraw = False
446.8789 	EXP 	stim_text: text = 9
446.8789 	EXP 	stim_text: autoDraw = True
447.3000 	DATA 	Keypress: right
447.3623 	EXP 	stim_cross: autoDraw = True
447.3790 	EXP 	stim_text: autoDraw = False
450.3623 	EXP 	stim_cross: autoDraw = False
450.3648 	EXP 	New trial (rep=0, index=16): OrderedDict([('num_stim', 1), ('match', 0), ('corr_key', 'left')])
450.3790 	EXP 	stim_text: autoDraw = False
450.3790 	EXP 	stim_cross: autoDraw = False
450.3790 	EXP 	stim_text: text = 1
450.3790 	EXP 	stim_text: autoDraw = True
450.8624 	EXP 	stim_cross: autoDraw = True
450.8790 	EXP 	stim_text: autoDraw = False
450.9335 	DATA 	Keypress: left
453.8624 	EXP 	stim_cross: autoDraw = False
453.8644 	EXP 	New trial (rep=0, index=17): OrderedDict([('num_stim', 3), ('match', 0), ('corr_key', 'left')])
453.8791 	EXP 	stim_text: autoDraw = False
453.8791 	EXP 	stim_cross: autoDraw = False
453.8791 	EXP 	stim_text: text = 3
453.8791 	EXP 	stim_text: autoDraw = True
454.2836 	DATA 	Keypress: left
454.3624 	EXP 	stim_cross: autoDraw = True
454.3791 	EXP 	stim_text: autoDraw = False
457.3625 	EXP 	stim_cross: autoDraw = False
457.3650 	EXP 	New trial (rep=0, index=18): OrderedDict([('num_stim', 4), ('match', 0), ('corr_key', 'left')])
457.3791 	EXP 	stim_text: autoDraw = False
457.3791 	EXP 	stim_cross: autoDraw = False
457.3791 	EXP 	stim_text: text = 4
457.3791 	EXP 	stim_text: autoDraw = True
457.8625 	EXP 	stim_cross: autoDraw = True
457.8792 	EXP 	stim_text: autoDraw = False
457.9497 	DATA 	Keypress: left
460.8625 	EXP 	stim_cross: autoDraw = False
460.8647 	EXP 	New trial (rep=0, index=19): OrderedDict([('num_stim', 4), ('match', 1), ('corr_key', 'right')])
460.8792 	EXP 	stim_text: autoDraw = False
460.8792 	EXP 	stim_cross: autoDraw = False
460.8792 	EXP 	stim_text: text = 4
460.8792 	EXP 	stim_text: autoDraw = True
461.2499 	DATA 	Keypress: right
461.3625 	EXP 	stim_cross: autoDraw = True
461.3792 	EXP 	stim_text: autoDraw = False
464.3626 	EXP 	stim_cross: autoDraw = False
464.3643 	EXP 	New trial (rep=0, index=6): OrderedDict([('task_order', 'TB-16571317877702205.csv')])
464.3959 	EXP 	stim_text: autoDraw = False
464.3959 	EXP 	stim_cross: autoDraw = False
464.3959 	EXP 	exp_zero_back_text: text = 'This is a 0-back trial. \n\nPress RIGHT if the number is: \nOtherwise, press LEFT. \n\nPress SPACE when you are ready to begin.'
464.3959 	EXP 	exp_zero_back_text: autoDraw = True
464.3959 	EXP 	exp_one_back_text: autoDraw = True
464.3959 	EXP 	exp_two_back_text: autoDraw = True
466.7023 	DATA 	Keypress: space
466.7126 	EXP 	exp_zero_back_text: autoDraw = False
466.7126 	EXP 	exp_one_back_text: autoDraw = False
466.7126 	EXP 	exp_two_back_text: autoDraw = False
466.7126 	EXP 	pause_cross: autoDraw = True
468.7007 	EXP 	Imported C:\Users\Sim\Desktop\KernelFlow_PsychoPy\participants\participant_03\n_back\n_back_conditions\TB-16571317877702205.csv as conditions, 20 conditions, 3 params
468.7009 	EXP 	Created sequence: sequential, trialTypes=20, nReps=1, seed=None
468.7011 	EXP 	New trial (rep=0, index=0): OrderedDict([('num_stim', 2), ('match', 0), ('corr_key', 'left')])
468.7126 	EXP 	pause_cross: autoDraw = False
468.7126 	EXP 	pause_cross: autoDraw = False
468.7126 	EXP 	stim_text: text = 2
468.7126 	EXP 	stim_text: autoDraw = True
469.1960 	EXP 	stim_cross: autoDraw = True
469.2127 	EXP 	stim_text: autoDraw = False
472.1960 	EXP 	stim_cross: autoDraw = False
472.1985 	EXP 	New trial (rep=0, index=1): OrderedDict([('num_stim', 3), ('match', 0), ('corr_key', 'left')])
472.2127 	EXP 	stim_text: autoDraw = False
472.2127 	EXP 	stim_cross: autoDraw = False
472.2127 	EXP 	stim_text: text = 3
472.2127 	EXP 	stim_text: autoDraw = True
472.6960 	EXP 	stim_cross: autoDraw = True
472.7127 	EXP 	stim_text: autoDraw = False
475.6961 	EXP 	stim_cross: autoDraw = False
475.6980 	EXP 	New trial (rep=0, index=2): OrderedDict([('num_stim', 3), ('match', 0), ('corr_key', 'left')])
475.7127 	EXP 	stim_text: autoDraw = False
475.7127 	EXP 	stim_cross: autoDraw = False
475.7127 	EXP 	stim_text: text = 3
475.7127 	EXP 	stim_text: autoDraw = True
476.1961 	EXP 	stim_cross: autoDraw = True
476.2009 	DATA 	Keypress: left
476.2127 	EXP 	stim_text: autoDraw = False
479.1961 	EXP 	stim_cross: autoDraw = False
479.1988 	EXP 	New trial (rep=0, index=3): OrderedDict([('num_stim', 3), ('match', 1), ('corr_key', 'right')])
479.2128 	EXP 	stim_text: autoDraw = False
479.2128 	EXP 	stim_cross: autoDraw = False
479.2128 	EXP 	stim_text: text = 3
479.2128 	EXP 	stim_text: autoDraw = True
479.6961 	EXP 	stim_cross: autoDraw = True
479.7128 	EXP 	stim_text: autoDraw = False
479.7675 	DATA 	Keypress: right
482.6962 	EXP 	stim_cross: autoDraw = False
482.6988 	EXP 	New trial (rep=0, index=4): OrderedDict([('num_stim', 3), ('match', 1), ('corr_key', 'right')])
482.7129 	EXP 	stim_text: autoDraw = False
482.7129 	EXP 	stim_cross: autoDraw = False
482.7129 	EXP 	stim_text: text = 3
482.7129 	EXP 	stim_text: autoDraw = True
483.0841 	DATA 	Keypress: right
483.1962 	EXP 	stim_cross: autoDraw = True
483.2129 	EXP 	stim_text: autoDraw = False
486.1962 	EXP 	stim_cross: autoDraw = False
486.1987 	EXP 	New trial (rep=0, index=5): OrderedDict([('num_stim', 7), ('match', 0), ('corr_key', 'left')])
486.2129 	EXP 	stim_text: autoDraw = False
486.2129 	EXP 	stim_cross: autoDraw = False
486.2129 	EXP 	stim_text: text = 7
486.2129 	EXP 	stim_text: autoDraw = True
486.6962 	EXP 	stim_cross: autoDraw = True
486.7008 	DATA 	Keypress: left
486.7129 	EXP 	stim_text: autoDraw = False
489.6963 	EXP 	stim_cross: autoDraw = False
489.6984 	EXP 	New trial (rep=0, index=6): OrderedDict([('num_stim', 3), ('match', 1), ('corr_key', 'right')])
489.7130 	EXP 	stim_text: autoDraw = False
489.7130 	EXP 	stim_cross: autoDraw = False
489.7130 	EXP 	stim_text: text = 3
489.7130 	EXP 	stim_text: autoDraw = True
490.1963 	EXP 	stim_cross: autoDraw = True
490.2004 	DATA 	Keypress: right
490.2130 	EXP 	stim_text: autoDraw = False
493.1964 	EXP 	stim_cross: autoDraw = False
493.1981 	EXP 	New trial (rep=0, index=7): OrderedDict([('num_stim', 4), ('match', 0), ('corr_key', 'left')])
493.2130 	EXP 	stim_text: autoDraw = False
493.2130 	EXP 	stim_cross: autoDraw = False
493.2130 	EXP 	stim_text: text = 4
493.2130 	EXP 	stim_text: autoDraw = True
493.6964 	EXP 	stim_cross: autoDraw = True
493.7130 	EXP 	stim_text: autoDraw = False
493.7172 	DATA 	Keypress: left
496.6964 	EXP 	stim_cross: autoDraw = False
496.6988 	EXP 	New trial (rep=0, index=8): OrderedDict([('num_stim', 3), ('match', 1), ('corr_key', 'right')])
496.7131 	EXP 	stim_text: autoDraw = False
496.7131 	EXP 	stim_cross: autoDraw = False
496.7131 	EXP 	stim_text: text = 3
496.7131 	EXP 	stim_text: autoDraw = True
497.1964 	EXP 	stim_cross: autoDraw = True
497.2131 	EXP 	stim_text: autoDraw = False
497.2505 	DATA 	Keypress: right
500.1965 	EXP 	stim_cross: autoDraw = False
500.1984 	EXP 	New trial (rep=0, index=9): OrderedDict([('num_stim', 8), ('match', 0), ('corr_key', 'left')])
500.2131 	EXP 	stim_text: autoDraw = False
500.2131 	EXP 	stim_cross: autoDraw = False
500.2131 	EXP 	stim_text: text = 8
500.2131 	EXP 	stim_text: autoDraw = True
500.6345 	DATA 	Keypress: left
500.6965 	EXP 	stim_cross: autoDraw = True
500.7131 	EXP 	stim_text: autoDraw = False
503.6965 	EXP 	stim_cross: autoDraw = False
503.6982 	EXP 	New trial (rep=0, index=10): OrderedDict([('num_stim', 3), ('match', 1), ('corr_key', 'right')])
503.7132 	EXP 	stim_text: autoDraw = False
503.7132 	EXP 	stim_cross: autoDraw = False
503.7132 	EXP 	stim_text: text = 3
503.7132 	EXP 	stim_text: autoDraw = True
504.1965 	EXP 	stim_cross: autoDraw = True
504.2132 	EXP 	stim_text: autoDraw = False
504.3178 	DATA 	Keypress: right
507.1965 	EXP 	stim_cross: autoDraw = False
507.1989 	EXP 	New trial (rep=0, index=11): OrderedDict([('num_stim', 8), ('match', 1), ('corr_key', 'right')])
507.2132 	EXP 	stim_text: autoDraw = False
507.2132 	EXP 	stim_cross: autoDraw = False
507.2132 	EXP 	stim_text: text = 8
507.2132 	EXP 	stim_text: autoDraw = True
507.6966 	EXP 	stim_cross: autoDraw = True
507.7132 	EXP 	stim_text: autoDraw = False
507.9342 	DATA 	Keypress: right
510.6967 	EXP 	stim_cross: autoDraw = False
510.6987 	EXP 	New trial (rep=0, index=12): OrderedDict([('num_stim', 7), ('match', 0), ('corr_key', 'left')])
510.7133 	EXP 	stim_text: autoDraw = False
510.7133 	EXP 	stim_cross: autoDraw = False
510.7133 	EXP 	stim_text: text = 7
510.7133 	EXP 	stim_text: autoDraw = True
511.1966 	EXP 	stim_cross: autoDraw = True
511.2133 	EXP 	stim_text: autoDraw = False
511.3013 	DATA 	Keypress: left
514.1967 	EXP 	stim_cross: autoDraw = False
514.1993 	EXP 	New trial (rep=0, index=13): OrderedDict([('num_stim', 8), ('match', 1), ('corr_key', 'right')])
514.2133 	EXP 	stim_text: autoDraw = False
514.2133 	EXP 	stim_cross: autoDraw = False
514.2133 	EXP 	stim_text: text = 8
514.2133 	EXP 	stim_text: autoDraw = True
514.5518 	DATA 	Keypress: right
514.6967 	EXP 	stim_cross: autoDraw = True
514.7134 	EXP 	stim_text: autoDraw = False
517.6967 	EXP 	stim_cross: autoDraw = False
517.6989 	EXP 	New trial (rep=0, index=14): OrderedDict([('num_stim', 2), ('match', 0), ('corr_key', 'left')])
517.7134 	EXP 	stim_text: autoDraw = False
517.7134 	EXP 	stim_cross: autoDraw = False
517.7134 	EXP 	stim_text: text = 2
517.7134 	EXP 	stim_text: autoDraw = True
518.1967 	EXP 	stim_cross: autoDraw = True
518.2008 	DATA 	Keypress: left
518.2134 	EXP 	stim_text: autoDraw = False
521.1968 	EXP 	stim_cross: autoDraw = False
521.1986 	EXP 	New trial (rep=0, index=15): OrderedDict([('num_stim', 8), ('match', 1), ('corr_key', 'right')])
521.2135 	EXP 	stim_text: autoDraw = False
521.2135 	EXP 	stim_cross: autoDraw = False
521.2135 	EXP 	stim_text: text = 8
521.2135 	EXP 	stim_text: autoDraw = True
521.5509 	DATA 	Keypress: right
521.6968 	EXP 	stim_cross: autoDraw = True
521.7135 	EXP 	stim_text: autoDraw = False
524.6968 	EXP 	stim_cross: autoDraw = False
524.6993 	EXP 	New trial (rep=0, index=16): OrderedDict([('num_stim', 3), ('match', 0), ('corr_key', 'left')])
524.7135 	EXP 	stim_text: autoDraw = False
524.7135 	EXP 	stim_cross: autoDraw = False
524.7135 	EXP 	stim_text: text = 3
524.7135 	EXP 	stim_text: autoDraw = True
525.1968 	EXP 	stim_cross: autoDraw = True
525.2135 	EXP 	stim_text: autoDraw = False
525.2350 	DATA 	Keypress: left
528.1969 	EXP 	stim_cross: autoDraw = False
528.1989 	EXP 	New trial (rep=0, index=17): OrderedDict([('num_stim', 1), ('match', 0), ('corr_key', 'left')])
528.2135 	EXP 	stim_text: autoDraw = False
528.2135 	EXP 	stim_cross: autoDraw = False
528.2135 	EXP 	stim_text: text = 1
528.2135 	EXP 	stim_text: autoDraw = True
528.6969 	EXP 	stim_cross: autoDraw = True
528.7136 	EXP 	stim_text: autoDraw = False
529.1845 	DATA 	Keypress: left
531.6969 	EXP 	stim_cross: autoDraw = False
531.6995 	EXP 	New trial (rep=0, index=18): OrderedDict([('num_stim', 6), ('match', 0), ('corr_key', 'left')])
531.7137 	EXP 	stim_text: autoDraw = False
531.7137 	EXP 	stim_cross: autoDraw = False
531.7137 	EXP 	stim_text: text = 6
531.7137 	EXP 	stim_text: autoDraw = True
532.1970 	EXP 	stim_cross: autoDraw = True
532.2136 	EXP 	stim_text: autoDraw = False
532.3350 	DATA 	Keypress: left
535.1970 	EXP 	stim_cross: autoDraw = False
535.1991 	EXP 	New trial (rep=0, index=19): OrderedDict([('num_stim', 3), ('match', 0), ('corr_key', 'left')])
535.2137 	EXP 	stim_text: autoDraw = False
535.2137 	EXP 	stim_cross: autoDraw = False
535.2137 	EXP 	stim_text: text = 3
535.2137 	EXP 	stim_text: autoDraw = True
535.6970 	EXP 	stim_cross: autoDraw = True
535.7137 	EXP 	stim_text: autoDraw = False
535.7350 	DATA 	Keypress: left
538.6971 	EXP 	stim_cross: autoDraw = False
538.6988 	EXP 	New trial (rep=0, index=7): OrderedDict([('task_order', 'ZB-match_1-16571317861927297.csv')])
538.7471 	EXP 	stim_text: autoDraw = False
538.7471 	EXP 	stim_cross: autoDraw = False
538.7471 	EXP 	exp_zero_back_text: text = 'This is a 0-back trial. \n\nPress RIGHT if the number is: 1\nOtherwise, press LEFT. \n\nPress SPACE when you are ready to begin.'
538.7471 	EXP 	exp_zero_back_text: autoDraw = True
538.7471 	EXP 	exp_one_back_text: autoDraw = True
538.7471 	EXP 	exp_two_back_text: autoDraw = True
540.6502 	DATA 	Keypress: space
540.7471 	EXP 	exp_zero_back_text: autoDraw = False
540.7471 	EXP 	exp_one_back_text: autoDraw = False
540.7471 	EXP 	exp_two_back_text: autoDraw = False
540.7471 	EXP 	pause_cross: autoDraw = True
542.7360 	EXP 	Imported C:\Users\Sim\Desktop\KernelFlow_PsychoPy\participants\participant_03\n_back\n_back_conditions\ZB-match_1-16571317861927297.csv as conditions, 20 conditions, 4 params
542.7363 	EXP 	Created sequence: sequential, trialTypes=20, nReps=1, seed=None
542.7365 	EXP 	New trial (rep=0, index=0): OrderedDict([('num_stim', 1), ('match_num', 1), ('match', 1), ('corr_key', 'right')])
542.7472 	EXP 	pause_cross: autoDraw = False
542.7472 	EXP 	pause_cross: autoDraw = False
542.7472 	EXP 	stim_text: text = 1
542.7472 	EXP 	stim_text: autoDraw = True
543.1515 	DATA 	Keypress: right
543.2304 	EXP 	stim_cross: autoDraw = True
543.2471 	EXP 	stim_text: autoDraw = False
546.2305 	EXP 	stim_cross: autoDraw = False
546.2330 	EXP 	New trial (rep=0, index=1): OrderedDict([('num_stim', 4), ('match_num', 1), ('match', 0), ('corr_key', 'left')])
546.2471 	EXP 	stim_text: autoDraw = False
546.2471 	EXP 	stim_cross: autoDraw = False
546.2471 	EXP 	stim_text: text = 4
546.2471 	EXP 	stim_text: autoDraw = True
546.7013 	DATA 	Keypress: left
546.7305 	EXP 	stim_cross: autoDraw = True
546.7472 	EXP 	stim_text: autoDraw = False
549.7306 	EXP 	stim_cross: autoDraw = False
549.7323 	EXP 	New trial (rep=0, index=2): OrderedDict([('num_stim', 0), ('match_num', 1), ('match', 0), ('corr_key', 'left')])
549.7472 	EXP 	stim_text: autoDraw = False
549.7472 	EXP 	stim_cross: autoDraw = False
549.7472 	EXP 	stim_text: text = 0
549.7472 	EXP 	stim_text: autoDraw = True
550.2306 	EXP 	stim_cross: autoDraw = True
550.2354 	DATA 	Keypress: left
550.2472 	EXP 	stim_text: autoDraw = False
553.2306 	EXP 	stim_cross: autoDraw = False
553.2333 	EXP 	New trial (rep=0, index=3): OrderedDict([('num_stim', 1), ('match_num', 1), ('match', 1), ('corr_key', 'right')])
553.2473 	EXP 	stim_text: autoDraw = False
553.2473 	EXP 	stim_cross: autoDraw = False
553.2473 	EXP 	stim_text: text = 1
553.2473 	EXP 	stim_text: autoDraw = True
553.6853 	DATA 	Keypress: right
553.7306 	EXP 	stim_cross: autoDraw = True
553.7473 	EXP 	stim_text: autoDraw = False
556.7307 	EXP 	stim_cross: autoDraw = False
556.7329 	EXP 	New trial (rep=0, index=4): OrderedDict([('num_stim', 7), ('match_num', 1), ('match', 0), ('corr_key', 'left')])
556.7473 	EXP 	stim_text: autoDraw = False
556.7473 	EXP 	stim_cross: autoDraw = False
556.7473 	EXP 	stim_text: text = 7
556.7473 	EXP 	stim_text: autoDraw = True
557.1181 	DATA 	Keypress: left
557.2307 	EXP 	stim_cross: autoDraw = True
557.2474 	EXP 	stim_text: autoDraw = False
560.2307 	EXP 	stim_cross: autoDraw = False
560.2325 	EXP 	New trial (rep=0, index=5): OrderedDict([('num_stim', 1), ('match_num', 1), ('match', 1), ('corr_key', 'right')])
560.2474 	EXP 	stim_text: autoDraw = False
560.2474 	EXP 	stim_cross: autoDraw = False
560.2474 	EXP 	stim_text: text = 1
560.2474 	EXP 	stim_text: autoDraw = True
560.5849 	DATA 	Keypress: right
560.7307 	EXP 	stim_cross: autoDraw = True
560.7474 	EXP 	stim_text: autoDraw = False
563.7308 	EXP 	stim_cross: autoDraw = False
563.7332 	EXP 	New trial (rep=0, index=6): OrderedDict([('num_stim', 1), ('match_num', 1), ('match', 1), ('corr_key', 'right')])
563.7475 	EXP 	stim_text: autoDraw = False
563.7475 	EXP 	stim_cross: autoDraw = False
563.7475 	EXP 	stim_text: text = 1
563.7475 	EXP 	stim_text: autoDraw = True
564.1015 	DATA 	Keypress: right
564.2308 	EXP 	stim_cross: autoDraw = True
564.2474 	EXP 	stim_text: autoDraw = False
567.2308 	EXP 	stim_cross: autoDraw = False
567.2328 	EXP 	New trial (rep=0, index=7): OrderedDict([('num_stim', 3), ('match_num', 1), ('match', 0), ('corr_key', 'left')])
567.2475 	EXP 	stim_text: autoDraw = False
567.2475 	EXP 	stim_cross: autoDraw = False
567.2475 	EXP 	stim_text: text = 3
567.2475 	EXP 	stim_text: autoDraw = True
567.6350 	DATA 	Keypress: left
567.7308 	EXP 	stim_cross: autoDraw = True
567.7475 	EXP 	stim_text: autoDraw = False
570.7309 	EXP 	stim_cross: autoDraw = False
570.7335 	EXP 	New trial (rep=0, index=8): OrderedDict([('num_stim', 4), ('match_num', 1), ('match', 0), ('corr_key', 'left')])
570.7475 	EXP 	stim_text: autoDraw = False
570.7475 	EXP 	stim_cross: autoDraw = False
570.7475 	EXP 	stim_text: text = 4
570.7475 	EXP 	stim_text: autoDraw = True
571.2025 	DATA 	Keypress: left
571.2309 	EXP 	stim_cross: autoDraw = True
571.2476 	EXP 	stim_text: autoDraw = False
574.2309 	EXP 	stim_cross: autoDraw = False
574.2331 	EXP 	New trial (rep=0, index=9): OrderedDict([('num_stim', 1), ('match_num', 1), ('match', 1), ('corr_key', 'right')])
574.2476 	EXP 	stim_text: autoDraw = False
574.2476 	EXP 	stim_cross: autoDraw = False
574.2476 	EXP 	stim_text: text = 1
574.2476 	EXP 	stim_text: autoDraw = True
574.6523 	DATA 	Keypress: right
574.7309 	EXP 	stim_cross: autoDraw = True
574.7476 	EXP 	stim_text: autoDraw = False
577.7310 	EXP 	stim_cross: autoDraw = False
577.7329 	EXP 	New trial (rep=0, index=10): OrderedDict([('num_stim', 1), ('match_num', 1), ('match', 1), ('corr_key', 'right')])
577.7477 	EXP 	stim_text: autoDraw = False
577.7477 	EXP 	stim_cross: autoDraw = False
577.7477 	EXP 	stim_text: text = 1
577.7477 	EXP 	stim_text: autoDraw = True
578.2194 	DATA 	Keypress: right
578.2310 	EXP 	stim_cross: autoDraw = True
578.2477 	EXP 	stim_text: autoDraw = False
581.2310 	EXP 	stim_cross: autoDraw = False
581.2337 	EXP 	New trial (rep=0, index=11): OrderedDict([('num_stim', 1), ('match_num', 1), ('match', 1), ('corr_key', 'right')])
581.2477 	EXP 	stim_text: autoDraw = False
581.2477 	EXP 	stim_cross: autoDraw = False
581.2477 	EXP 	stim_text: text = 1
581.2477 	EXP 	stim_text: autoDraw = True
581.7017 	DATA 	Keypress: right
581.7311 	EXP 	stim_cross: autoDraw = True
581.7477 	EXP 	stim_text: autoDraw = False
584.7311 	EXP 	stim_cross: autoDraw = False
584.7334 	EXP 	New trial (rep=0, index=12): OrderedDict([('num_stim', 9), ('match_num', 1), ('match', 0), ('corr_key', 'left')])
584.7477 	EXP 	stim_text: autoDraw = False
584.7477 	EXP 	stim_cross: autoDraw = False
584.7477 	EXP 	stim_text: text = 9
584.7477 	EXP 	stim_text: autoDraw = True
585.1525 	DATA 	Keypress: left
585.2311 	EXP 	stim_cross: autoDraw = True
585.2478 	EXP 	stim_text: autoDraw = False
588.2311 	EXP 	stim_cross: autoDraw = False
588.2330 	EXP 	New trial (rep=0, index=13): OrderedDict([('num_stim', 4), ('match_num', 1), ('match', 0), ('corr_key', 'left')])
588.2478 	EXP 	stim_text: autoDraw = False
588.2478 	EXP 	stim_cross: autoDraw = False
588.2478 	EXP 	stim_text: text = 4
588.2478 	EXP 	stim_text: autoDraw = True
588.7020 	DATA 	Keypress: left
588.7312 	EXP 	stim_cross: autoDraw = True
588.7478 	EXP 	stim_text: autoDraw = False
591.7312 	EXP 	stim_cross: autoDraw = False
591.7338 	EXP 	New trial (rep=0, index=14): OrderedDict([('num_stim', 9), ('match_num', 1), ('match', 0), ('corr_key', 'left')])
591.7479 	EXP 	stim_text: autoDraw = False
591.7479 	EXP 	stim_cross: autoDraw = False
591.7479 	EXP 	stim_text: text = 9
591.7479 	EXP 	stim_text: autoDraw = True
592.1359 	DATA 	Keypress: left
592.2312 	EXP 	stim_cross: autoDraw = True
592.2479 	EXP 	stim_text: autoDraw = False
595.2312 	EXP 	stim_cross: autoDraw = False
595.2334 	EXP 	New trial (rep=0, index=15): OrderedDict([('num_stim', 7), ('match_num', 1), ('match', 0), ('corr_key', 'left')])
595.2479 	EXP 	stim_text: autoDraw = False
595.2479 	EXP 	stim_cross: autoDraw = False
595.2479 	EXP 	stim_text: text = 7
595.2479 	EXP 	stim_text: autoDraw = True
595.6359 	DATA 	Keypress: left
595.7313 	EXP 	stim_cross: autoDraw = True
595.7479 	EXP 	stim_text: autoDraw = False
598.7313 	EXP 	stim_cross: autoDraw = False
598.7335 	EXP 	New trial (rep=0, index=16): OrderedDict([('num_stim', 9), ('match_num', 1), ('match', 0), ('corr_key', 'left')])
598.7480 	EXP 	stim_text: autoDraw = False
598.7480 	EXP 	stim_cross: autoDraw = False
598.7480 	EXP 	stim_text: text = 9
598.7480 	EXP 	stim_text: autoDraw = True
599.1696 	DATA 	Keypress: left
599.2313 	EXP 	stim_cross: autoDraw = True
599.2480 	EXP 	stim_text: autoDraw = False
602.2314 	EXP 	stim_cross: autoDraw = False
602.2331 	EXP 	New trial (rep=0, index=17): OrderedDict([('num_stim', 1), ('match_num', 1), ('match', 1), ('corr_key', 'right')])
602.2480 	EXP 	stim_text: autoDraw = False
602.2480 	EXP 	stim_cross: autoDraw = False
602.2480 	EXP 	stim_text: text = 1
602.2480 	EXP 	stim_text: autoDraw = True
602.6692 	DATA 	Keypress: right
602.7314 	EXP 	stim_cross: autoDraw = True
602.7480 	EXP 	stim_text: autoDraw = False
605.7314 	EXP 	stim_cross: autoDraw = False
605.7338 	EXP 	New trial (rep=0, index=18): OrderedDict([('num_stim', 3), ('match_num', 1), ('match', 0), ('corr_key', 'left')])
605.7481 	EXP 	stim_text: autoDraw = False
605.7481 	EXP 	stim_cross: autoDraw = False
605.7481 	EXP 	stim_text: text = 3
605.7481 	EXP 	stim_text: autoDraw = True
606.1858 	DATA 	Keypress: left
606.2314 	EXP 	stim_cross: autoDraw = True
606.2481 	EXP 	stim_text: autoDraw = False
609.2315 	EXP 	stim_cross: autoDraw = False
609.2334 	EXP 	New trial (rep=0, index=19): OrderedDict([('num_stim', 1), ('match_num', 1), ('match', 1), ('corr_key', 'right')])
609.2482 	EXP 	stim_text: autoDraw = False
609.2482 	EXP 	stim_cross: autoDraw = False
609.2482 	EXP 	stim_text: text = 1
609.2482 	EXP 	stim_text: autoDraw = True
609.6695 	DATA 	Keypress: right
609.7315 	EXP 	stim_cross: autoDraw = True
609.7482 	EXP 	stim_text: autoDraw = False
612.7315 	EXP 	stim_cross: autoDraw = False
612.7341 	EXP 	New trial (rep=0, index=8): OrderedDict([('task_order', 'ZB-match_4-16571317865062299.csv')])
612.7815 	EXP 	stim_text: autoDraw = False
612.7815 	EXP 	stim_cross: autoDraw = False
612.7815 	EXP 	exp_zero_back_text: text = 'This is a 0-back trial. \n\nPress RIGHT if the number is: 4\nOtherwise, press LEFT. \n\nPress SPACE when you are ready to begin.'
612.7815 	EXP 	exp_zero_back_text: autoDraw = True
612.7815 	EXP 	exp_one_back_text: autoDraw = True
612.7815 	EXP 	exp_two_back_text: autoDraw = True
615.2715 	DATA 	Keypress: space
615.2816 	EXP 	exp_zero_back_text: autoDraw = False
615.2816 	EXP 	exp_one_back_text: autoDraw = False
615.2816 	EXP 	exp_two_back_text: autoDraw = False
615.2816 	EXP 	pause_cross: autoDraw = True
617.2698 	EXP 	Imported C:\Users\Sim\Desktop\KernelFlow_PsychoPy\participants\participant_03\n_back\n_back_conditions\ZB-match_4-16571317865062299.csv as conditions, 20 conditions, 4 params
617.2701 	EXP 	Created sequence: sequential, trialTypes=20, nReps=1, seed=None
617.2703 	EXP 	New trial (rep=0, index=0): OrderedDict([('num_stim', 5), ('match_num', 4), ('match', 0), ('corr_key', 'left')])
617.2816 	EXP 	pause_cross: autoDraw = False
617.2816 	EXP 	pause_cross: autoDraw = False
617.2816 	EXP 	stim_text: text = 5
617.2816 	EXP 	stim_text: autoDraw = True
617.7649 	EXP 	stim_cross: autoDraw = True
617.7689 	DATA 	Keypress: left
617.7816 	EXP 	stim_text: autoDraw = False
620.7650 	EXP 	stim_cross: autoDraw = False
620.7678 	EXP 	New trial (rep=0, index=1): OrderedDict([('num_stim', 8), ('match_num', 4), ('match', 0), ('corr_key', 'left')])
620.7816 	EXP 	stim_text: autoDraw = False
620.7816 	EXP 	stim_cross: autoDraw = False
620.7816 	EXP 	stim_text: text = 8
620.7816 	EXP 	stim_text: autoDraw = True
621.1858 	DATA 	Keypress: left
621.2650 	EXP 	stim_cross: autoDraw = True
621.2817 	EXP 	stim_text: autoDraw = False
624.2650 	EXP 	stim_cross: autoDraw = False
624.2672 	EXP 	New trial (rep=0, index=2): OrderedDict([('num_stim', 4), ('match_num', 4), ('match', 1), ('corr_key', 'right')])
624.2817 	EXP 	stim_text: autoDraw = False
624.2817 	EXP 	stim_cross: autoDraw = False
624.2817 	EXP 	stim_text: text = 4
624.2817 	EXP 	stim_text: autoDraw = True
624.7650 	EXP 	stim_cross: autoDraw = True
624.7691 	DATA 	Keypress: right
624.7817 	EXP 	stim_text: autoDraw = False
627.7651 	EXP 	stim_cross: autoDraw = False
627.7669 	EXP 	New trial (rep=0, index=3): OrderedDict([('num_stim', 2), ('match_num', 4), ('match', 0), ('corr_key', 'left')])
627.7818 	EXP 	stim_text: autoDraw = False
627.7818 	EXP 	stim_cross: autoDraw = False
627.7818 	EXP 	stim_text: text = 2
627.7818 	EXP 	stim_text: autoDraw = True
628.2535 	DATA 	Keypress: left
628.2651 	EXP 	stim_cross: autoDraw = True
628.2818 	EXP 	stim_text: autoDraw = False
631.2652 	EXP 	stim_cross: autoDraw = False
631.2676 	EXP 	New trial (rep=0, index=4): OrderedDict([('num_stim', 3), ('match_num', 4), ('match', 0), ('corr_key', 'left')])
631.2818 	EXP 	stim_text: autoDraw = False
631.2818 	EXP 	stim_cross: autoDraw = False
631.2818 	EXP 	stim_text: text = 3
631.2818 	EXP 	stim_text: autoDraw = True
631.6858 	DATA 	Keypress: left
631.7652 	EXP 	stim_cross: autoDraw = True
631.7818 	EXP 	stim_text: autoDraw = False
634.7652 	EXP 	stim_cross: autoDraw = False
634.7673 	EXP 	New trial (rep=0, index=5): OrderedDict([('num_stim', 4), ('match_num', 4), ('match', 1), ('corr_key', 'right')])
634.7819 	EXP 	stim_text: autoDraw = False
634.7819 	EXP 	stim_cross: autoDraw = False
634.7819 	EXP 	stim_text: text = 4
634.7819 	EXP 	stim_text: autoDraw = True
635.1695 	DATA 	Keypress: right
635.2652 	EXP 	stim_cross: autoDraw = True
635.2819 	EXP 	stim_text: autoDraw = False
638.2653 	EXP 	stim_cross: autoDraw = False
638.2679 	EXP 	New trial (rep=0, index=6): OrderedDict([('num_stim', 8), ('match_num', 4), ('match', 0), ('corr_key', 'left')])
638.2819 	EXP 	stim_text: autoDraw = False
638.2819 	EXP 	stim_cross: autoDraw = False
638.2819 	EXP 	stim_text: text = 8
638.2819 	EXP 	stim_text: autoDraw = True
638.6532 	DATA 	Keypress: left
638.7653 	EXP 	stim_cross: autoDraw = True
638.7819 	EXP 	stim_text: autoDraw = False
641.7653 	EXP 	stim_cross: autoDraw = False
641.7675 	EXP 	New trial (rep=0, index=7): OrderedDict([('num_stim', 3), ('match_num', 4), ('match', 0), ('corr_key', 'left')])
641.7820 	EXP 	stim_text: autoDraw = False
641.7820 	EXP 	stim_cross: autoDraw = False
641.7820 	EXP 	stim_text: text = 3
641.7820 	EXP 	stim_text: autoDraw = True
642.1368 	DATA 	Keypress: left
642.2653 	EXP 	stim_cross: autoDraw = True
642.2820 	EXP 	stim_text: autoDraw = False
645.2654 	EXP 	stim_cross: autoDraw = False
645.2672 	EXP 	New trial (rep=0, index=8): OrderedDict([('num_stim', 6), ('match_num', 4), ('match', 0), ('corr_key', 'left')])
645.2820 	EXP 	stim_text: autoDraw = False
645.2820 	EXP 	stim_cross: autoDraw = False
645.2820 	EXP 	stim_text: text = 6
645.2820 	EXP 	stim_text: autoDraw = True
645.6365 	DATA 	Keypress: left
645.7654 	EXP 	stim_cross: autoDraw = True
645.7820 	EXP 	stim_text: autoDraw = False
648.7654 	EXP 	stim_cross: autoDraw = False
648.7678 	EXP 	New trial (rep=0, index=9): OrderedDict([('num_stim', 1), ('match_num', 4), ('match', 0), ('corr_key', 'left')])
648.7821 	EXP 	stim_text: autoDraw = False
648.7821 	EXP 	stim_cross: autoDraw = False
648.7821 	EXP 	stim_text: text = 1
648.7821 	EXP 	stim_text: autoDraw = True
649.2029 	DATA 	Keypress: left
649.2655 	EXP 	stim_cross: autoDraw = True
649.2821 	EXP 	stim_text: autoDraw = False
652.2655 	EXP 	stim_cross: autoDraw = False
652.2675 	EXP 	New trial (rep=0, index=10): OrderedDict([('num_stim', 8), ('match_num', 4), ('match', 0), ('corr_key', 'left')])
652.2821 	EXP 	stim_text: autoDraw = False
652.2821 	EXP 	stim_cross: autoDraw = False
652.2821 	EXP 	stim_text: text = 8
652.2821 	EXP 	stim_text: autoDraw = True
652.6537 	DATA 	Keypress: left
652.7655 	EXP 	stim_cross: autoDraw = True
652.7822 	EXP 	stim_text: autoDraw = False
655.7655 	EXP 	stim_cross: autoDraw = False
655.7681 	EXP 	New trial (rep=0, index=11): OrderedDict([('num_stim', 4), ('match_num', 4), ('match', 1), ('corr_key', 'right')])
655.7822 	EXP 	stim_text: autoDraw = False
655.7822 	EXP 	stim_cross: autoDraw = False
655.7822 	EXP 	stim_text: text = 4
655.7822 	EXP 	stim_text: autoDraw = True
656.2202 	DATA 	Keypress: right
656.2655 	EXP 	stim_cross: autoDraw = True
656.2822 	EXP 	stim_text: autoDraw = False
659.2656 	EXP 	stim_cross: autoDraw = False
659.2675 	EXP 	New trial (rep=0, index=12): OrderedDict([('num_stim', 4), ('match_num', 4), ('match', 1), ('corr_key', 'right')])
659.2823 	EXP 	stim_text: autoDraw = False
659.2823 	EXP 	stim_cross: autoDraw = False
659.2823 	EXP 	stim_text: text = 4
659.2823 	EXP 	stim_text: autoDraw = True
659.7036 	DATA 	Keypress: right
659.7656 	EXP 	stim_cross: autoDraw = True
659.7823 	EXP 	stim_text: autoDraw = False
662.7656 	EXP 	stim_cross: autoDraw = False
662.7680 	EXP 	New trial (rep=0, index=13): OrderedDict([('num_stim', 4), ('match_num', 4), ('match', 1), ('corr_key', 'right')])
662.7823 	EXP 	stim_text: autoDraw = False
662.7823 	EXP 	stim_cross: autoDraw = False
662.7823 	EXP 	stim_text: text = 4
662.7823 	EXP 	stim_text: autoDraw = True
663.1533 	DATA 	Keypress: right
663.2656 	EXP 	stim_cross: autoDraw = True
663.2823 	EXP 	stim_text: autoDraw = False
666.2657 	EXP 	stim_cross: autoDraw = False
666.2677 	EXP 	New trial (rep=0, index=14): OrderedDict([('num_stim', 4), ('match_num', 4), ('match', 1), ('corr_key', 'right')])
666.2824 	EXP 	stim_text: autoDraw = False
666.2824 	EXP 	stim_cross: autoDraw = False
666.2824 	EXP 	stim_text: text = 4
666.2824 	EXP 	stim_text: autoDraw = True
666.6201 	DATA 	Keypress: right
666.7657 	EXP 	stim_cross: autoDraw = True
666.7824 	EXP 	stim_text: autoDraw = False
669.7657 	EXP 	stim_cross: autoDraw = False
669.7675 	EXP 	New trial (rep=0, index=15): OrderedDict([('num_stim', 4), ('match_num', 4), ('match', 1), ('corr_key', 'right')])
669.7824 	EXP 	stim_text: autoDraw = False
669.7824 	EXP 	stim_cross: autoDraw = False
669.7824 	EXP 	stim_text: text = 4
669.7824 	EXP 	stim_text: autoDraw = True
670.1697 	DATA 	Keypress: right
670.2658 	EXP 	stim_cross: autoDraw = True
670.2824 	EXP 	stim_text: autoDraw = False
673.2658 	EXP 	stim_cross: autoDraw = False
673.2682 	EXP 	New trial (rep=0, index=16): OrderedDict([('num_stim', 1), ('match_num', 4), ('match', 0), ('corr_key', 'left')])
673.2825 	EXP 	stim_text: autoDraw = False
673.2825 	EXP 	stim_cross: autoDraw = False
673.2825 	EXP 	stim_text: text = 1
673.2825 	EXP 	stim_text: autoDraw = True
673.6873 	DATA 	Keypress: left
673.7658 	EXP 	stim_cross: autoDraw = True
673.7825 	EXP 	stim_text: autoDraw = False
676.7659 	EXP 	stim_cross: autoDraw = False
676.7678 	EXP 	New trial (rep=0, index=17): OrderedDict([('num_stim', 9), ('match_num', 4), ('match', 0), ('corr_key', 'left')])
676.7825 	EXP 	stim_text: autoDraw = False
676.7825 	EXP 	stim_cross: autoDraw = False
676.7825 	EXP 	stim_text: text = 9
676.7825 	EXP 	stim_text: autoDraw = True
677.1869 	DATA 	Keypress: left
677.2659 	EXP 	stim_cross: autoDraw = True
677.2825 	EXP 	stim_text: autoDraw = False
680.2659 	EXP 	stim_cross: autoDraw = False
680.2684 	EXP 	New trial (rep=0, index=18): OrderedDict([('num_stim', 7), ('match_num', 4), ('match', 0), ('corr_key', 'left')])
680.2826 	EXP 	stim_text: autoDraw = False
680.2826 	EXP 	stim_cross: autoDraw = False
680.2826 	EXP 	stim_text: text = 7
680.2826 	EXP 	stim_text: autoDraw = True
680.6706 	DATA 	Keypress: left
680.7659 	EXP 	stim_cross: autoDraw = True
680.7826 	EXP 	stim_text: autoDraw = False
683.7660 	EXP 	stim_cross: autoDraw = False
683.7681 	EXP 	New trial (rep=0, index=19): OrderedDict([('num_stim', 4), ('match_num', 4), ('match', 1), ('corr_key', 'right')])
683.7826 	EXP 	stim_text: autoDraw = False
683.7826 	EXP 	stim_cross: autoDraw = False
683.7826 	EXP 	stim_text: text = 4
683.7826 	EXP 	stim_text: autoDraw = True
684.2201 	DATA 	Keypress: right
684.2660 	EXP 	stim_cross: autoDraw = True
684.2826 	EXP 	stim_text: autoDraw = False
687.2660 	EXP 	stim_cross: autoDraw = False
687.2827 	EXP 	stim_text: autoDraw = False
687.2827 	EXP 	stim_cross: autoDraw = False
687.2827 	EXP 	done_text: autoDraw = True
690.2683 	EXP 	UDP Sent: marker_ID=10, marker_value=42, marker_string=n_back_end, timestamp=1657138210135214080
690.2828 	EXP 	done_text: autoDraw = False
690.2828 	EXP 	done_text: autoDraw = False
690.6722 	EXP 	window1: mouseVisible = True
