9.0698 	EXP 	Created window1 = Window(allowGUI=False, allowStencil=False, autoLog=True, backendConf=UNKNOWN, bitsMode=UNKNOWN, blendMode='avg', bpc=(8, 8, 8), color=array([-0.7, -0.7, -0.7]), colorSpace='rgb', depthBits=8, fullscr=<method-wrapper '__getattribute__' of attributeSetter object at 0x000002169940D470>, gamma=None, gammaErrorPolicy='raise', lms=UNKNOWN, monitor=<psychopy.monitors.calibTools.Monitor object at 0x000002169945F8D0>, multiSample=False, name='window1', numSamples=2, pos=[0.0, 0.0], screen=0, size=array([1920, 1080]), stencilBits=0, stereo=False, units='height', useFBO=True, useRetina=False, viewOri=0.0, viewPos=None, viewScale=None, waitBlanking=True, winType='pyglet')
9.0700 	EXP 	window1: mouseVisible = True
9.0701 	EXP 	window1: recordFrameIntervals = False
9.2360 	EXP 	window1: recordFrameIntervals = True
9.4194 	EXP 	window1: recordFrameIntervals = False
9.6975 	EXP 	window1: mouseVisible = False
9.7028 	EXP 	UDP Sent: marker_ID=5, marker_value=81, marker_string=video_narrative_sherlock_start, timestamp=1657135986543438080
9.8004 	EXP 	Created sherlock_instructions_text = TextStim(__class__=<class 'psychopy.visual.text.TextStim'>, alignHoriz=method-wrapper(...), alignText='center', alignVert=method-wrapper(...), anchorHoriz='center', anchorVert='center', antialias=True, autoLog=True, bold=False, color=array([1., 1., 1.]), colorSpace='rgb', contrast=1.0, depth=0.0, flipHoriz=False, flipVert=False, font='Open Sans', fontFiles=[], height=0.05, italic=False, languageStyle='LTR', name='sherlock_instructions_text', opacity=1, ori=0.0, pos=array([0., 0.]), rgb=UNKNOWN, text=str(...), units='height', win=Window(...), wrapWidth=1)
10.1345 	EXP 	Created sherlock_clip = MovieStim3(__class__=<class 'psychopy.visual.movie3.MovieStim3'>, autoLog=True, color=UNKNOWN, colorSpace=UNKNOWN, depth=0.0, filename='video_clips/sherlock_clip.mov', flipHoriz=False, flipVert=False, fps=UNKNOWN, interpolate=True, loop=False, name='sherlock_clip', noAudio=False, opacity=1, ori=method-wrapper(...), pos=array([0., 0.]), size=method-wrapper(...), units='pix', vframe_callback=UNKNOWN, volume=UNKNOWN, win=Window(...))
12.6154 	EXP 	Created sherlock_details_text = TextStim(__class__=<class 'psychopy.visual.text.TextStim'>, alignHoriz=method-wrapper(...), alignText='center', alignVert=method-wrapper(...), anchorHoriz='center', anchorVert='center', antialias=True, autoLog=True, bold=False, color=array([1., 1., 1.]), colorSpace='rgb', contrast=1.0, depth=0.0, flipHoriz=False, flipVert=False, font='Open Sans', fontFiles=[], height=0.05, italic=False, languageStyle='LTR', name='sherlock_details_text', opacity=1, ori=0.0, pos=array([0., 0.]), rgb=UNKNOWN, text=str(...), units='height', win=Window(...), wrapWidth=1)
12.6405 	EXP 	Created done_text = TextStim(__class__=<class 'psychopy.visual.text.TextStim'>, alignHoriz=method-wrapper(...), alignText='center', alignVert=method-wrapper(...), anchorHoriz='center', anchorVert='center', antialias=True, autoLog=True, bold=False, color=array([1., 1., 1.]), colorSpace='rgb', contrast=1.0, depth=0.0, flipHoriz=False, flipVert=False, font='Open Sans', fontFiles=[], height=0.1, italic=False, languageStyle='LTR', name='done_text', opacity=1, ori=0.0, pos=array([0., 0.]), rgb=UNKNOWN, text='The Video Narrative task is now complete.', units='height', win=Window(...), wrapWidth=1)
12.7243 	EXP 	sherlock_clip: autoLog = True
12.7243 	EXP 	sherlock_clip: movie = 'video_clips/sherlock_clip.mov'
12.7243 	EXP 	sherlock_clip: size = array([1920., 1080.])
12.7243 	EXP 	sherlock_clip: ori = 0.0
12.7243 	EXP 	sherlock_participant_response: autoLog = True
12.7243 	EXP 	sherlock_instructions_text: autoDraw = True
15.4732 	EXP 	Sound  started
15.4774 	DATA 	Keypress: space
15.5028 	EXP 	sherlock_instructions_text: autoDraw = False
15.5028 	EXP 	sherlock_clip: autoDraw = True
315.8741 	EXP 	Set sherlock_clip finished
315.8908 	EXP 	sherlock_clip: autoDraw = False
315.8908 	EXP 	sherlock_details_text: autoDraw = True
322.4676 	DATA 	Keypress: space
322.4742 	EXP 	sherlock_details_text: autoDraw = False
322.4742 	EXP 	sherlock_participant_response: autoDraw = True
323.0107 	DATA 	Keypress: lshift
323.1441 	DATA 	Keypress: capslock
323.2440 	DATA 	Keypress: capslock
323.6277 	DATA 	Keypress: lshift
323.8272 	DATA 	Keypress: h
323.9440 	DATA 	Keypress: o
324.1604 	DATA 	Keypress: l
324.3939 	DATA 	Keypress: m
324.5445 	DATA 	Keypress: e
324.7775 	DATA 	Keypress: s
324.8774 	DATA 	Keypress: space
325.0270 	DATA 	Keypress: a
325.0938 	DATA 	Keypress: n
325.2438 	DATA 	Keypress: d
325.3447 	DATA 	Keypress: space
325.4604 	DATA 	Keypress: lshift
325.5775 	DATA 	Keypress: w
325.7434 	DATA 	Keypress: a
325.9609 	DATA 	Keypress: t
326.0777 	DATA 	Keypress: s
326.1604 	DATA 	Keypress: o
326.3611 	DATA 	Keypress: n
326.5105 	DATA 	Keypress: space
326.6440 	DATA 	Keypress: a
326.7779 	DATA 	Keypress: r
326.8445 	DATA 	Keypress: e
326.9102 	DATA 	Keypress: space
327.1279 	DATA 	Keypress: m
327.2106 	DATA 	Keypress: e
327.3772 	DATA 	Keypress: e
327.5776 	DATA 	Keypress: t
327.6604 	DATA 	Keypress: i
327.7610 	DATA 	Keypress: n
327.8439 	DATA 	Keypress: g
327.9942 	DATA 	Keypress: space
328.0774 	DATA 	Keypress: f
328.2278 	DATA 	Keypress: o
328.3106 	DATA 	Keypress: r
328.4274 	DATA 	Keypress: space
328.5112 	DATA 	Keypress: t
328.6437 	DATA 	Keypress: h
328.7444 	DATA 	Keypress: e
328.8769 	DATA 	Keypress: space
329.8604 	DATA 	Keypress: backspace
331.0274 	DATA 	Keypress: backspace
331.2279 	DATA 	Keypress: backspace
331.5939 	DATA 	Keypress: m
331.7105 	DATA 	Keypress: e
331.9438 	DATA 	Keypress: e
332.1105 	DATA 	Keypress: t
332.2941 	DATA 	Keypress: space
332.4106 	DATA 	Keypress: f
332.5106 	DATA 	Keypress: o
332.6441 	DATA 	Keypress: r
332.7438 	DATA 	Keypress: space
332.8444 	DATA 	Keypress: t
332.9441 	DATA 	Keypress: h
333.0780 	DATA 	Keypress: e
333.1781 	DATA 	Keypress: space
333.3439 	DATA 	Keypress: f
333.4607 	DATA 	Keypress: i
333.5775 	DATA 	Keypress: r
333.6276 	DATA 	Keypress: s
333.7602 	DATA 	Keypress: t
333.8939 	DATA 	Keypress: space
334.0606 	DATA 	Keypress: t
334.1773 	DATA 	Keypress: i
334.2940 	DATA 	Keypress: m
334.4107 	DATA 	Keypress: e
334.5105 	DATA 	Keypress: space
334.6111 	DATA 	Keypress: a
334.7109 	DATA 	Keypress: n
334.8104 	DATA 	Keypress: d
334.9446 	DATA 	Keypress: space
335.0778 	DATA 	Keypress: a
335.3611 	DATA 	Keypress: r
335.4439 	DATA 	Keypress: e
335.5948 	DATA 	Keypress: space
337.1443 	DATA 	Keypress: backspace
337.3109 	DATA 	Keypress: backspace
337.4944 	DATA 	Keypress: backspace
337.6779 	DATA 	Keypress: backspace
337.8941 	DATA 	Keypress: w
337.9940 	DATA 	Keypress: i
338.1775 	DATA 	Keypress: l
338.3440 	DATA 	Keypress: l
338.5107 	DATA 	Keypress: space
338.6940 	DATA 	Keypress: p
338.8775 	DATA 	Keypress: o
339.5109 	DATA 	Keypress: t
339.6774 	DATA 	Keypress: n
340.0447 	DATA 	Keypress: backspace
340.1445 	DATA 	Keypress: e
340.3280 	DATA 	Keypress: n
340.4606 	DATA 	Keypress: t
340.5605 	DATA 	Keypress: i
340.7108 	DATA 	Keypress: a
340.7949 	DATA 	Keypress: l
340.9445 	DATA 	Keypress: l
341.0944 	DATA 	Keypress: y
341.2608 	DATA 	Keypress: space
341.6106 	DATA 	Keypress: b
341.7274 	DATA 	Keypress: e
341.8271 	DATA 	Keypress: c
341.9778 	DATA 	Keypress: o
342.0447 	DATA 	Keypress: m
342.2113 	DATA 	Keypress: e
342.3281 	DATA 	Keypress: space
343.1777 	DATA 	Keypress: f
343.3113 	DATA 	Keypress: l
343.3781 	DATA 	Keypress: a
343.5109 	DATA 	Keypress: t
343.6612 	DATA 	Keypress: m
343.7610 	DATA 	Keypress: a
343.9105 	DATA 	Keypress: t
344.0613 	DATA 	Keypress: e
344.2946 	DATA 	Keypress: s
344.4451 	DATA 	Keypress: space
345.6276 	DATA 	Keypress: a
345.6944 	DATA 	Keypress: t
345.8780 	DATA 	Keypress: space
346.1444 	DATA 	Keypress: 2
346.3438 	DATA 	Keypress: 2
346.5114 	DATA 	Keypress: 1
346.6937 	DATA 	Keypress: space
346.7945 	DATA 	Keypress: lshift
346.9611 	DATA 	Keypress: b
347.0950 	DATA 	Keypress: a
347.1951 	DATA 	Keypress: k
347.2943 	DATA 	Keypress: e
347.3940 	DATA 	Keypress: r
347.5108 	DATA 	Keypress: space
347.5778 	DATA 	Keypress: lshift
347.6942 	DATA 	Keypress: s
347.9107 	DATA 	Keypress: t
348.1113 	DATA 	Keypress: r
348.1613 	DATA 	Keypress: e
348.4773 	DATA 	Keypress: e
348.8272 	DATA 	Keypress: t
351.7943 	DATA 	Keypress: space
351.9609 	DATA 	Keypress: lshift
352.0447 	DATA 	Keypress: 9
353.2447 	DATA 	Keypress: lshift
353.4612 	DATA 	Keypress: b
353.6447 	DATA 	Keypress: r
353.7773 	DATA 	Keypress: i
353.9778 	DATA 	Keypress: t
354.1118 	DATA 	Keypress: a
354.3109 	DATA 	Keypress: i
354.4278 	DATA 	Keypress: n
354.6960 	DATA 	Keypress: comma
354.9107 	DATA 	Keypress: space
355.1442 	DATA 	Keypress: n
355.1941 	DATA 	Keypress: o
355.3608 	DATA 	Keypress: t
355.4785 	DATA 	Keypress: space
355.7445 	DATA 	Keypress: lshift
355.8773 	DATA 	Keypress: l
356.0779 	DATA 	Keypress: o
356.2613 	DATA 	Keypress: n
357.0950 	DATA 	Keypress: d
357.1780 	DATA 	Keypress: o
357.3780 	DATA 	Keypress: n
358.3275 	DATA 	Keypress: space
358.4782 	DATA 	Keypress: i
358.8280 	DATA 	Keypress: t
358.9109 	DATA 	Keypress: space
359.0615 	DATA 	Keypress: s
359.1614 	DATA 	Keypress: o
359.2780 	DATA 	Keypress: u
359.4946 	DATA 	Keypress: n
359.5449 	DATA 	Keypress: d
359.6278 	DATA 	Keypress: s
359.8442 	DATA 	Keypress: lshift
360.0777 	DATA 	Keypress: 0
362.5442 	DATA 	Keypress: period
362.7615 	DATA 	Keypress: space
362.8283 	DATA 	Keypress: lshift
362.9779 	DATA 	Keypress: s
363.4109 	DATA 	Keypress: h
363.5783 	DATA 	Keypress: e
363.6610 	DATA 	Keypress: r
363.8444 	DATA 	Keypress: l
364.1116 	DATA 	Keypress: o
364.2612 	DATA 	Keypress: c
364.3780 	DATA 	Keypress: k
364.5945 	DATA 	Keypress: space
365.3445 	DATA 	Keypress: c
365.4950 	DATA 	Keypress: l
365.5947 	DATA 	Keypress: e
365.6775 	DATA 	Keypress: a
365.7941 	DATA 	Keypress: r
365.9279 	DATA 	Keypress: l
366.0775 	DATA 	Keypress: y
366.1444 	DATA 	Keypress: space
366.3279 	DATA 	Keypress: h
366.3619 	DATA 	Keypress: a
366.4785 	DATA 	Keypress: s
366.6280 	DATA 	Keypress: space
366.7446 	DATA 	Keypress: a
366.9440 	DATA 	Keypress: n
367.1613 	DATA 	Keypress: space
367.2779 	DATA 	Keypress: a
367.5443 	DATA 	Keypress: f
367.7117 	DATA 	Keypress: f
367.8114 	DATA 	Keypress: i
368.0110 	DATA 	Keypress: n
368.1277 	DATA 	Keypress: i
368.2445 	DATA 	Keypress: t
368.3615 	DATA 	Keypress: y
368.5784 	DATA 	Keypress: space
368.6782 	DATA 	Keypress: f
368.8276 	DATA 	Keypress: o
368.8446 	DATA 	Keypress: i
368.8945 	DATA 	Keypress: r
369.0780 	DATA 	Keypress: space
369.4949 	DATA 	Keypress: p
369.6943 	DATA 	Keypress: i
369.7950 	DATA 	Keypress: c
370.1113 	DATA 	Keypress: backspace
370.3118 	DATA 	Keypress: backspace
370.4783 	DATA 	Keypress: backspace
370.6617 	DATA 	Keypress: backspace
370.8441 	DATA 	Keypress: backspace
371.0448 	DATA 	Keypress: backspace
371.3112 	DATA 	Keypress: r
371.4447 	DATA 	Keypress: space
371.6610 	DATA 	Keypress: p
371.8783 	DATA 	Keypress: i
371.9781 	DATA 	Keypress: c
372.0781 	DATA 	Keypress: k
372.2616 	DATA 	Keypress: i
372.3114 	DATA 	Keypress: n
372.4609 	DATA 	Keypress: g
372.5451 	DATA 	Keypress: space
372.7457 	DATA 	Keypress: u
372.8277 	DATA 	Keypress: p
373.1112 	DATA 	Keypress: space
373.3117 	DATA 	Keypress: o
373.5111 	DATA 	Keypress: n
373.6776 	DATA 	Keypress: space
373.9109 	DATA 	Keypress: n
373.9616 	DATA 	Keypress: u
374.1445 	DATA 	Keypress: a
374.3450 	DATA 	Keypress: n
374.4616 	DATA 	Keypress: c
374.5615 	DATA 	Keypress: e
374.7617 	DATA 	Keypress: s
374.8781 	DATA 	Keypress: space
375.0119 	DATA 	Keypress: lshift
376.3456 	DATA 	Keypress: i
376.4119 	DATA 	Keypress: n
376.6611 	DATA 	Keypress: space
376.9283 	DATA 	Keypress: p
377.1449 	DATA 	Keypress: e
378.2950 	DATA 	Keypress: o
378.3625 	DATA 	Keypress: p
378.7612 	DATA 	Keypress: l
379.2620 	DATA 	Keypress: e
381.4450 	DATA 	Keypress: apostrophe
381.5620 	DATA 	Keypress: s
381.7951 	DATA 	Keypress: space
383.8278 	DATA 	Keypress: m
383.9783 	DATA 	Keypress: a
384.3446 	DATA 	Keypress: n
384.4952 	DATA 	Keypress: n
384.6286 	DATA 	Keypress: e
384.7283 	DATA 	Keypress: r
384.8611 	DATA 	Keypress: i
384.9778 	DATA 	Keypress: s
385.1284 	DATA 	Keypress: m
385.2617 	DATA 	Keypress: s
385.4113 	DATA 	Keypress: space
385.5280 	DATA 	Keypress: a
385.6785 	DATA 	Keypress: n
385.8280 	DATA 	Keypress: d
385.9785 	DATA 	Keypress: space
386.5954 	DATA 	Keypress: b
386.6618 	DATA 	Keypress: a
386.7949 	DATA 	Keypress: c
386.9944 	DATA 	Keypress: k
387.2279 	DATA 	Keypress: g
387.4115 	DATA 	Keypress: r
387.4782 	DATA 	Keypress: o
387.6447 	DATA 	Keypress: u
387.8950 	DATA 	Keypress: n
388.0619 	DATA 	Keypress: d
388.1454 	DATA 	Keypress: s
388.3122 	DATA 	Keypress: space
388.5284 	DATA 	Keypress: f
388.7278 	DATA 	Keypress: r
388.8286 	DATA 	Keypress: o
388.9113 	DATA 	Keypress: m
389.1618 	DATA 	Keypress: space
390.2619 	DATA 	Keypress: s
390.4117 	DATA 	Keypress: m
390.5283 	DATA 	Keypress: a
390.6618 	DATA 	Keypress: l
390.8453 	DATA 	Keypress: l
391.4290 	DATA 	Keypress: space
391.5616 	DATA 	Keypress: c
391.6950 	DATA 	Keypress: l
391.8616 	DATA 	Keypress: u
391.9455 	DATA 	Keypress: e
392.1450 	DATA 	Keypress: s
395.1280 	DATA 	Keypress: semicolon
395.3285 	DATA 	Keypress: space
395.8120 	DATA 	Keypress: m
395.9616 	DATA 	Keypress: a
396.0617 	DATA 	Keypress: k
396.1784 	DATA 	Keypress: e
396.3787 	DATA 	Keypress: s
396.4955 	DATA 	Keypress: space
396.5953 	DATA 	Keypress: s
396.7287 	DATA 	Keypress: o
396.8454 	DATA 	Keypress: m
396.9780 	DATA 	Keypress: e
397.1118 	DATA 	Keypress: space
397.2454 	DATA 	Keypress: s
397.4619 	DATA 	Keypress: e
397.5622 	DATA 	Keypress: n
397.6612 	DATA 	Keypress: s
397.8447 	DATA 	Keypress: e
397.8947 	DATA 	Keypress: space
398.1122 	DATA 	Keypress: p
398.2289 	DATA 	Keypress: r
398.3456 	DATA 	Keypress: o
398.4951 	DATA 	Keypress: v
398.6457 	DATA 	Keypress: i
398.7454 	DATA 	Keypress: d
398.8121 	DATA 	Keypress: e
398.9288 	DATA 	Keypress: d
399.0618 	DATA 	Keypress: space
399.2123 	DATA 	Keypress: w
399.2950 	DATA 	Keypress: e
399.4288 	DATA 	Keypress: space
399.6289 	DATA 	Keypress: k
399.7446 	DATA 	Keypress: n
399.8612 	DATA 	Keypress: o
399.9780 	DATA 	Keypress: w
400.0949 	DATA 	Keypress: space
400.3282 	DATA 	Keypress: h
400.3791 	DATA 	Keypress: i
400.5615 	DATA 	Keypress: m
400.7296 	DATA 	Keypress: space
400.7946 	DATA 	Keypress: t
400.9284 	DATA 	Keypress: o
401.1120 	DATA 	Keypress: space
401.2955 	DATA 	Keypress: b
401.3953 	DATA 	Keypress: e
401.5288 	DATA 	Keypress: space
401.6117 	DATA 	Keypress: a
401.7113 	DATA 	Keypress: space
402.9449 	DATA 	Keypress: p
402.9950 	DATA 	Keypress: r
403.0788 	DATA 	Keypress: e
403.2124 	DATA 	Keypress: t
403.3451 	DATA 	Keypress: t
403.4451 	DATA 	Keypress: y
403.6281 	DATA 	Keypress: space
403.7448 	DATA 	Keypress: g
403.8784 	DATA 	Keypress: o
404.0456 	DATA 	Keypress: o
404.1783 	DATA 	Keypress: d
404.3120 	DATA 	Keypress: space
404.4956 	DATA 	Keypress: d
404.6120 	DATA 	Keypress: e
404.7785 	DATA 	Keypress: t
404.8613 	DATA 	Keypress: e
405.1458 	DATA 	Keypress: c
405.3452 	DATA 	Keypress: t
405.5117 	DATA 	Keypress: i
405.5788 	DATA 	Keypress: v
405.6783 	DATA 	Keypress: e
405.8287 	DATA 	Keypress: period
406.3286 	DATA 	Keypress: space
410.3957 	DATA 	Keypress: lshift
412.5456 	DATA 	Keypress: w
412.6790 	DATA 	Keypress: a
412.9782 	DATA 	Keypress: t
413.8948 	DATA 	Keypress: backspace
414.0791 	DATA 	Keypress: backspace
414.2456 	DATA 	Keypress: backspace
414.3952 	DATA 	Keypress: lshift
414.6286 	DATA 	Keypress: h
414.7790 	DATA 	Keypress: e
414.9117 	DATA 	Keypress: space
415.0784 	DATA 	Keypress: d
415.2294 	DATA 	Keypress: e
415.4458 	DATA 	Keypress: r
415.8456 	DATA 	Keypress: backspace
416.3456 	DATA 	Keypress: r
416.5289 	DATA 	Keypress: i
416.6624 	DATA 	Keypress: v
416.7452 	DATA 	Keypress: e
416.9456 	DATA 	Keypress: s
417.0954 	DATA 	Keypress: space
417.3787 	DATA 	Keypress: lshift
417.5621 	DATA 	Keypress: w
417.7455 	DATA 	Keypress: a
417.9958 	DATA 	Keypress: t
418.3620 	DATA 	Keypress: s
418.4956 	DATA 	Keypress: o
418.7121 	DATA 	Keypress: n
418.8954 	DATA 	Keypress: apostrophe
419.0453 	DATA 	Keypress: s
419.1789 	DATA 	Keypress: space
419.5787 	DATA 	Keypress: b
419.6953 	DATA 	Keypress: e
419.7792 	DATA 	Keypress: i
419.8620 	DATA 	Keypress: n
419.9623 	DATA 	Keypress: g
420.0955 	DATA 	Keypress: space
420.1960 	DATA 	Keypress: a
420.3291 	DATA 	Keypress: n
421.1296 	DATA 	Keypress: space
421.3623 	DATA 	Keypress: a
421.6623 	DATA 	Keypress: r
421.7791 	DATA 	Keypress: m
421.9457 	DATA 	Keypress: y
422.1292 	DATA 	Keypress: space
422.5791 	DATA 	Keypress: v
422.6617 	DATA 	Keypress: e
422.8452 	DATA 	Keypress: t
423.0120 	DATA 	Keypress: e
423.1126 	DATA 	Keypress: r
423.4785 	DATA 	Keypress: a
423.6121 	DATA 	Keypress: n
423.8454 	DATA 	Keypress: space
424.8618 	DATA 	Keypress: i
425.0454 	DATA 	Keypress: m
425.1960 	DATA 	Keypress: m
425.2959 	DATA 	Keypress: e
425.3626 	DATA 	Keypress: d
425.5293 	DATA 	Keypress: i
425.5621 	DATA 	Keypress: a
425.6956 	DATA 	Keypress: t
425.7953 	DATA 	Keypress: e
425.9303 	DATA 	Keypress: l
426.0788 	DATA 	Keypress: y
426.2961 	DATA 	Keypress: space
429.1956 	DATA 	Keypress: t
429.2794 	DATA 	Keypress: h
429.4461 	DATA 	Keypress: e
429.5787 	DATA 	Keypress: n
429.8288 	DATA 	Keypress: space
434.6959 	DATA 	Keypress: backspace
434.8953 	DATA 	Keypress: backspace
435.0621 	DATA 	Keypress: backspace
435.2126 	DATA 	Keypress: backspace
435.3963 	DATA 	Keypress: backspace
435.5629 	DATA 	Keypress: a
435.7461 	DATA 	Keypress: n
435.8459 	DATA 	Keypress: d
435.9953 	DATA 	Keypress: space
436.7624 	DATA 	Keypress: q
436.8792 	DATA 	Keypress: u
436.9618 	DATA 	Keypress: i
437.2123 	DATA 	Keypress: c
437.3459 	DATA 	Keypress: c
438.1459 	DATA 	Keypress: backspace
438.4958 	DATA 	Keypress: k
438.5796 	DATA 	Keypress: l
438.7295 	DATA 	Keypress: y
438.8787 	DATA 	Keypress: space
439.7126 	DATA 	Keypress: f
439.8291 	DATA 	Keypress: i
439.9303 	DATA 	Keypress: g
440.0289 	DATA 	Keypress: u
440.2293 	DATA 	Keypress: r
440.3131 	DATA 	Keypress: e
440.4956 	DATA 	Keypress: s
440.6461 	DATA 	Keypress: space
440.8456 	DATA 	Keypress: o
440.9293 	DATA 	Keypress: u
441.1135 	DATA 	Keypress: t
441.1961 	DATA 	Keypress: space
441.3793 	DATA 	Keypress: w
441.5131 	DATA 	Keypress: h
441.6793 	DATA 	Keypress: y
441.9127 	DATA 	Keypress: space
442.0796 	DATA 	Keypress: h
442.2289 	DATA 	Keypress: e
442.4624 	DATA 	Keypress: apostrophe
442.4662 	DATA 	Keypress: semicolon
443.1458 	DATA 	Keypress: backspace
443.9124 	DATA 	Keypress: s
444.0622 	DATA 	Keypress: space
444.1959 	DATA 	Keypress: t
444.3296 	DATA 	Keypress: h
444.3792 	DATA 	Keypress: e
444.4791 	DATA 	Keypress: r
444.5796 	DATA 	Keypress: e
444.5958 	DATA 	Keypress: space
444.7292 	DATA 	Keypress: i
444.8131 	DATA 	Keypress: n
444.9794 	DATA 	Keypress: space
445.0964 	DATA 	Keypress: t
445.1961 	DATA 	Keypress: h
445.2958 	DATA 	Keypress: e
445.4125 	DATA 	Keypress: space
445.5296 	DATA 	Keypress: f
445.6457 	DATA 	Keypress: i
445.7625 	DATA 	Keypress: r
445.8295 	DATA 	Keypress: s
445.9627 	DATA 	Keypress: t
446.0627 	DATA 	Keypress: space
446.2791 	DATA 	Keypress: p
446.4456 	DATA 	Keypress: l
446.5125 	DATA 	Keypress: a
446.6121 	DATA 	Keypress: c
446.7128 	DATA 	Keypress: e
446.8299 	DATA 	Keypress: period
447.0790 	DATA 	Keypress: space
447.5460 	DATA 	Keypress: lshift
448.1956 	DATA 	Keypress: d
448.2965 	DATA 	Keypress: e
448.5128 	DATA 	Keypress: s
448.6294 	DATA 	Keypress: p
448.7789 	DATA 	Keypress: i
448.8798 	DATA 	Keypress: t
448.9793 	DATA 	Keypress: e
449.1122 	DATA 	Keypress: space
449.8959 	DATA 	Keypress: h
449.9458 	DATA 	Keypress: i
450.0797 	DATA 	Keypress: s
450.1963 	DATA 	Keypress: space
450.3459 	DATA 	Keypress: i
450.4127 	DATA 	Keypress: n
450.5464 	DATA 	Keypress: t
450.6120 	DATA 	Keypress: e
450.7462 	DATA 	Keypress: l
450.9130 	DATA 	Keypress: l
451.0957 	DATA 	Keypress: i
451.2293 	DATA 	Keypress: g
451.2960 	DATA 	Keypress: e
451.3958 	DATA 	Keypress: n
451.5464 	DATA 	Keypress: c
451.6461 	DATA 	Keypress: e
451.8295 	DATA 	Keypress: space
452.2467 	DATA 	Keypress: backspace
452.4290 	DATA 	Keypress: comma
452.6792 	DATA 	Keypress: space
452.8460 	DATA 	Keypress: lshift
453.6794 	DATA 	Keypress: h
453.8959 	DATA 	Keypress: o
454.0795 	DATA 	Keypress: l
454.2291 	DATA 	Keypress: m
454.3136 	DATA 	Keypress: e
454.4956 	DATA 	Keypress: s
454.6122 	DATA 	Keypress: space
455.7631 	DATA 	Keypress: s
455.9628 	DATA 	Keypress: e
456.1294 	DATA 	Keypress: e
456.2461 	DATA 	Keypress: m
456.3458 	DATA 	Keypress: s
456.4794 	DATA 	Keypress: space
456.5633 	DATA 	Keypress: t
456.6957 	DATA 	Keypress: o
456.8463 	DATA 	Keypress: space
457.1966 	DATA 	Keypress: h
457.3132 	DATA 	Keypress: a
457.4629 	DATA 	Keypress: v
457.5628 	DATA 	Keypress: e
457.6794 	DATA 	Keypress: space
458.2629 	DATA 	Keypress: n
458.3299 	DATA 	Keypress: o
458.5292 	DATA 	Keypress: space
459.0129 	DATA 	Keypress: s
459.1466 	DATA 	Keypress: o
459.2295 	DATA 	Keypress: c
459.3790 	DATA 	Keypress: i
459.4957 	DATA 	Keypress: a
459.5966 	DATA 	Keypress: l
459.8628 	DATA 	Keypress: space
460.6129 	DATA 	Keypress: s
460.7465 	DATA 	Keypress: k
460.9130 	DATA 	Keypress: i
461.1127 	DATA 	Keypress: l
461.2632 	DATA 	Keypress: l
461.3958 	DATA 	Keypress: s
461.5465 	DATA 	Keypress: space
461.8795 	DATA 	Keypress: p
462.0132 	DATA 	Keypress: r
462.1300 	DATA 	Keypress: o
462.2964 	DATA 	Keypress: v
462.3963 	DATA 	Keypress: i
462.5299 	DATA 	Keypress: d
462.5966 	DATA 	Keypress: e
462.7132 	DATA 	Keypress: d
462.7965 	DATA 	Keypress: space
463.4459 	DATA 	Keypress: h
463.5129 	DATA 	Keypress: i
463.5965 	DATA 	Keypress: s
463.7291 	DATA 	Keypress: space
463.9624 	DATA 	Keypress: f
464.1291 	DATA 	Keypress: i
464.2628 	DATA 	Keypress: r
464.3464 	DATA 	Keypress: s
464.4961 	DATA 	Keypress: t
464.5958 	DATA 	Keypress: space
464.8131 	DATA 	Keypress: m
464.8961 	DATA 	Keypress: e
465.1295 	DATA 	Keypress: e
465.4127 	DATA 	Keypress: t
465.5464 	DATA 	Keypress: i
465.6129 	DATA 	Keypress: n
465.7456 	DATA 	Keypress: g
465.8793 	DATA 	Keypress: space
466.6631 	DATA 	Keypress: backspace
467.6966 	DATA 	Keypress: backspace
467.8800 	DATA 	Keypress: backspace
468.0466 	DATA 	Keypress: backspace
468.4795 	DATA 	Keypress: backspace
468.6629 	DATA 	Keypress: backspace
468.8294 	DATA 	Keypress: backspace
468.9959 	DATA 	Keypress: backspace
469.1625 	DATA 	Keypress: backspace
469.5298 	DATA 	Keypress: i
469.6292 	DATA 	Keypress: t
469.7459 	DATA 	Keypress: space
469.8795 	DATA 	Keypress: i
469.9968 	DATA 	Keypress: s
470.0627 	DATA 	Keypress: space
470.2632 	DATA 	Keypress: h
470.3130 	DATA 	Keypress: i
470.5126 	DATA 	Keypress: s
470.6629 	DATA 	Keypress: space
470.9462 	DATA 	Keypress: f
471.0630 	DATA 	Keypress: i
471.1629 	DATA 	Keypress: r
471.2465 	DATA 	Keypress: s
471.3801 	DATA 	Keypress: t
471.4629 	DATA 	Keypress: space
471.6293 	DATA 	Keypress: m
471.6633 	DATA 	Keypress: e
471.8299 	DATA 	Keypress: e
471.9299 	DATA 	Keypress: t
472.0296 	DATA 	Keypress: i
472.0963 	DATA 	Keypress: n
472.2459 	DATA 	Keypress: g
472.3128 	DATA 	Keypress: space
472.4463 	DATA 	Keypress: w
472.5462 	DATA 	Keypress: i
472.6627 	DATA 	Keypress: t
472.7635 	DATA 	Keypress: h
472.9629 	DATA 	Keypress: space
473.0629 	DATA 	Keypress: lshift
473.1968 	DATA 	Keypress: w
473.3466 	DATA 	Keypress: a
473.5135 	DATA 	Keypress: t
473.6295 	DATA 	Keypress: s
473.7462 	DATA 	Keypress: o
473.9299 	DATA 	Keypress: n
474.0964 	DATA 	Keypress: space
474.2132 	DATA 	Keypress: a
474.2959 	DATA 	Keypress: n
474.3968 	DATA 	Keypress: d
474.4966 	DATA 	Keypress: space
474.7128 	DATA 	Keypress: h
474.8294 	DATA 	Keypress: e
474.9959 	DATA 	Keypress: space
476.3467 	DATA 	Keypress: m
476.4965 	DATA 	Keypress: i
476.6300 	DATA 	Keypress: s
476.7797 	DATA 	Keypress: s
476.9465 	DATA 	Keypress: e
477.1968 	DATA 	Keypress: s
477.3635 	DATA 	Keypress: space
477.9797 	DATA 	Keypress: h
478.0469 	DATA 	Keypress: i
478.2132 	DATA 	Keypress: s
478.3142 	DATA 	Keypress: space
478.5297 	DATA 	Keypress: l
478.6633 	DATA 	Keypress: a
478.7959 	DATA 	Keypress: b
478.9796 	DATA 	Keypress: space
479.0466 	DATA 	Keypress: a
479.1134 	DATA 	Keypress: s
479.2798 	DATA 	Keypress: s
479.3967 	DATA 	Keypress: i
479.4964 	DATA 	Keypress: s
479.6967 	DATA 	Keypress: t
479.8462 	DATA 	Keypress: a
479.9968 	DATA 	Keypress: n
480.4128 	DATA 	Keypress: t
480.6461 	DATA 	Keypress: apostrophe
480.7797 	DATA 	Keypress: s
480.9463 	DATA 	Keypress: space
482.4633 	DATA 	Keypress: c
482.6626 	DATA 	Keypress: u
482.7635 	DATA 	Keypress: e
483.0129 	DATA 	Keypress: s
483.5465 	DATA 	Keypress: space
483.7467 	DATA 	Keypress: t
483.8639 	DATA 	Keypress: o
483.9961 	DATA 	Keypress: w
484.1129 	DATA 	Keypress: a
484.2635 	DATA 	Keypress: r
484.5297 	DATA 	Keypress: d
484.6961 	DATA 	Keypress: space
484.8797 	DATA 	Keypress: i
484.9636 	DATA 	Keypress: n
485.1462 	DATA 	Keypress: t
485.2802 	DATA 	Keypress: i
485.5131 	DATA 	Keypress: m
485.6128 	DATA 	Keypress: a
485.7634 	DATA 	Keypress: c
485.9128 	DATA 	Keypress: y
486.2302 	DATA 	Keypress: period
486.6130 	DATA 	Keypress: space
487.0473 	DATA 	Keypress: lshift
488.4633 	DATA 	Keypress: t
488.5800 	DATA 	Keypress: h
488.6466 	DATA 	Keypress: e
488.7463 	DATA 	Keypress: y
488.9467 	DATA 	Keypress: space
489.0637 	DATA 	Keypress: a
489.2132 	DATA 	Keypress: p
489.3966 	DATA 	Keypress: p
489.4634 	DATA 	Keypress: e
489.5303 	DATA 	Keypress: a
489.6633 	DATA 	Keypress: r
489.7636 	DATA 	Keypress: space
489.8962 	DATA 	Keypress: t
489.9801 	DATA 	Keypress: o
490.1795 	DATA 	Keypress: space
490.3630 	DATA 	Keypress: b
490.4798 	DATA 	Keypress: e
490.6133 	DATA 	Keypress: space
492.0139 	DATA 	Keypress: f
495.1972 	DATA 	Keypress: e
495.3298 	DATA 	Keypress: i
495.5133 	DATA 	Keypress: g
495.6298 	DATA 	Keypress: n
495.7138 	DATA 	Keypress: i
495.8463 	DATA 	Keypress: n
495.9472 	DATA 	Keypress: g
496.0968 	DATA 	Keypress: space
496.2633 	DATA 	Keypress: a
496.3806 	DATA 	Keypress: n
496.9469 	DATA 	Keypress: space
497.1635 	DATA 	Keypress: a
497.3470 	DATA 	Keypress: l
497.5805 	DATA 	Keypress: i
497.7629 	DATA 	Keypress: b
497.8795 	DATA 	Keypress: i
498.0971 	DATA 	Keypress: space
498.6295 	DATA 	Keypress: f
498.7802 	DATA 	Keypress: o
498.9297 	DATA 	Keypress: r
499.0806 	DATA 	Keypress: space
499.4634 	DATA 	Keypress: s
499.5633 	DATA 	Keypress: o
499.6627 	DATA 	Keypress: m
499.8465 	DATA 	Keypress: e
500.0971 	DATA 	Keypress: w
500.4798 	DATA 	Keypress: backspace
500.6975 	DATA 	Keypress: o
500.9133 	DATA 	Keypress: n
501.0303 	DATA 	Keypress: e
501.2636 	DATA 	Keypress: period
502.3139 	DATA 	Keypress: backspace
502.4770 	EXP 	sherlock_participant_response: autoDraw = False
502.4770 	EXP 	sherlock_participant_response: autoDraw = False
502.4770 	EXP 	done_text: autoDraw = True
505.4620 	EXP 	UDP Sent: marker_ID=6, marker_value=82, marker_string=video_narrative_sherlock_end, timestamp=1657136488053360384
505.4770 	EXP 	done_text: autoDraw = False
505.4770 	EXP 	done_text: autoDraw = False
505.8624 	EXP 	window1: mouseVisible = True
