15.1074 	EXP 	Created window1 = Window(allowGUI=False, allowStencil=False, autoLog=True, backendConf=UNKNOWN, bitsMode=UNKNOWN, blendMode='avg', bpc=(8, 8, 8), color=array([-0.7, -0.7, -0.7]), colorSpace='rgb', depthBits=8, fullscr=<method-wrapper '__getattribute__' of attributeSetter object at 0x000001F78240D2E8>, gamma=None, gammaErrorPolicy='raise', lms=UNKNOWN, monitor=<psychopy.monitors.calibTools.Monitor object at 0x000001F7823A2748>, multiSample=False, name='window1', numSamples=2, pos=[0.0, 0.0], screen=0, size=array([1920, 1080]), stencilBits=0, stereo=False, units='height', useFBO=True, useRetina=False, viewOri=0.0, viewPos=None, viewScale=None, waitBlanking=True, winType='pyglet')
15.1078 	EXP 	window1: mouseVisible = True
15.1078 	EXP 	window1: recordFrameIntervals = False
15.2736 	EXP 	window1: recordFrameIntervals = True
15.4571 	EXP 	window1: recordFrameIntervals = False
15.7189 	EXP 	window1: mouseVisible = False
15.7241 	EXP 	UDP Sent: marker_ID=17, marker_value=71, marker_string=video_narrative_cmiyc_start, timestamp=1655492394404469760
15.8154 	EXP 	Created catchme_instructions_text = TextStim(__class__=<class 'psychopy.visual.text.TextStim'>, alignHoriz=method-wrapper(...), alignText='center', alignVert=method-wrapper(...), anchorHoriz='center', anchorVert='center', antialias=True, autoLog=True, bold=False, color=array([1., 1., 1.]), colorSpace='rgb', contrast=1.0, depth=0.0, flipHoriz=False, flipVert=False, font='Open Sans', fontFiles=[], height=0.05, italic=False, languageStyle='LTR', name='catchme_instructions_text', opacity=1, ori=0.0, pos=array([0., 0.]), rgb=UNKNOWN, text=str(...), units='height', win=Window(...), wrapWidth=1)
15.9328 	EXP 	Created catchme_clip = MovieStim3(__class__=<class 'psychopy.visual.movie3.MovieStim3'>, autoLog=True, color=UNKNOWN, colorSpace=UNKNOWN, depth=0.0, filename='video_clips/CMIYC_clip.mov', flipHoriz=False, flipVert=False, fps=UNKNOWN, interpolate=True, loop=False, name='catchme_clip', noAudio=False, opacity=1, ori=method-wrapper(...), pos=array([0., 0.]), size=method-wrapper(...), units='pix', vframe_callback=UNKNOWN, volume=UNKNOWN, win=Window(...))
18.2535 	EXP 	Created catchme_details_text = TextStim(__class__=<class 'psychopy.visual.text.TextStim'>, alignHoriz=method-wrapper(...), alignText='center', alignVert=method-wrapper(...), anchorHoriz='center', anchorVert='center', antialias=True, autoLog=True, bold=False, color=array([1., 1., 1.]), colorSpace='rgb', contrast=1.0, depth=0.0, flipHoriz=False, flipVert=False, font='Open Sans', fontFiles=[], height=0.05, italic=False, languageStyle='LTR', name='catchme_details_text', opacity=1, ori=0.0, pos=array([0., 0.]), rgb=UNKNOWN, text=str(...), units='height', win=Window(...), wrapWidth=1)
18.3359 	EXP 	catchme_clip: autoLog = True
18.3359 	EXP 	catchme_clip: movie = 'video_clips/CMIYC_clip.mov'
18.3359 	EXP 	catchme_clip: size = array([1920., 1080.])
18.3359 	EXP 	catchme_clip: ori = 0.0
18.3359 	EXP 	catchme_participant_response: autoLog = True
18.3359 	EXP 	catchme_instructions_text: autoDraw = True
27.2104 	EXP 	Sound  started
27.2127 	DATA 	Keypress: space
27.2404 	EXP 	catchme_instructions_text: autoDraw = False
27.2404 	EXP 	catchme_clip: autoDraw = True
327.2785 	EXP 	Set catchme_clip finished
327.2952 	EXP 	catchme_clip: autoDraw = False
327.2952 	EXP 	catchme_details_text: autoDraw = True
330.4027 	DATA 	Keypress: space
330.4119 	EXP 	catchme_details_text: autoDraw = False
330.4119 	EXP 	catchme_participant_response: autoDraw = True
331.4823 	DATA 	Keypress: capslock
331.7314 	DATA 	Keypress: t
331.8650 	DATA 	Keypress: capslock
331.9820 	DATA 	Keypress: h
332.4645 	DATA 	Keypress: e
332.6978 	DATA 	Keypress: r
332.8813 	DATA 	Keypress: e
333.0485 	DATA 	Keypress: space
333.4325 	DATA 	Keypress: backspace
333.5816 	DATA 	Keypress: backspace
333.7320 	DATA 	Keypress: backspace
333.8323 	DATA 	Keypress: backspace
333.9485 	DATA 	Keypress: backspace
334.2820 	DATA 	Keypress: backspace
334.6320 	DATA 	Keypress: capslock
334.7985 	DATA 	Keypress: i
334.8653 	DATA 	Keypress: capslock
335.1148 	DATA 	Keypress: t
335.2983 	DATA 	Keypress: space
335.4489 	DATA 	Keypress: s
335.7649 	DATA 	Keypress: t
335.8818 	DATA 	Keypress: a
336.0316 	DATA 	Keypress: r
336.1981 	DATA 	Keypress: t
336.3317 	DATA 	Keypress: s
336.5322 	DATA 	Keypress: space
337.2313 	DATA 	Keypress: i
337.4986 	DATA 	Keypress: n
337.6979 	DATA 	Keypress: space
337.8655 	DATA 	Keypress: a
337.9981 	DATA 	Keypress: space
340.8814 	DATA 	Keypress: t
341.1488 	DATA 	Keypress: capslock
341.5647 	DATA 	Keypress: capslock
342.1651 	DATA 	Keypress: v
342.3486 	DATA 	Keypress: space
343.7317 	DATA 	Keypress: q
343.9651 	DATA 	Keypress: u
344.1487 	DATA 	Keypress: i
344.2815 	DATA 	Keypress: z
344.4819 	DATA 	Keypress: space
345.1821 	DATA 	Keypress: s
345.3486 	DATA 	Keypress: h
345.6317 	DATA 	Keypress: o
345.8980 	DATA 	Keypress: w
346.5315 	DATA 	Keypress: space
348.1491 	DATA 	Keypress: a
348.5820 	DATA 	Keypress: backspace
348.8821 	DATA 	Keypress: a
348.9989 	DATA 	Keypress: b
349.0028 	DATA 	Keypress: n
349.4815 	DATA 	Keypress: backspace
349.6320 	DATA 	Keypress: backspace
350.0990 	DATA 	Keypress: n
350.3484 	DATA 	Keypress: space
350.6814 	DATA 	Keypress: backspace
350.8150 	DATA 	Keypress: d
350.9487 	DATA 	Keypress: space
351.0826 	DATA 	Keypress: t
351.1982 	DATA 	Keypress: h
351.3817 	DATA 	Keypress: e
351.4824 	DATA 	Keypress: space
351.8323 	DATA 	Keypress: a
351.9989 	DATA 	Keypress: n
352.5157 	DATA 	Keypress: n
352.6990 	DATA 	Keypress: o
352.8985 	DATA 	Keypress: u
353.0823 	DATA 	Keypress: n
353.2985 	DATA 	Keypress: c
353.5159 	DATA 	Keypress: e
353.9147 	DATA 	Keypress: r
354.1483 	DATA 	Keypress: space
354.4325 	DATA 	Keypress: c
354.6318 	DATA 	Keypress: a
354.7985 	DATA 	Keypress: l
354.9489 	DATA 	Keypress: l
355.0490 	DATA 	Keypress: s
355.2325 	DATA 	Keypress: space
355.7490 	DATA 	Keypress: t
355.8657 	DATA 	Keypress: h
356.0825 	DATA 	Keypress: r
356.2489 	DATA 	Keypress: e
356.4154 	DATA 	Keypress: e
356.7823 	DATA 	Keypress: space
357.0163 	DATA 	Keypress: m
357.1984 	DATA 	Keypress: e
357.3990 	DATA 	Keypress: n
357.5983 	DATA 	Keypress: space
358.4320 	DATA 	Keypress: n
358.5656 	DATA 	Keypress: a
358.7481 	DATA 	Keypress: m
358.8986 	DATA 	Keypress: e
359.5152 	DATA 	Keypress: s
359.8152 	DATA 	Keypress: backspace
360.7657 	DATA 	Keypress: d
361.2317 	DATA 	Keypress: space
361.5987 	DATA 	Keypress: capslock
361.7820 	DATA 	Keypress: f
361.8325 	DATA 	Keypress: capslock
361.9317 	DATA 	Keypress: r
362.0824 	DATA 	Keypress: a
362.2817 	DATA 	Keypress: n
362.4823 	DATA 	Keypress: k
362.6986 	DATA 	Keypress: space
362.9659 	DATA 	Keypress: capslock
363.1328 	DATA 	Keypress: a
363.5156 	DATA 	Keypress: capslock
363.7658 	DATA 	Keypress: b
363.9658 	DATA 	Keypress: i
364.1824 	DATA 	Keypress: n
364.1834 	DATA 	Keypress: m
364.7987 	DATA 	Keypress: backspace
365.5160 	DATA 	Keypress: backspace
365.6325 	DATA 	Keypress: g
365.8149 	DATA 	Keypress: n
365.9984 	DATA 	Keypress: a
366.1821 	DATA 	Keypress: l
366.3985 	DATA 	Keypress: e
367.3654 	DATA 	Keypress: space
369.7489 	DATA 	Keypress: i
369.9156 	DATA 	Keypress: n
370.0992 	DATA 	Keypress: space
370.2489 	DATA 	Keypress: a
370.3655 	DATA 	Keypress: space
370.8321 	DATA 	Keypress: p
370.8364 	DATA 	Keypress: o
371.2990 	DATA 	Keypress: backspace
371.5823 	DATA 	Keypress: p
371.7656 	DATA 	Keypress: i
372.1329 	DATA 	Keypress: backspace
372.2497 	DATA 	Keypress: backspace
372.6492 	DATA 	Keypress: i
372.9318 	DATA 	Keypress: l
373.0825 	DATA 	Keypress: o
373.4995 	DATA 	Keypress: t
373.6162 	DATA 	Keypress: space
373.8827 	DATA 	Keypress: u
373.8838 	DATA 	Keypress: i
374.9658 	DATA 	Keypress: backspace
375.2323 	DATA 	Keypress: n
375.3828 	DATA 	Keypress: i
375.6151 	DATA 	Keypress: f
375.7488 	DATA 	Keypress: o
375.9153 	DATA 	Keypress: r
376.1828 	DATA 	Keypress: m
376.5488 	DATA 	Keypress: period
376.9156 	DATA 	Keypress: space
377.5162 	DATA 	Keypress: t
377.6327 	DATA 	Keypress: h
377.7822 	DATA 	Keypress: i
377.9487 	DATA 	Keypress: s
378.0996 	DATA 	Keypress: space
378.3159 	DATA 	Keypress: m
378.4157 	DATA 	Keypress: a
378.5325 	DATA 	Keypress: n
378.7158 	DATA 	Keypress: space
379.4662 	DATA 	Keypress: h
379.6325 	DATA 	Keypress: a
379.8160 	DATA 	Keypress: s
380.0993 	DATA 	Keypress: space
380.4495 	DATA 	Keypress: b
380.4508 	DATA 	Keypress: v
380.6329 	DATA 	Keypress: e
380.8152 	DATA 	Keypress: e
381.0827 	DATA 	Keypress: backspace
381.2662 	DATA 	Keypress: backspace
381.3988 	DATA 	Keypress: backspace
381.5326 	DATA 	Keypress: e
381.6821 	DATA 	Keypress: e
381.9155 	DATA 	Keypress: n
382.1490 	DATA 	Keypress: space
382.2826 	DATA 	Keypress: a
382.4164 	DATA 	Keypress: space
384.6656 	DATA 	Keypress: c
384.7992 	DATA 	Keypress: o
385.0656 	DATA 	Keypress: n
385.2991 	DATA 	Keypress: m
385.3988 	DATA 	Keypress: a
385.5155 	DATA 	Keypress: n
385.7158 	DATA 	Keypress: space
386.8488 	DATA 	Keypress: o
387.1163 	DATA 	Keypress: v
387.3326 	DATA 	Keypress: e
387.5161 	DATA 	Keypress: r
387.6157 	DATA 	Keypress: space
389.7489 	DATA 	Keypress: num_5
390.1490 	DATA 	Keypress: space
390.4163 	DATA 	Keypress: y
390.7324 	DATA 	Keypress: a
391.0826 	DATA 	Keypress: backspace
391.2492 	DATA 	Keypress: e
391.4158 	DATA 	Keypress: a
391.6162 	DATA 	Keypress: r
391.9155 	DATA 	Keypress: s
392.0661 	DATA 	Keypress: space
392.1829 	DATA 	Keypress: a
392.2660 	DATA 	Keypress: n
392.3822 	DATA 	Keypress: d
392.4832 	DATA 	Keypress: space
393.4155 	DATA 	Keypress: h
393.5663 	DATA 	Keypress: a
394.1157 	DATA 	Keypress: s
394.9662 	DATA 	Keypress: space
395.2329 	DATA 	Keypress: m
395.4325 	DATA 	Keypress: a
395.9996 	DATA 	Keypress: d
396.1663 	DATA 	Keypress: e
396.3002 	DATA 	Keypress: space
396.6165 	DATA 	Keypress: m
396.8662 	DATA 	Keypress: i
397.0497 	DATA 	Keypress: l
397.1995 	DATA 	Keypress: l
397.4002 	DATA 	Keypress: i
397.6163 	DATA 	Keypress: o
397.7997 	DATA 	Keypress: n
397.9327 	DATA 	Keypress: s
398.0494 	DATA 	Keypress: space
398.3157 	DATA 	Keypress: o
398.4832 	DATA 	Keypress: f
398.6329 	DATA 	Keypress: space
398.8830 	DATA 	Keypress: m
399.1993 	DATA 	Keypress: o
399.4158 	DATA 	Keypress: n
399.5326 	DATA 	Keypress: e
399.6661 	DATA 	Keypress: y
399.9164 	DATA 	Keypress: space
400.2496 	DATA 	Keypress: o
400.4661 	DATA 	Keypress: v
400.6327 	DATA 	Keypress: e
400.7831 	DATA 	Keypress: r
400.8660 	DATA 	Keypress: space
401.0157 	DATA 	Keypress: f
401.1833 	DATA 	Keypress: r
401.3827 	DATA 	Keypress: a
401.6827 	DATA 	Keypress: u
402.0329 	DATA 	Keypress: d
402.2666 	DATA 	Keypress: u
402.5157 	DATA 	Keypress: l
402.6331 	DATA 	Keypress: e
402.8326 	DATA 	Keypress: n
402.9493 	DATA 	Keypress: t
403.0998 	DATA 	Keypress: space
403.4998 	DATA 	Keypress: c
403.6831 	DATA 	Keypress: h
403.8328 	DATA 	Keypress: e
404.0337 	DATA 	Keypress: c
404.2498 	DATA 	Keypress: k
404.4165 	DATA 	Keypress: s
404.5660 	DATA 	Keypress: space
405.0668 	DATA 	Keypress: w
405.3831 	DATA 	Keypress: h
405.5832 	DATA 	Keypress: i
405.7998 	DATA 	Keypress: l
405.8833 	DATA 	Keypress: e
406.0500 	DATA 	Keypress: space
406.7330 	DATA 	Keypress: b
406.8499 	DATA 	Keypress: e
406.9823 	DATA 	Keypress: i
407.1662 	DATA 	Keypress: n
407.3495 	DATA 	Keypress: g
407.4830 	DATA 	Keypress: space
407.7492 	DATA 	Keypress: i
407.8997 	DATA 	Keypress: n
408.0833 	DATA 	Keypress: space
409.5993 	DATA 	Keypress: backspace
409.7826 	DATA 	Keypress: backspace
409.9333 	DATA 	Keypress: backspace
410.1328 	DATA 	Keypress: a
410.4330 	DATA 	Keypress: s
410.7161 	DATA 	Keypress: backspace
411.0166 	DATA 	Keypress: space
411.5662 	DATA 	Keypress: p
411.7324 	DATA 	Keypress: i
411.8999 	DATA 	Keypress: l
412.0667 	DATA 	Keypress: o
412.1992 	DATA 	Keypress: t
412.4995 	DATA 	Keypress: comma
412.6998 	DATA 	Keypress: space
413.1328 	DATA 	Keypress: a
413.4000 	DATA 	Keypress: t
413.5328 	DATA 	Keypress: t
413.6663 	DATA 	Keypress: o
413.7829 	DATA 	Keypress: r
414.1830 	DATA 	Keypress: n
414.3328 	DATA 	Keypress: e
414.5001 	DATA 	Keypress: y
414.8161 	DATA 	Keypress: space
414.9329 	DATA 	Keypress: a
415.0172 	DATA 	Keypress: n
415.1334 	DATA 	Keypress: d
415.2334 	DATA 	Keypress: space
415.4665 	DATA 	Keypress: a
415.6003 	DATA 	Keypress: space
416.3504 	DATA 	Keypress: c
416.4997 	DATA 	Keypress: l
416.7161 	DATA 	Keypress: i
416.9834 	DATA 	Keypress: n
417.1331 	DATA 	Keypress: i
417.2667 	DATA 	Keypress: c
417.6994 	DATA 	Keypress: i
417.9324 	DATA 	Keypress: a
418.0832 	DATA 	Keypress: n
418.7992 	DATA 	Keypress: period
419.0496 	DATA 	Keypress: space
419.8165 	DATA 	Keypress: capslock
420.5836 	DATA 	Keypress: l
420.6492 	DATA 	Keypress: capslock
420.8667 	DATA 	Keypress: a
421.0503 	DATA 	Keypress: d
421.2827 	DATA 	Keypress: y
421.5002 	DATA 	Keypress: space
421.6495 	DATA 	Keypress: a
421.8500 	DATA 	Keypress: s
422.3829 	DATA 	Keypress: k
422.6498 	DATA 	Keypress: s
422.7496 	DATA 	Keypress: space
422.8834 	DATA 	Keypress: a
423.0998 	DATA 	Keypress: space
423.6992 	DATA 	Keypress: q
423.8997 	DATA 	Keypress: u
424.0335 	DATA 	Keypress: e
424.2498 	DATA 	Keypress: s
424.4833 	DATA 	Keypress: t
424.5501 	DATA 	Keypress: i
424.6667 	DATA 	Keypress: o
424.8661 	DATA 	Keypress: n
425.1495 	DATA 	Keypress: space
425.2503 	DATA 	Keypress: a
425.3832 	DATA 	Keypress: n
425.4496 	DATA 	Keypress: d
425.5495 	DATA 	Keypress: space
427.0664 	DATA 	Keypress: e
427.2668 	DATA 	Keypress: a
427.4838 	DATA 	Keypress: c
427.5994 	DATA 	Keypress: h
427.7828 	DATA 	Keypress: space
427.9494 	DATA 	Keypress: o
428.4164 	DATA 	Keypress: f
428.5330 	DATA 	Keypress: space
428.6666 	DATA 	Keypress: t
428.7832 	DATA 	Keypress: h
428.9167 	DATA 	Keypress: e
429.0168 	DATA 	Keypress: space
429.2502 	DATA 	Keypress: m
429.4496 	DATA 	Keypress: e
429.5833 	DATA 	Keypress: n
429.7835 	DATA 	Keypress: space
430.0669 	DATA 	Keypress: a
430.2839 	DATA 	Keypress: s
430.6169 	DATA 	Keypress: backspace
430.9000 	DATA 	Keypress: n
430.9997 	DATA 	Keypress: s
431.2333 	DATA 	Keypress: e
431.7169 	DATA 	Keypress: backspace
431.8337 	DATA 	Keypress: w
432.0162 	DATA 	Keypress: e
432.2335 	DATA 	Keypress: r
432.4501 	DATA 	Keypress: e
433.1332 	DATA 	Keypress: backspace
433.2329 	DATA 	Keypress: s
433.8502 	DATA 	Keypress: period
434.0837 	DATA 	Keypress: space
434.2008 	DATA 	Keypress: capslock
434.3337 	DATA 	Keypress: o
434.4168 	DATA 	Keypress: capslock
434.5332 	DATA 	Keypress: n
434.6995 	DATA 	Keypress: e
434.8332 	DATA 	Keypress: space
435.2163 	DATA 	Keypress: m
435.4005 	DATA 	Keypress: a
435.4998 	DATA 	Keypress: n
435.7000 	DATA 	Keypress: space
436.1844 	DATA 	Keypress: s
436.5831 	DATA 	Keypress: a
436.7166 	DATA 	Keypress: y
436.8831 	DATA 	Keypress: s
437.0329 	DATA 	Keypress: space
437.5338 	DATA 	Keypress: t
437.6671 	DATA 	Keypress: h
437.7827 	DATA 	Keypress: e
438.0502 	DATA 	Keypress: space
438.2498 	DATA 	Keypress: m
438.4003 	DATA 	Keypress: a
438.4833 	DATA 	Keypress: n
438.6337 	DATA 	Keypress: space
439.1663 	DATA 	Keypress: w
439.3000 	DATA 	Keypress: h
439.4507 	DATA 	Keypress: o
439.6837 	DATA 	Keypress: space
439.9500 	DATA 	Keypress: c
440.1666 	DATA 	Keypress: a
440.3332 	DATA 	Keypress: u
440.6002 	DATA 	Keypress: g
440.6997 	DATA 	Keypress: h
440.8833 	DATA 	Keypress: t
440.9162 	DATA 	Keypress: space
441.5668 	DATA 	Keypress: h
441.7170 	DATA 	Keypress: i
441.8841 	DATA 	Keypress: m
442.0835 	DATA 	Keypress: space
443.3671 	DATA 	Keypress: w
443.9335 	DATA 	Keypress: a
444.1001 	DATA 	Keypress: s
444.2004 	DATA 	Keypress: space
444.4005 	DATA 	Keypress: n
444.5500 	DATA 	Keypress: e
444.8331 	DATA 	Keypress: backspace
444.9666 	DATA 	Keypress: a
445.0997 	DATA 	Keypress: m
445.2005 	DATA 	Keypress: e
445.4170 	DATA 	Keypress: s
445.7837 	DATA 	Keypress: backspace
445.8666 	DATA 	Keypress: d
446.0671 	DATA 	Keypress: space
446.4171 	DATA 	Keypress: capslock
446.6167 	DATA 	Keypress: c
446.8000 	DATA 	Keypress: capslock
446.9666 	DATA 	Keypress: r
447.2670 	DATA 	Keypress: l
447.7665 	DATA 	Keypress: backspace
448.0167 	DATA 	Keypress: backspace
448.1334 	DATA 	Keypress: a
448.2670 	DATA 	Keypress: l
448.5503 	DATA 	Keypress: space
448.9168 	DATA 	Keypress: backspace
449.1175 	DATA 	Keypress: r
449.2331 	DATA 	Keypress: l
449.4665 	DATA 	Keypress: space
449.8004 	DATA 	Keypress: backspace
449.9501 	DATA 	Keypress: backspace
450.0838 	DATA 	Keypress: backspace
450.2166 	DATA 	Keypress: backspace
450.4000 	DATA 	Keypress: r
450.5665 	DATA 	Keypress: l
450.8337 	DATA 	Keypress: space
451.1001 	DATA 	Keypress: capslock
451.3336 	DATA 	Keypress: h
451.5171 	DATA 	Keypress: capslock
452.0168 	DATA 	Keypress: e
452.1834 	DATA 	Keypress: m
452.3668 	DATA 	Keypress: s
452.8004 	DATA 	Keypress: r
453.0340 	DATA 	Keypress: r
453.3501 	DATA 	Keypress: backspace
453.4501 	DATA 	Keypress: e
453.6833 	DATA 	Keypress: a
455.0667 	DATA 	Keypress: d
455.1675 	DATA 	Keypress: y
455.8504 	DATA 	Keypress: period
456.0999 	DATA 	Keypress: space
457.5004 	DATA 	Keypress: capslock
457.9998 	DATA 	Keypress: i
458.2006 	DATA 	Keypress: capslock
458.4507 	DATA 	Keypress: t
458.6332 	DATA 	Keypress: space
459.1668 	DATA 	Keypress: c
459.4173 	DATA 	Keypress: u
459.8340 	DATA 	Keypress: t
460.0675 	DATA 	Keypress: s
460.2677 	DATA 	Keypress: space
460.5000 	DATA 	Keypress: t
460.6007 	DATA 	Keypress: o
460.8840 	DATA 	Keypress: space
461.8004 	DATA 	Keypress: a
461.9341 	DATA 	Keypress: space
462.5676 	DATA 	Keypress: j
462.6671 	DATA 	Keypress: a
462.8007 	DATA 	Keypress: i
463.0003 	DATA 	Keypress: l
463.2008 	DATA 	Keypress: space
463.3847 	DATA 	Keypress: i
463.5668 	DATA 	Keypress: n
463.7341 	DATA 	Keypress: space
463.9674 	DATA 	Keypress: f
464.1501 	DATA 	Keypress: r
464.2837 	DATA 	Keypress: a
464.4174 	DATA 	Keypress: n
464.6008 	DATA 	Keypress: s
465.0007 	DATA 	Keypress: backspace
465.1175 	DATA 	Keypress: c
465.2501 	DATA 	Keypress: e
465.3845 	DATA 	Keypress: space
465.8168 	DATA 	Keypress: w
465.9504 	DATA 	Keypress: h
466.1340 	DATA 	Keypress: e
466.5669 	DATA 	Keypress: r
466.7173 	DATA 	Keypress: e
466.8339 	DATA 	Keypress: space
467.4505 	DATA 	Keypress: capslock
467.7336 	DATA 	Keypress: c
467.8843 	DATA 	Keypress: capslock
468.0668 	DATA 	Keypress: a
468.3002 	DATA 	Keypress: l
468.6008 	DATA 	Keypress: backspace
468.8340 	DATA 	Keypress: r
469.0008 	DATA 	Keypress: l
469.2670 	DATA 	Keypress: space
469.4334 	DATA 	Keypress: i
469.5174 	DATA 	Keypress: s
469.6668 	DATA 	Keypress: space
470.2674 	DATA 	Keypress: t
470.4668 	DATA 	Keypress: a
470.6003 	DATA 	Keypress: l
470.7838 	DATA 	Keypress: k
470.9335 	DATA 	Keypress: i
471.1170 	DATA 	Keypress: n
471.2505 	DATA 	Keypress: g
471.3344 	DATA 	Keypress: space
471.4838 	DATA 	Keypress: t
471.5838 	DATA 	Keypress: o
471.8009 	DATA 	Keypress: space
472.0005 	DATA 	Keypress: f
472.1840 	DATA 	Keypress: r
472.3336 	DATA 	Keypress: i
472.6677 	DATA 	Keypress: backspace
472.8173 	DATA 	Keypress: e
472.9509 	DATA 	Keypress: n
473.0678 	DATA 	Keypress: c
473.2842 	DATA 	Keypress: h
473.4679 	DATA 	Keypress: space
473.9006 	DATA 	Keypress: p
474.4503 	DATA 	Keypress: o
474.6675 	DATA 	Keypress: l
474.8501 	DATA 	Keypress: i
475.0680 	DATA 	Keypress: c
475.2504 	DATA 	Keypress: e
476.1845 	DATA 	Keypress: comma
476.7504 	DATA 	Keypress: space
477.0169 	DATA 	Keypress: h
477.1176 	DATA 	Keypress: e
477.2343 	DATA 	Keypress: space
477.4339 	DATA 	Keypress: i
477.4379 	DATA 	Keypress: o
477.6510 	DATA 	Keypress: s
478.0670 	DATA 	Keypress: backspace
478.2007 	DATA 	Keypress: backspace
478.3503 	DATA 	Keypress: s
478.5008 	DATA 	Keypress: space
478.8009 	DATA 	Keypress: t
479.0344 	DATA 	Keypress: a
479.1671 	DATA 	Keypress: k
479.3008 	DATA 	Keypress: e
479.6337 	DATA 	Keypress: n
479.7846 	DATA 	Keypress: space
480.2010 	DATA 	Keypress: t
480.3346 	DATA 	Keypress: o
480.5511 	DATA 	Keypress: space
480.6675 	DATA 	Keypress: a
480.8002 	DATA 	Keypress: space
481.3510 	DATA 	Keypress: c
481.5005 	DATA 	Keypress: e
481.6838 	DATA 	Keypress: l
481.8176 	DATA 	Keypress: l
482.0503 	DATA 	Keypress: space
482.3176 	DATA 	Keypress: w
482.4672 	DATA 	Keypress: h
482.5844 	DATA 	Keypress: e
482.8171 	DATA 	Keypress: r
482.9838 	DATA 	Keypress: e
483.0846 	DATA 	Keypress: space
483.5674 	DATA 	Keypress: capslock
483.8844 	DATA 	Keypress: f
484.0172 	DATA 	Keypress: capslock
484.0839 	DATA 	Keypress: r
484.2008 	DATA 	Keypress: a
484.4013 	DATA 	Keypress: n
484.5678 	DATA 	Keypress: k
484.7502 	DATA 	Keypress: space
484.9177 	DATA 	Keypress: i
485.0178 	DATA 	Keypress: s
485.1176 	DATA 	Keypress: space
485.3680 	DATA 	Keypress: k
485.4337 	DATA 	Keypress: e
485.8008 	DATA 	Keypress: p
486.0014 	DATA 	Keypress: t
486.6844 	DATA 	Keypress: period
486.9177 	DATA 	Keypress: space
487.6677 	DATA 	Keypress: capslock
487.9505 	DATA 	Keypress: c
488.1173 	DATA 	Keypress: capslock
488.2338 	DATA 	Keypress: a
488.4673 	DATA 	Keypress: r
488.6008 	DATA 	Keypress: l
488.8341 	DATA 	Keypress: space
488.9685 	DATA 	Keypress: t
489.3171 	DATA 	Keypress: a
489.6512 	DATA 	Keypress: l
489.9673 	DATA 	Keypress: k
490.1844 	DATA 	Keypress: s
490.3846 	DATA 	Keypress: space
490.5679 	DATA 	Keypress: t
490.6339 	DATA 	Keypress: o
490.9010 	DATA 	Keypress: space
491.1674 	DATA 	Keypress: capslock
491.7008 	DATA 	Keypress: f
491.8674 	DATA 	Keypress: r
491.8750 	DATA 	Keypress: capslock
492.4839 	DATA 	Keypress: backspace
492.8677 	DATA 	Keypress: r
493.0673 	DATA 	Keypress: a
493.2179 	DATA 	Keypress: n
493.3347 	DATA 	Keypress: k
493.5181 	DATA 	Keypress: space
493.6176 	DATA 	Keypress: a
493.7345 	DATA 	Keypress: n
493.8009 	DATA 	Keypress: d
493.9345 	DATA 	Keypress: space
494.8341 	DATA 	Keypress: f
495.0175 	DATA 	Keypress: r
495.2011 	DATA 	Keypress: a
495.3347 	DATA 	Keypress: n
495.5172 	DATA 	Keypress: k
495.6338 	DATA 	Keypress: s
495.7674 	DATA 	Keypress: space
496.9343 	DATA 	Keypress: backspace
497.0681 	DATA 	Keypress: backspace
497.2506 	DATA 	Keypress: s
497.3674 	DATA 	Keypress: space
497.5179 	DATA 	Keypress: e
497.7846 	DATA 	Keypress: e
498.2678 	DATA 	Keypress: m
498.4174 	DATA 	Keypress: s
498.5513 	DATA 	Keypress: space
498.7176 	DATA 	Keypress: t
498.8343 	DATA 	Keypress: o
499.0340 	DATA 	Keypress: space
499.5845 	DATA 	Keypress: s
499.6842 	DATA 	Keypress: h
500.0013 	DATA 	Keypress: a
500.1678 	DATA 	Keypress: v
500.2848 	DATA 	Keypress: e
501.1345 	DATA 	Keypress: space
501.2681 	DATA 	Keypress: c
501.4009 	DATA 	Keypress: a
501.7177 	DATA 	Keypress: l
501.8674 	DATA 	Keypress: l
502.1848 	DATA 	Keypress: backspace
502.3512 	DATA 	Keypress: backspace
502.6344 	DATA 	Keypress: backspace
502.8338 	DATA 	Keypress: o
502.9846 	DATA 	Keypress: l
503.6346 	DATA 	Keypress: d
503.7513 	DATA 	Keypress: space
503.8839 	DATA 	Keypress: a
503.9509 	DATA 	Keypress: n
504.4675 	DATA 	Keypress: d
504.5843 	DATA 	Keypress: space
504.7347 	DATA 	Keypress: c
505.0340 	DATA 	Keypress: o
505.2175 	DATA 	Keypress: l
505.3513 	DATA 	Keypress: l
505.4179 	DATA 	Keypress: a
505.6512 	DATA 	Keypress: p
505.8848 	DATA 	Keypress: s
506.1182 	DATA 	Keypress: e
506.3008 	DATA 	Keypress: s
506.5680 	DATA 	Keypress: period
506.8511 	DATA 	Keypress: space
507.1175 	DATA 	Keypress: capslock
507.3678 	DATA 	Keypress: f
507.4684 	DATA 	Keypress: capslock
507.5343 	DATA 	Keypress: r
507.7009 	DATA 	Keypress: a
507.8847 	DATA 	Keypress: n
508.0345 	DATA 	Keypress: k
508.2178 	DATA 	Keypress: space
508.4842 	DATA 	Keypress: c
508.6008 	DATA 	Keypress: a
508.7673 	DATA 	Keypress: l
508.9180 	DATA 	Keypress: l
509.2681 	DATA 	Keypress: s
509.4009 	DATA 	Keypress: space
509.8345 	DATA 	Keypress: f
510.1009 	DATA 	Keypress: o
510.2844 	DATA 	Keypress: r
510.4000 	EXP 	UDP Sent: marker_ID=18, marker_value=72, marker_string=video_narrative_cmiyc_end, timestamp=1655492901024514560
510.4147 	EXP 	catchme_participant_response: autoDraw = False
510.4147 	EXP 	catchme_participant_response: autoDraw = False
510.8197 	EXP 	window1: mouseVisible = True
