11.0741 	EXP 	Created window1 = Window(allowGUI=False, allowStencil=False, autoLog=True, backendConf=UNKNOWN, bitsMode=UNKNOWN, blendMode='avg', bpc=(8, 8, 8), color=array([-0.7, -0.7, -0.7]), colorSpace='rgb', depthBits=8, fullscr=<method-wrapper '__getattribute__' of attributeSetter object at 0x0000016A0222BEB8>, gamma=None, gammaErrorPolicy='raise', lms=UNKNOWN, monitor=<psychopy.monitors.calibTools.Monitor object at 0x0000016A0220F358>, multiSample=False, name='window1', numSamples=2, pos=[0.0, 0.0], screen=0, size=array([1920, 1080]), stencilBits=0, stereo=False, units='height', useFBO=True, useRetina=False, viewOri=0.0, viewPos=None, viewScale=None, waitBlanking=True, winType='pyglet')
11.0745 	EXP 	window1: mouseVisible = True
11.0745 	EXP 	window1: recordFrameIntervals = False
11.2404 	EXP 	window1: recordFrameIntervals = True
11.4238 	EXP 	window1: recordFrameIntervals = False
11.6804 	EXP 	window1: mouseVisible = False
11.6911 	EXP 	UDP Sent: marker_ID=1, marker_value=51, marker_string=resting_state_start, timestamp=1655318597132985856
11.7876 	EXP 	Created welcome_text = TextStim(__class__=<class 'psychopy.visual.text.TextStim'>, alignHoriz=method-wrapper(...), alignText='center', alignVert=method-wrapper(...), anchorHoriz='center', anchorVert='center', antialias=True, autoLog=True, bold=False, color=array([1., 1., 1.]), colorSpace='rgb', contrast=1.0, depth=0.0, flipHoriz=False, flipVert=False, font='Open Sans', fontFiles=[], height=0.05, italic=False, languageStyle='LTR', name='welcome_text', opacity=1, ori=0.0, pos=array([0., 0.]), rgb=UNKNOWN, text=str(...), units='height', win=Window(...), wrapWidth=1)
11.8433 	EXP 	Sound halfway_tone set volume 1.000
11.8467 	EXP 	Created trial_cross = ShapeStim(__class__=<class 'psychopy.visual.shape.ShapeStim'>, autoDraw=False, autoLog=True, closeShape=True, color=method-wrapper(...), colorSpace='rgb', contrast=None, depth=-1.0, fillColor=array([1, 1, 1]), fillColorSpace='rgb', fillRGB=array([1, 1, 1]), interpolate=True, lineColor=array([1., 1., 1.]), lineColorSpace='rgb', lineRGB=array([1, 1, 1]), lineWidth=1.0, name='trial_cross', opacity=1, ori=0.0, pos=array([0., 0.]), size=array([0.05, 0.05]), units='height', vertices=ndarray(...), win=Window(...), windingRule=None)
11.8474 	EXP 	Sound done_sound set volume 1.000
11.8643 	EXP 	Created done_text = TextStim(__class__=<class 'psychopy.visual.text.TextStim'>, alignHoriz=method-wrapper(...), alignText='center', alignVert=method-wrapper(...), anchorHoriz='center', anchorVert='center', antialias=True, autoLog=True, bold=False, color=array([1., 1., 1.]), colorSpace='rgb', contrast=1.0, depth=-1.0, flipHoriz=False, flipVert=False, font='Open Sans', fontFiles=[], height=0.1, italic=False, languageStyle='LTR', name='done_text', opacity=1, ori=0.0, pos=array([0., 0.]), rgb=UNKNOWN, text='The resting state task is now complete.', units='height', win=Window(...), wrapWidth=1)
11.9468 	EXP 	welcome_text: autoDraw = True
28.1673 	DATA 	Keypress: space
28.1740 	EXP 	welcome_text: autoDraw = False
28.1740 	EXP 	trial_cross: autoDraw = True
238.1599 	EXP 	Sound halfway_tone started
238.6565 	EXP 	Sound halfway_tone stopped
448.1793 	EXP 	Sound done_sound started
448.1793 	EXP 	trial_cross: autoDraw = False
448.1793 	EXP 	done_text: autoDraw = True
448.6759 	EXP 	Sound done_sound stopped
453.1629 	EXP 	UDP Sent: marker_ID=2, marker_value=52, marker_string=resting_state_end, timestamp=1655319046498280192
453.1795 	EXP 	done_text: autoDraw = False
453.5484 	EXP 	window1: mouseVisible = True
